ERROR - 2024-05-02 08:09:12 --> mysqli_sql_exception: Illegal parameter data types int and row for operation '=' in C:\xampp\htdocs\ClassFlow\system\Database\MySQLi\Connection.php:295
Stack trace:
#0 C:\xampp\htdocs\ClassFlow\system\Database\MySQLi\Connection.php(295): mysqli->query('SELECT `users`....', 0)
#1 C:\xampp\htdocs\ClassFlow\system\Database\BaseConnection.php(692): CodeIgniter\Database\MySQLi\Connection->execute('SELECT `users`....')
#2 C:\xampp\htdocs\ClassFlow\system\Database\BaseConnection.php(606): CodeIgniter\Database\BaseConnection->simpleQuery('SELECT `users`....')
#3 C:\xampp\htdocs\ClassFlow\system\Database\BaseBuilder.php(1616): CodeIgniter\Database\BaseConnection->query('SELECT `users`....', Array, false)
#4 C:\xampp\htdocs\ClassFlow\app\Models\ProfileModel.php(72): CodeIgniter\Database\BaseBuilder->get()
#5 C:\xampp\htdocs\ClassFlow\app\Controllers\ProfileController.php(134): App\Models\ProfileModel->editData(Array)
#6 C:\xampp\htdocs\ClassFlow\app\Controllers\ProfileController.php(116): App\Controllers\ProfileController->editData(Array)
#7 C:\xampp\htdocs\ClassFlow\system\CodeIgniter.php(932): App\Controllers\ProfileController->root('editData')
#8 C:\xampp\htdocs\ClassFlow\system\CodeIgniter.php(497): CodeIgniter\CodeIgniter->runController(Object(App\Controllers\ProfileController))
#9 C:\xampp\htdocs\ClassFlow\system\CodeIgniter.php(366): CodeIgniter\CodeIgniter->handleRequest(NULL, Object(Config\Cache), false)
#10 C:\xampp\htdocs\ClassFlow\public\index.php(67): CodeIgniter\CodeIgniter->run()
#11 C:\xampp\htdocs\ClassFlow\system\Commands\Server\rewrite.php(47): require_once('C:\\xampp\\htdocs...')
#12 {main}
CRITICAL - 2024-05-02 08:09:12 --> Illegal parameter data types int and row for operation '='
in SYSTEMPATH\Database\MySQLi\Connection.php on line 295.
 1 SYSTEMPATH\Database\MySQLi\Connection.php(295): mysqli->query('SELECT `users`.*, `teachers`.`teacher_id`, `teachers`.`room`, `teachers`.`tel`
FROM `users`
LEFT JOIN `teachers` ON `teachers`.`user_id` = `users`.`user_id`
WHERE `users`.`user_id` = (\'Yuttapoom\',\'Haphanom\',\'admin\',\'0985084062\',\'3\',\'1\',\'2024-05-02 08:09:12\')', 0)
 2 SYSTEMPATH\Database\BaseConnection.php(692): CodeIgniter\Database\MySQLi\Connection->execute('SELECT `users`.*, `teachers`.`teacher_id`, `teachers`.`room`, `teachers`.`tel`
FROM `users`
LEFT JOIN `teachers` ON `teachers`.`user_id` = `users`.`user_id`
WHERE `users`.`user_id` = (\'Yuttapoom\',\'Haphanom\',\'admin\',\'0985084062\',\'3\',\'1\',\'2024-05-02 08:09:12\')')
 3 SYSTEMPATH\Database\BaseConnection.php(606): CodeIgniter\Database\BaseConnection->simpleQuery('SELECT `users`.*, `teachers`.`teacher_id`, `teachers`.`room`, `teachers`.`tel`
FROM `users`
LEFT JOIN `teachers` ON `teachers`.`user_id` = `users`.`user_id`
WHERE `users`.`user_id` = (\'Yuttapoom\',\'Haphanom\',\'admin\',\'0985084062\',\'3\',\'1\',\'2024-05-02 08:09:12\')')
 4 SYSTEMPATH\Database\BaseBuilder.php(1616): CodeIgniter\Database\BaseConnection->query('SELECT `users`.*, `teachers`.`teacher_id`, `teachers`.`room`, `teachers`.`tel`
FROM `users`
LEFT JOIN `teachers` ON `teachers`.`user_id` = `users`.`user_id`
WHERE `users`.`user_id` = :users.user_id:', [...], false)
 5 APPPATH\Models\ProfileModel.php(72): CodeIgniter\Database\BaseBuilder->get()
 6 APPPATH\Controllers\ProfileController.php(134): App\Models\ProfileModel->editData([...])
 7 APPPATH\Controllers\ProfileController.php(116): App\Controllers\ProfileController->editData([...])
 8 SYSTEMPATH\CodeIgniter.php(932): App\Controllers\ProfileController->root('editData')
 9 SYSTEMPATH\CodeIgniter.php(497): CodeIgniter\CodeIgniter->runController(Object(App\Controllers\ProfileController))
10 SYSTEMPATH\CodeIgniter.php(366): CodeIgniter\CodeIgniter->handleRequest(null, Object(Config\Cache), false)
11 FCPATH\index.php(67): CodeIgniter\CodeIgniter->run()
12 SYSTEMPATH\Commands\Server\rewrite.php(47): require_once('C:\\xampp\\htdocs\\ClassFlow\\public\\index.php')
ERROR - 2024-05-02 08:10:07 --> mysqli_sql_exception: Illegal parameter data types int and row for operation '=' in C:\xampp\htdocs\ClassFlow\system\Database\MySQLi\Connection.php:295
Stack trace:
#0 C:\xampp\htdocs\ClassFlow\system\Database\MySQLi\Connection.php(295): mysqli->query('SELECT `users`....', 0)
#1 C:\xampp\htdocs\ClassFlow\system\Database\BaseConnection.php(692): CodeIgniter\Database\MySQLi\Connection->execute('SELECT `users`....')
#2 C:\xampp\htdocs\ClassFlow\system\Database\BaseConnection.php(606): CodeIgniter\Database\BaseConnection->simpleQuery('SELECT `users`....')
#3 C:\xampp\htdocs\ClassFlow\system\Database\BaseBuilder.php(1616): CodeIgniter\Database\BaseConnection->query('SELECT `users`....', Array, false)
#4 C:\xampp\htdocs\ClassFlow\app\Models\ProfileModel.php(72): CodeIgniter\Database\BaseBuilder->get()
#5 C:\xampp\htdocs\ClassFlow\app\Controllers\ProfileController.php(135): App\Models\ProfileModel->editData(Array)
#6 C:\xampp\htdocs\ClassFlow\app\Controllers\ProfileController.php(116): App\Controllers\ProfileController->editData(Array)
#7 C:\xampp\htdocs\ClassFlow\system\CodeIgniter.php(932): App\Controllers\ProfileController->root('editData')
#8 C:\xampp\htdocs\ClassFlow\system\CodeIgniter.php(497): CodeIgniter\CodeIgniter->runController(Object(App\Controllers\ProfileController))
#9 C:\xampp\htdocs\ClassFlow\system\CodeIgniter.php(366): CodeIgniter\CodeIgniter->handleRequest(NULL, Object(Config\Cache), false)
#10 C:\xampp\htdocs\ClassFlow\public\index.php(67): CodeIgniter\CodeIgniter->run()
#11 C:\xampp\htdocs\ClassFlow\system\Commands\Server\rewrite.php(47): require_once('C:\\xampp\\htdocs...')
#12 {main}
CRITICAL - 2024-05-02 08:10:07 --> Illegal parameter data types int and row for operation '='
in SYSTEMPATH\Database\MySQLi\Connection.php on line 295.
 1 SYSTEMPATH\Database\MySQLi\Connection.php(295): mysqli->query('SELECT `users`.*, `teachers`.`teacher_id`, `teachers`.`room`, `teachers`.`tel`
FROM `users`
LEFT JOIN `teachers` ON `teachers`.`user_id` = `users`.`user_id`
WHERE `users`.`user_id` = (\'Yuttapoom\',\'Haphanom\',\'admin\',\'0985084062\',\'3\',\'1\',\'2024-05-02 08:10:07\')', 0)
 2 SYSTEMPATH\Database\BaseConnection.php(692): CodeIgniter\Database\MySQLi\Connection->execute('SELECT `users`.*, `teachers`.`teacher_id`, `teachers`.`room`, `teachers`.`tel`
FROM `users`
LEFT JOIN `teachers` ON `teachers`.`user_id` = `users`.`user_id`
WHERE `users`.`user_id` = (\'Yuttapoom\',\'Haphanom\',\'admin\',\'0985084062\',\'3\',\'1\',\'2024-05-02 08:10:07\')')
 3 SYSTEMPATH\Database\BaseConnection.php(606): CodeIgniter\Database\BaseConnection->simpleQuery('SELECT `users`.*, `teachers`.`teacher_id`, `teachers`.`room`, `teachers`.`tel`
FROM `users`
LEFT JOIN `teachers` ON `teachers`.`user_id` = `users`.`user_id`
WHERE `users`.`user_id` = (\'Yuttapoom\',\'Haphanom\',\'admin\',\'0985084062\',\'3\',\'1\',\'2024-05-02 08:10:07\')')
 4 SYSTEMPATH\Database\BaseBuilder.php(1616): CodeIgniter\Database\BaseConnection->query('SELECT `users`.*, `teachers`.`teacher_id`, `teachers`.`room`, `teachers`.`tel`
FROM `users`
LEFT JOIN `teachers` ON `teachers`.`user_id` = `users`.`user_id`
WHERE `users`.`user_id` = :users.user_id:', [...], false)
 5 APPPATH\Models\ProfileModel.php(72): CodeIgniter\Database\BaseBuilder->get()
 6 APPPATH\Controllers\ProfileController.php(135): App\Models\ProfileModel->editData([...])
 7 APPPATH\Controllers\ProfileController.php(116): App\Controllers\ProfileController->editData([...])
 8 SYSTEMPATH\CodeIgniter.php(932): App\Controllers\ProfileController->root('editData')
 9 SYSTEMPATH\CodeIgniter.php(497): CodeIgniter\CodeIgniter->runController(Object(App\Controllers\ProfileController))
10 SYSTEMPATH\CodeIgniter.php(366): CodeIgniter\CodeIgniter->handleRequest(null, Object(Config\Cache), false)
11 FCPATH\index.php(67): CodeIgniter\CodeIgniter->run()
12 SYSTEMPATH\Commands\Server\rewrite.php(47): require_once('C:\\xampp\\htdocs\\ClassFlow\\public\\index.php')
ERROR - 2024-05-02 08:19:30 --> mysqli_sql_exception: Unknown column 'teachers.tel' in 'field list' in C:\xampp\htdocs\ClassFlow\system\Database\MySQLi\Connection.php:295
Stack trace:
#0 C:\xampp\htdocs\ClassFlow\system\Database\MySQLi\Connection.php(295): mysqli->query('SELECT `users`....', 0)
#1 C:\xampp\htdocs\ClassFlow\system\Database\BaseConnection.php(692): CodeIgniter\Database\MySQLi\Connection->execute('SELECT `users`....')
#2 C:\xampp\htdocs\ClassFlow\system\Database\BaseConnection.php(606): CodeIgniter\Database\BaseConnection->simpleQuery('SELECT `users`....')
#3 C:\xampp\htdocs\ClassFlow\system\Database\BaseBuilder.php(1616): CodeIgniter\Database\BaseConnection->query('SELECT `users`....', Array, false)
#4 C:\xampp\htdocs\ClassFlow\app\Models\ProfileModel.php(57): CodeIgniter\Database\BaseBuilder->get()
#5 C:\xampp\htdocs\ClassFlow\app\Controllers\ProfileController.php(126): App\Models\ProfileModel->index('1')
#6 C:\xampp\htdocs\ClassFlow\system\CodeIgniter.php(932): App\Controllers\ProfileController->index()
#7 C:\xampp\htdocs\ClassFlow\system\CodeIgniter.php(497): CodeIgniter\CodeIgniter->runController(Object(App\Controllers\ProfileController))
#8 C:\xampp\htdocs\ClassFlow\system\CodeIgniter.php(366): CodeIgniter\CodeIgniter->handleRequest(NULL, Object(Config\Cache), false)
#9 C:\xampp\htdocs\ClassFlow\public\index.php(67): CodeIgniter\CodeIgniter->run()
#10 C:\xampp\htdocs\ClassFlow\system\Commands\Server\rewrite.php(47): require_once('C:\\xampp\\htdocs...')
#11 {main}
CRITICAL - 2024-05-02 08:19:30 --> Unknown column 'teachers.tel' in 'field list'
in SYSTEMPATH\Database\MySQLi\Connection.php on line 295.
 1 SYSTEMPATH\Database\MySQLi\Connection.php(295): mysqli->query('SELECT `users`.*, `teachers`.`teacher_id`, `teachers`.`room`, `teachers`.`tel`
FROM `users`
LEFT JOIN `teachers` ON `teachers`.`user_id` = `users`.`user_id`
WHERE `users`.`user_id` = \'1\'', 0)
 2 SYSTEMPATH\Database\BaseConnection.php(692): CodeIgniter\Database\MySQLi\Connection->execute('SELECT `users`.*, `teachers`.`teacher_id`, `teachers`.`room`, `teachers`.`tel`
FROM `users`
LEFT JOIN `teachers` ON `teachers`.`user_id` = `users`.`user_id`
WHERE `users`.`user_id` = \'1\'')
 3 SYSTEMPATH\Database\BaseConnection.php(606): CodeIgniter\Database\BaseConnection->simpleQuery('SELECT `users`.*, `teachers`.`teacher_id`, `teachers`.`room`, `teachers`.`tel`
FROM `users`
LEFT JOIN `teachers` ON `teachers`.`user_id` = `users`.`user_id`
WHERE `users`.`user_id` = \'1\'')
 4 SYSTEMPATH\Database\BaseBuilder.php(1616): CodeIgniter\Database\BaseConnection->query('SELECT `users`.*, `teachers`.`teacher_id`, `teachers`.`room`, `teachers`.`tel`
FROM `users`
LEFT JOIN `teachers` ON `teachers`.`user_id` = `users`.`user_id`
WHERE `users`.`user_id` = :users.user_id:', [...], false)
 5 APPPATH\Models\ProfileModel.php(57): CodeIgniter\Database\BaseBuilder->get()
 6 APPPATH\Controllers\ProfileController.php(126): App\Models\ProfileModel->index('1')
 7 SYSTEMPATH\CodeIgniter.php(932): App\Controllers\ProfileController->index()
 8 SYSTEMPATH\CodeIgniter.php(497): CodeIgniter\CodeIgniter->runController(Object(App\Controllers\ProfileController))
 9 SYSTEMPATH\CodeIgniter.php(366): CodeIgniter\CodeIgniter->handleRequest(null, Object(Config\Cache), false)
10 FCPATH\index.php(67): CodeIgniter\CodeIgniter->run()
11 SYSTEMPATH\Commands\Server\rewrite.php(47): require_once('C:\\xampp\\htdocs\\ClassFlow\\public\\index.php')
ERROR - 2024-05-02 09:34:22 --> mysqli_sql_exception: Unknown column 'teachers.tel' in 'field list' in C:\xampp\htdocs\ClassFlow\system\Database\MySQLi\Connection.php:295
Stack trace:
#0 C:\xampp\htdocs\ClassFlow\system\Database\MySQLi\Connection.php(295): mysqli->query('SELECT `users`....', 0)
#1 C:\xampp\htdocs\ClassFlow\system\Database\BaseConnection.php(692): CodeIgniter\Database\MySQLi\Connection->execute('SELECT `users`....')
#2 C:\xampp\htdocs\ClassFlow\system\Database\BaseConnection.php(606): CodeIgniter\Database\BaseConnection->simpleQuery('SELECT `users`....')
#3 C:\xampp\htdocs\ClassFlow\system\Database\BaseBuilder.php(1616): CodeIgniter\Database\BaseConnection->query('SELECT `users`....', Array, false)
#4 C:\xampp\htdocs\ClassFlow\app\Models\ProfileModel.php(57): CodeIgniter\Database\BaseBuilder->get()
#5 C:\xampp\htdocs\ClassFlow\app\Controllers\ProfileController.php(126): App\Models\ProfileModel->index('3')
#6 C:\xampp\htdocs\ClassFlow\system\CodeIgniter.php(932): App\Controllers\ProfileController->index()
#7 C:\xampp\htdocs\ClassFlow\system\CodeIgniter.php(497): CodeIgniter\CodeIgniter->runController(Object(App\Controllers\ProfileController))
#8 C:\xampp\htdocs\ClassFlow\system\CodeIgniter.php(366): CodeIgniter\CodeIgniter->handleRequest(NULL, Object(Config\Cache), false)
#9 C:\xampp\htdocs\ClassFlow\public\index.php(67): CodeIgniter\CodeIgniter->run()
#10 C:\xampp\htdocs\ClassFlow\system\Commands\Server\rewrite.php(47): require_once('C:\\xampp\\htdocs...')
#11 {main}
CRITICAL - 2024-05-02 09:34:22 --> Unknown column 'teachers.tel' in 'field list'
in SYSTEMPATH\Database\MySQLi\Connection.php on line 295.
 1 SYSTEMPATH\Database\MySQLi\Connection.php(295): mysqli->query('SELECT `users`.*, `teachers`.`teacher_id`, `teachers`.`room`, `teachers`.`tel`
FROM `users`
LEFT JOIN `teachers` ON `teachers`.`user_id` = `users`.`user_id`
WHERE `users`.`user_id` = \'3\'', 0)
 2 SYSTEMPATH\Database\BaseConnection.php(692): CodeIgniter\Database\MySQLi\Connection->execute('SELECT `users`.*, `teachers`.`teacher_id`, `teachers`.`room`, `teachers`.`tel`
FROM `users`
LEFT JOIN `teachers` ON `teachers`.`user_id` = `users`.`user_id`
WHERE `users`.`user_id` = \'3\'')
 3 SYSTEMPATH\Database\BaseConnection.php(606): CodeIgniter\Database\BaseConnection->simpleQuery('SELECT `users`.*, `teachers`.`teacher_id`, `teachers`.`room`, `teachers`.`tel`
FROM `users`
LEFT JOIN `teachers` ON `teachers`.`user_id` = `users`.`user_id`
WHERE `users`.`user_id` = \'3\'')
 4 SYSTEMPATH\Database\BaseBuilder.php(1616): CodeIgniter\Database\BaseConnection->query('SELECT `users`.*, `teachers`.`teacher_id`, `teachers`.`room`, `teachers`.`tel`
FROM `users`
LEFT JOIN `teachers` ON `teachers`.`user_id` = `users`.`user_id`
WHERE `users`.`user_id` = :users.user_id:', [...], false)
 5 APPPATH\Models\ProfileModel.php(57): CodeIgniter\Database\BaseBuilder->get()
 6 APPPATH\Controllers\ProfileController.php(126): App\Models\ProfileModel->index('3')
 7 SYSTEMPATH\CodeIgniter.php(932): App\Controllers\ProfileController->index()
 8 SYSTEMPATH\CodeIgniter.php(497): CodeIgniter\CodeIgniter->runController(Object(App\Controllers\ProfileController))
 9 SYSTEMPATH\CodeIgniter.php(366): CodeIgniter\CodeIgniter->handleRequest(null, Object(Config\Cache), false)
10 FCPATH\index.php(67): CodeIgniter\CodeIgniter->run()
11 SYSTEMPATH\Commands\Server\rewrite.php(47): require_once('C:\\xampp\\htdocs\\ClassFlow\\public\\index.php')
ERROR - 2024-05-02 09:35:04 --> mysqli_sql_exception: Unknown column 'teachers.tel' in 'field list' in C:\xampp\htdocs\ClassFlow\system\Database\MySQLi\Connection.php:295
Stack trace:
#0 C:\xampp\htdocs\ClassFlow\system\Database\MySQLi\Connection.php(295): mysqli->query('SELECT `users`....', 0)
#1 C:\xampp\htdocs\ClassFlow\system\Database\BaseConnection.php(692): CodeIgniter\Database\MySQLi\Connection->execute('SELECT `users`....')
#2 C:\xampp\htdocs\ClassFlow\system\Database\BaseConnection.php(606): CodeIgniter\Database\BaseConnection->simpleQuery('SELECT `users`....')
#3 C:\xampp\htdocs\ClassFlow\system\Database\BaseBuilder.php(1616): CodeIgniter\Database\BaseConnection->query('SELECT `users`....', Array, false)
#4 C:\xampp\htdocs\ClassFlow\app\Models\ProfileModel.php(57): CodeIgniter\Database\BaseBuilder->get()
#5 C:\xampp\htdocs\ClassFlow\app\Controllers\ProfileController.php(126): App\Models\ProfileModel->index('3')
#6 C:\xampp\htdocs\ClassFlow\system\CodeIgniter.php(932): App\Controllers\ProfileController->index()
#7 C:\xampp\htdocs\ClassFlow\system\CodeIgniter.php(497): CodeIgniter\CodeIgniter->runController(Object(App\Controllers\ProfileController))
#8 C:\xampp\htdocs\ClassFlow\system\CodeIgniter.php(366): CodeIgniter\CodeIgniter->handleRequest(NULL, Object(Config\Cache), false)
#9 C:\xampp\htdocs\ClassFlow\public\index.php(67): CodeIgniter\CodeIgniter->run()
#10 C:\xampp\htdocs\ClassFlow\system\Commands\Server\rewrite.php(47): require_once('C:\\xampp\\htdocs...')
#11 {main}
CRITICAL - 2024-05-02 09:35:04 --> Unknown column 'teachers.tel' in 'field list'
in SYSTEMPATH\Database\MySQLi\Connection.php on line 295.
 1 SYSTEMPATH\Database\MySQLi\Connection.php(295): mysqli->query('SELECT `users`.*, `teachers`.`teacher_id`, `teachers`.`room`, `teachers`.`tel`
FROM `users`
LEFT JOIN `teachers` ON `teachers`.`user_id` = `users`.`user_id`
WHERE `users`.`user_id` = \'3\'', 0)
 2 SYSTEMPATH\Database\BaseConnection.php(692): CodeIgniter\Database\MySQLi\Connection->execute('SELECT `users`.*, `teachers`.`teacher_id`, `teachers`.`room`, `teachers`.`tel`
FROM `users`
LEFT JOIN `teachers` ON `teachers`.`user_id` = `users`.`user_id`
WHERE `users`.`user_id` = \'3\'')
 3 SYSTEMPATH\Database\BaseConnection.php(606): CodeIgniter\Database\BaseConnection->simpleQuery('SELECT `users`.*, `teachers`.`teacher_id`, `teachers`.`room`, `teachers`.`tel`
FROM `users`
LEFT JOIN `teachers` ON `teachers`.`user_id` = `users`.`user_id`
WHERE `users`.`user_id` = \'3\'')
 4 SYSTEMPATH\Database\BaseBuilder.php(1616): CodeIgniter\Database\BaseConnection->query('SELECT `users`.*, `teachers`.`teacher_id`, `teachers`.`room`, `teachers`.`tel`
FROM `users`
LEFT JOIN `teachers` ON `teachers`.`user_id` = `users`.`user_id`
WHERE `users`.`user_id` = :users.user_id:', [...], false)
 5 APPPATH\Models\ProfileModel.php(57): CodeIgniter\Database\BaseBuilder->get()
 6 APPPATH\Controllers\ProfileController.php(126): App\Models\ProfileModel->index('3')
 7 SYSTEMPATH\CodeIgniter.php(932): App\Controllers\ProfileController->index()
 8 SYSTEMPATH\CodeIgniter.php(497): CodeIgniter\CodeIgniter->runController(Object(App\Controllers\ProfileController))
 9 SYSTEMPATH\CodeIgniter.php(366): CodeIgniter\CodeIgniter->handleRequest(null, Object(Config\Cache), false)
10 FCPATH\index.php(67): CodeIgniter\CodeIgniter->run()
11 SYSTEMPATH\Commands\Server\rewrite.php(47): require_once('C:\\xampp\\htdocs\\ClassFlow\\public\\index.php')
ERROR - 2024-05-02 09:35:16 --> mysqli_sql_exception: Unknown column 'teachers.tel' in 'field list' in C:\xampp\htdocs\ClassFlow\system\Database\MySQLi\Connection.php:295
Stack trace:
#0 C:\xampp\htdocs\ClassFlow\system\Database\MySQLi\Connection.php(295): mysqli->query('SELECT `users`....', 0)
#1 C:\xampp\htdocs\ClassFlow\system\Database\BaseConnection.php(692): CodeIgniter\Database\MySQLi\Connection->execute('SELECT `users`....')
#2 C:\xampp\htdocs\ClassFlow\system\Database\BaseConnection.php(606): CodeIgniter\Database\BaseConnection->simpleQuery('SELECT `users`....')
#3 C:\xampp\htdocs\ClassFlow\system\Database\BaseBuilder.php(1616): CodeIgniter\Database\BaseConnection->query('SELECT `users`....', Array, false)
#4 C:\xampp\htdocs\ClassFlow\app\Models\ProfileModel.php(57): CodeIgniter\Database\BaseBuilder->get()
#5 C:\xampp\htdocs\ClassFlow\app\Controllers\ProfileController.php(126): App\Models\ProfileModel->index('3')
#6 C:\xampp\htdocs\ClassFlow\system\CodeIgniter.php(932): App\Controllers\ProfileController->index()
#7 C:\xampp\htdocs\ClassFlow\system\CodeIgniter.php(497): CodeIgniter\CodeIgniter->runController(Object(App\Controllers\ProfileController))
#8 C:\xampp\htdocs\ClassFlow\system\CodeIgniter.php(366): CodeIgniter\CodeIgniter->handleRequest(NULL, Object(Config\Cache), false)
#9 C:\xampp\htdocs\ClassFlow\public\index.php(67): CodeIgniter\CodeIgniter->run()
#10 C:\xampp\htdocs\ClassFlow\system\Commands\Server\rewrite.php(47): require_once('C:\\xampp\\htdocs...')
#11 {main}
CRITICAL - 2024-05-02 09:35:16 --> Unknown column 'teachers.tel' in 'field list'
in SYSTEMPATH\Database\MySQLi\Connection.php on line 295.
 1 SYSTEMPATH\Database\MySQLi\Connection.php(295): mysqli->query('SELECT `users`.*, `teachers`.`teacher_id`, `teachers`.`room`, `teachers`.`tel`
FROM `users`
LEFT JOIN `teachers` ON `teachers`.`user_id` = `users`.`user_id`
WHERE `users`.`user_id` = \'3\'', 0)
 2 SYSTEMPATH\Database\BaseConnection.php(692): CodeIgniter\Database\MySQLi\Connection->execute('SELECT `users`.*, `teachers`.`teacher_id`, `teachers`.`room`, `teachers`.`tel`
FROM `users`
LEFT JOIN `teachers` ON `teachers`.`user_id` = `users`.`user_id`
WHERE `users`.`user_id` = \'3\'')
 3 SYSTEMPATH\Database\BaseConnection.php(606): CodeIgniter\Database\BaseConnection->simpleQuery('SELECT `users`.*, `teachers`.`teacher_id`, `teachers`.`room`, `teachers`.`tel`
FROM `users`
LEFT JOIN `teachers` ON `teachers`.`user_id` = `users`.`user_id`
WHERE `users`.`user_id` = \'3\'')
 4 SYSTEMPATH\Database\BaseBuilder.php(1616): CodeIgniter\Database\BaseConnection->query('SELECT `users`.*, `teachers`.`teacher_id`, `teachers`.`room`, `teachers`.`tel`
FROM `users`
LEFT JOIN `teachers` ON `teachers`.`user_id` = `users`.`user_id`
WHERE `users`.`user_id` = :users.user_id:', [...], false)
 5 APPPATH\Models\ProfileModel.php(57): CodeIgniter\Database\BaseBuilder->get()
 6 APPPATH\Controllers\ProfileController.php(126): App\Models\ProfileModel->index('3')
 7 SYSTEMPATH\CodeIgniter.php(932): App\Controllers\ProfileController->index()
 8 SYSTEMPATH\CodeIgniter.php(497): CodeIgniter\CodeIgniter->runController(Object(App\Controllers\ProfileController))
 9 SYSTEMPATH\CodeIgniter.php(366): CodeIgniter\CodeIgniter->handleRequest(null, Object(Config\Cache), false)
10 FCPATH\index.php(67): CodeIgniter\CodeIgniter->run()
11 SYSTEMPATH\Commands\Server\rewrite.php(47): require_once('C:\\xampp\\htdocs\\ClassFlow\\public\\index.php')
ERROR - 2024-05-02 09:35:18 --> mysqli_sql_exception: Unknown column 'teachers.tel' in 'field list' in C:\xampp\htdocs\ClassFlow\system\Database\MySQLi\Connection.php:295
Stack trace:
#0 C:\xampp\htdocs\ClassFlow\system\Database\MySQLi\Connection.php(295): mysqli->query('SELECT `users`....', 0)
#1 C:\xampp\htdocs\ClassFlow\system\Database\BaseConnection.php(692): CodeIgniter\Database\MySQLi\Connection->execute('SELECT `users`....')
#2 C:\xampp\htdocs\ClassFlow\system\Database\BaseConnection.php(606): CodeIgniter\Database\BaseConnection->simpleQuery('SELECT `users`....')
#3 C:\xampp\htdocs\ClassFlow\system\Database\BaseBuilder.php(1616): CodeIgniter\Database\BaseConnection->query('SELECT `users`....', Array, false)
#4 C:\xampp\htdocs\ClassFlow\app\Models\ProfileModel.php(57): CodeIgniter\Database\BaseBuilder->get()
#5 C:\xampp\htdocs\ClassFlow\app\Controllers\ProfileController.php(126): App\Models\ProfileModel->index('3')
#6 C:\xampp\htdocs\ClassFlow\system\CodeIgniter.php(932): App\Controllers\ProfileController->index()
#7 C:\xampp\htdocs\ClassFlow\system\CodeIgniter.php(497): CodeIgniter\CodeIgniter->runController(Object(App\Controllers\ProfileController))
#8 C:\xampp\htdocs\ClassFlow\system\CodeIgniter.php(366): CodeIgniter\CodeIgniter->handleRequest(NULL, Object(Config\Cache), false)
#9 C:\xampp\htdocs\ClassFlow\public\index.php(67): CodeIgniter\CodeIgniter->run()
#10 C:\xampp\htdocs\ClassFlow\system\Commands\Server\rewrite.php(47): require_once('C:\\xampp\\htdocs...')
#11 {main}
CRITICAL - 2024-05-02 09:35:18 --> Unknown column 'teachers.tel' in 'field list'
in SYSTEMPATH\Database\MySQLi\Connection.php on line 295.
 1 SYSTEMPATH\Database\MySQLi\Connection.php(295): mysqli->query('SELECT `users`.*, `teachers`.`teacher_id`, `teachers`.`room`, `teachers`.`tel`
FROM `users`
LEFT JOIN `teachers` ON `teachers`.`user_id` = `users`.`user_id`
WHERE `users`.`user_id` = \'3\'', 0)
 2 SYSTEMPATH\Database\BaseConnection.php(692): CodeIgniter\Database\MySQLi\Connection->execute('SELECT `users`.*, `teachers`.`teacher_id`, `teachers`.`room`, `teachers`.`tel`
FROM `users`
LEFT JOIN `teachers` ON `teachers`.`user_id` = `users`.`user_id`
WHERE `users`.`user_id` = \'3\'')
 3 SYSTEMPATH\Database\BaseConnection.php(606): CodeIgniter\Database\BaseConnection->simpleQuery('SELECT `users`.*, `teachers`.`teacher_id`, `teachers`.`room`, `teachers`.`tel`
FROM `users`
LEFT JOIN `teachers` ON `teachers`.`user_id` = `users`.`user_id`
WHERE `users`.`user_id` = \'3\'')
 4 SYSTEMPATH\Database\BaseBuilder.php(1616): CodeIgniter\Database\BaseConnection->query('SELECT `users`.*, `teachers`.`teacher_id`, `teachers`.`room`, `teachers`.`tel`
FROM `users`
LEFT JOIN `teachers` ON `teachers`.`user_id` = `users`.`user_id`
WHERE `users`.`user_id` = :users.user_id:', [...], false)
 5 APPPATH\Models\ProfileModel.php(57): CodeIgniter\Database\BaseBuilder->get()
 6 APPPATH\Controllers\ProfileController.php(126): App\Models\ProfileModel->index('3')
 7 SYSTEMPATH\CodeIgniter.php(932): App\Controllers\ProfileController->index()
 8 SYSTEMPATH\CodeIgniter.php(497): CodeIgniter\CodeIgniter->runController(Object(App\Controllers\ProfileController))
 9 SYSTEMPATH\CodeIgniter.php(366): CodeIgniter\CodeIgniter->handleRequest(null, Object(Config\Cache), false)
10 FCPATH\index.php(67): CodeIgniter\CodeIgniter->run()
11 SYSTEMPATH\Commands\Server\rewrite.php(47): require_once('C:\\xampp\\htdocs\\ClassFlow\\public\\index.php')
ERROR - 2024-05-02 09:35:19 --> mysqli_sql_exception: Unknown column 'teachers.tel' in 'field list' in C:\xampp\htdocs\ClassFlow\system\Database\MySQLi\Connection.php:295
Stack trace:
#0 C:\xampp\htdocs\ClassFlow\system\Database\MySQLi\Connection.php(295): mysqli->query('SELECT `users`....', 0)
#1 C:\xampp\htdocs\ClassFlow\system\Database\BaseConnection.php(692): CodeIgniter\Database\MySQLi\Connection->execute('SELECT `users`....')
#2 C:\xampp\htdocs\ClassFlow\system\Database\BaseConnection.php(606): CodeIgniter\Database\BaseConnection->simpleQuery('SELECT `users`....')
#3 C:\xampp\htdocs\ClassFlow\system\Database\BaseBuilder.php(1616): CodeIgniter\Database\BaseConnection->query('SELECT `users`....', Array, false)
#4 C:\xampp\htdocs\ClassFlow\app\Models\ProfileModel.php(57): CodeIgniter\Database\BaseBuilder->get()
#5 C:\xampp\htdocs\ClassFlow\app\Controllers\ProfileController.php(126): App\Models\ProfileModel->index('3')
#6 C:\xampp\htdocs\ClassFlow\system\CodeIgniter.php(932): App\Controllers\ProfileController->index()
#7 C:\xampp\htdocs\ClassFlow\system\CodeIgniter.php(497): CodeIgniter\CodeIgniter->runController(Object(App\Controllers\ProfileController))
#8 C:\xampp\htdocs\ClassFlow\system\CodeIgniter.php(366): CodeIgniter\CodeIgniter->handleRequest(NULL, Object(Config\Cache), false)
#9 C:\xampp\htdocs\ClassFlow\public\index.php(67): CodeIgniter\CodeIgniter->run()
#10 C:\xampp\htdocs\ClassFlow\system\Commands\Server\rewrite.php(47): require_once('C:\\xampp\\htdocs...')
#11 {main}
CRITICAL - 2024-05-02 09:35:19 --> Unknown column 'teachers.tel' in 'field list'
in SYSTEMPATH\Database\MySQLi\Connection.php on line 295.
 1 SYSTEMPATH\Database\MySQLi\Connection.php(295): mysqli->query('SELECT `users`.*, `teachers`.`teacher_id`, `teachers`.`room`, `teachers`.`tel`
FROM `users`
LEFT JOIN `teachers` ON `teachers`.`user_id` = `users`.`user_id`
WHERE `users`.`user_id` = \'3\'', 0)
 2 SYSTEMPATH\Database\BaseConnection.php(692): CodeIgniter\Database\MySQLi\Connection->execute('SELECT `users`.*, `teachers`.`teacher_id`, `teachers`.`room`, `teachers`.`tel`
FROM `users`
LEFT JOIN `teachers` ON `teachers`.`user_id` = `users`.`user_id`
WHERE `users`.`user_id` = \'3\'')
 3 SYSTEMPATH\Database\BaseConnection.php(606): CodeIgniter\Database\BaseConnection->simpleQuery('SELECT `users`.*, `teachers`.`teacher_id`, `teachers`.`room`, `teachers`.`tel`
FROM `users`
LEFT JOIN `teachers` ON `teachers`.`user_id` = `users`.`user_id`
WHERE `users`.`user_id` = \'3\'')
 4 SYSTEMPATH\Database\BaseBuilder.php(1616): CodeIgniter\Database\BaseConnection->query('SELECT `users`.*, `teachers`.`teacher_id`, `teachers`.`room`, `teachers`.`tel`
FROM `users`
LEFT JOIN `teachers` ON `teachers`.`user_id` = `users`.`user_id`
WHERE `users`.`user_id` = :users.user_id:', [...], false)
 5 APPPATH\Models\ProfileModel.php(57): CodeIgniter\Database\BaseBuilder->get()
 6 APPPATH\Controllers\ProfileController.php(126): App\Models\ProfileModel->index('3')
 7 SYSTEMPATH\CodeIgniter.php(932): App\Controllers\ProfileController->index()
 8 SYSTEMPATH\CodeIgniter.php(497): CodeIgniter\CodeIgniter->runController(Object(App\Controllers\ProfileController))
 9 SYSTEMPATH\CodeIgniter.php(366): CodeIgniter\CodeIgniter->handleRequest(null, Object(Config\Cache), false)
10 FCPATH\index.php(67): CodeIgniter\CodeIgniter->run()
11 SYSTEMPATH\Commands\Server\rewrite.php(47): require_once('C:\\xampp\\htdocs\\ClassFlow\\public\\index.php')
ERROR - 2024-05-02 09:35:19 --> mysqli_sql_exception: Unknown column 'teachers.tel' in 'field list' in C:\xampp\htdocs\ClassFlow\system\Database\MySQLi\Connection.php:295
Stack trace:
#0 C:\xampp\htdocs\ClassFlow\system\Database\MySQLi\Connection.php(295): mysqli->query('SELECT `users`....', 0)
#1 C:\xampp\htdocs\ClassFlow\system\Database\BaseConnection.php(692): CodeIgniter\Database\MySQLi\Connection->execute('SELECT `users`....')
#2 C:\xampp\htdocs\ClassFlow\system\Database\BaseConnection.php(606): CodeIgniter\Database\BaseConnection->simpleQuery('SELECT `users`....')
#3 C:\xampp\htdocs\ClassFlow\system\Database\BaseBuilder.php(1616): CodeIgniter\Database\BaseConnection->query('SELECT `users`....', Array, false)
#4 C:\xampp\htdocs\ClassFlow\app\Models\ProfileModel.php(57): CodeIgniter\Database\BaseBuilder->get()
#5 C:\xampp\htdocs\ClassFlow\app\Controllers\ProfileController.php(126): App\Models\ProfileModel->index('3')
#6 C:\xampp\htdocs\ClassFlow\system\CodeIgniter.php(932): App\Controllers\ProfileController->index()
#7 C:\xampp\htdocs\ClassFlow\system\CodeIgniter.php(497): CodeIgniter\CodeIgniter->runController(Object(App\Controllers\ProfileController))
#8 C:\xampp\htdocs\ClassFlow\system\CodeIgniter.php(366): CodeIgniter\CodeIgniter->handleRequest(NULL, Object(Config\Cache), false)
#9 C:\xampp\htdocs\ClassFlow\public\index.php(67): CodeIgniter\CodeIgniter->run()
#10 C:\xampp\htdocs\ClassFlow\system\Commands\Server\rewrite.php(47): require_once('C:\\xampp\\htdocs...')
#11 {main}
CRITICAL - 2024-05-02 09:35:19 --> Unknown column 'teachers.tel' in 'field list'
in SYSTEMPATH\Database\MySQLi\Connection.php on line 295.
 1 SYSTEMPATH\Database\MySQLi\Connection.php(295): mysqli->query('SELECT `users`.*, `teachers`.`teacher_id`, `teachers`.`room`, `teachers`.`tel`
FROM `users`
LEFT JOIN `teachers` ON `teachers`.`user_id` = `users`.`user_id`
WHERE `users`.`user_id` = \'3\'', 0)
 2 SYSTEMPATH\Database\BaseConnection.php(692): CodeIgniter\Database\MySQLi\Connection->execute('SELECT `users`.*, `teachers`.`teacher_id`, `teachers`.`room`, `teachers`.`tel`
FROM `users`
LEFT JOIN `teachers` ON `teachers`.`user_id` = `users`.`user_id`
WHERE `users`.`user_id` = \'3\'')
 3 SYSTEMPATH\Database\BaseConnection.php(606): CodeIgniter\Database\BaseConnection->simpleQuery('SELECT `users`.*, `teachers`.`teacher_id`, `teachers`.`room`, `teachers`.`tel`
FROM `users`
LEFT JOIN `teachers` ON `teachers`.`user_id` = `users`.`user_id`
WHERE `users`.`user_id` = \'3\'')
 4 SYSTEMPATH\Database\BaseBuilder.php(1616): CodeIgniter\Database\BaseConnection->query('SELECT `users`.*, `teachers`.`teacher_id`, `teachers`.`room`, `teachers`.`tel`
FROM `users`
LEFT JOIN `teachers` ON `teachers`.`user_id` = `users`.`user_id`
WHERE `users`.`user_id` = :users.user_id:', [...], false)
 5 APPPATH\Models\ProfileModel.php(57): CodeIgniter\Database\BaseBuilder->get()
 6 APPPATH\Controllers\ProfileController.php(126): App\Models\ProfileModel->index('3')
 7 SYSTEMPATH\CodeIgniter.php(932): App\Controllers\ProfileController->index()
 8 SYSTEMPATH\CodeIgniter.php(497): CodeIgniter\CodeIgniter->runController(Object(App\Controllers\ProfileController))
 9 SYSTEMPATH\CodeIgniter.php(366): CodeIgniter\CodeIgniter->handleRequest(null, Object(Config\Cache), false)
10 FCPATH\index.php(67): CodeIgniter\CodeIgniter->run()
11 SYSTEMPATH\Commands\Server\rewrite.php(47): require_once('C:\\xampp\\htdocs\\ClassFlow\\public\\index.php')
ERROR - 2024-05-02 10:06:33 --> mysqli_sql_exception: Unknown column 'teachers.tel' in 'field list' in C:\xampp\htdocs\ClassFlow\system\Database\MySQLi\Connection.php:295
Stack trace:
#0 C:\xampp\htdocs\ClassFlow\system\Database\MySQLi\Connection.php(295): mysqli->query('SELECT `users`....', 0)
#1 C:\xampp\htdocs\ClassFlow\system\Database\BaseConnection.php(692): CodeIgniter\Database\MySQLi\Connection->execute('SELECT `users`....')
#2 C:\xampp\htdocs\ClassFlow\system\Database\BaseConnection.php(606): CodeIgniter\Database\BaseConnection->simpleQuery('SELECT `users`....')
#3 C:\xampp\htdocs\ClassFlow\system\Database\BaseBuilder.php(1616): CodeIgniter\Database\BaseConnection->query('SELECT `users`....', Array, false)
#4 C:\xampp\htdocs\ClassFlow\app\Models\ProfileModel.php(72): CodeIgniter\Database\BaseBuilder->get()
#5 C:\xampp\htdocs\ClassFlow\app\Controllers\ProfileController.php(134): App\Models\ProfileModel->editData(Array)
#6 C:\xampp\htdocs\ClassFlow\app\Controllers\ProfileController.php(116): App\Controllers\ProfileController->editData(Array)
#7 C:\xampp\htdocs\ClassFlow\system\CodeIgniter.php(932): App\Controllers\ProfileController->root('editData')
#8 C:\xampp\htdocs\ClassFlow\system\CodeIgniter.php(497): CodeIgniter\CodeIgniter->runController(Object(App\Controllers\ProfileController))
#9 C:\xampp\htdocs\ClassFlow\system\CodeIgniter.php(366): CodeIgniter\CodeIgniter->handleRequest(NULL, Object(Config\Cache), false)
#10 C:\xampp\htdocs\ClassFlow\public\index.php(67): CodeIgniter\CodeIgniter->run()
#11 C:\xampp\htdocs\ClassFlow\system\Commands\Server\rewrite.php(47): require_once('C:\\xampp\\htdocs...')
#12 {main}
CRITICAL - 2024-05-02 10:06:33 --> Unknown column 'teachers.tel' in 'field list'
in SYSTEMPATH\Database\MySQLi\Connection.php on line 295.
 1 SYSTEMPATH\Database\MySQLi\Connection.php(295): mysqli->query('SELECT `users`.*, `teachers`.`teacher_id`, `teachers`.`room`, `teachers`.`tel`
FROM `users`
LEFT JOIN `teachers` ON `teachers`.`user_id` = `users`.`user_id`
WHERE `users`.`user_id` = (\'Yuttapoom\',\'Haphanom\',\'admin\',\'0999999999\',\'3\',\'2024-05-02 10:06:33\')', 0)
 2 SYSTEMPATH\Database\BaseConnection.php(692): CodeIgniter\Database\MySQLi\Connection->execute('SELECT `users`.*, `teachers`.`teacher_id`, `teachers`.`room`, `teachers`.`tel`
FROM `users`
LEFT JOIN `teachers` ON `teachers`.`user_id` = `users`.`user_id`
WHERE `users`.`user_id` = (\'Yuttapoom\',\'Haphanom\',\'admin\',\'0999999999\',\'3\',\'2024-05-02 10:06:33\')')
 3 SYSTEMPATH\Database\BaseConnection.php(606): CodeIgniter\Database\BaseConnection->simpleQuery('SELECT `users`.*, `teachers`.`teacher_id`, `teachers`.`room`, `teachers`.`tel`
FROM `users`
LEFT JOIN `teachers` ON `teachers`.`user_id` = `users`.`user_id`
WHERE `users`.`user_id` = (\'Yuttapoom\',\'Haphanom\',\'admin\',\'0999999999\',\'3\',\'2024-05-02 10:06:33\')')
 4 SYSTEMPATH\Database\BaseBuilder.php(1616): CodeIgniter\Database\BaseConnection->query('SELECT `users`.*, `teachers`.`teacher_id`, `teachers`.`room`, `teachers`.`tel`
FROM `users`
LEFT JOIN `teachers` ON `teachers`.`user_id` = `users`.`user_id`
WHERE `users`.`user_id` = :users.user_id:', [...], false)
 5 APPPATH\Models\ProfileModel.php(72): CodeIgniter\Database\BaseBuilder->get()
 6 APPPATH\Controllers\ProfileController.php(134): App\Models\ProfileModel->editData([...])
 7 APPPATH\Controllers\ProfileController.php(116): App\Controllers\ProfileController->editData([...])
 8 SYSTEMPATH\CodeIgniter.php(932): App\Controllers\ProfileController->root('editData')
 9 SYSTEMPATH\CodeIgniter.php(497): CodeIgniter\CodeIgniter->runController(Object(App\Controllers\ProfileController))
10 SYSTEMPATH\CodeIgniter.php(366): CodeIgniter\CodeIgniter->handleRequest(null, Object(Config\Cache), false)
11 FCPATH\index.php(67): CodeIgniter\CodeIgniter->run()
12 SYSTEMPATH\Commands\Server\rewrite.php(47): require_once('C:\\xampp\\htdocs\\ClassFlow\\public\\index.php')
CRITICAL - 2024-05-02 14:49:48 --> You must set the database table to be used with your query.
in SYSTEMPATH\Database\BaseConnection.php on line 883.
 1 SYSTEMPATH\Model.php(642): CodeIgniter\Database\BaseConnection->table(null)
 2 SYSTEMPATH\Model.php(828): CodeIgniter\Model->builder()
 3 APPPATH\Controllers\ProfileController.php(182): CodeIgniter\Model->__call('index', [])
 4 APPPATH\Controllers\ProfileController.php(99): App\Controllers\ProfileController->editTel([...])
 5 SYSTEMPATH\CodeIgniter.php(932): App\Controllers\ProfileController->root('editTel')
 6 SYSTEMPATH\CodeIgniter.php(497): CodeIgniter\CodeIgniter->runController(Object(App\Controllers\ProfileController))
 7 SYSTEMPATH\CodeIgniter.php(366): CodeIgniter\CodeIgniter->handleRequest(null, Object(Config\Cache), false)
 8 FCPATH\index.php(67): CodeIgniter\CodeIgniter->run()
 9 SYSTEMPATH\Commands\Server\rewrite.php(47): require_once('C:\\xampp\\htdocs\\ClassFlow\\public\\index.php')
CRITICAL - 2024-05-02 14:49:54 --> You must set the database table to be used with your query.
in SYSTEMPATH\Database\BaseConnection.php on line 883.
 1 SYSTEMPATH\Model.php(642): CodeIgniter\Database\BaseConnection->table(null)
 2 SYSTEMPATH\Model.php(828): CodeIgniter\Model->builder()
 3 APPPATH\Controllers\ProfileController.php(182): CodeIgniter\Model->__call('index', [])
 4 APPPATH\Controllers\ProfileController.php(99): App\Controllers\ProfileController->editTel([...])
 5 SYSTEMPATH\CodeIgniter.php(932): App\Controllers\ProfileController->root('editTel')
 6 SYSTEMPATH\CodeIgniter.php(497): CodeIgniter\CodeIgniter->runController(Object(App\Controllers\ProfileController))
 7 SYSTEMPATH\CodeIgniter.php(366): CodeIgniter\CodeIgniter->handleRequest(null, Object(Config\Cache), false)
 8 FCPATH\index.php(67): CodeIgniter\CodeIgniter->run()
 9 SYSTEMPATH\Commands\Server\rewrite.php(47): require_once('C:\\xampp\\htdocs\\ClassFlow\\public\\index.php')
CRITICAL - 2024-05-02 14:50:07 --> You must set the database table to be used with your query.
in SYSTEMPATH\Database\BaseConnection.php on line 883.
 1 SYSTEMPATH\Model.php(642): CodeIgniter\Database\BaseConnection->table(null)
 2 SYSTEMPATH\Model.php(828): CodeIgniter\Model->builder()
 3 APPPATH\Controllers\ProfileController.php(182): CodeIgniter\Model->__call('index', [])
 4 APPPATH\Controllers\ProfileController.php(99): App\Controllers\ProfileController->editTel([...])
 5 SYSTEMPATH\CodeIgniter.php(932): App\Controllers\ProfileController->root('editTel')
 6 SYSTEMPATH\CodeIgniter.php(497): CodeIgniter\CodeIgniter->runController(Object(App\Controllers\ProfileController))
 7 SYSTEMPATH\CodeIgniter.php(366): CodeIgniter\CodeIgniter->handleRequest(null, Object(Config\Cache), false)
 8 FCPATH\index.php(67): CodeIgniter\CodeIgniter->run()
 9 SYSTEMPATH\Commands\Server\rewrite.php(47): require_once('C:\\xampp\\htdocs\\ClassFlow\\public\\index.php')
CRITICAL - 2024-05-02 14:53:14 --> You must set the database table to be used with your query.
in SYSTEMPATH\Database\BaseConnection.php on line 883.
 1 SYSTEMPATH\Model.php(642): CodeIgniter\Database\BaseConnection->table(null)
 2 SYSTEMPATH\Model.php(828): CodeIgniter\Model->builder()
 3 APPPATH\Controllers\ProfileController.php(113): CodeIgniter\Model->__call('index', [])
 4 APPPATH\Controllers\ProfileController.php(84): App\Controllers\ProfileController->generalForm()
 5 SYSTEMPATH\CodeIgniter.php(932): App\Controllers\ProfileController->rootGet('general')
 6 SYSTEMPATH\CodeIgniter.php(497): CodeIgniter\CodeIgniter->runController(Object(App\Controllers\ProfileController))
 7 SYSTEMPATH\CodeIgniter.php(366): CodeIgniter\CodeIgniter->handleRequest(null, Object(Config\Cache), false)
 8 FCPATH\index.php(67): CodeIgniter\CodeIgniter->run()
 9 SYSTEMPATH\Commands\Server\rewrite.php(47): require_once('C:\\xampp\\htdocs\\ClassFlow\\public\\index.php')
CRITICAL - 2024-05-02 14:53:18 --> You must set the database table to be used with your query.
in SYSTEMPATH\Database\BaseConnection.php on line 883.
 1 SYSTEMPATH\Model.php(642): CodeIgniter\Database\BaseConnection->table(null)
 2 SYSTEMPATH\Model.php(828): CodeIgniter\Model->builder()
 3 APPPATH\Controllers\ProfileController.php(113): CodeIgniter\Model->__call('index', [])
 4 APPPATH\Controllers\ProfileController.php(84): App\Controllers\ProfileController->generalForm()
 5 SYSTEMPATH\CodeIgniter.php(932): App\Controllers\ProfileController->rootGet('general')
 6 SYSTEMPATH\CodeIgniter.php(497): CodeIgniter\CodeIgniter->runController(Object(App\Controllers\ProfileController))
 7 SYSTEMPATH\CodeIgniter.php(366): CodeIgniter\CodeIgniter->handleRequest(null, Object(Config\Cache), false)
 8 FCPATH\index.php(67): CodeIgniter\CodeIgniter->run()
 9 SYSTEMPATH\Commands\Server\rewrite.php(47): require_once('C:\\xampp\\htdocs\\ClassFlow\\public\\index.php')
CRITICAL - 2024-05-02 14:53:30 --> You must set the database table to be used with your query.
in SYSTEMPATH\Database\BaseConnection.php on line 883.
 1 SYSTEMPATH\Model.php(642): CodeIgniter\Database\BaseConnection->table(null)
 2 SYSTEMPATH\Model.php(828): CodeIgniter\Model->builder()
 3 APPPATH\Controllers\ProfileController.php(113): CodeIgniter\Model->__call('index', [])
 4 APPPATH\Controllers\ProfileController.php(84): App\Controllers\ProfileController->generalForm()
 5 SYSTEMPATH\CodeIgniter.php(932): App\Controllers\ProfileController->rootGet('general')
 6 SYSTEMPATH\CodeIgniter.php(497): CodeIgniter\CodeIgniter->runController(Object(App\Controllers\ProfileController))
 7 SYSTEMPATH\CodeIgniter.php(366): CodeIgniter\CodeIgniter->handleRequest(null, Object(Config\Cache), false)
 8 FCPATH\index.php(67): CodeIgniter\CodeIgniter->run()
 9 SYSTEMPATH\Commands\Server\rewrite.php(47): require_once('C:\\xampp\\htdocs\\ClassFlow\\public\\index.php')
CRITICAL - 2024-05-02 14:54:59 --> You must set the database table to be used with your query.
in SYSTEMPATH\Database\BaseConnection.php on line 883.
 1 SYSTEMPATH\Model.php(642): CodeIgniter\Database\BaseConnection->table(null)
 2 SYSTEMPATH\Model.php(828): CodeIgniter\Model->builder()
 3 APPPATH\Controllers\ProfileController.php(113): CodeIgniter\Model->__call('index', [])
 4 APPPATH\Controllers\ProfileController.php(84): App\Controllers\ProfileController->generalForm()
 5 SYSTEMPATH\CodeIgniter.php(932): App\Controllers\ProfileController->rootGet('general')
 6 SYSTEMPATH\CodeIgniter.php(497): CodeIgniter\CodeIgniter->runController(Object(App\Controllers\ProfileController))
 7 SYSTEMPATH\CodeIgniter.php(366): CodeIgniter\CodeIgniter->handleRequest(null, Object(Config\Cache), false)
 8 FCPATH\index.php(67): CodeIgniter\CodeIgniter->run()
 9 SYSTEMPATH\Commands\Server\rewrite.php(47): require_once('C:\\xampp\\htdocs\\ClassFlow\\public\\index.php')
CRITICAL - 2024-05-02 14:55:52 --> You must set the database table to be used with your query.
in SYSTEMPATH\Database\BaseConnection.php on line 883.
 1 SYSTEMPATH\Model.php(642): CodeIgniter\Database\BaseConnection->table(null)
 2 SYSTEMPATH\Model.php(828): CodeIgniter\Model->builder()
 3 APPPATH\Controllers\ProfileController.php(120): CodeIgniter\Model->__call('index', [])
 4 APPPATH\Controllers\ProfileController.php(99): App\Controllers\ProfileController->editGeneral([...])
 5 SYSTEMPATH\CodeIgniter.php(932): App\Controllers\ProfileController->root('editGeneral')
 6 SYSTEMPATH\CodeIgniter.php(497): CodeIgniter\CodeIgniter->runController(Object(App\Controllers\ProfileController))
 7 SYSTEMPATH\CodeIgniter.php(366): CodeIgniter\CodeIgniter->handleRequest(null, Object(Config\Cache), false)
 8 FCPATH\index.php(67): CodeIgniter\CodeIgniter->run()
 9 SYSTEMPATH\Commands\Server\rewrite.php(47): require_once('C:\\xampp\\htdocs\\ClassFlow\\public\\index.php')
CRITICAL - 2024-05-02 14:58:49 --> You must set the database table to be used with your query.
in SYSTEMPATH\Database\BaseConnection.php on line 883.
 1 SYSTEMPATH\Model.php(642): CodeIgniter\Database\BaseConnection->table(null)
 2 SYSTEMPATH\Model.php(828): CodeIgniter\Model->builder()
 3 APPPATH\Controllers\ProfileController.php(182): CodeIgniter\Model->__call('index', [])
 4 APPPATH\Controllers\ProfileController.php(99): App\Controllers\ProfileController->editTel([...])
 5 SYSTEMPATH\CodeIgniter.php(932): App\Controllers\ProfileController->root('editTel')
 6 SYSTEMPATH\CodeIgniter.php(497): CodeIgniter\CodeIgniter->runController(Object(App\Controllers\ProfileController))
 7 SYSTEMPATH\CodeIgniter.php(366): CodeIgniter\CodeIgniter->handleRequest(null, Object(Config\Cache), false)
 8 FCPATH\index.php(67): CodeIgniter\CodeIgniter->run()
 9 SYSTEMPATH\Commands\Server\rewrite.php(47): require_once('C:\\xampp\\htdocs\\ClassFlow\\public\\index.php')
CRITICAL - 2024-05-02 14:59:34 --> You must set the database table to be used with your query.
in SYSTEMPATH\Database\BaseConnection.php on line 883.
 1 SYSTEMPATH\Model.php(642): CodeIgniter\Database\BaseConnection->table(null)
 2 SYSTEMPATH\Model.php(828): CodeIgniter\Model->builder()
 3 APPPATH\Controllers\ProfileController.php(182): CodeIgniter\Model->__call('index', [])
 4 APPPATH\Controllers\ProfileController.php(99): App\Controllers\ProfileController->editTel([...])
 5 SYSTEMPATH\CodeIgniter.php(932): App\Controllers\ProfileController->root('editTel')
 6 SYSTEMPATH\CodeIgniter.php(497): CodeIgniter\CodeIgniter->runController(Object(App\Controllers\ProfileController))
 7 SYSTEMPATH\CodeIgniter.php(366): CodeIgniter\CodeIgniter->handleRequest(null, Object(Config\Cache), false)
 8 FCPATH\index.php(67): CodeIgniter\CodeIgniter->run()
 9 SYSTEMPATH\Commands\Server\rewrite.php(47): require_once('C:\\xampp\\htdocs\\ClassFlow\\public\\index.php')
CRITICAL - 2024-05-02 14:59:45 --> You must set the database table to be used with your query.
in SYSTEMPATH\Database\BaseConnection.php on line 883.
 1 SYSTEMPATH\Model.php(642): CodeIgniter\Database\BaseConnection->table(null)
 2 SYSTEMPATH\Model.php(828): CodeIgniter\Model->builder()
 3 APPPATH\Controllers\ProfileController.php(182): CodeIgniter\Model->__call('index', [])
 4 APPPATH\Controllers\ProfileController.php(99): App\Controllers\ProfileController->editTel([...])
 5 SYSTEMPATH\CodeIgniter.php(932): App\Controllers\ProfileController->root('editTel')
 6 SYSTEMPATH\CodeIgniter.php(497): CodeIgniter\CodeIgniter->runController(Object(App\Controllers\ProfileController))
 7 SYSTEMPATH\CodeIgniter.php(366): CodeIgniter\CodeIgniter->handleRequest(null, Object(Config\Cache), false)
 8 FCPATH\index.php(67): CodeIgniter\CodeIgniter->run()
 9 SYSTEMPATH\Commands\Server\rewrite.php(47): require_once('C:\\xampp\\htdocs\\ClassFlow\\public\\index.php')
CRITICAL - 2024-05-02 15:17:02 --> Too few arguments to function App\Controllers\ProfileController::general(), 0 passed in C:\xampp\htdocs\ClassFlow\app\Controllers\ProfileController.php on line 105 and exactly 1 expected
in APPPATH\Controllers\ProfileController.php on line 130.
 1 APPPATH\Controllers\ProfileController.php(105): App\Controllers\ProfileController->general()
 2 SYSTEMPATH\CodeIgniter.php(932): App\Controllers\ProfileController->rootGet('general')
 3 SYSTEMPATH\CodeIgniter.php(497): CodeIgniter\CodeIgniter->runController(Object(App\Controllers\ProfileController))
 4 SYSTEMPATH\CodeIgniter.php(366): CodeIgniter\CodeIgniter->handleRequest(null, Object(Config\Cache), false)
 5 FCPATH\index.php(67): CodeIgniter\CodeIgniter->run()
 6 SYSTEMPATH\Commands\Server\rewrite.php(47): require_once('C:\\xampp\\htdocs\\ClassFlow\\public\\index.php')
CRITICAL - 2024-05-02 15:30:51 --> You must set the database table to be used with your query.
in SYSTEMPATH\Database\BaseConnection.php on line 883.
 1 SYSTEMPATH\Model.php(642): CodeIgniter\Database\BaseConnection->table(null)
 2 SYSTEMPATH\Model.php(828): CodeIgniter\Model->builder()
 3 APPPATH\Controllers\ProfileController.php(139): CodeIgniter\Model->__call('index', [])
 4 APPPATH\Controllers\ProfileController.php(118): App\Controllers\ProfileController->editGeneral([...])
 5 SYSTEMPATH\CodeIgniter.php(932): App\Controllers\ProfileController->root('editGeneral')
 6 SYSTEMPATH\CodeIgniter.php(497): CodeIgniter\CodeIgniter->runController(Object(App\Controllers\ProfileController))
 7 SYSTEMPATH\CodeIgniter.php(366): CodeIgniter\CodeIgniter->handleRequest(null, Object(Config\Cache), false)
 8 FCPATH\index.php(67): CodeIgniter\CodeIgniter->run()
 9 SYSTEMPATH\Commands\Server\rewrite.php(47): require_once('C:\\xampp\\htdocs\\ClassFlow\\public\\index.php')
CRITICAL - 2024-05-02 15:32:41 --> Call to undefined method App\Controllers\ProfileController::tel()
in APPPATH\Controllers\ProfileController.php on line 104.
 1 SYSTEMPATH\CodeIgniter.php(932): App\Controllers\ProfileController->rootGet('tel')
 2 SYSTEMPATH\CodeIgniter.php(497): CodeIgniter\CodeIgniter->runController(Object(App\Controllers\ProfileController))
 3 SYSTEMPATH\CodeIgniter.php(366): CodeIgniter\CodeIgniter->handleRequest(null, Object(Config\Cache), false)
 4 FCPATH\index.php(67): CodeIgniter\CodeIgniter->run()
 5 SYSTEMPATH\Commands\Server\rewrite.php(47): require_once('C:\\xampp\\htdocs\\ClassFlow\\public\\index.php')
ERROR - 2024-05-02 15:37:20 --> mysqli_sql_exception: Unknown column 'oldTel' in 'field list' in C:\xampp\htdocs\ClassFlow\system\Database\MySQLi\Connection.php:295
Stack trace:
#0 C:\xampp\htdocs\ClassFlow\system\Database\MySQLi\Connection.php(295): mysqli->query('UPDATE `users` ...', 0)
#1 C:\xampp\htdocs\ClassFlow\system\Database\BaseConnection.php(692): CodeIgniter\Database\MySQLi\Connection->execute('UPDATE `users` ...')
#2 C:\xampp\htdocs\ClassFlow\system\Database\BaseConnection.php(606): CodeIgniter\Database\BaseConnection->simpleQuery('UPDATE `users` ...')
#3 C:\xampp\htdocs\ClassFlow\system\Database\BaseBuilder.php(2476): CodeIgniter\Database\BaseConnection->query('UPDATE `users` ...', Array, false)
#4 C:\xampp\htdocs\ClassFlow\app\Models\ProfileModel.php(70): CodeIgniter\Database\BaseBuilder->update(Array)
#5 C:\xampp\htdocs\ClassFlow\app\Controllers\ProfileController.php(242): App\Models\ProfileModel->editGeneral(Array)
#6 C:\xampp\htdocs\ClassFlow\app\Controllers\ProfileController.php(118): App\Controllers\ProfileController->editTel(Array)
#7 C:\xampp\htdocs\ClassFlow\system\CodeIgniter.php(932): App\Controllers\ProfileController->root('editTel')
#8 C:\xampp\htdocs\ClassFlow\system\CodeIgniter.php(497): CodeIgniter\CodeIgniter->runController(Object(App\Controllers\ProfileController))
#9 C:\xampp\htdocs\ClassFlow\system\CodeIgniter.php(366): CodeIgniter\CodeIgniter->handleRequest(NULL, Object(Config\Cache), false)
#10 C:\xampp\htdocs\ClassFlow\public\index.php(67): CodeIgniter\CodeIgniter->run()
#11 C:\xampp\htdocs\ClassFlow\system\Commands\Server\rewrite.php(47): require_once('C:\\xampp\\htdocs...')
#12 {main}
CRITICAL - 2024-05-02 15:37:20 --> Unknown column 'oldTel' in 'field list'
in SYSTEMPATH\Database\MySQLi\Connection.php on line 295.
 1 SYSTEMPATH\Database\MySQLi\Connection.php(295): mysqli->query('UPDATE `users` SET `oldTel` = \'0999999998\', `tel` = \'0999999999\', `user_update` = \'5\', `update_date` = \'2024-05-02 15:37:20\'
WHERE `users`.`user_id` = \'5\'', 0)
 2 SYSTEMPATH\Database\BaseConnection.php(692): CodeIgniter\Database\MySQLi\Connection->execute('UPDATE `users` SET `oldTel` = \'0999999998\', `tel` = \'0999999999\', `user_update` = \'5\', `update_date` = \'2024-05-02 15:37:20\'
WHERE `users`.`user_id` = \'5\'')
 3 SYSTEMPATH\Database\BaseConnection.php(606): CodeIgniter\Database\BaseConnection->simpleQuery('UPDATE `users` SET `oldTel` = \'0999999998\', `tel` = \'0999999999\', `user_update` = \'5\', `update_date` = \'2024-05-02 15:37:20\'
WHERE `users`.`user_id` = \'5\'')
 4 SYSTEMPATH\Database\BaseBuilder.php(2476): CodeIgniter\Database\BaseConnection->query('UPDATE `users` SET `oldTel` = :oldTel:, `tel` = :tel:, `user_update` = :user_update:, `update_date` = :update_date:
WHERE `users`.`user_id` = :users.user_id:', [...], false)
 5 APPPATH\Models\ProfileModel.php(70): CodeIgniter\Database\BaseBuilder->update([...])
 6 APPPATH\Controllers\ProfileController.php(242): App\Models\ProfileModel->editGeneral([...])
 7 APPPATH\Controllers\ProfileController.php(118): App\Controllers\ProfileController->editTel([...])
 8 SYSTEMPATH\CodeIgniter.php(932): App\Controllers\ProfileController->root('editTel')
 9 SYSTEMPATH\CodeIgniter.php(497): CodeIgniter\CodeIgniter->runController(Object(App\Controllers\ProfileController))
10 SYSTEMPATH\CodeIgniter.php(366): CodeIgniter\CodeIgniter->handleRequest(null, Object(Config\Cache), false)
11 FCPATH\index.php(67): CodeIgniter\CodeIgniter->run()
12 SYSTEMPATH\Commands\Server\rewrite.php(47): require_once('C:\\xampp\\htdocs\\ClassFlow\\public\\index.php')
ERROR - 2024-05-02 15:38:31 --> mysqli_sql_exception: Unknown column 'oldTel' in 'field list' in C:\xampp\htdocs\ClassFlow\system\Database\MySQLi\Connection.php:295
Stack trace:
#0 C:\xampp\htdocs\ClassFlow\system\Database\MySQLi\Connection.php(295): mysqli->query('UPDATE `users` ...', 0)
#1 C:\xampp\htdocs\ClassFlow\system\Database\BaseConnection.php(692): CodeIgniter\Database\MySQLi\Connection->execute('UPDATE `users` ...')
#2 C:\xampp\htdocs\ClassFlow\system\Database\BaseConnection.php(606): CodeIgniter\Database\BaseConnection->simpleQuery('UPDATE `users` ...')
#3 C:\xampp\htdocs\ClassFlow\system\Database\BaseBuilder.php(2476): CodeIgniter\Database\BaseConnection->query('UPDATE `users` ...', Array, false)
#4 C:\xampp\htdocs\ClassFlow\app\Models\ProfileModel.php(70): CodeIgniter\Database\BaseBuilder->update(Array)
#5 C:\xampp\htdocs\ClassFlow\app\Controllers\ProfileController.php(236): App\Models\ProfileModel->editGeneral(Array)
#6 C:\xampp\htdocs\ClassFlow\app\Controllers\ProfileController.php(118): App\Controllers\ProfileController->editTel(Array)
#7 C:\xampp\htdocs\ClassFlow\system\CodeIgniter.php(932): App\Controllers\ProfileController->root('editTel')
#8 C:\xampp\htdocs\ClassFlow\system\CodeIgniter.php(497): CodeIgniter\CodeIgniter->runController(Object(App\Controllers\ProfileController))
#9 C:\xampp\htdocs\ClassFlow\system\CodeIgniter.php(366): CodeIgniter\CodeIgniter->handleRequest(NULL, Object(Config\Cache), false)
#10 C:\xampp\htdocs\ClassFlow\public\index.php(67): CodeIgniter\CodeIgniter->run()
#11 C:\xampp\htdocs\ClassFlow\system\Commands\Server\rewrite.php(47): require_once('C:\\xampp\\htdocs...')
#12 {main}
CRITICAL - 2024-05-02 15:38:31 --> Unknown column 'oldTel' in 'field list'
in SYSTEMPATH\Database\MySQLi\Connection.php on line 295.
 1 SYSTEMPATH\Database\MySQLi\Connection.php(295): mysqli->query('UPDATE `users` SET `oldTel` = \'0999999999\', `tel` = \'0999999999\', `user_update` = \'5\', `update_date` = \'2024-05-02 15:38:31\'
WHERE `users`.`user_id` = \'5\'', 0)
 2 SYSTEMPATH\Database\BaseConnection.php(692): CodeIgniter\Database\MySQLi\Connection->execute('UPDATE `users` SET `oldTel` = \'0999999999\', `tel` = \'0999999999\', `user_update` = \'5\', `update_date` = \'2024-05-02 15:38:31\'
WHERE `users`.`user_id` = \'5\'')
 3 SYSTEMPATH\Database\BaseConnection.php(606): CodeIgniter\Database\BaseConnection->simpleQuery('UPDATE `users` SET `oldTel` = \'0999999999\', `tel` = \'0999999999\', `user_update` = \'5\', `update_date` = \'2024-05-02 15:38:31\'
WHERE `users`.`user_id` = \'5\'')
 4 SYSTEMPATH\Database\BaseBuilder.php(2476): CodeIgniter\Database\BaseConnection->query('UPDATE `users` SET `oldTel` = :oldTel:, `tel` = :tel:, `user_update` = :user_update:, `update_date` = :update_date:
WHERE `users`.`user_id` = :users.user_id:', [...], false)
 5 APPPATH\Models\ProfileModel.php(70): CodeIgniter\Database\BaseBuilder->update([...])
 6 APPPATH\Controllers\ProfileController.php(236): App\Models\ProfileModel->editGeneral([...])
 7 APPPATH\Controllers\ProfileController.php(118): App\Controllers\ProfileController->editTel([...])
 8 SYSTEMPATH\CodeIgniter.php(932): App\Controllers\ProfileController->root('editTel')
 9 SYSTEMPATH\CodeIgniter.php(497): CodeIgniter\CodeIgniter->runController(Object(App\Controllers\ProfileController))
10 SYSTEMPATH\CodeIgniter.php(366): CodeIgniter\CodeIgniter->handleRequest(null, Object(Config\Cache), false)
11 FCPATH\index.php(67): CodeIgniter\CodeIgniter->run()
12 SYSTEMPATH\Commands\Server\rewrite.php(47): require_once('C:\\xampp\\htdocs\\ClassFlow\\public\\index.php')
ERROR - 2024-05-02 15:39:14 --> mysqli_sql_exception: Unknown column 'oldTel' in 'field list' in C:\xampp\htdocs\ClassFlow\system\Database\MySQLi\Connection.php:295
Stack trace:
#0 C:\xampp\htdocs\ClassFlow\system\Database\MySQLi\Connection.php(295): mysqli->query('UPDATE `users` ...', 0)
#1 C:\xampp\htdocs\ClassFlow\system\Database\BaseConnection.php(692): CodeIgniter\Database\MySQLi\Connection->execute('UPDATE `users` ...')
#2 C:\xampp\htdocs\ClassFlow\system\Database\BaseConnection.php(606): CodeIgniter\Database\BaseConnection->simpleQuery('UPDATE `users` ...')
#3 C:\xampp\htdocs\ClassFlow\system\Database\BaseBuilder.php(2476): CodeIgniter\Database\BaseConnection->query('UPDATE `users` ...', Array, false)
#4 C:\xampp\htdocs\ClassFlow\app\Models\ProfileModel.php(70): CodeIgniter\Database\BaseBuilder->update(Array)
#5 C:\xampp\htdocs\ClassFlow\app\Controllers\ProfileController.php(236): App\Models\ProfileModel->editGeneral(Array)
#6 C:\xampp\htdocs\ClassFlow\app\Controllers\ProfileController.php(118): App\Controllers\ProfileController->editTel(Array)
#7 C:\xampp\htdocs\ClassFlow\system\CodeIgniter.php(932): App\Controllers\ProfileController->root('editTel')
#8 C:\xampp\htdocs\ClassFlow\system\CodeIgniter.php(497): CodeIgniter\CodeIgniter->runController(Object(App\Controllers\ProfileController))
#9 C:\xampp\htdocs\ClassFlow\system\CodeIgniter.php(366): CodeIgniter\CodeIgniter->handleRequest(NULL, Object(Config\Cache), false)
#10 C:\xampp\htdocs\ClassFlow\public\index.php(67): CodeIgniter\CodeIgniter->run()
#11 C:\xampp\htdocs\ClassFlow\system\Commands\Server\rewrite.php(47): require_once('C:\\xampp\\htdocs...')
#12 {main}
CRITICAL - 2024-05-02 15:39:14 --> Unknown column 'oldTel' in 'field list'
in SYSTEMPATH\Database\MySQLi\Connection.php on line 295.
 1 SYSTEMPATH\Database\MySQLi\Connection.php(295): mysqli->query('UPDATE `users` SET `oldTel` = \'0999999999\', `tel` = \'0999999999\', `user_update` = \'5\', `update_date` = \'2024-05-02 15:39:14\'
WHERE `users`.`user_id` = \'5\'', 0)
 2 SYSTEMPATH\Database\BaseConnection.php(692): CodeIgniter\Database\MySQLi\Connection->execute('UPDATE `users` SET `oldTel` = \'0999999999\', `tel` = \'0999999999\', `user_update` = \'5\', `update_date` = \'2024-05-02 15:39:14\'
WHERE `users`.`user_id` = \'5\'')
 3 SYSTEMPATH\Database\BaseConnection.php(606): CodeIgniter\Database\BaseConnection->simpleQuery('UPDATE `users` SET `oldTel` = \'0999999999\', `tel` = \'0999999999\', `user_update` = \'5\', `update_date` = \'2024-05-02 15:39:14\'
WHERE `users`.`user_id` = \'5\'')
 4 SYSTEMPATH\Database\BaseBuilder.php(2476): CodeIgniter\Database\BaseConnection->query('UPDATE `users` SET `oldTel` = :oldTel:, `tel` = :tel:, `user_update` = :user_update:, `update_date` = :update_date:
WHERE `users`.`user_id` = :users.user_id:', [...], false)
 5 APPPATH\Models\ProfileModel.php(70): CodeIgniter\Database\BaseBuilder->update([...])
 6 APPPATH\Controllers\ProfileController.php(236): App\Models\ProfileModel->editGeneral([...])
 7 APPPATH\Controllers\ProfileController.php(118): App\Controllers\ProfileController->editTel([...])
 8 SYSTEMPATH\CodeIgniter.php(932): App\Controllers\ProfileController->root('editTel')
 9 SYSTEMPATH\CodeIgniter.php(497): CodeIgniter\CodeIgniter->runController(Object(App\Controllers\ProfileController))
10 SYSTEMPATH\CodeIgniter.php(366): CodeIgniter\CodeIgniter->handleRequest(null, Object(Config\Cache), false)
11 FCPATH\index.php(67): CodeIgniter\CodeIgniter->run()
12 SYSTEMPATH\Commands\Server\rewrite.php(47): require_once('C:\\xampp\\htdocs\\ClassFlow\\public\\index.php')
ERROR - 2024-05-02 15:39:16 --> mysqli_sql_exception: Unknown column 'oldTel' in 'field list' in C:\xampp\htdocs\ClassFlow\system\Database\MySQLi\Connection.php:295
Stack trace:
#0 C:\xampp\htdocs\ClassFlow\system\Database\MySQLi\Connection.php(295): mysqli->query('UPDATE `users` ...', 0)
#1 C:\xampp\htdocs\ClassFlow\system\Database\BaseConnection.php(692): CodeIgniter\Database\MySQLi\Connection->execute('UPDATE `users` ...')
#2 C:\xampp\htdocs\ClassFlow\system\Database\BaseConnection.php(606): CodeIgniter\Database\BaseConnection->simpleQuery('UPDATE `users` ...')
#3 C:\xampp\htdocs\ClassFlow\system\Database\BaseBuilder.php(2476): CodeIgniter\Database\BaseConnection->query('UPDATE `users` ...', Array, false)
#4 C:\xampp\htdocs\ClassFlow\app\Models\ProfileModel.php(70): CodeIgniter\Database\BaseBuilder->update(Array)
#5 C:\xampp\htdocs\ClassFlow\app\Controllers\ProfileController.php(236): App\Models\ProfileModel->editGeneral(Array)
#6 C:\xampp\htdocs\ClassFlow\app\Controllers\ProfileController.php(118): App\Controllers\ProfileController->editTel(Array)
#7 C:\xampp\htdocs\ClassFlow\system\CodeIgniter.php(932): App\Controllers\ProfileController->root('editTel')
#8 C:\xampp\htdocs\ClassFlow\system\CodeIgniter.php(497): CodeIgniter\CodeIgniter->runController(Object(App\Controllers\ProfileController))
#9 C:\xampp\htdocs\ClassFlow\system\CodeIgniter.php(366): CodeIgniter\CodeIgniter->handleRequest(NULL, Object(Config\Cache), false)
#10 C:\xampp\htdocs\ClassFlow\public\index.php(67): CodeIgniter\CodeIgniter->run()
#11 C:\xampp\htdocs\ClassFlow\system\Commands\Server\rewrite.php(47): require_once('C:\\xampp\\htdocs...')
#12 {main}
CRITICAL - 2024-05-02 15:39:16 --> Unknown column 'oldTel' in 'field list'
in SYSTEMPATH\Database\MySQLi\Connection.php on line 295.
 1 SYSTEMPATH\Database\MySQLi\Connection.php(295): mysqli->query('UPDATE `users` SET `oldTel` = \'0999999999\', `tel` = \'0999999999\', `user_update` = \'5\', `update_date` = \'2024-05-02 15:39:16\'
WHERE `users`.`user_id` = \'5\'', 0)
 2 SYSTEMPATH\Database\BaseConnection.php(692): CodeIgniter\Database\MySQLi\Connection->execute('UPDATE `users` SET `oldTel` = \'0999999999\', `tel` = \'0999999999\', `user_update` = \'5\', `update_date` = \'2024-05-02 15:39:16\'
WHERE `users`.`user_id` = \'5\'')
 3 SYSTEMPATH\Database\BaseConnection.php(606): CodeIgniter\Database\BaseConnection->simpleQuery('UPDATE `users` SET `oldTel` = \'0999999999\', `tel` = \'0999999999\', `user_update` = \'5\', `update_date` = \'2024-05-02 15:39:16\'
WHERE `users`.`user_id` = \'5\'')
 4 SYSTEMPATH\Database\BaseBuilder.php(2476): CodeIgniter\Database\BaseConnection->query('UPDATE `users` SET `oldTel` = :oldTel:, `tel` = :tel:, `user_update` = :user_update:, `update_date` = :update_date:
WHERE `users`.`user_id` = :users.user_id:', [...], false)
 5 APPPATH\Models\ProfileModel.php(70): CodeIgniter\Database\BaseBuilder->update([...])
 6 APPPATH\Controllers\ProfileController.php(236): App\Models\ProfileModel->editGeneral([...])
 7 APPPATH\Controllers\ProfileController.php(118): App\Controllers\ProfileController->editTel([...])
 8 SYSTEMPATH\CodeIgniter.php(932): App\Controllers\ProfileController->root('editTel')
 9 SYSTEMPATH\CodeIgniter.php(497): CodeIgniter\CodeIgniter->runController(Object(App\Controllers\ProfileController))
10 SYSTEMPATH\CodeIgniter.php(366): CodeIgniter\CodeIgniter->handleRequest(null, Object(Config\Cache), false)
11 FCPATH\index.php(67): CodeIgniter\CodeIgniter->run()
12 SYSTEMPATH\Commands\Server\rewrite.php(47): require_once('C:\\xampp\\htdocs\\ClassFlow\\public\\index.php')
ERROR - 2024-05-02 15:39:21 --> mysqli_sql_exception: Unknown column 'oldTel' in 'field list' in C:\xampp\htdocs\ClassFlow\system\Database\MySQLi\Connection.php:295
Stack trace:
#0 C:\xampp\htdocs\ClassFlow\system\Database\MySQLi\Connection.php(295): mysqli->query('UPDATE `users` ...', 0)
#1 C:\xampp\htdocs\ClassFlow\system\Database\BaseConnection.php(692): CodeIgniter\Database\MySQLi\Connection->execute('UPDATE `users` ...')
#2 C:\xampp\htdocs\ClassFlow\system\Database\BaseConnection.php(606): CodeIgniter\Database\BaseConnection->simpleQuery('UPDATE `users` ...')
#3 C:\xampp\htdocs\ClassFlow\system\Database\BaseBuilder.php(2476): CodeIgniter\Database\BaseConnection->query('UPDATE `users` ...', Array, false)
#4 C:\xampp\htdocs\ClassFlow\app\Models\ProfileModel.php(70): CodeIgniter\Database\BaseBuilder->update(Array)
#5 C:\xampp\htdocs\ClassFlow\app\Controllers\ProfileController.php(236): App\Models\ProfileModel->editGeneral(Array)
#6 C:\xampp\htdocs\ClassFlow\app\Controllers\ProfileController.php(118): App\Controllers\ProfileController->editTel(Array)
#7 C:\xampp\htdocs\ClassFlow\system\CodeIgniter.php(932): App\Controllers\ProfileController->root('editTel')
#8 C:\xampp\htdocs\ClassFlow\system\CodeIgniter.php(497): CodeIgniter\CodeIgniter->runController(Object(App\Controllers\ProfileController))
#9 C:\xampp\htdocs\ClassFlow\system\CodeIgniter.php(366): CodeIgniter\CodeIgniter->handleRequest(NULL, Object(Config\Cache), false)
#10 C:\xampp\htdocs\ClassFlow\public\index.php(67): CodeIgniter\CodeIgniter->run()
#11 C:\xampp\htdocs\ClassFlow\system\Commands\Server\rewrite.php(47): require_once('C:\\xampp\\htdocs...')
#12 {main}
CRITICAL - 2024-05-02 15:39:21 --> Unknown column 'oldTel' in 'field list'
in SYSTEMPATH\Database\MySQLi\Connection.php on line 295.
 1 SYSTEMPATH\Database\MySQLi\Connection.php(295): mysqli->query('UPDATE `users` SET `oldTel` = \'0999999999\', `tel` = \'0999999999\', `user_update` = \'5\', `update_date` = \'2024-05-02 15:39:21\'
WHERE `users`.`user_id` = \'5\'', 0)
 2 SYSTEMPATH\Database\BaseConnection.php(692): CodeIgniter\Database\MySQLi\Connection->execute('UPDATE `users` SET `oldTel` = \'0999999999\', `tel` = \'0999999999\', `user_update` = \'5\', `update_date` = \'2024-05-02 15:39:21\'
WHERE `users`.`user_id` = \'5\'')
 3 SYSTEMPATH\Database\BaseConnection.php(606): CodeIgniter\Database\BaseConnection->simpleQuery('UPDATE `users` SET `oldTel` = \'0999999999\', `tel` = \'0999999999\', `user_update` = \'5\', `update_date` = \'2024-05-02 15:39:21\'
WHERE `users`.`user_id` = \'5\'')
 4 SYSTEMPATH\Database\BaseBuilder.php(2476): CodeIgniter\Database\BaseConnection->query('UPDATE `users` SET `oldTel` = :oldTel:, `tel` = :tel:, `user_update` = :user_update:, `update_date` = :update_date:
WHERE `users`.`user_id` = :users.user_id:', [...], false)
 5 APPPATH\Models\ProfileModel.php(70): CodeIgniter\Database\BaseBuilder->update([...])
 6 APPPATH\Controllers\ProfileController.php(236): App\Models\ProfileModel->editGeneral([...])
 7 APPPATH\Controllers\ProfileController.php(118): App\Controllers\ProfileController->editTel([...])
 8 SYSTEMPATH\CodeIgniter.php(932): App\Controllers\ProfileController->root('editTel')
 9 SYSTEMPATH\CodeIgniter.php(497): CodeIgniter\CodeIgniter->runController(Object(App\Controllers\ProfileController))
10 SYSTEMPATH\CodeIgniter.php(366): CodeIgniter\CodeIgniter->handleRequest(null, Object(Config\Cache), false)
11 FCPATH\index.php(67): CodeIgniter\CodeIgniter->run()
12 SYSTEMPATH\Commands\Server\rewrite.php(47): require_once('C:\\xampp\\htdocs\\ClassFlow\\public\\index.php')
CRITICAL - 2024-05-02 16:43:09 --> Call to undefined method App\Controllers\ProfileController::password()
in APPPATH\Controllers\ProfileController.php on line 104.
 1 SYSTEMPATH\CodeIgniter.php(932): App\Controllers\ProfileController->rootGet('password')
 2 SYSTEMPATH\CodeIgniter.php(497): CodeIgniter\CodeIgniter->runController(Object(App\Controllers\ProfileController))
 3 SYSTEMPATH\CodeIgniter.php(366): CodeIgniter\CodeIgniter->handleRequest(null, Object(Config\Cache), false)
 4 FCPATH\index.php(67): CodeIgniter\CodeIgniter->run()
 5 SYSTEMPATH\Commands\Server\rewrite.php(47): require_once('C:\\xampp\\htdocs\\ClassFlow\\public\\index.php')
CRITICAL - 2024-05-02 16:49:44 --> Call to undefined method App\Controllers\ProfileController::password()
in APPPATH\Controllers\ProfileController.php on line 104.
 1 SYSTEMPATH\CodeIgniter.php(932): App\Controllers\ProfileController->rootGet('password')
 2 SYSTEMPATH\CodeIgniter.php(497): CodeIgniter\CodeIgniter->runController(Object(App\Controllers\ProfileController))
 3 SYSTEMPATH\CodeIgniter.php(366): CodeIgniter\CodeIgniter->handleRequest(null, Object(Config\Cache), false)
 4 FCPATH\index.php(67): CodeIgniter\CodeIgniter->run()
 5 SYSTEMPATH\Commands\Server\rewrite.php(47): require_once('C:\\xampp\\htdocs\\ClassFlow\\public\\index.php')
CRITICAL - 2024-05-02 16:57:12 --> Call to undefined method App\Controllers\ProfileController::password()
in APPPATH\Controllers\ProfileController.php on line 104.
 1 SYSTEMPATH\CodeIgniter.php(932): App\Controllers\ProfileController->rootGet('password')
 2 SYSTEMPATH\CodeIgniter.php(497): CodeIgniter\CodeIgniter->runController(Object(App\Controllers\ProfileController))
 3 SYSTEMPATH\CodeIgniter.php(366): CodeIgniter\CodeIgniter->handleRequest(null, Object(Config\Cache), false)
 4 FCPATH\index.php(67): CodeIgniter\CodeIgniter->run()
 5 SYSTEMPATH\Commands\Server\rewrite.php(47): require_once('C:\\xampp\\htdocs\\ClassFlow\\public\\index.php')
