ERROR - 2024-05-07 07:52:20 --> mysqli_sql_exception: Illegal parameter data types int and row for operation '=' in C:\xampp\htdocs\ClassFlow\system\Database\MySQLi\Connection.php:295
Stack trace:
#0 C:\xampp\htdocs\ClassFlow\system\Database\MySQLi\Connection.php(295): mysqli->query('SELECT `subject...', 0)
#1 C:\xampp\htdocs\ClassFlow\system\Database\BaseConnection.php(692): CodeIgniter\Database\MySQLi\Connection->execute('SELECT `subject...')
#2 C:\xampp\htdocs\ClassFlow\system\Database\BaseConnection.php(606): CodeIgniter\Database\BaseConnection->simpleQuery('SELECT `subject...')
#3 C:\xampp\htdocs\ClassFlow\system\Database\BaseBuilder.php(1616): CodeIgniter\Database\BaseConnection->query('SELECT `subject...', Array, false)
#4 C:\xampp\htdocs\ClassFlow\app\Models\SubjectModel.php(125): CodeIgniter\Database\BaseBuilder->get()
#5 C:\xampp\htdocs\ClassFlow\app\Controllers\SubjectController.php(150): App\Models\SubjectModel->updateSubjectAccessForm(Array)
#6 C:\xampp\htdocs\ClassFlow\app\Controllers\SubjectController.php(99): App\Controllers\SubjectController->updateSubjectAccessForm(Array)
#7 C:\xampp\htdocs\ClassFlow\system\CodeIgniter.php(932): App\Controllers\SubjectController->root('updateSubjectAc...')
#8 C:\xampp\htdocs\ClassFlow\system\CodeIgniter.php(497): CodeIgniter\CodeIgniter->runController(Object(App\Controllers\SubjectController))
#9 C:\xampp\htdocs\ClassFlow\system\CodeIgniter.php(366): CodeIgniter\CodeIgniter->handleRequest(NULL, Object(Config\Cache), false)
#10 C:\xampp\htdocs\ClassFlow\public\index.php(67): CodeIgniter\CodeIgniter->run()
#11 C:\xampp\htdocs\ClassFlow\system\Commands\Server\rewrite.php(47): require_once('C:\\xampp\\htdocs...')
#12 {main}
CRITICAL - 2024-05-07 07:52:20 --> Illegal parameter data types int and row for operation '='
in SYSTEMPATH\Database\MySQLi\Connection.php on line 295.
 1 SYSTEMPATH\Database\MySQLi\Connection.php(295): mysqli->query('SELECT `subjects_access`.*, `users`.`firstname`, `users`.`lastname`
FROM `subjects_access`
JOIN `users` ON `subjects_access`.`user_update` = `users`.`user_id`
WHERE `subject_id` = (\'\',\'\')', 0)
 2 SYSTEMPATH\Database\BaseConnection.php(692): CodeIgniter\Database\MySQLi\Connection->execute('SELECT `subjects_access`.*, `users`.`firstname`, `users`.`lastname`
FROM `subjects_access`
JOIN `users` ON `subjects_access`.`user_update` = `users`.`user_id`
WHERE `subject_id` = (\'\',\'\')')
 3 SYSTEMPATH\Database\BaseConnection.php(606): CodeIgniter\Database\BaseConnection->simpleQuery('SELECT `subjects_access`.*, `users`.`firstname`, `users`.`lastname`
FROM `subjects_access`
JOIN `users` ON `subjects_access`.`user_update` = `users`.`user_id`
WHERE `subject_id` = (\'\',\'\')')
 4 SYSTEMPATH\Database\BaseBuilder.php(1616): CodeIgniter\Database\BaseConnection->query('SELECT `subjects_access`.*, `users`.`firstname`, `users`.`lastname`
FROM `subjects_access`
JOIN `users` ON `subjects_access`.`user_update` = `users`.`user_id`
WHERE `subject_id` = :subject_id:', [...], false)
 5 APPPATH\Models\SubjectModel.php(125): CodeIgniter\Database\BaseBuilder->get()
 6 APPPATH\Controllers\SubjectController.php(150): App\Models\SubjectModel->updateSubjectAccessForm([...])
 7 APPPATH\Controllers\SubjectController.php(99): App\Controllers\SubjectController->updateSubjectAccessForm([...])
 8 SYSTEMPATH\CodeIgniter.php(932): App\Controllers\SubjectController->root('updateSubjectAccessForm')
 9 SYSTEMPATH\CodeIgniter.php(497): CodeIgniter\CodeIgniter->runController(Object(App\Controllers\SubjectController))
10 SYSTEMPATH\CodeIgniter.php(366): CodeIgniter\CodeIgniter->handleRequest(null, Object(Config\Cache), false)
11 FCPATH\index.php(67): CodeIgniter\CodeIgniter->run()
12 SYSTEMPATH\Commands\Server\rewrite.php(47): require_once('C:\\xampp\\htdocs\\ClassFlow\\public\\index.php')
ERROR - 2024-05-07 08:01:23 --> mysqli_sql_exception: Unknown column 'subjects_id' in 'where clause' in C:\xampp\htdocs\ClassFlow\system\Database\MySQLi\Connection.php:295
Stack trace:
#0 C:\xampp\htdocs\ClassFlow\system\Database\MySQLi\Connection.php(295): mysqli->query('UPDATE `subject...', 0)
#1 C:\xampp\htdocs\ClassFlow\system\Database\BaseConnection.php(692): CodeIgniter\Database\MySQLi\Connection->execute('UPDATE `subject...')
#2 C:\xampp\htdocs\ClassFlow\system\Database\BaseConnection.php(606): CodeIgniter\Database\BaseConnection->simpleQuery('UPDATE `subject...')
#3 C:\xampp\htdocs\ClassFlow\system\Database\BaseBuilder.php(2476): CodeIgniter\Database\BaseConnection->query('UPDATE `subject...', Array, false)
#4 C:\xampp\htdocs\ClassFlow\app\Models\SubjectModel.php(101): CodeIgniter\Database\BaseBuilder->update(Array)
#5 C:\xampp\htdocs\ClassFlow\app\Controllers\SubjectController.php(142): App\Models\SubjectModel->updateSubject(Array)
#6 C:\xampp\htdocs\ClassFlow\app\Controllers\SubjectController.php(99): App\Controllers\SubjectController->updateSubject(Array)
#7 C:\xampp\htdocs\ClassFlow\system\CodeIgniter.php(932): App\Controllers\SubjectController->root('updateSubject')
#8 C:\xampp\htdocs\ClassFlow\system\CodeIgniter.php(497): CodeIgniter\CodeIgniter->runController(Object(App\Controllers\SubjectController))
#9 C:\xampp\htdocs\ClassFlow\system\CodeIgniter.php(366): CodeIgniter\CodeIgniter->handleRequest(NULL, Object(Config\Cache), false)
#10 C:\xampp\htdocs\ClassFlow\public\index.php(67): CodeIgniter\CodeIgniter->run()
#11 C:\xampp\htdocs\ClassFlow\system\Commands\Server\rewrite.php(47): require_once('C:\\xampp\\htdocs...')
#12 {main}
CRITICAL - 2024-05-07 08:01:23 --> Unknown column 'subjects_id' in 'where clause'
in SYSTEMPATH\Database\MySQLi\Connection.php on line 295.
 1 SYSTEMPATH\Database\MySQLi\Connection.php(295): mysqli->query('UPDATE `subjects` SET `subject_id` = \'21\', `subject_code` = \'ค11101\', `subject_name` = \'คณิต\', `user_update` = \'2\', `update_date` = \'2024-05-07 08:01:23\'
WHERE `subjects_id` IS NULL', 0)
 2 SYSTEMPATH\Database\BaseConnection.php(692): CodeIgniter\Database\MySQLi\Connection->execute('UPDATE `subjects` SET `subject_id` = \'21\', `subject_code` = \'ค11101\', `subject_name` = \'คณิต\', `user_update` = \'2\', `update_date` = \'2024-05-07 08:01:23\'
WHERE `subjects_id` IS NULL')
 3 SYSTEMPATH\Database\BaseConnection.php(606): CodeIgniter\Database\BaseConnection->simpleQuery('UPDATE `subjects` SET `subject_id` = \'21\', `subject_code` = \'ค11101\', `subject_name` = \'คณิต\', `user_update` = \'2\', `update_date` = \'2024-05-07 08:01:23\'
WHERE `subjects_id` IS NULL')
 4 SYSTEMPATH\Database\BaseBuilder.php(2476): CodeIgniter\Database\BaseConnection->query('UPDATE `subjects` SET `subject_id` = :subject_id:, `subject_code` = :subject_code:, `subject_name` = :subject_name:, `user_update` = :user_update:, `update_date` = :update_date:
WHERE `subjects_id` IS NULL', [...], false)
 5 APPPATH\Models\SubjectModel.php(101): CodeIgniter\Database\BaseBuilder->update([...])
 6 APPPATH\Controllers\SubjectController.php(142): App\Models\SubjectModel->updateSubject([...])
 7 APPPATH\Controllers\SubjectController.php(99): App\Controllers\SubjectController->updateSubject([...])
 8 SYSTEMPATH\CodeIgniter.php(932): App\Controllers\SubjectController->root('updateSubject')
 9 SYSTEMPATH\CodeIgniter.php(497): CodeIgniter\CodeIgniter->runController(Object(App\Controllers\SubjectController))
10 SYSTEMPATH\CodeIgniter.php(366): CodeIgniter\CodeIgniter->handleRequest(null, Object(Config\Cache), false)
11 FCPATH\index.php(67): CodeIgniter\CodeIgniter->run()
12 SYSTEMPATH\Commands\Server\rewrite.php(47): require_once('C:\\xampp\\htdocs\\ClassFlow\\public\\index.php')
ERROR - 2024-05-07 08:01:37 --> mysqli_sql_exception: Unknown column 'subjects_id' in 'where clause' in C:\xampp\htdocs\ClassFlow\system\Database\MySQLi\Connection.php:295
Stack trace:
#0 C:\xampp\htdocs\ClassFlow\system\Database\MySQLi\Connection.php(295): mysqli->query('UPDATE `subject...', 0)
#1 C:\xampp\htdocs\ClassFlow\system\Database\BaseConnection.php(692): CodeIgniter\Database\MySQLi\Connection->execute('UPDATE `subject...')
#2 C:\xampp\htdocs\ClassFlow\system\Database\BaseConnection.php(606): CodeIgniter\Database\BaseConnection->simpleQuery('UPDATE `subject...')
#3 C:\xampp\htdocs\ClassFlow\system\Database\BaseBuilder.php(2476): CodeIgniter\Database\BaseConnection->query('UPDATE `subject...', Array, false)
#4 C:\xampp\htdocs\ClassFlow\app\Models\SubjectModel.php(101): CodeIgniter\Database\BaseBuilder->update(Array)
#5 C:\xampp\htdocs\ClassFlow\app\Controllers\SubjectController.php(142): App\Models\SubjectModel->updateSubject(Array)
#6 C:\xampp\htdocs\ClassFlow\app\Controllers\SubjectController.php(99): App\Controllers\SubjectController->updateSubject(Array)
#7 C:\xampp\htdocs\ClassFlow\system\CodeIgniter.php(932): App\Controllers\SubjectController->root('updateSubject')
#8 C:\xampp\htdocs\ClassFlow\system\CodeIgniter.php(497): CodeIgniter\CodeIgniter->runController(Object(App\Controllers\SubjectController))
#9 C:\xampp\htdocs\ClassFlow\system\CodeIgniter.php(366): CodeIgniter\CodeIgniter->handleRequest(NULL, Object(Config\Cache), false)
#10 C:\xampp\htdocs\ClassFlow\public\index.php(67): CodeIgniter\CodeIgniter->run()
#11 C:\xampp\htdocs\ClassFlow\system\Commands\Server\rewrite.php(47): require_once('C:\\xampp\\htdocs...')
#12 {main}
CRITICAL - 2024-05-07 08:01:37 --> Unknown column 'subjects_id' in 'where clause'
in SYSTEMPATH\Database\MySQLi\Connection.php on line 295.
 1 SYSTEMPATH\Database\MySQLi\Connection.php(295): mysqli->query('UPDATE `subjects` SET `subject_id` = \'21\', `subject_code` = \'ค11101\', `subject_name` = \'คณิตศาสตร์\', `user_update` = \'2\', `update_date` = \'2024-05-07 08:01:37\'
WHERE `subjects_id` IS NULL', 0)
 2 SYSTEMPATH\Database\BaseConnection.php(692): CodeIgniter\Database\MySQLi\Connection->execute('UPDATE `subjects` SET `subject_id` = \'21\', `subject_code` = \'ค11101\', `subject_name` = \'คณิตศาสตร์\', `user_update` = \'2\', `update_date` = \'2024-05-07 08:01:37\'
WHERE `subjects_id` IS NULL')
 3 SYSTEMPATH\Database\BaseConnection.php(606): CodeIgniter\Database\BaseConnection->simpleQuery('UPDATE `subjects` SET `subject_id` = \'21\', `subject_code` = \'ค11101\', `subject_name` = \'คณิตศาสตร์\', `user_update` = \'2\', `update_date` = \'2024-05-07 08:01:37\'
WHERE `subjects_id` IS NULL')
 4 SYSTEMPATH\Database\BaseBuilder.php(2476): CodeIgniter\Database\BaseConnection->query('UPDATE `subjects` SET `subject_id` = :subject_id:, `subject_code` = :subject_code:, `subject_name` = :subject_name:, `user_update` = :user_update:, `update_date` = :update_date:
WHERE `subjects_id` IS NULL', [...], false)
 5 APPPATH\Models\SubjectModel.php(101): CodeIgniter\Database\BaseBuilder->update([...])
 6 APPPATH\Controllers\SubjectController.php(142): App\Models\SubjectModel->updateSubject([...])
 7 APPPATH\Controllers\SubjectController.php(99): App\Controllers\SubjectController->updateSubject([...])
 8 SYSTEMPATH\CodeIgniter.php(932): App\Controllers\SubjectController->root('updateSubject')
 9 SYSTEMPATH\CodeIgniter.php(497): CodeIgniter\CodeIgniter->runController(Object(App\Controllers\SubjectController))
10 SYSTEMPATH\CodeIgniter.php(366): CodeIgniter\CodeIgniter->handleRequest(null, Object(Config\Cache), false)
11 FCPATH\index.php(67): CodeIgniter\CodeIgniter->run()
12 SYSTEMPATH\Commands\Server\rewrite.php(47): require_once('C:\\xampp\\htdocs\\ClassFlow\\public\\index.php')
ERROR - 2024-05-07 08:22:41 --> mysqli_sql_exception: Unknown column 'subjects_id' in 'where clause' in C:\xampp\htdocs\ClassFlow\system\Database\MySQLi\Connection.php:295
Stack trace:
#0 C:\xampp\htdocs\ClassFlow\system\Database\MySQLi\Connection.php(295): mysqli->query('SELECT *\nFROM `...', 0)
#1 C:\xampp\htdocs\ClassFlow\system\Database\BaseConnection.php(692): CodeIgniter\Database\MySQLi\Connection->execute('SELECT *\nFROM `...')
#2 C:\xampp\htdocs\ClassFlow\system\Database\BaseConnection.php(606): CodeIgniter\Database\BaseConnection->simpleQuery('SELECT *\nFROM `...')
#3 C:\xampp\htdocs\ClassFlow\system\Database\BaseBuilder.php(1616): CodeIgniter\Database\BaseConnection->query('SELECT *\nFROM `...', Array, false)
#4 C:\xampp\htdocs\ClassFlow\app\Models\SubjectModel.php(101): CodeIgniter\Database\BaseBuilder->get()
#5 C:\xampp\htdocs\ClassFlow\app\Controllers\SubjectController.php(142): App\Models\SubjectModel->updateSubject(Array)
#6 C:\xampp\htdocs\ClassFlow\app\Controllers\SubjectController.php(99): App\Controllers\SubjectController->updateSubject(Array)
#7 C:\xampp\htdocs\ClassFlow\system\CodeIgniter.php(932): App\Controllers\SubjectController->root('updateSubject')
#8 C:\xampp\htdocs\ClassFlow\system\CodeIgniter.php(497): CodeIgniter\CodeIgniter->runController(Object(App\Controllers\SubjectController))
#9 C:\xampp\htdocs\ClassFlow\system\CodeIgniter.php(366): CodeIgniter\CodeIgniter->handleRequest(NULL, Object(Config\Cache), false)
#10 C:\xampp\htdocs\ClassFlow\public\index.php(67): CodeIgniter\CodeIgniter->run()
#11 C:\xampp\htdocs\ClassFlow\system\Commands\Server\rewrite.php(47): require_once('C:\\xampp\\htdocs...')
#12 {main}
CRITICAL - 2024-05-07 08:22:41 --> Unknown column 'subjects_id' in 'where clause'
in SYSTEMPATH\Database\MySQLi\Connection.php on line 295.
 1 SYSTEMPATH\Database\MySQLi\Connection.php(295): mysqli->query('SELECT *
FROM `subjects`
WHERE `subjects_id` IS NULL', 0)
 2 SYSTEMPATH\Database\BaseConnection.php(692): CodeIgniter\Database\MySQLi\Connection->execute('SELECT *
FROM `subjects`
WHERE `subjects_id` IS NULL')
 3 SYSTEMPATH\Database\BaseConnection.php(606): CodeIgniter\Database\BaseConnection->simpleQuery('SELECT *
FROM `subjects`
WHERE `subjects_id` IS NULL')
 4 SYSTEMPATH\Database\BaseBuilder.php(1616): CodeIgniter\Database\BaseConnection->query('SELECT *
FROM `subjects`
WHERE `subjects_id` IS NULL', [], false)
 5 APPPATH\Models\SubjectModel.php(101): CodeIgniter\Database\BaseBuilder->get()
 6 APPPATH\Controllers\SubjectController.php(142): App\Models\SubjectModel->updateSubject([...])
 7 APPPATH\Controllers\SubjectController.php(99): App\Controllers\SubjectController->updateSubject([...])
 8 SYSTEMPATH\CodeIgniter.php(932): App\Controllers\SubjectController->root('updateSubject')
 9 SYSTEMPATH\CodeIgniter.php(497): CodeIgniter\CodeIgniter->runController(Object(App\Controllers\SubjectController))
10 SYSTEMPATH\CodeIgniter.php(366): CodeIgniter\CodeIgniter->handleRequest(null, Object(Config\Cache), false)
11 FCPATH\index.php(67): CodeIgniter\CodeIgniter->run()
12 SYSTEMPATH\Commands\Server\rewrite.php(47): require_once('C:\\xampp\\htdocs\\ClassFlow\\public\\index.php')
ERROR - 2024-05-07 08:22:48 --> mysqli_sql_exception: Unknown column 'subjects_id' in 'where clause' in C:\xampp\htdocs\ClassFlow\system\Database\MySQLi\Connection.php:295
Stack trace:
#0 C:\xampp\htdocs\ClassFlow\system\Database\MySQLi\Connection.php(295): mysqli->query('SELECT *\nFROM `...', 0)
#1 C:\xampp\htdocs\ClassFlow\system\Database\BaseConnection.php(692): CodeIgniter\Database\MySQLi\Connection->execute('SELECT *\nFROM `...')
#2 C:\xampp\htdocs\ClassFlow\system\Database\BaseConnection.php(606): CodeIgniter\Database\BaseConnection->simpleQuery('SELECT *\nFROM `...')
#3 C:\xampp\htdocs\ClassFlow\system\Database\BaseBuilder.php(1616): CodeIgniter\Database\BaseConnection->query('SELECT *\nFROM `...', Array, false)
#4 C:\xampp\htdocs\ClassFlow\app\Models\SubjectModel.php(101): CodeIgniter\Database\BaseBuilder->get()
#5 C:\xampp\htdocs\ClassFlow\app\Controllers\SubjectController.php(142): App\Models\SubjectModel->updateSubject(Array)
#6 C:\xampp\htdocs\ClassFlow\app\Controllers\SubjectController.php(99): App\Controllers\SubjectController->updateSubject(Array)
#7 C:\xampp\htdocs\ClassFlow\system\CodeIgniter.php(932): App\Controllers\SubjectController->root('updateSubject')
#8 C:\xampp\htdocs\ClassFlow\system\CodeIgniter.php(497): CodeIgniter\CodeIgniter->runController(Object(App\Controllers\SubjectController))
#9 C:\xampp\htdocs\ClassFlow\system\CodeIgniter.php(366): CodeIgniter\CodeIgniter->handleRequest(NULL, Object(Config\Cache), false)
#10 C:\xampp\htdocs\ClassFlow\public\index.php(67): CodeIgniter\CodeIgniter->run()
#11 C:\xampp\htdocs\ClassFlow\system\Commands\Server\rewrite.php(47): require_once('C:\\xampp\\htdocs...')
#12 {main}
CRITICAL - 2024-05-07 08:22:48 --> Unknown column 'subjects_id' in 'where clause'
in SYSTEMPATH\Database\MySQLi\Connection.php on line 295.
 1 SYSTEMPATH\Database\MySQLi\Connection.php(295): mysqli->query('SELECT *
FROM `subjects`
WHERE `subjects_id` IS NULL', 0)
 2 SYSTEMPATH\Database\BaseConnection.php(692): CodeIgniter\Database\MySQLi\Connection->execute('SELECT *
FROM `subjects`
WHERE `subjects_id` IS NULL')
 3 SYSTEMPATH\Database\BaseConnection.php(606): CodeIgniter\Database\BaseConnection->simpleQuery('SELECT *
FROM `subjects`
WHERE `subjects_id` IS NULL')
 4 SYSTEMPATH\Database\BaseBuilder.php(1616): CodeIgniter\Database\BaseConnection->query('SELECT *
FROM `subjects`
WHERE `subjects_id` IS NULL', [], false)
 5 APPPATH\Models\SubjectModel.php(101): CodeIgniter\Database\BaseBuilder->get()
 6 APPPATH\Controllers\SubjectController.php(142): App\Models\SubjectModel->updateSubject([...])
 7 APPPATH\Controllers\SubjectController.php(99): App\Controllers\SubjectController->updateSubject([...])
 8 SYSTEMPATH\CodeIgniter.php(932): App\Controllers\SubjectController->root('updateSubject')
 9 SYSTEMPATH\CodeIgniter.php(497): CodeIgniter\CodeIgniter->runController(Object(App\Controllers\SubjectController))
10 SYSTEMPATH\CodeIgniter.php(366): CodeIgniter\CodeIgniter->handleRequest(null, Object(Config\Cache), false)
11 FCPATH\index.php(67): CodeIgniter\CodeIgniter->run()
12 SYSTEMPATH\Commands\Server\rewrite.php(47): require_once('C:\\xampp\\htdocs\\ClassFlow\\public\\index.php')
ERROR - 2024-05-07 08:23:50 --> mysqli_sql_exception: Unknown column 'subjects.subjects_id' in 'where clause' in C:\xampp\htdocs\ClassFlow\system\Database\MySQLi\Connection.php:295
Stack trace:
#0 C:\xampp\htdocs\ClassFlow\system\Database\MySQLi\Connection.php(295): mysqli->query('SELECT *\nFROM `...', 0)
#1 C:\xampp\htdocs\ClassFlow\system\Database\BaseConnection.php(692): CodeIgniter\Database\MySQLi\Connection->execute('SELECT *\nFROM `...')
#2 C:\xampp\htdocs\ClassFlow\system\Database\BaseConnection.php(606): CodeIgniter\Database\BaseConnection->simpleQuery('SELECT *\nFROM `...')
#3 C:\xampp\htdocs\ClassFlow\system\Database\BaseBuilder.php(1616): CodeIgniter\Database\BaseConnection->query('SELECT *\nFROM `...', Array, false)
#4 C:\xampp\htdocs\ClassFlow\app\Models\SubjectModel.php(101): CodeIgniter\Database\BaseBuilder->get()
#5 C:\xampp\htdocs\ClassFlow\app\Controllers\SubjectController.php(142): App\Models\SubjectModel->updateSubject(Array)
#6 C:\xampp\htdocs\ClassFlow\app\Controllers\SubjectController.php(99): App\Controllers\SubjectController->updateSubject(Array)
#7 C:\xampp\htdocs\ClassFlow\system\CodeIgniter.php(932): App\Controllers\SubjectController->root('updateSubject')
#8 C:\xampp\htdocs\ClassFlow\system\CodeIgniter.php(497): CodeIgniter\CodeIgniter->runController(Object(App\Controllers\SubjectController))
#9 C:\xampp\htdocs\ClassFlow\system\CodeIgniter.php(366): CodeIgniter\CodeIgniter->handleRequest(NULL, Object(Config\Cache), false)
#10 C:\xampp\htdocs\ClassFlow\public\index.php(67): CodeIgniter\CodeIgniter->run()
#11 C:\xampp\htdocs\ClassFlow\system\Commands\Server\rewrite.php(47): require_once('C:\\xampp\\htdocs...')
#12 {main}
CRITICAL - 2024-05-07 08:23:50 --> Unknown column 'subjects.subjects_id' in 'where clause'
in SYSTEMPATH\Database\MySQLi\Connection.php on line 295.
 1 SYSTEMPATH\Database\MySQLi\Connection.php(295): mysqli->query('SELECT *
FROM `subjects`
WHERE `subjects`.`subjects_id` IS NULL', 0)
 2 SYSTEMPATH\Database\BaseConnection.php(692): CodeIgniter\Database\MySQLi\Connection->execute('SELECT *
FROM `subjects`
WHERE `subjects`.`subjects_id` IS NULL')
 3 SYSTEMPATH\Database\BaseConnection.php(606): CodeIgniter\Database\BaseConnection->simpleQuery('SELECT *
FROM `subjects`
WHERE `subjects`.`subjects_id` IS NULL')
 4 SYSTEMPATH\Database\BaseBuilder.php(1616): CodeIgniter\Database\BaseConnection->query('SELECT *
FROM `subjects`
WHERE `subjects`.`subjects_id` IS NULL', [], false)
 5 APPPATH\Models\SubjectModel.php(101): CodeIgniter\Database\BaseBuilder->get()
 6 APPPATH\Controllers\SubjectController.php(142): App\Models\SubjectModel->updateSubject([...])
 7 APPPATH\Controllers\SubjectController.php(99): App\Controllers\SubjectController->updateSubject([...])
 8 SYSTEMPATH\CodeIgniter.php(932): App\Controllers\SubjectController->root('updateSubject')
 9 SYSTEMPATH\CodeIgniter.php(497): CodeIgniter\CodeIgniter->runController(Object(App\Controllers\SubjectController))
10 SYSTEMPATH\CodeIgniter.php(366): CodeIgniter\CodeIgniter->handleRequest(null, Object(Config\Cache), false)
11 FCPATH\index.php(67): CodeIgniter\CodeIgniter->run()
12 SYSTEMPATH\Commands\Server\rewrite.php(47): require_once('C:\\xampp\\htdocs\\ClassFlow\\public\\index.php')
ERROR - 2024-05-07 17:21:30 --> mysqli_sql_exception: You have an error in your SQL syntax; check the manual that corresponds to your MariaDB server version for the right syntax to use near ')' at line 4 in C:\xampp\htdocs\ClassFlow\system\Database\MySQLi\Connection.php:295
Stack trace:
#0 C:\xampp\htdocs\ClassFlow\system\Database\MySQLi\Connection.php(295): mysqli->query('SELECT `subject...', 0)
#1 C:\xampp\htdocs\ClassFlow\system\Database\BaseConnection.php(692): CodeIgniter\Database\MySQLi\Connection->execute('SELECT `subject...')
#2 C:\xampp\htdocs\ClassFlow\system\Database\BaseConnection.php(606): CodeIgniter\Database\BaseConnection->simpleQuery('SELECT `subject...')
#3 C:\xampp\htdocs\ClassFlow\system\Database\BaseBuilder.php(1616): CodeIgniter\Database\BaseConnection->query('SELECT `subject...', Array, false)
#4 C:\xampp\htdocs\ClassFlow\app\Models\SubjectModel.php(101): CodeIgniter\Database\BaseBuilder->get()
#5 C:\xampp\htdocs\ClassFlow\app\Controllers\SubjectController.php(133): App\Models\SubjectModel->updateSubjectForm(Array)
#6 C:\xampp\htdocs\ClassFlow\app\Controllers\SubjectController.php(99): App\Controllers\SubjectController->updateSubjectForm(Array)
#7 C:\xampp\htdocs\ClassFlow\system\CodeIgniter.php(932): App\Controllers\SubjectController->root('updateSubjectFo...')
#8 C:\xampp\htdocs\ClassFlow\system\CodeIgniter.php(497): CodeIgniter\CodeIgniter->runController(Object(App\Controllers\SubjectController))
#9 C:\xampp\htdocs\ClassFlow\system\CodeIgniter.php(366): CodeIgniter\CodeIgniter->handleRequest(NULL, Object(Config\Cache), false)
#10 C:\xampp\htdocs\ClassFlow\public\index.php(67): CodeIgniter\CodeIgniter->run()
#11 C:\xampp\htdocs\ClassFlow\system\Commands\Server\rewrite.php(47): require_once('C:\\xampp\\htdocs...')
#12 {main}
CRITICAL - 2024-05-07 17:21:30 --> You have an error in your SQL syntax; check the manual that corresponds to your MariaDB server version for the right syntax to use near ')' at line 4
in SYSTEMPATH\Database\MySQLi\Connection.php on line 295.
 1 SYSTEMPATH\Database\MySQLi\Connection.php(295): mysqli->query('SELECT `subjects`.*, `users`.`firstname`, `users`.`lastname`
FROM `subjects`
JOIN `users` ON `subjects`.`user_update` = `users`.`user_id`
WHERE `subject_id` = ()', 0)
 2 SYSTEMPATH\Database\BaseConnection.php(692): CodeIgniter\Database\MySQLi\Connection->execute('SELECT `subjects`.*, `users`.`firstname`, `users`.`lastname`
FROM `subjects`
JOIN `users` ON `subjects`.`user_update` = `users`.`user_id`
WHERE `subject_id` = ()')
 3 SYSTEMPATH\Database\BaseConnection.php(606): CodeIgniter\Database\BaseConnection->simpleQuery('SELECT `subjects`.*, `users`.`firstname`, `users`.`lastname`
FROM `subjects`
JOIN `users` ON `subjects`.`user_update` = `users`.`user_id`
WHERE `subject_id` = ()')
 4 SYSTEMPATH\Database\BaseBuilder.php(1616): CodeIgniter\Database\BaseConnection->query('SELECT `subjects`.*, `users`.`firstname`, `users`.`lastname`
FROM `subjects`
JOIN `users` ON `subjects`.`user_update` = `users`.`user_id`
WHERE `subject_id` = :subject_id:', [...], false)
 5 APPPATH\Models\SubjectModel.php(101): CodeIgniter\Database\BaseBuilder->get()
 6 APPPATH\Controllers\SubjectController.php(133): App\Models\SubjectModel->updateSubjectForm([])
 7 APPPATH\Controllers\SubjectController.php(99): App\Controllers\SubjectController->updateSubjectForm([])
 8 SYSTEMPATH\CodeIgniter.php(932): App\Controllers\SubjectController->root('updateSubjectForm')
 9 SYSTEMPATH\CodeIgniter.php(497): CodeIgniter\CodeIgniter->runController(Object(App\Controllers\SubjectController))
10 SYSTEMPATH\CodeIgniter.php(366): CodeIgniter\CodeIgniter->handleRequest(null, Object(Config\Cache), false)
11 FCPATH\index.php(67): CodeIgniter\CodeIgniter->run()
12 SYSTEMPATH\Commands\Server\rewrite.php(47): require_once('C:\\xampp\\htdocs\\ClassFlow\\public\\index.php')
ERROR - 2024-05-07 17:21:40 --> mysqli_sql_exception: You have an error in your SQL syntax; check the manual that corresponds to your MariaDB server version for the right syntax to use near ')' at line 4 in C:\xampp\htdocs\ClassFlow\system\Database\MySQLi\Connection.php:295
Stack trace:
#0 C:\xampp\htdocs\ClassFlow\system\Database\MySQLi\Connection.php(295): mysqli->query('SELECT `subject...', 0)
#1 C:\xampp\htdocs\ClassFlow\system\Database\BaseConnection.php(692): CodeIgniter\Database\MySQLi\Connection->execute('SELECT `subject...')
#2 C:\xampp\htdocs\ClassFlow\system\Database\BaseConnection.php(606): CodeIgniter\Database\BaseConnection->simpleQuery('SELECT `subject...')
#3 C:\xampp\htdocs\ClassFlow\system\Database\BaseBuilder.php(1616): CodeIgniter\Database\BaseConnection->query('SELECT `subject...', Array, false)
#4 C:\xampp\htdocs\ClassFlow\app\Models\SubjectModel.php(101): CodeIgniter\Database\BaseBuilder->get()
#5 C:\xampp\htdocs\ClassFlow\app\Controllers\SubjectController.php(133): App\Models\SubjectModel->updateSubjectForm(Array)
#6 C:\xampp\htdocs\ClassFlow\app\Controllers\SubjectController.php(99): App\Controllers\SubjectController->updateSubjectForm(Array)
#7 C:\xampp\htdocs\ClassFlow\system\CodeIgniter.php(932): App\Controllers\SubjectController->root('updateSubjectFo...')
#8 C:\xampp\htdocs\ClassFlow\system\CodeIgniter.php(497): CodeIgniter\CodeIgniter->runController(Object(App\Controllers\SubjectController))
#9 C:\xampp\htdocs\ClassFlow\system\CodeIgniter.php(366): CodeIgniter\CodeIgniter->handleRequest(NULL, Object(Config\Cache), false)
#10 C:\xampp\htdocs\ClassFlow\public\index.php(67): CodeIgniter\CodeIgniter->run()
#11 C:\xampp\htdocs\ClassFlow\system\Commands\Server\rewrite.php(47): require_once('C:\\xampp\\htdocs...')
#12 {main}
CRITICAL - 2024-05-07 17:21:40 --> You have an error in your SQL syntax; check the manual that corresponds to your MariaDB server version for the right syntax to use near ')' at line 4
in SYSTEMPATH\Database\MySQLi\Connection.php on line 295.
 1 SYSTEMPATH\Database\MySQLi\Connection.php(295): mysqli->query('SELECT `subjects`.*, `users`.`firstname`, `users`.`lastname`
FROM `subjects`
JOIN `users` ON `subjects`.`user_update` = `users`.`user_id`
WHERE `subject_id` = ()', 0)
 2 SYSTEMPATH\Database\BaseConnection.php(692): CodeIgniter\Database\MySQLi\Connection->execute('SELECT `subjects`.*, `users`.`firstname`, `users`.`lastname`
FROM `subjects`
JOIN `users` ON `subjects`.`user_update` = `users`.`user_id`
WHERE `subject_id` = ()')
 3 SYSTEMPATH\Database\BaseConnection.php(606): CodeIgniter\Database\BaseConnection->simpleQuery('SELECT `subjects`.*, `users`.`firstname`, `users`.`lastname`
FROM `subjects`
JOIN `users` ON `subjects`.`user_update` = `users`.`user_id`
WHERE `subject_id` = ()')
 4 SYSTEMPATH\Database\BaseBuilder.php(1616): CodeIgniter\Database\BaseConnection->query('SELECT `subjects`.*, `users`.`firstname`, `users`.`lastname`
FROM `subjects`
JOIN `users` ON `subjects`.`user_update` = `users`.`user_id`
WHERE `subject_id` = :subject_id:', [...], false)
 5 APPPATH\Models\SubjectModel.php(101): CodeIgniter\Database\BaseBuilder->get()
 6 APPPATH\Controllers\SubjectController.php(133): App\Models\SubjectModel->updateSubjectForm([])
 7 APPPATH\Controllers\SubjectController.php(99): App\Controllers\SubjectController->updateSubjectForm([])
 8 SYSTEMPATH\CodeIgniter.php(932): App\Controllers\SubjectController->root('updateSubjectForm')
 9 SYSTEMPATH\CodeIgniter.php(497): CodeIgniter\CodeIgniter->runController(Object(App\Controllers\SubjectController))
10 SYSTEMPATH\CodeIgniter.php(366): CodeIgniter\CodeIgniter->handleRequest(null, Object(Config\Cache), false)
11 FCPATH\index.php(67): CodeIgniter\CodeIgniter->run()
12 SYSTEMPATH\Commands\Server\rewrite.php(47): require_once('C:\\xampp\\htdocs\\ClassFlow\\public\\index.php')
ERROR - 2024-05-07 17:23:08 --> mysqli_sql_exception: You have an error in your SQL syntax; check the manual that corresponds to your MariaDB server version for the right syntax to use near ')' at line 4 in C:\xampp\htdocs\ClassFlow\system\Database\MySQLi\Connection.php:295
Stack trace:
#0 C:\xampp\htdocs\ClassFlow\system\Database\MySQLi\Connection.php(295): mysqli->query('SELECT `subject...', 0)
#1 C:\xampp\htdocs\ClassFlow\system\Database\BaseConnection.php(692): CodeIgniter\Database\MySQLi\Connection->execute('SELECT `subject...')
#2 C:\xampp\htdocs\ClassFlow\system\Database\BaseConnection.php(606): CodeIgniter\Database\BaseConnection->simpleQuery('SELECT `subject...')
#3 C:\xampp\htdocs\ClassFlow\system\Database\BaseBuilder.php(1616): CodeIgniter\Database\BaseConnection->query('SELECT `subject...', Array, false)
#4 C:\xampp\htdocs\ClassFlow\app\Models\SubjectModel.php(101): CodeIgniter\Database\BaseBuilder->get()
#5 C:\xampp\htdocs\ClassFlow\app\Controllers\SubjectController.php(133): App\Models\SubjectModel->updateSubjectForm(Array)
#6 C:\xampp\htdocs\ClassFlow\app\Controllers\SubjectController.php(99): App\Controllers\SubjectController->updateSubjectForm(Array)
#7 C:\xampp\htdocs\ClassFlow\system\CodeIgniter.php(932): App\Controllers\SubjectController->root('updateSubjectFo...')
#8 C:\xampp\htdocs\ClassFlow\system\CodeIgniter.php(497): CodeIgniter\CodeIgniter->runController(Object(App\Controllers\SubjectController))
#9 C:\xampp\htdocs\ClassFlow\system\CodeIgniter.php(366): CodeIgniter\CodeIgniter->handleRequest(NULL, Object(Config\Cache), false)
#10 C:\xampp\htdocs\ClassFlow\public\index.php(67): CodeIgniter\CodeIgniter->run()
#11 C:\xampp\htdocs\ClassFlow\system\Commands\Server\rewrite.php(47): require_once('C:\\xampp\\htdocs...')
#12 {main}
CRITICAL - 2024-05-07 17:23:08 --> You have an error in your SQL syntax; check the manual that corresponds to your MariaDB server version for the right syntax to use near ')' at line 4
in SYSTEMPATH\Database\MySQLi\Connection.php on line 295.
 1 SYSTEMPATH\Database\MySQLi\Connection.php(295): mysqli->query('SELECT `subjects`.*, `users`.`firstname`, `users`.`lastname`
FROM `subjects`
JOIN `users` ON `subjects`.`user_update` = `users`.`user_id`
WHERE `subject_id` = ()', 0)
 2 SYSTEMPATH\Database\BaseConnection.php(692): CodeIgniter\Database\MySQLi\Connection->execute('SELECT `subjects`.*, `users`.`firstname`, `users`.`lastname`
FROM `subjects`
JOIN `users` ON `subjects`.`user_update` = `users`.`user_id`
WHERE `subject_id` = ()')
 3 SYSTEMPATH\Database\BaseConnection.php(606): CodeIgniter\Database\BaseConnection->simpleQuery('SELECT `subjects`.*, `users`.`firstname`, `users`.`lastname`
FROM `subjects`
JOIN `users` ON `subjects`.`user_update` = `users`.`user_id`
WHERE `subject_id` = ()')
 4 SYSTEMPATH\Database\BaseBuilder.php(1616): CodeIgniter\Database\BaseConnection->query('SELECT `subjects`.*, `users`.`firstname`, `users`.`lastname`
FROM `subjects`
JOIN `users` ON `subjects`.`user_update` = `users`.`user_id`
WHERE `subject_id` = :subject_id:', [...], false)
 5 APPPATH\Models\SubjectModel.php(101): CodeIgniter\Database\BaseBuilder->get()
 6 APPPATH\Controllers\SubjectController.php(133): App\Models\SubjectModel->updateSubjectForm([])
 7 APPPATH\Controllers\SubjectController.php(99): App\Controllers\SubjectController->updateSubjectForm([])
 8 SYSTEMPATH\CodeIgniter.php(932): App\Controllers\SubjectController->root('updateSubjectForm')
 9 SYSTEMPATH\CodeIgniter.php(497): CodeIgniter\CodeIgniter->runController(Object(App\Controllers\SubjectController))
10 SYSTEMPATH\CodeIgniter.php(366): CodeIgniter\CodeIgniter->handleRequest(null, Object(Config\Cache), false)
11 FCPATH\index.php(67): CodeIgniter\CodeIgniter->run()
12 SYSTEMPATH\Commands\Server\rewrite.php(47): require_once('C:\\xampp\\htdocs\\ClassFlow\\public\\index.php')
ERROR - 2024-05-07 17:51:46 --> mysqli_sql_exception: Unknown table 'democlassflow.teachers' in C:\xampp\htdocs\ClassFlow\system\Database\MySQLi\Connection.php:295
Stack trace:
#0 C:\xampp\htdocs\ClassFlow\system\Database\MySQLi\Connection.php(295): mysqli->query('SELECT `users`....', 0)
#1 C:\xampp\htdocs\ClassFlow\system\Database\BaseConnection.php(692): CodeIgniter\Database\MySQLi\Connection->execute('SELECT `users`....')
#2 C:\xampp\htdocs\ClassFlow\system\Database\BaseConnection.php(606): CodeIgniter\Database\BaseConnection->simpleQuery('SELECT `users`....')
#3 C:\xampp\htdocs\ClassFlow\system\Database\BaseBuilder.php(1616): CodeIgniter\Database\BaseConnection->query('SELECT `users`....', Array, false)
#4 C:\xampp\htdocs\ClassFlow\app\Models\AuthModel.php(56): CodeIgniter\Database\BaseBuilder->get()
#5 C:\xampp\htdocs\ClassFlow\app\Controllers\AuthController.php(130): App\Models\AuthModel->login(Array)
#6 C:\xampp\htdocs\ClassFlow\app\Controllers\AuthController.php(84): App\Controllers\AuthController->login(Array)
#7 C:\xampp\htdocs\ClassFlow\system\CodeIgniter.php(932): App\Controllers\AuthController->root('login')
#8 C:\xampp\htdocs\ClassFlow\system\CodeIgniter.php(497): CodeIgniter\CodeIgniter->runController(Object(App\Controllers\AuthController))
#9 C:\xampp\htdocs\ClassFlow\system\CodeIgniter.php(366): CodeIgniter\CodeIgniter->handleRequest(NULL, Object(Config\Cache), false)
#10 C:\xampp\htdocs\ClassFlow\public\index.php(67): CodeIgniter\CodeIgniter->run()
#11 C:\xampp\htdocs\ClassFlow\system\Commands\Server\rewrite.php(47): require_once('C:\\xampp\\htdocs...')
#12 {main}
CRITICAL - 2024-05-07 17:51:46 --> Unknown table 'democlassflow.teachers'
in SYSTEMPATH\Database\MySQLi\Connection.php on line 295.
 1 SYSTEMPATH\Database\MySQLi\Connection.php(295): mysqli->query('SELECT `users`.*, `teachers`.*
FROM `users`
WHERE `username` = \'AUUNNG\'', 0)
 2 SYSTEMPATH\Database\BaseConnection.php(692): CodeIgniter\Database\MySQLi\Connection->execute('SELECT `users`.*, `teachers`.*
FROM `users`
WHERE `username` = \'AUUNNG\'')
 3 SYSTEMPATH\Database\BaseConnection.php(606): CodeIgniter\Database\BaseConnection->simpleQuery('SELECT `users`.*, `teachers`.*
FROM `users`
WHERE `username` = \'AUUNNG\'')
 4 SYSTEMPATH\Database\BaseBuilder.php(1616): CodeIgniter\Database\BaseConnection->query('SELECT `users`.*, `teachers`.*
FROM `users`
WHERE `username` = :username:', [...], false)
 5 APPPATH\Models\AuthModel.php(56): CodeIgniter\Database\BaseBuilder->get()
 6 APPPATH\Controllers\AuthController.php(130): App\Models\AuthModel->login([...])
 7 APPPATH\Controllers\AuthController.php(84): App\Controllers\AuthController->login([...])
 8 SYSTEMPATH\CodeIgniter.php(932): App\Controllers\AuthController->root('login')
 9 SYSTEMPATH\CodeIgniter.php(497): CodeIgniter\CodeIgniter->runController(Object(App\Controllers\AuthController))
10 SYSTEMPATH\CodeIgniter.php(366): CodeIgniter\CodeIgniter->handleRequest(null, Object(Config\Cache), false)
11 FCPATH\index.php(67): CodeIgniter\CodeIgniter->run()
12 SYSTEMPATH\Commands\Server\rewrite.php(47): require_once('C:\\xampp\\htdocs\\ClassFlow\\public\\index.php')
ERROR - 2024-05-07 17:55:14 --> mysqli_sql_exception: Unknown column 'subjects_access.teacher_id' in 'where clause' in C:\xampp\htdocs\ClassFlow\system\Database\MySQLi\Connection.php:295
Stack trace:
#0 C:\xampp\htdocs\ClassFlow\system\Database\MySQLi\Connection.php(295): mysqli->query('SELECT `subject...', 0)
#1 C:\xampp\htdocs\ClassFlow\system\Database\BaseConnection.php(692): CodeIgniter\Database\MySQLi\Connection->execute('SELECT `subject...')
#2 C:\xampp\htdocs\ClassFlow\system\Database\BaseConnection.php(606): CodeIgniter\Database\BaseConnection->simpleQuery('SELECT `subject...')
#3 C:\xampp\htdocs\ClassFlow\system\Database\BaseBuilder.php(1616): CodeIgniter\Database\BaseConnection->query('SELECT `subject...', Array, false)
#4 C:\xampp\htdocs\ClassFlow\app\Models\SubjectModel.php(58): CodeIgniter\Database\BaseBuilder->get()
#5 C:\xampp\htdocs\ClassFlow\app\Controllers\SubjectController.php(108): App\Models\SubjectModel->index()
#6 C:\xampp\htdocs\ClassFlow\system\CodeIgniter.php(932): App\Controllers\SubjectController->index()
#7 C:\xampp\htdocs\ClassFlow\system\CodeIgniter.php(497): CodeIgniter\CodeIgniter->runController(Object(App\Controllers\SubjectController))
#8 C:\xampp\htdocs\ClassFlow\system\CodeIgniter.php(366): CodeIgniter\CodeIgniter->handleRequest(NULL, Object(Config\Cache), false)
#9 C:\xampp\htdocs\ClassFlow\public\index.php(67): CodeIgniter\CodeIgniter->run()
#10 C:\xampp\htdocs\ClassFlow\system\Commands\Server\rewrite.php(47): require_once('C:\\xampp\\htdocs...')
#11 {main}
CRITICAL - 2024-05-07 17:55:14 --> Unknown column 'subjects_access.teacher_id' in 'where clause'
in SYSTEMPATH\Database\MySQLi\Connection.php on line 295.
 1 SYSTEMPATH\Database\MySQLi\Connection.php(295): mysqli->query('SELECT `subjects`.`subject_code`, `subjects`.`subject_name`
FROM `subjects`
JOIN `subjects_access` ON `subjects`.`subject_id` = `subjects_access`.`subject_id`
WHERE `subjects_access`.`teacher_id` IS NULL', 0)
 2 SYSTEMPATH\Database\BaseConnection.php(692): CodeIgniter\Database\MySQLi\Connection->execute('SELECT `subjects`.`subject_code`, `subjects`.`subject_name`
FROM `subjects`
JOIN `subjects_access` ON `subjects`.`subject_id` = `subjects_access`.`subject_id`
WHERE `subjects_access`.`teacher_id` IS NULL')
 3 SYSTEMPATH\Database\BaseConnection.php(606): CodeIgniter\Database\BaseConnection->simpleQuery('SELECT `subjects`.`subject_code`, `subjects`.`subject_name`
FROM `subjects`
JOIN `subjects_access` ON `subjects`.`subject_id` = `subjects_access`.`subject_id`
WHERE `subjects_access`.`teacher_id` IS NULL')
 4 SYSTEMPATH\Database\BaseBuilder.php(1616): CodeIgniter\Database\BaseConnection->query('SELECT `subjects`.`subject_code`, `subjects`.`subject_name`
FROM `subjects`
JOIN `subjects_access` ON `subjects`.`subject_id` = `subjects_access`.`subject_id`
WHERE `subjects_access`.`teacher_id` IS NULL', [], false)
 5 APPPATH\Models\SubjectModel.php(58): CodeIgniter\Database\BaseBuilder->get()
 6 APPPATH\Controllers\SubjectController.php(108): App\Models\SubjectModel->index()
 7 SYSTEMPATH\CodeIgniter.php(932): App\Controllers\SubjectController->index()
 8 SYSTEMPATH\CodeIgniter.php(497): CodeIgniter\CodeIgniter->runController(Object(App\Controllers\SubjectController))
 9 SYSTEMPATH\CodeIgniter.php(366): CodeIgniter\CodeIgniter->handleRequest(null, Object(Config\Cache), false)
10 FCPATH\index.php(67): CodeIgniter\CodeIgniter->run()
11 SYSTEMPATH\Commands\Server\rewrite.php(47): require_once('C:\\xampp\\htdocs\\ClassFlow\\public\\index.php')
ERROR - 2024-05-07 17:58:23 --> mysqli_sql_exception: Unknown column 'subjects_access.teacher_id' in 'where clause' in C:\xampp\htdocs\ClassFlow\system\Database\MySQLi\Connection.php:295
Stack trace:
#0 C:\xampp\htdocs\ClassFlow\system\Database\MySQLi\Connection.php(295): mysqli->query('SELECT `subject...', 0)
#1 C:\xampp\htdocs\ClassFlow\system\Database\BaseConnection.php(692): CodeIgniter\Database\MySQLi\Connection->execute('SELECT `subject...')
#2 C:\xampp\htdocs\ClassFlow\system\Database\BaseConnection.php(606): CodeIgniter\Database\BaseConnection->simpleQuery('SELECT `subject...')
#3 C:\xampp\htdocs\ClassFlow\system\Database\BaseBuilder.php(1616): CodeIgniter\Database\BaseConnection->query('SELECT `subject...', Array, false)
#4 C:\xampp\htdocs\ClassFlow\app\Models\SubjectModel.php(70): CodeIgniter\Database\BaseBuilder->get()
#5 C:\xampp\htdocs\ClassFlow\app\Controllers\SubjectController.php(115): App\Models\SubjectModel->test()
#6 C:\xampp\htdocs\ClassFlow\app\Controllers\SubjectController.php(99): App\Controllers\SubjectController->test(Array)
#7 C:\xampp\htdocs\ClassFlow\system\CodeIgniter.php(932): App\Controllers\SubjectController->root('test')
#8 C:\xampp\htdocs\ClassFlow\system\CodeIgniter.php(497): CodeIgniter\CodeIgniter->runController(Object(App\Controllers\SubjectController))
#9 C:\xampp\htdocs\ClassFlow\system\CodeIgniter.php(366): CodeIgniter\CodeIgniter->handleRequest(NULL, Object(Config\Cache), false)
#10 C:\xampp\htdocs\ClassFlow\public\index.php(67): CodeIgniter\CodeIgniter->run()
#11 C:\xampp\htdocs\ClassFlow\system\Commands\Server\rewrite.php(47): require_once('C:\\xampp\\htdocs...')
#12 {main}
CRITICAL - 2024-05-07 17:58:23 --> Unknown column 'subjects_access.teacher_id' in 'where clause'
in SYSTEMPATH\Database\MySQLi\Connection.php on line 295.
 1 SYSTEMPATH\Database\MySQLi\Connection.php(295): mysqli->query('SELECT `subjects`.`subject_code`, `subjects`.`subject_name`
FROM `subjects`
JOIN `subjects_access` ON `subjects`.`subject_id` = `subjects_access`.`subject_id`
WHERE `subjects_access`.`teacher_id` IS NULL', 0)
 2 SYSTEMPATH\Database\BaseConnection.php(692): CodeIgniter\Database\MySQLi\Connection->execute('SELECT `subjects`.`subject_code`, `subjects`.`subject_name`
FROM `subjects`
JOIN `subjects_access` ON `subjects`.`subject_id` = `subjects_access`.`subject_id`
WHERE `subjects_access`.`teacher_id` IS NULL')
 3 SYSTEMPATH\Database\BaseConnection.php(606): CodeIgniter\Database\BaseConnection->simpleQuery('SELECT `subjects`.`subject_code`, `subjects`.`subject_name`
FROM `subjects`
JOIN `subjects_access` ON `subjects`.`subject_id` = `subjects_access`.`subject_id`
WHERE `subjects_access`.`teacher_id` IS NULL')
 4 SYSTEMPATH\Database\BaseBuilder.php(1616): CodeIgniter\Database\BaseConnection->query('SELECT `subjects`.`subject_code`, `subjects`.`subject_name`
FROM `subjects`
JOIN `subjects_access` ON `subjects`.`subject_id` = `subjects_access`.`subject_id`
WHERE `subjects_access`.`teacher_id` IS NULL', [], false)
 5 APPPATH\Models\SubjectModel.php(70): CodeIgniter\Database\BaseBuilder->get()
 6 APPPATH\Controllers\SubjectController.php(115): App\Models\SubjectModel->test()
 7 APPPATH\Controllers\SubjectController.php(99): App\Controllers\SubjectController->test([])
 8 SYSTEMPATH\CodeIgniter.php(932): App\Controllers\SubjectController->root('test')
 9 SYSTEMPATH\CodeIgniter.php(497): CodeIgniter\CodeIgniter->runController(Object(App\Controllers\SubjectController))
10 SYSTEMPATH\CodeIgniter.php(366): CodeIgniter\CodeIgniter->handleRequest(null, Object(Config\Cache), false)
11 FCPATH\index.php(67): CodeIgniter\CodeIgniter->run()
12 SYSTEMPATH\Commands\Server\rewrite.php(47): require_once('C:\\xampp\\htdocs\\ClassFlow\\public\\index.php')
ERROR - 2024-05-07 17:58:31 --> mysqli_sql_exception: Unknown column 'subjects_access.teacher_id' in 'where clause' in C:\xampp\htdocs\ClassFlow\system\Database\MySQLi\Connection.php:295
Stack trace:
#0 C:\xampp\htdocs\ClassFlow\system\Database\MySQLi\Connection.php(295): mysqli->query('SELECT `subject...', 0)
#1 C:\xampp\htdocs\ClassFlow\system\Database\BaseConnection.php(692): CodeIgniter\Database\MySQLi\Connection->execute('SELECT `subject...')
#2 C:\xampp\htdocs\ClassFlow\system\Database\BaseConnection.php(606): CodeIgniter\Database\BaseConnection->simpleQuery('SELECT `subject...')
#3 C:\xampp\htdocs\ClassFlow\system\Database\BaseBuilder.php(1616): CodeIgniter\Database\BaseConnection->query('SELECT `subject...', Array, false)
#4 C:\xampp\htdocs\ClassFlow\app\Models\SubjectModel.php(70): CodeIgniter\Database\BaseBuilder->get()
#5 C:\xampp\htdocs\ClassFlow\app\Controllers\SubjectController.php(115): App\Models\SubjectModel->test()
#6 C:\xampp\htdocs\ClassFlow\app\Controllers\SubjectController.php(99): App\Controllers\SubjectController->test(Array)
#7 C:\xampp\htdocs\ClassFlow\system\CodeIgniter.php(932): App\Controllers\SubjectController->root('test')
#8 C:\xampp\htdocs\ClassFlow\system\CodeIgniter.php(497): CodeIgniter\CodeIgniter->runController(Object(App\Controllers\SubjectController))
#9 C:\xampp\htdocs\ClassFlow\system\CodeIgniter.php(366): CodeIgniter\CodeIgniter->handleRequest(NULL, Object(Config\Cache), false)
#10 C:\xampp\htdocs\ClassFlow\public\index.php(67): CodeIgniter\CodeIgniter->run()
#11 C:\xampp\htdocs\ClassFlow\system\Commands\Server\rewrite.php(47): require_once('C:\\xampp\\htdocs...')
#12 {main}
CRITICAL - 2024-05-07 17:58:31 --> Unknown column 'subjects_access.teacher_id' in 'where clause'
in SYSTEMPATH\Database\MySQLi\Connection.php on line 295.
 1 SYSTEMPATH\Database\MySQLi\Connection.php(295): mysqli->query('SELECT `subjects`.`subject_code`, `subjects`.`subject_name`
FROM `subjects`
JOIN `subjects_access` ON `subjects`.`subject_id` = `subjects_access`.`subject_id`
WHERE `subjects_access`.`teacher_id` IS NULL', 0)
 2 SYSTEMPATH\Database\BaseConnection.php(692): CodeIgniter\Database\MySQLi\Connection->execute('SELECT `subjects`.`subject_code`, `subjects`.`subject_name`
FROM `subjects`
JOIN `subjects_access` ON `subjects`.`subject_id` = `subjects_access`.`subject_id`
WHERE `subjects_access`.`teacher_id` IS NULL')
 3 SYSTEMPATH\Database\BaseConnection.php(606): CodeIgniter\Database\BaseConnection->simpleQuery('SELECT `subjects`.`subject_code`, `subjects`.`subject_name`
FROM `subjects`
JOIN `subjects_access` ON `subjects`.`subject_id` = `subjects_access`.`subject_id`
WHERE `subjects_access`.`teacher_id` IS NULL')
 4 SYSTEMPATH\Database\BaseBuilder.php(1616): CodeIgniter\Database\BaseConnection->query('SELECT `subjects`.`subject_code`, `subjects`.`subject_name`
FROM `subjects`
JOIN `subjects_access` ON `subjects`.`subject_id` = `subjects_access`.`subject_id`
WHERE `subjects_access`.`teacher_id` IS NULL', [], false)
 5 APPPATH\Models\SubjectModel.php(70): CodeIgniter\Database\BaseBuilder->get()
 6 APPPATH\Controllers\SubjectController.php(115): App\Models\SubjectModel->test()
 7 APPPATH\Controllers\SubjectController.php(99): App\Controllers\SubjectController->test([])
 8 SYSTEMPATH\CodeIgniter.php(932): App\Controllers\SubjectController->root('test')
 9 SYSTEMPATH\CodeIgniter.php(497): CodeIgniter\CodeIgniter->runController(Object(App\Controllers\SubjectController))
10 SYSTEMPATH\CodeIgniter.php(366): CodeIgniter\CodeIgniter->handleRequest(null, Object(Config\Cache), false)
11 FCPATH\index.php(67): CodeIgniter\CodeIgniter->run()
12 SYSTEMPATH\Commands\Server\rewrite.php(47): require_once('C:\\xampp\\htdocs\\ClassFlow\\public\\index.php')
ERROR - 2024-05-07 18:01:31 --> mysqli_sql_exception: You have an error in your SQL syntax; check the manual that corresponds to your MariaDB server version for the right syntax to use near ')' at line 4 in C:\xampp\htdocs\ClassFlow\system\Database\MySQLi\Connection.php:295
Stack trace:
#0 C:\xampp\htdocs\ClassFlow\system\Database\MySQLi\Connection.php(295): mysqli->query('SELECT `subject...', 0)
#1 C:\xampp\htdocs\ClassFlow\system\Database\BaseConnection.php(692): CodeIgniter\Database\MySQLi\Connection->execute('SELECT `subject...')
#2 C:\xampp\htdocs\ClassFlow\system\Database\BaseConnection.php(606): CodeIgniter\Database\BaseConnection->simpleQuery('SELECT `subject...')
#3 C:\xampp\htdocs\ClassFlow\system\Database\BaseBuilder.php(1616): CodeIgniter\Database\BaseConnection->query('SELECT `subject...', Array, false)
#4 C:\xampp\htdocs\ClassFlow\app\Models\SubjectModel.php(135): CodeIgniter\Database\BaseBuilder->get()
#5 C:\xampp\htdocs\ClassFlow\app\Controllers\SubjectController.php(150): App\Models\SubjectModel->updateSubjectAccessForm(Array)
#6 C:\xampp\htdocs\ClassFlow\app\Controllers\SubjectController.php(99): App\Controllers\SubjectController->updateSubjectAccessForm(Array)
#7 C:\xampp\htdocs\ClassFlow\system\CodeIgniter.php(932): App\Controllers\SubjectController->root('updateSubjectAc...')
#8 C:\xampp\htdocs\ClassFlow\system\CodeIgniter.php(497): CodeIgniter\CodeIgniter->runController(Object(App\Controllers\SubjectController))
#9 C:\xampp\htdocs\ClassFlow\system\CodeIgniter.php(366): CodeIgniter\CodeIgniter->handleRequest(NULL, Object(Config\Cache), false)
#10 C:\xampp\htdocs\ClassFlow\public\index.php(67): CodeIgniter\CodeIgniter->run()
#11 C:\xampp\htdocs\ClassFlow\system\Commands\Server\rewrite.php(47): require_once('C:\\xampp\\htdocs...')
#12 {main}
CRITICAL - 2024-05-07 18:01:31 --> You have an error in your SQL syntax; check the manual that corresponds to your MariaDB server version for the right syntax to use near ')' at line 4
in SYSTEMPATH\Database\MySQLi\Connection.php on line 295.
 1 SYSTEMPATH\Database\MySQLi\Connection.php(295): mysqli->query('SELECT `subjects_access`.*, `users`.`firstname`, `users`.`lastname`
FROM `subjects_access`
JOIN `users` ON `subjects_access`.`user_update` = `users`.`user_id`
WHERE `subject_id` = ()', 0)
 2 SYSTEMPATH\Database\BaseConnection.php(692): CodeIgniter\Database\MySQLi\Connection->execute('SELECT `subjects_access`.*, `users`.`firstname`, `users`.`lastname`
FROM `subjects_access`
JOIN `users` ON `subjects_access`.`user_update` = `users`.`user_id`
WHERE `subject_id` = ()')
 3 SYSTEMPATH\Database\BaseConnection.php(606): CodeIgniter\Database\BaseConnection->simpleQuery('SELECT `subjects_access`.*, `users`.`firstname`, `users`.`lastname`
FROM `subjects_access`
JOIN `users` ON `subjects_access`.`user_update` = `users`.`user_id`
WHERE `subject_id` = ()')
 4 SYSTEMPATH\Database\BaseBuilder.php(1616): CodeIgniter\Database\BaseConnection->query('SELECT `subjects_access`.*, `users`.`firstname`, `users`.`lastname`
FROM `subjects_access`
JOIN `users` ON `subjects_access`.`user_update` = `users`.`user_id`
WHERE `subject_id` = :subject_id:', [...], false)
 5 APPPATH\Models\SubjectModel.php(135): CodeIgniter\Database\BaseBuilder->get()
 6 APPPATH\Controllers\SubjectController.php(150): App\Models\SubjectModel->updateSubjectAccessForm([])
 7 APPPATH\Controllers\SubjectController.php(99): App\Controllers\SubjectController->updateSubjectAccessForm([])
 8 SYSTEMPATH\CodeIgniter.php(932): App\Controllers\SubjectController->root('updateSubjectAccessForm')
 9 SYSTEMPATH\CodeIgniter.php(497): CodeIgniter\CodeIgniter->runController(Object(App\Controllers\SubjectController))
10 SYSTEMPATH\CodeIgniter.php(366): CodeIgniter\CodeIgniter->handleRequest(null, Object(Config\Cache), false)
11 FCPATH\index.php(67): CodeIgniter\CodeIgniter->run()
12 SYSTEMPATH\Commands\Server\rewrite.php(47): require_once('C:\\xampp\\htdocs\\ClassFlow\\public\\index.php')
ERROR - 2024-05-07 18:01:32 --> mysqli_sql_exception: You have an error in your SQL syntax; check the manual that corresponds to your MariaDB server version for the right syntax to use near ')' at line 4 in C:\xampp\htdocs\ClassFlow\system\Database\MySQLi\Connection.php:295
Stack trace:
#0 C:\xampp\htdocs\ClassFlow\system\Database\MySQLi\Connection.php(295): mysqli->query('SELECT `subject...', 0)
#1 C:\xampp\htdocs\ClassFlow\system\Database\BaseConnection.php(692): CodeIgniter\Database\MySQLi\Connection->execute('SELECT `subject...')
#2 C:\xampp\htdocs\ClassFlow\system\Database\BaseConnection.php(606): CodeIgniter\Database\BaseConnection->simpleQuery('SELECT `subject...')
#3 C:\xampp\htdocs\ClassFlow\system\Database\BaseBuilder.php(1616): CodeIgniter\Database\BaseConnection->query('SELECT `subject...', Array, false)
#4 C:\xampp\htdocs\ClassFlow\app\Models\SubjectModel.php(101): CodeIgniter\Database\BaseBuilder->get()
#5 C:\xampp\htdocs\ClassFlow\app\Controllers\SubjectController.php(133): App\Models\SubjectModel->updateSubjectForm(Array)
#6 C:\xampp\htdocs\ClassFlow\app\Controllers\SubjectController.php(99): App\Controllers\SubjectController->updateSubjectForm(Array)
#7 C:\xampp\htdocs\ClassFlow\system\CodeIgniter.php(932): App\Controllers\SubjectController->root('updateSubjectFo...')
#8 C:\xampp\htdocs\ClassFlow\system\CodeIgniter.php(497): CodeIgniter\CodeIgniter->runController(Object(App\Controllers\SubjectController))
#9 C:\xampp\htdocs\ClassFlow\system\CodeIgniter.php(366): CodeIgniter\CodeIgniter->handleRequest(NULL, Object(Config\Cache), false)
#10 C:\xampp\htdocs\ClassFlow\public\index.php(67): CodeIgniter\CodeIgniter->run()
#11 C:\xampp\htdocs\ClassFlow\system\Commands\Server\rewrite.php(47): require_once('C:\\xampp\\htdocs...')
#12 {main}
CRITICAL - 2024-05-07 18:01:32 --> You have an error in your SQL syntax; check the manual that corresponds to your MariaDB server version for the right syntax to use near ')' at line 4
in SYSTEMPATH\Database\MySQLi\Connection.php on line 295.
 1 SYSTEMPATH\Database\MySQLi\Connection.php(295): mysqli->query('SELECT `subjects`.*, `users`.`firstname`, `users`.`lastname`
FROM `subjects`
JOIN `users` ON `subjects`.`user_update` = `users`.`user_id`
WHERE `subject_id` = ()', 0)
 2 SYSTEMPATH\Database\BaseConnection.php(692): CodeIgniter\Database\MySQLi\Connection->execute('SELECT `subjects`.*, `users`.`firstname`, `users`.`lastname`
FROM `subjects`
JOIN `users` ON `subjects`.`user_update` = `users`.`user_id`
WHERE `subject_id` = ()')
 3 SYSTEMPATH\Database\BaseConnection.php(606): CodeIgniter\Database\BaseConnection->simpleQuery('SELECT `subjects`.*, `users`.`firstname`, `users`.`lastname`
FROM `subjects`
JOIN `users` ON `subjects`.`user_update` = `users`.`user_id`
WHERE `subject_id` = ()')
 4 SYSTEMPATH\Database\BaseBuilder.php(1616): CodeIgniter\Database\BaseConnection->query('SELECT `subjects`.*, `users`.`firstname`, `users`.`lastname`
FROM `subjects`
JOIN `users` ON `subjects`.`user_update` = `users`.`user_id`
WHERE `subject_id` = :subject_id:', [...], false)
 5 APPPATH\Models\SubjectModel.php(101): CodeIgniter\Database\BaseBuilder->get()
 6 APPPATH\Controllers\SubjectController.php(133): App\Models\SubjectModel->updateSubjectForm([])
 7 APPPATH\Controllers\SubjectController.php(99): App\Controllers\SubjectController->updateSubjectForm([])
 8 SYSTEMPATH\CodeIgniter.php(932): App\Controllers\SubjectController->root('updateSubjectForm')
 9 SYSTEMPATH\CodeIgniter.php(497): CodeIgniter\CodeIgniter->runController(Object(App\Controllers\SubjectController))
10 SYSTEMPATH\CodeIgniter.php(366): CodeIgniter\CodeIgniter->handleRequest(null, Object(Config\Cache), false)
11 FCPATH\index.php(67): CodeIgniter\CodeIgniter->run()
12 SYSTEMPATH\Commands\Server\rewrite.php(47): require_once('C:\\xampp\\htdocs\\ClassFlow\\public\\index.php')
ERROR - 2024-05-07 18:06:15 --> mysqli_sql_exception: You have an error in your SQL syntax; check the manual that corresponds to your MariaDB server version for the right syntax to use near ')' at line 4 in C:\xampp\htdocs\ClassFlow\system\Database\MySQLi\Connection.php:295
Stack trace:
#0 C:\xampp\htdocs\ClassFlow\system\Database\MySQLi\Connection.php(295): mysqli->query('SELECT `subject...', 0)
#1 C:\xampp\htdocs\ClassFlow\system\Database\BaseConnection.php(692): CodeIgniter\Database\MySQLi\Connection->execute('SELECT `subject...')
#2 C:\xampp\htdocs\ClassFlow\system\Database\BaseConnection.php(606): CodeIgniter\Database\BaseConnection->simpleQuery('SELECT `subject...')
#3 C:\xampp\htdocs\ClassFlow\system\Database\BaseBuilder.php(1616): CodeIgniter\Database\BaseConnection->query('SELECT `subject...', Array, false)
#4 C:\xampp\htdocs\ClassFlow\app\Models\SubjectModel.php(69): CodeIgniter\Database\BaseBuilder->get()
#5 C:\xampp\htdocs\ClassFlow\app\Controllers\SubjectController.php(115): App\Models\SubjectModel->test(Array)
#6 C:\xampp\htdocs\ClassFlow\app\Controllers\SubjectController.php(99): App\Controllers\SubjectController->test(Array)
#7 C:\xampp\htdocs\ClassFlow\system\CodeIgniter.php(932): App\Controllers\SubjectController->root('test')
#8 C:\xampp\htdocs\ClassFlow\system\CodeIgniter.php(497): CodeIgniter\CodeIgniter->runController(Object(App\Controllers\SubjectController))
#9 C:\xampp\htdocs\ClassFlow\system\CodeIgniter.php(366): CodeIgniter\CodeIgniter->handleRequest(NULL, Object(Config\Cache), false)
#10 C:\xampp\htdocs\ClassFlow\public\index.php(67): CodeIgniter\CodeIgniter->run()
#11 C:\xampp\htdocs\ClassFlow\system\Commands\Server\rewrite.php(47): require_once('C:\\xampp\\htdocs...')
#12 {main}
CRITICAL - 2024-05-07 18:06:15 --> You have an error in your SQL syntax; check the manual that corresponds to your MariaDB server version for the right syntax to use near ')' at line 4
in SYSTEMPATH\Database\MySQLi\Connection.php on line 295.
 1 SYSTEMPATH\Database\MySQLi\Connection.php(295): mysqli->query('SELECT `subjects`.*, `users`.`firstname`, `users`.`lastname`
FROM `subjects`
JOIN `users` ON `subjects`.`user_update` = `users`.`user_id`
WHERE `subject_id` = ()', 0)
 2 SYSTEMPATH\Database\BaseConnection.php(692): CodeIgniter\Database\MySQLi\Connection->execute('SELECT `subjects`.*, `users`.`firstname`, `users`.`lastname`
FROM `subjects`
JOIN `users` ON `subjects`.`user_update` = `users`.`user_id`
WHERE `subject_id` = ()')
 3 SYSTEMPATH\Database\BaseConnection.php(606): CodeIgniter\Database\BaseConnection->simpleQuery('SELECT `subjects`.*, `users`.`firstname`, `users`.`lastname`
FROM `subjects`
JOIN `users` ON `subjects`.`user_update` = `users`.`user_id`
WHERE `subject_id` = ()')
 4 SYSTEMPATH\Database\BaseBuilder.php(1616): CodeIgniter\Database\BaseConnection->query('SELECT `subjects`.*, `users`.`firstname`, `users`.`lastname`
FROM `subjects`
JOIN `users` ON `subjects`.`user_update` = `users`.`user_id`
WHERE `subject_id` = :subject_id:', [...], false)
 5 APPPATH\Models\SubjectModel.php(69): CodeIgniter\Database\BaseBuilder->get()
 6 APPPATH\Controllers\SubjectController.php(115): App\Models\SubjectModel->test([])
 7 APPPATH\Controllers\SubjectController.php(99): App\Controllers\SubjectController->test([])
 8 SYSTEMPATH\CodeIgniter.php(932): App\Controllers\SubjectController->root('test')
 9 SYSTEMPATH\CodeIgniter.php(497): CodeIgniter\CodeIgniter->runController(Object(App\Controllers\SubjectController))
10 SYSTEMPATH\CodeIgniter.php(366): CodeIgniter\CodeIgniter->handleRequest(null, Object(Config\Cache), false)
11 FCPATH\index.php(67): CodeIgniter\CodeIgniter->run()
12 SYSTEMPATH\Commands\Server\rewrite.php(47): require_once('C:\\xampp\\htdocs\\ClassFlow\\public\\index.php')
ERROR - 2024-05-07 18:06:24 --> mysqli_sql_exception: You have an error in your SQL syntax; check the manual that corresponds to your MariaDB server version for the right syntax to use near ')' at line 4 in C:\xampp\htdocs\ClassFlow\system\Database\MySQLi\Connection.php:295
Stack trace:
#0 C:\xampp\htdocs\ClassFlow\system\Database\MySQLi\Connection.php(295): mysqli->query('SELECT `subject...', 0)
#1 C:\xampp\htdocs\ClassFlow\system\Database\BaseConnection.php(692): CodeIgniter\Database\MySQLi\Connection->execute('SELECT `subject...')
#2 C:\xampp\htdocs\ClassFlow\system\Database\BaseConnection.php(606): CodeIgniter\Database\BaseConnection->simpleQuery('SELECT `subject...')
#3 C:\xampp\htdocs\ClassFlow\system\Database\BaseBuilder.php(1616): CodeIgniter\Database\BaseConnection->query('SELECT `subject...', Array, false)
#4 C:\xampp\htdocs\ClassFlow\app\Models\SubjectModel.php(69): CodeIgniter\Database\BaseBuilder->get()
#5 C:\xampp\htdocs\ClassFlow\app\Controllers\SubjectController.php(115): App\Models\SubjectModel->test(Array)
#6 C:\xampp\htdocs\ClassFlow\app\Controllers\SubjectController.php(99): App\Controllers\SubjectController->test(Array)
#7 C:\xampp\htdocs\ClassFlow\system\CodeIgniter.php(932): App\Controllers\SubjectController->root('test')
#8 C:\xampp\htdocs\ClassFlow\system\CodeIgniter.php(497): CodeIgniter\CodeIgniter->runController(Object(App\Controllers\SubjectController))
#9 C:\xampp\htdocs\ClassFlow\system\CodeIgniter.php(366): CodeIgniter\CodeIgniter->handleRequest(NULL, Object(Config\Cache), false)
#10 C:\xampp\htdocs\ClassFlow\public\index.php(67): CodeIgniter\CodeIgniter->run()
#11 C:\xampp\htdocs\ClassFlow\system\Commands\Server\rewrite.php(47): require_once('C:\\xampp\\htdocs...')
#12 {main}
CRITICAL - 2024-05-07 18:06:24 --> You have an error in your SQL syntax; check the manual that corresponds to your MariaDB server version for the right syntax to use near ')' at line 4
in SYSTEMPATH\Database\MySQLi\Connection.php on line 295.
 1 SYSTEMPATH\Database\MySQLi\Connection.php(295): mysqli->query('SELECT `subjects`.*, `users`.`firstname`, `users`.`lastname`
FROM `subjects`
JOIN `users` ON `subjects`.`user_update` = `users`.`user_id`
WHERE `subject_id` = ()', 0)
 2 SYSTEMPATH\Database\BaseConnection.php(692): CodeIgniter\Database\MySQLi\Connection->execute('SELECT `subjects`.*, `users`.`firstname`, `users`.`lastname`
FROM `subjects`
JOIN `users` ON `subjects`.`user_update` = `users`.`user_id`
WHERE `subject_id` = ()')
 3 SYSTEMPATH\Database\BaseConnection.php(606): CodeIgniter\Database\BaseConnection->simpleQuery('SELECT `subjects`.*, `users`.`firstname`, `users`.`lastname`
FROM `subjects`
JOIN `users` ON `subjects`.`user_update` = `users`.`user_id`
WHERE `subject_id` = ()')
 4 SYSTEMPATH\Database\BaseBuilder.php(1616): CodeIgniter\Database\BaseConnection->query('SELECT `subjects`.*, `users`.`firstname`, `users`.`lastname`
FROM `subjects`
JOIN `users` ON `subjects`.`user_update` = `users`.`user_id`
WHERE `subject_id` = :subject_id:', [...], false)
 5 APPPATH\Models\SubjectModel.php(69): CodeIgniter\Database\BaseBuilder->get()
 6 APPPATH\Controllers\SubjectController.php(115): App\Models\SubjectModel->test([])
 7 APPPATH\Controllers\SubjectController.php(99): App\Controllers\SubjectController->test([])
 8 SYSTEMPATH\CodeIgniter.php(932): App\Controllers\SubjectController->root('test')
 9 SYSTEMPATH\CodeIgniter.php(497): CodeIgniter\CodeIgniter->runController(Object(App\Controllers\SubjectController))
10 SYSTEMPATH\CodeIgniter.php(366): CodeIgniter\CodeIgniter->handleRequest(null, Object(Config\Cache), false)
11 FCPATH\index.php(67): CodeIgniter\CodeIgniter->run()
12 SYSTEMPATH\Commands\Server\rewrite.php(47): require_once('C:\\xampp\\htdocs\\ClassFlow\\public\\index.php')
ERROR - 2024-05-07 18:06:25 --> mysqli_sql_exception: You have an error in your SQL syntax; check the manual that corresponds to your MariaDB server version for the right syntax to use near ')' at line 4 in C:\xampp\htdocs\ClassFlow\system\Database\MySQLi\Connection.php:295
Stack trace:
#0 C:\xampp\htdocs\ClassFlow\system\Database\MySQLi\Connection.php(295): mysqli->query('SELECT `subject...', 0)
#1 C:\xampp\htdocs\ClassFlow\system\Database\BaseConnection.php(692): CodeIgniter\Database\MySQLi\Connection->execute('SELECT `subject...')
#2 C:\xampp\htdocs\ClassFlow\system\Database\BaseConnection.php(606): CodeIgniter\Database\BaseConnection->simpleQuery('SELECT `subject...')
#3 C:\xampp\htdocs\ClassFlow\system\Database\BaseBuilder.php(1616): CodeIgniter\Database\BaseConnection->query('SELECT `subject...', Array, false)
#4 C:\xampp\htdocs\ClassFlow\app\Models\SubjectModel.php(69): CodeIgniter\Database\BaseBuilder->get()
#5 C:\xampp\htdocs\ClassFlow\app\Controllers\SubjectController.php(115): App\Models\SubjectModel->test(Array)
#6 C:\xampp\htdocs\ClassFlow\app\Controllers\SubjectController.php(99): App\Controllers\SubjectController->test(Array)
#7 C:\xampp\htdocs\ClassFlow\system\CodeIgniter.php(932): App\Controllers\SubjectController->root('test')
#8 C:\xampp\htdocs\ClassFlow\system\CodeIgniter.php(497): CodeIgniter\CodeIgniter->runController(Object(App\Controllers\SubjectController))
#9 C:\xampp\htdocs\ClassFlow\system\CodeIgniter.php(366): CodeIgniter\CodeIgniter->handleRequest(NULL, Object(Config\Cache), false)
#10 C:\xampp\htdocs\ClassFlow\public\index.php(67): CodeIgniter\CodeIgniter->run()
#11 C:\xampp\htdocs\ClassFlow\system\Commands\Server\rewrite.php(47): require_once('C:\\xampp\\htdocs...')
#12 {main}
CRITICAL - 2024-05-07 18:06:25 --> You have an error in your SQL syntax; check the manual that corresponds to your MariaDB server version for the right syntax to use near ')' at line 4
in SYSTEMPATH\Database\MySQLi\Connection.php on line 295.
 1 SYSTEMPATH\Database\MySQLi\Connection.php(295): mysqli->query('SELECT `subjects`.*, `users`.`firstname`, `users`.`lastname`
FROM `subjects`
JOIN `users` ON `subjects`.`user_update` = `users`.`user_id`
WHERE `subject_id` = ()', 0)
 2 SYSTEMPATH\Database\BaseConnection.php(692): CodeIgniter\Database\MySQLi\Connection->execute('SELECT `subjects`.*, `users`.`firstname`, `users`.`lastname`
FROM `subjects`
JOIN `users` ON `subjects`.`user_update` = `users`.`user_id`
WHERE `subject_id` = ()')
 3 SYSTEMPATH\Database\BaseConnection.php(606): CodeIgniter\Database\BaseConnection->simpleQuery('SELECT `subjects`.*, `users`.`firstname`, `users`.`lastname`
FROM `subjects`
JOIN `users` ON `subjects`.`user_update` = `users`.`user_id`
WHERE `subject_id` = ()')
 4 SYSTEMPATH\Database\BaseBuilder.php(1616): CodeIgniter\Database\BaseConnection->query('SELECT `subjects`.*, `users`.`firstname`, `users`.`lastname`
FROM `subjects`
JOIN `users` ON `subjects`.`user_update` = `users`.`user_id`
WHERE `subject_id` = :subject_id:', [...], false)
 5 APPPATH\Models\SubjectModel.php(69): CodeIgniter\Database\BaseBuilder->get()
 6 APPPATH\Controllers\SubjectController.php(115): App\Models\SubjectModel->test([])
 7 APPPATH\Controllers\SubjectController.php(99): App\Controllers\SubjectController->test([])
 8 SYSTEMPATH\CodeIgniter.php(932): App\Controllers\SubjectController->root('test')
 9 SYSTEMPATH\CodeIgniter.php(497): CodeIgniter\CodeIgniter->runController(Object(App\Controllers\SubjectController))
10 SYSTEMPATH\CodeIgniter.php(366): CodeIgniter\CodeIgniter->handleRequest(null, Object(Config\Cache), false)
11 FCPATH\index.php(67): CodeIgniter\CodeIgniter->run()
12 SYSTEMPATH\Commands\Server\rewrite.php(47): require_once('C:\\xampp\\htdocs\\ClassFlow\\public\\index.php')
ERROR - 2024-05-07 18:07:01 --> mysqli_sql_exception: You have an error in your SQL syntax; check the manual that corresponds to your MariaDB server version for the right syntax to use near ')' at line 4 in C:\xampp\htdocs\ClassFlow\system\Database\MySQLi\Connection.php:295
Stack trace:
#0 C:\xampp\htdocs\ClassFlow\system\Database\MySQLi\Connection.php(295): mysqli->query('SELECT `subject...', 0)
#1 C:\xampp\htdocs\ClassFlow\system\Database\BaseConnection.php(692): CodeIgniter\Database\MySQLi\Connection->execute('SELECT `subject...')
#2 C:\xampp\htdocs\ClassFlow\system\Database\BaseConnection.php(606): CodeIgniter\Database\BaseConnection->simpleQuery('SELECT `subject...')
#3 C:\xampp\htdocs\ClassFlow\system\Database\BaseBuilder.php(1616): CodeIgniter\Database\BaseConnection->query('SELECT `subject...', Array, false)
#4 C:\xampp\htdocs\ClassFlow\app\Models\SubjectModel.php(69): CodeIgniter\Database\BaseBuilder->get()
#5 C:\xampp\htdocs\ClassFlow\app\Controllers\SubjectController.php(115): App\Models\SubjectModel->test(Array)
#6 C:\xampp\htdocs\ClassFlow\app\Controllers\SubjectController.php(99): App\Controllers\SubjectController->test(Array)
#7 C:\xampp\htdocs\ClassFlow\system\CodeIgniter.php(932): App\Controllers\SubjectController->root('test')
#8 C:\xampp\htdocs\ClassFlow\system\CodeIgniter.php(497): CodeIgniter\CodeIgniter->runController(Object(App\Controllers\SubjectController))
#9 C:\xampp\htdocs\ClassFlow\system\CodeIgniter.php(366): CodeIgniter\CodeIgniter->handleRequest(NULL, Object(Config\Cache), false)
#10 C:\xampp\htdocs\ClassFlow\public\index.php(67): CodeIgniter\CodeIgniter->run()
#11 C:\xampp\htdocs\ClassFlow\system\Commands\Server\rewrite.php(47): require_once('C:\\xampp\\htdocs...')
#12 {main}
CRITICAL - 2024-05-07 18:07:01 --> You have an error in your SQL syntax; check the manual that corresponds to your MariaDB server version for the right syntax to use near ')' at line 4
in SYSTEMPATH\Database\MySQLi\Connection.php on line 295.
 1 SYSTEMPATH\Database\MySQLi\Connection.php(295): mysqli->query('SELECT `subjects`.*, `users`.`firstname`, `users`.`lastname`
FROM `subjects`
JOIN `users` ON `subjects`.`user_update` = `users`.`user_id`
WHERE `subject_id` = ()', 0)
 2 SYSTEMPATH\Database\BaseConnection.php(692): CodeIgniter\Database\MySQLi\Connection->execute('SELECT `subjects`.*, `users`.`firstname`, `users`.`lastname`
FROM `subjects`
JOIN `users` ON `subjects`.`user_update` = `users`.`user_id`
WHERE `subject_id` = ()')
 3 SYSTEMPATH\Database\BaseConnection.php(606): CodeIgniter\Database\BaseConnection->simpleQuery('SELECT `subjects`.*, `users`.`firstname`, `users`.`lastname`
FROM `subjects`
JOIN `users` ON `subjects`.`user_update` = `users`.`user_id`
WHERE `subject_id` = ()')
 4 SYSTEMPATH\Database\BaseBuilder.php(1616): CodeIgniter\Database\BaseConnection->query('SELECT `subjects`.*, `users`.`firstname`, `users`.`lastname`
FROM `subjects`
JOIN `users` ON `subjects`.`user_update` = `users`.`user_id`
WHERE `subject_id` = :subject_id:', [...], false)
 5 APPPATH\Models\SubjectModel.php(69): CodeIgniter\Database\BaseBuilder->get()
 6 APPPATH\Controllers\SubjectController.php(115): App\Models\SubjectModel->test([])
 7 APPPATH\Controllers\SubjectController.php(99): App\Controllers\SubjectController->test([])
 8 SYSTEMPATH\CodeIgniter.php(932): App\Controllers\SubjectController->root('test')
 9 SYSTEMPATH\CodeIgniter.php(497): CodeIgniter\CodeIgniter->runController(Object(App\Controllers\SubjectController))
10 SYSTEMPATH\CodeIgniter.php(366): CodeIgniter\CodeIgniter->handleRequest(null, Object(Config\Cache), false)
11 FCPATH\index.php(67): CodeIgniter\CodeIgniter->run()
12 SYSTEMPATH\Commands\Server\rewrite.php(47): require_once('C:\\xampp\\htdocs\\ClassFlow\\public\\index.php')
ERROR - 2024-05-07 18:07:25 --> mysqli_sql_exception: You have an error in your SQL syntax; check the manual that corresponds to your MariaDB server version for the right syntax to use near ')' at line 4 in C:\xampp\htdocs\ClassFlow\system\Database\MySQLi\Connection.php:295
Stack trace:
#0 C:\xampp\htdocs\ClassFlow\system\Database\MySQLi\Connection.php(295): mysqli->query('SELECT `subject...', 0)
#1 C:\xampp\htdocs\ClassFlow\system\Database\BaseConnection.php(692): CodeIgniter\Database\MySQLi\Connection->execute('SELECT `subject...')
#2 C:\xampp\htdocs\ClassFlow\system\Database\BaseConnection.php(606): CodeIgniter\Database\BaseConnection->simpleQuery('SELECT `subject...')
#3 C:\xampp\htdocs\ClassFlow\system\Database\BaseBuilder.php(1616): CodeIgniter\Database\BaseConnection->query('SELECT `subject...', Array, false)
#4 C:\xampp\htdocs\ClassFlow\app\Models\SubjectModel.php(69): CodeIgniter\Database\BaseBuilder->get()
#5 C:\xampp\htdocs\ClassFlow\app\Controllers\SubjectController.php(115): App\Models\SubjectModel->test(Array)
#6 C:\xampp\htdocs\ClassFlow\app\Controllers\SubjectController.php(99): App\Controllers\SubjectController->test(Array)
#7 C:\xampp\htdocs\ClassFlow\system\CodeIgniter.php(932): App\Controllers\SubjectController->root('test')
#8 C:\xampp\htdocs\ClassFlow\system\CodeIgniter.php(497): CodeIgniter\CodeIgniter->runController(Object(App\Controllers\SubjectController))
#9 C:\xampp\htdocs\ClassFlow\system\CodeIgniter.php(366): CodeIgniter\CodeIgniter->handleRequest(NULL, Object(Config\Cache), false)
#10 C:\xampp\htdocs\ClassFlow\public\index.php(67): CodeIgniter\CodeIgniter->run()
#11 C:\xampp\htdocs\ClassFlow\system\Commands\Server\rewrite.php(47): require_once('C:\\xampp\\htdocs...')
#12 {main}
CRITICAL - 2024-05-07 18:07:25 --> You have an error in your SQL syntax; check the manual that corresponds to your MariaDB server version for the right syntax to use near ')' at line 4
in SYSTEMPATH\Database\MySQLi\Connection.php on line 295.
 1 SYSTEMPATH\Database\MySQLi\Connection.php(295): mysqli->query('SELECT `subjects`.*, `users`.`firstname`, `users`.`lastname`
FROM `subjects`
JOIN `users` ON `subjects`.`user_update` = `users`.`user_id`
WHERE `subject_id` = ()', 0)
 2 SYSTEMPATH\Database\BaseConnection.php(692): CodeIgniter\Database\MySQLi\Connection->execute('SELECT `subjects`.*, `users`.`firstname`, `users`.`lastname`
FROM `subjects`
JOIN `users` ON `subjects`.`user_update` = `users`.`user_id`
WHERE `subject_id` = ()')
 3 SYSTEMPATH\Database\BaseConnection.php(606): CodeIgniter\Database\BaseConnection->simpleQuery('SELECT `subjects`.*, `users`.`firstname`, `users`.`lastname`
FROM `subjects`
JOIN `users` ON `subjects`.`user_update` = `users`.`user_id`
WHERE `subject_id` = ()')
 4 SYSTEMPATH\Database\BaseBuilder.php(1616): CodeIgniter\Database\BaseConnection->query('SELECT `subjects`.*, `users`.`firstname`, `users`.`lastname`
FROM `subjects`
JOIN `users` ON `subjects`.`user_update` = `users`.`user_id`
WHERE `subject_id` = :subject_id:', [...], false)
 5 APPPATH\Models\SubjectModel.php(69): CodeIgniter\Database\BaseBuilder->get()
 6 APPPATH\Controllers\SubjectController.php(115): App\Models\SubjectModel->test([])
 7 APPPATH\Controllers\SubjectController.php(99): App\Controllers\SubjectController->test([])
 8 SYSTEMPATH\CodeIgniter.php(932): App\Controllers\SubjectController->root('test')
 9 SYSTEMPATH\CodeIgniter.php(497): CodeIgniter\CodeIgniter->runController(Object(App\Controllers\SubjectController))
10 SYSTEMPATH\CodeIgniter.php(366): CodeIgniter\CodeIgniter->handleRequest(null, Object(Config\Cache), false)
11 FCPATH\index.php(67): CodeIgniter\CodeIgniter->run()
12 SYSTEMPATH\Commands\Server\rewrite.php(47): require_once('C:\\xampp\\htdocs\\ClassFlow\\public\\index.php')
ERROR - 2024-05-07 18:07:30 --> mysqli_sql_exception: You have an error in your SQL syntax; check the manual that corresponds to your MariaDB server version for the right syntax to use near ')' at line 4 in C:\xampp\htdocs\ClassFlow\system\Database\MySQLi\Connection.php:295
Stack trace:
#0 C:\xampp\htdocs\ClassFlow\system\Database\MySQLi\Connection.php(295): mysqli->query('SELECT `subject...', 0)
#1 C:\xampp\htdocs\ClassFlow\system\Database\BaseConnection.php(692): CodeIgniter\Database\MySQLi\Connection->execute('SELECT `subject...')
#2 C:\xampp\htdocs\ClassFlow\system\Database\BaseConnection.php(606): CodeIgniter\Database\BaseConnection->simpleQuery('SELECT `subject...')
#3 C:\xampp\htdocs\ClassFlow\system\Database\BaseBuilder.php(1616): CodeIgniter\Database\BaseConnection->query('SELECT `subject...', Array, false)
#4 C:\xampp\htdocs\ClassFlow\app\Models\SubjectModel.php(69): CodeIgniter\Database\BaseBuilder->get()
#5 C:\xampp\htdocs\ClassFlow\app\Controllers\SubjectController.php(115): App\Models\SubjectModel->test(Array)
#6 C:\xampp\htdocs\ClassFlow\app\Controllers\SubjectController.php(99): App\Controllers\SubjectController->test(Array)
#7 C:\xampp\htdocs\ClassFlow\system\CodeIgniter.php(932): App\Controllers\SubjectController->root('test')
#8 C:\xampp\htdocs\ClassFlow\system\CodeIgniter.php(497): CodeIgniter\CodeIgniter->runController(Object(App\Controllers\SubjectController))
#9 C:\xampp\htdocs\ClassFlow\system\CodeIgniter.php(366): CodeIgniter\CodeIgniter->handleRequest(NULL, Object(Config\Cache), false)
#10 C:\xampp\htdocs\ClassFlow\public\index.php(67): CodeIgniter\CodeIgniter->run()
#11 C:\xampp\htdocs\ClassFlow\system\Commands\Server\rewrite.php(47): require_once('C:\\xampp\\htdocs...')
#12 {main}
CRITICAL - 2024-05-07 18:07:30 --> You have an error in your SQL syntax; check the manual that corresponds to your MariaDB server version for the right syntax to use near ')' at line 4
in SYSTEMPATH\Database\MySQLi\Connection.php on line 295.
 1 SYSTEMPATH\Database\MySQLi\Connection.php(295): mysqli->query('SELECT `subjects`.*, `users`.`firstname`, `users`.`lastname`
FROM `subjects`
JOIN `users` ON `subjects`.`user_update` = `users`.`user_id`
WHERE `subject_id` = ()', 0)
 2 SYSTEMPATH\Database\BaseConnection.php(692): CodeIgniter\Database\MySQLi\Connection->execute('SELECT `subjects`.*, `users`.`firstname`, `users`.`lastname`
FROM `subjects`
JOIN `users` ON `subjects`.`user_update` = `users`.`user_id`
WHERE `subject_id` = ()')
 3 SYSTEMPATH\Database\BaseConnection.php(606): CodeIgniter\Database\BaseConnection->simpleQuery('SELECT `subjects`.*, `users`.`firstname`, `users`.`lastname`
FROM `subjects`
JOIN `users` ON `subjects`.`user_update` = `users`.`user_id`
WHERE `subject_id` = ()')
 4 SYSTEMPATH\Database\BaseBuilder.php(1616): CodeIgniter\Database\BaseConnection->query('SELECT `subjects`.*, `users`.`firstname`, `users`.`lastname`
FROM `subjects`
JOIN `users` ON `subjects`.`user_update` = `users`.`user_id`
WHERE `subject_id` = :subject_id:', [...], false)
 5 APPPATH\Models\SubjectModel.php(69): CodeIgniter\Database\BaseBuilder->get()
 6 APPPATH\Controllers\SubjectController.php(115): App\Models\SubjectModel->test([])
 7 APPPATH\Controllers\SubjectController.php(99): App\Controllers\SubjectController->test([])
 8 SYSTEMPATH\CodeIgniter.php(932): App\Controllers\SubjectController->root('test')
 9 SYSTEMPATH\CodeIgniter.php(497): CodeIgniter\CodeIgniter->runController(Object(App\Controllers\SubjectController))
10 SYSTEMPATH\CodeIgniter.php(366): CodeIgniter\CodeIgniter->handleRequest(null, Object(Config\Cache), false)
11 FCPATH\index.php(67): CodeIgniter\CodeIgniter->run()
12 SYSTEMPATH\Commands\Server\rewrite.php(47): require_once('C:\\xampp\\htdocs\\ClassFlow\\public\\index.php')
ERROR - 2024-05-07 18:07:32 --> mysqli_sql_exception: You have an error in your SQL syntax; check the manual that corresponds to your MariaDB server version for the right syntax to use near ')' at line 4 in C:\xampp\htdocs\ClassFlow\system\Database\MySQLi\Connection.php:295
Stack trace:
#0 C:\xampp\htdocs\ClassFlow\system\Database\MySQLi\Connection.php(295): mysqli->query('SELECT `subject...', 0)
#1 C:\xampp\htdocs\ClassFlow\system\Database\BaseConnection.php(692): CodeIgniter\Database\MySQLi\Connection->execute('SELECT `subject...')
#2 C:\xampp\htdocs\ClassFlow\system\Database\BaseConnection.php(606): CodeIgniter\Database\BaseConnection->simpleQuery('SELECT `subject...')
#3 C:\xampp\htdocs\ClassFlow\system\Database\BaseBuilder.php(1616): CodeIgniter\Database\BaseConnection->query('SELECT `subject...', Array, false)
#4 C:\xampp\htdocs\ClassFlow\app\Models\SubjectModel.php(69): CodeIgniter\Database\BaseBuilder->get()
#5 C:\xampp\htdocs\ClassFlow\app\Controllers\SubjectController.php(115): App\Models\SubjectModel->test(Array)
#6 C:\xampp\htdocs\ClassFlow\app\Controllers\SubjectController.php(99): App\Controllers\SubjectController->test(Array)
#7 C:\xampp\htdocs\ClassFlow\system\CodeIgniter.php(932): App\Controllers\SubjectController->root('test')
#8 C:\xampp\htdocs\ClassFlow\system\CodeIgniter.php(497): CodeIgniter\CodeIgniter->runController(Object(App\Controllers\SubjectController))
#9 C:\xampp\htdocs\ClassFlow\system\CodeIgniter.php(366): CodeIgniter\CodeIgniter->handleRequest(NULL, Object(Config\Cache), false)
#10 C:\xampp\htdocs\ClassFlow\public\index.php(67): CodeIgniter\CodeIgniter->run()
#11 C:\xampp\htdocs\ClassFlow\system\Commands\Server\rewrite.php(47): require_once('C:\\xampp\\htdocs...')
#12 {main}
CRITICAL - 2024-05-07 18:07:32 --> You have an error in your SQL syntax; check the manual that corresponds to your MariaDB server version for the right syntax to use near ')' at line 4
in SYSTEMPATH\Database\MySQLi\Connection.php on line 295.
 1 SYSTEMPATH\Database\MySQLi\Connection.php(295): mysqli->query('SELECT `subjects`.*, `users`.`firstname`, `users`.`lastname`
FROM `subjects`
JOIN `users` ON `subjects`.`user_update` = `users`.`user_id`
WHERE `subject_id` = ()', 0)
 2 SYSTEMPATH\Database\BaseConnection.php(692): CodeIgniter\Database\MySQLi\Connection->execute('SELECT `subjects`.*, `users`.`firstname`, `users`.`lastname`
FROM `subjects`
JOIN `users` ON `subjects`.`user_update` = `users`.`user_id`
WHERE `subject_id` = ()')
 3 SYSTEMPATH\Database\BaseConnection.php(606): CodeIgniter\Database\BaseConnection->simpleQuery('SELECT `subjects`.*, `users`.`firstname`, `users`.`lastname`
FROM `subjects`
JOIN `users` ON `subjects`.`user_update` = `users`.`user_id`
WHERE `subject_id` = ()')
 4 SYSTEMPATH\Database\BaseBuilder.php(1616): CodeIgniter\Database\BaseConnection->query('SELECT `subjects`.*, `users`.`firstname`, `users`.`lastname`
FROM `subjects`
JOIN `users` ON `subjects`.`user_update` = `users`.`user_id`
WHERE `subject_id` = :subject_id:', [...], false)
 5 APPPATH\Models\SubjectModel.php(69): CodeIgniter\Database\BaseBuilder->get()
 6 APPPATH\Controllers\SubjectController.php(115): App\Models\SubjectModel->test([])
 7 APPPATH\Controllers\SubjectController.php(99): App\Controllers\SubjectController->test([])
 8 SYSTEMPATH\CodeIgniter.php(932): App\Controllers\SubjectController->root('test')
 9 SYSTEMPATH\CodeIgniter.php(497): CodeIgniter\CodeIgniter->runController(Object(App\Controllers\SubjectController))
10 SYSTEMPATH\CodeIgniter.php(366): CodeIgniter\CodeIgniter->handleRequest(null, Object(Config\Cache), false)
11 FCPATH\index.php(67): CodeIgniter\CodeIgniter->run()
12 SYSTEMPATH\Commands\Server\rewrite.php(47): require_once('C:\\xampp\\htdocs\\ClassFlow\\public\\index.php')
ERROR - 2024-05-07 18:16:55 --> mysqli_sql_exception: You have an error in your SQL syntax; check the manual that corresponds to your MariaDB server version for the right syntax to use near ')' at line 4 in C:\xampp\htdocs\ClassFlow\system\Database\MySQLi\Connection.php:295
Stack trace:
#0 C:\xampp\htdocs\ClassFlow\system\Database\MySQLi\Connection.php(295): mysqli->query('SELECT `subject...', 0)
#1 C:\xampp\htdocs\ClassFlow\system\Database\BaseConnection.php(692): CodeIgniter\Database\MySQLi\Connection->execute('SELECT `subject...')
#2 C:\xampp\htdocs\ClassFlow\system\Database\BaseConnection.php(606): CodeIgniter\Database\BaseConnection->simpleQuery('SELECT `subject...')
#3 C:\xampp\htdocs\ClassFlow\system\Database\BaseBuilder.php(1616): CodeIgniter\Database\BaseConnection->query('SELECT `subject...', Array, false)
#4 C:\xampp\htdocs\ClassFlow\app\Models\SubjectModel.php(69): CodeIgniter\Database\BaseBuilder->get()
#5 C:\xampp\htdocs\ClassFlow\app\Controllers\SubjectController.php(115): App\Models\SubjectModel->test(Array)
#6 C:\xampp\htdocs\ClassFlow\app\Controllers\SubjectController.php(99): App\Controllers\SubjectController->test(Array)
#7 C:\xampp\htdocs\ClassFlow\system\CodeIgniter.php(932): App\Controllers\SubjectController->root('test')
#8 C:\xampp\htdocs\ClassFlow\system\CodeIgniter.php(497): CodeIgniter\CodeIgniter->runController(Object(App\Controllers\SubjectController))
#9 C:\xampp\htdocs\ClassFlow\system\CodeIgniter.php(366): CodeIgniter\CodeIgniter->handleRequest(NULL, Object(Config\Cache), false)
#10 C:\xampp\htdocs\ClassFlow\public\index.php(67): CodeIgniter\CodeIgniter->run()
#11 C:\xampp\htdocs\ClassFlow\system\Commands\Server\rewrite.php(47): require_once('C:\\xampp\\htdocs...')
#12 {main}
CRITICAL - 2024-05-07 18:16:55 --> You have an error in your SQL syntax; check the manual that corresponds to your MariaDB server version for the right syntax to use near ')' at line 4
in SYSTEMPATH\Database\MySQLi\Connection.php on line 295.
 1 SYSTEMPATH\Database\MySQLi\Connection.php(295): mysqli->query('SELECT `subjects`.*, `users`.`firstname`, `users`.`lastname`
FROM `subjects`
JOIN `users` ON `subjects`.`user_update` = `users`.`user_id`
WHERE `subject_id` = ()', 0)
 2 SYSTEMPATH\Database\BaseConnection.php(692): CodeIgniter\Database\MySQLi\Connection->execute('SELECT `subjects`.*, `users`.`firstname`, `users`.`lastname`
FROM `subjects`
JOIN `users` ON `subjects`.`user_update` = `users`.`user_id`
WHERE `subject_id` = ()')
 3 SYSTEMPATH\Database\BaseConnection.php(606): CodeIgniter\Database\BaseConnection->simpleQuery('SELECT `subjects`.*, `users`.`firstname`, `users`.`lastname`
FROM `subjects`
JOIN `users` ON `subjects`.`user_update` = `users`.`user_id`
WHERE `subject_id` = ()')
 4 SYSTEMPATH\Database\BaseBuilder.php(1616): CodeIgniter\Database\BaseConnection->query('SELECT `subjects`.*, `users`.`firstname`, `users`.`lastname`
FROM `subjects`
JOIN `users` ON `subjects`.`user_update` = `users`.`user_id`
WHERE `subject_id` = :subject_id:', [...], false)
 5 APPPATH\Models\SubjectModel.php(69): CodeIgniter\Database\BaseBuilder->get()
 6 APPPATH\Controllers\SubjectController.php(115): App\Models\SubjectModel->test([])
 7 APPPATH\Controllers\SubjectController.php(99): App\Controllers\SubjectController->test([])
 8 SYSTEMPATH\CodeIgniter.php(932): App\Controllers\SubjectController->root('test')
 9 SYSTEMPATH\CodeIgniter.php(497): CodeIgniter\CodeIgniter->runController(Object(App\Controllers\SubjectController))
10 SYSTEMPATH\CodeIgniter.php(366): CodeIgniter\CodeIgniter->handleRequest(null, Object(Config\Cache), false)
11 FCPATH\index.php(67): CodeIgniter\CodeIgniter->run()
12 SYSTEMPATH\Commands\Server\rewrite.php(47): require_once('C:\\xampp\\htdocs\\ClassFlow\\public\\index.php')
ERROR - 2024-05-07 18:17:04 --> mysqli_sql_exception: You have an error in your SQL syntax; check the manual that corresponds to your MariaDB server version for the right syntax to use near ')' at line 4 in C:\xampp\htdocs\ClassFlow\system\Database\MySQLi\Connection.php:295
Stack trace:
#0 C:\xampp\htdocs\ClassFlow\system\Database\MySQLi\Connection.php(295): mysqli->query('SELECT `subject...', 0)
#1 C:\xampp\htdocs\ClassFlow\system\Database\BaseConnection.php(692): CodeIgniter\Database\MySQLi\Connection->execute('SELECT `subject...')
#2 C:\xampp\htdocs\ClassFlow\system\Database\BaseConnection.php(606): CodeIgniter\Database\BaseConnection->simpleQuery('SELECT `subject...')
#3 C:\xampp\htdocs\ClassFlow\system\Database\BaseBuilder.php(1616): CodeIgniter\Database\BaseConnection->query('SELECT `subject...', Array, false)
#4 C:\xampp\htdocs\ClassFlow\app\Models\SubjectModel.php(69): CodeIgniter\Database\BaseBuilder->get()
#5 C:\xampp\htdocs\ClassFlow\app\Controllers\SubjectController.php(115): App\Models\SubjectModel->test(Array)
#6 C:\xampp\htdocs\ClassFlow\app\Controllers\SubjectController.php(99): App\Controllers\SubjectController->test(Array)
#7 C:\xampp\htdocs\ClassFlow\system\CodeIgniter.php(932): App\Controllers\SubjectController->root('test')
#8 C:\xampp\htdocs\ClassFlow\system\CodeIgniter.php(497): CodeIgniter\CodeIgniter->runController(Object(App\Controllers\SubjectController))
#9 C:\xampp\htdocs\ClassFlow\system\CodeIgniter.php(366): CodeIgniter\CodeIgniter->handleRequest(NULL, Object(Config\Cache), false)
#10 C:\xampp\htdocs\ClassFlow\public\index.php(67): CodeIgniter\CodeIgniter->run()
#11 C:\xampp\htdocs\ClassFlow\system\Commands\Server\rewrite.php(47): require_once('C:\\xampp\\htdocs...')
#12 {main}
CRITICAL - 2024-05-07 18:17:04 --> You have an error in your SQL syntax; check the manual that corresponds to your MariaDB server version for the right syntax to use near ')' at line 4
in SYSTEMPATH\Database\MySQLi\Connection.php on line 295.
 1 SYSTEMPATH\Database\MySQLi\Connection.php(295): mysqli->query('SELECT `subjects`.*, `users`.`firstname`, `users`.`lastname`
FROM `subjects`
JOIN `users` ON `subjects`.`user_update` = `users`.`user_id`
WHERE `subject_id` = ()', 0)
 2 SYSTEMPATH\Database\BaseConnection.php(692): CodeIgniter\Database\MySQLi\Connection->execute('SELECT `subjects`.*, `users`.`firstname`, `users`.`lastname`
FROM `subjects`
JOIN `users` ON `subjects`.`user_update` = `users`.`user_id`
WHERE `subject_id` = ()')
 3 SYSTEMPATH\Database\BaseConnection.php(606): CodeIgniter\Database\BaseConnection->simpleQuery('SELECT `subjects`.*, `users`.`firstname`, `users`.`lastname`
FROM `subjects`
JOIN `users` ON `subjects`.`user_update` = `users`.`user_id`
WHERE `subject_id` = ()')
 4 SYSTEMPATH\Database\BaseBuilder.php(1616): CodeIgniter\Database\BaseConnection->query('SELECT `subjects`.*, `users`.`firstname`, `users`.`lastname`
FROM `subjects`
JOIN `users` ON `subjects`.`user_update` = `users`.`user_id`
WHERE `subject_id` = :subject_id:', [...], false)
 5 APPPATH\Models\SubjectModel.php(69): CodeIgniter\Database\BaseBuilder->get()
 6 APPPATH\Controllers\SubjectController.php(115): App\Models\SubjectModel->test([])
 7 APPPATH\Controllers\SubjectController.php(99): App\Controllers\SubjectController->test([])
 8 SYSTEMPATH\CodeIgniter.php(932): App\Controllers\SubjectController->root('test')
 9 SYSTEMPATH\CodeIgniter.php(497): CodeIgniter\CodeIgniter->runController(Object(App\Controllers\SubjectController))
10 SYSTEMPATH\CodeIgniter.php(366): CodeIgniter\CodeIgniter->handleRequest(null, Object(Config\Cache), false)
11 FCPATH\index.php(67): CodeIgniter\CodeIgniter->run()
12 SYSTEMPATH\Commands\Server\rewrite.php(47): require_once('C:\\xampp\\htdocs\\ClassFlow\\public\\index.php')
CRITICAL - 2024-05-07 19:00:32 --> Invalid argument supplied for foreach()
in APPPATH\Views\subject\subject.php on line 73.
 1 APPPATH\Views\subject\subject.php(73): CodeIgniter\Debug\Exceptions->errorHandler(2, 'Invalid argument supplied for foreach()', 'C:\\xampp\\htdocs\\ClassFlow\\app\\Views\\subject\\subject.php', 73, [...])
 2 SYSTEMPATH\View\View.php(224): include('C:\\xampp\\htdocs\\ClassFlow\\app\\Views\\subject\\subject.php')
 3 SYSTEMPATH\View\View.php(227): CodeIgniter\View\View->CodeIgniter\View\{closure}()
 4 SYSTEMPATH\Common.php(1180): CodeIgniter\View\View->render('subject/subject', [], true)
 5 APPPATH\Controllers\SubjectController.php(109): view('subject/subject', [...])
 6 SYSTEMPATH\CodeIgniter.php(932): App\Controllers\SubjectController->index()
 7 SYSTEMPATH\CodeIgniter.php(497): CodeIgniter\CodeIgniter->runController(Object(App\Controllers\SubjectController))
 8 SYSTEMPATH\CodeIgniter.php(366): CodeIgniter\CodeIgniter->handleRequest(null, Object(Config\Cache), false)
 9 FCPATH\index.php(67): CodeIgniter\CodeIgniter->run()
10 SYSTEMPATH\Commands\Server\rewrite.php(47): require_once('C:\\xampp\\htdocs\\ClassFlow\\public\\index.php')
