CRITICAL - 2024-05-04 09:11:59 --> Cannot use object of type stdClass as array
in APPPATH\Views\profile\general.php on line 42.
 1 SYSTEMPATH\View\View.php(224): include()
 2 SYSTEMPATH\View\View.php(227): CodeIgniter\View\View->CodeIgniter\View\{closure}()
 3 SYSTEMPATH\Common.php(1180): CodeIgniter\View\View->render('profile/general', [], true)
 4 APPPATH\Controllers\ProfileController.php(133): view('profile/general', [...])
 5 APPPATH\Controllers\ProfileController.php(104): App\Controllers\ProfileController->general()
 6 SYSTEMPATH\CodeIgniter.php(932): App\Controllers\ProfileController->rootGet('general')
 7 SYSTEMPATH\CodeIgniter.php(497): CodeIgniter\CodeIgniter->runController(Object(App\Controllers\ProfileController))
 8 SYSTEMPATH\CodeIgniter.php(366): CodeIgniter\CodeIgniter->handleRequest(null, Object(Config\Cache), false)
 9 FCPATH\index.php(67): CodeIgniter\CodeIgniter->run()
10 SYSTEMPATH\Commands\Server\rewrite.php(47): require_once('C:\\xampp\\htdocs\\ClassFlow\\public\\index.php')
CRITICAL - 2024-05-04 09:12:00 --> Cannot use object of type stdClass as array
in APPPATH\Views\profile\general.php on line 42.
 1 SYSTEMPATH\View\View.php(224): include()
 2 SYSTEMPATH\View\View.php(227): CodeIgniter\View\View->CodeIgniter\View\{closure}()
 3 SYSTEMPATH\Common.php(1180): CodeIgniter\View\View->render('profile/general', [], true)
 4 APPPATH\Controllers\ProfileController.php(133): view('profile/general', [...])
 5 APPPATH\Controllers\ProfileController.php(104): App\Controllers\ProfileController->general()
 6 SYSTEMPATH\CodeIgniter.php(932): App\Controllers\ProfileController->rootGet('general')
 7 SYSTEMPATH\CodeIgniter.php(497): CodeIgniter\CodeIgniter->runController(Object(App\Controllers\ProfileController))
 8 SYSTEMPATH\CodeIgniter.php(366): CodeIgniter\CodeIgniter->handleRequest(null, Object(Config\Cache), false)
 9 FCPATH\index.php(67): CodeIgniter\CodeIgniter->run()
10 SYSTEMPATH\Commands\Server\rewrite.php(47): require_once('C:\\xampp\\htdocs\\ClassFlow\\public\\index.php')
CRITICAL - 2024-05-04 09:12:00 --> Cannot use object of type stdClass as array
in APPPATH\Views\profile\general.php on line 42.
 1 SYSTEMPATH\View\View.php(224): include()
 2 SYSTEMPATH\View\View.php(227): CodeIgniter\View\View->CodeIgniter\View\{closure}()
 3 SYSTEMPATH\Common.php(1180): CodeIgniter\View\View->render('profile/general', [], true)
 4 APPPATH\Controllers\ProfileController.php(133): view('profile/general', [...])
 5 APPPATH\Controllers\ProfileController.php(104): App\Controllers\ProfileController->general()
 6 SYSTEMPATH\CodeIgniter.php(932): App\Controllers\ProfileController->rootGet('general')
 7 SYSTEMPATH\CodeIgniter.php(497): CodeIgniter\CodeIgniter->runController(Object(App\Controllers\ProfileController))
 8 SYSTEMPATH\CodeIgniter.php(366): CodeIgniter\CodeIgniter->handleRequest(null, Object(Config\Cache), false)
 9 FCPATH\index.php(67): CodeIgniter\CodeIgniter->run()
10 SYSTEMPATH\Commands\Server\rewrite.php(47): require_once('C:\\xampp\\htdocs\\ClassFlow\\public\\index.php')
CRITICAL - 2024-05-04 09:12:00 --> Cannot use object of type stdClass as array
in APPPATH\Views\profile\general.php on line 42.
 1 SYSTEMPATH\View\View.php(224): include()
 2 SYSTEMPATH\View\View.php(227): CodeIgniter\View\View->CodeIgniter\View\{closure}()
 3 SYSTEMPATH\Common.php(1180): CodeIgniter\View\View->render('profile/general', [], true)
 4 APPPATH\Controllers\ProfileController.php(133): view('profile/general', [...])
 5 APPPATH\Controllers\ProfileController.php(104): App\Controllers\ProfileController->general()
 6 SYSTEMPATH\CodeIgniter.php(932): App\Controllers\ProfileController->rootGet('general')
 7 SYSTEMPATH\CodeIgniter.php(497): CodeIgniter\CodeIgniter->runController(Object(App\Controllers\ProfileController))
 8 SYSTEMPATH\CodeIgniter.php(366): CodeIgniter\CodeIgniter->handleRequest(null, Object(Config\Cache), false)
 9 FCPATH\index.php(67): CodeIgniter\CodeIgniter->run()
10 SYSTEMPATH\Commands\Server\rewrite.php(47): require_once('C:\\xampp\\htdocs\\ClassFlow\\public\\index.php')
ERROR - 2024-05-04 09:12:05 --> mysqli_sql_exception: Column 'user_id' in where clause is ambiguous in C:\xampp\htdocs\ClassFlow\system\Database\MySQLi\Connection.php:295
Stack trace:
#0 C:\xampp\htdocs\ClassFlow\system\Database\MySQLi\Connection.php(295): mysqli->query('SELECT `users`....', 0)
#1 C:\xampp\htdocs\ClassFlow\system\Database\BaseConnection.php(692): CodeIgniter\Database\MySQLi\Connection->execute('SELECT `users`....')
#2 C:\xampp\htdocs\ClassFlow\system\Database\BaseConnection.php(606): CodeIgniter\Database\BaseConnection->simpleQuery('SELECT `users`....')
#3 C:\xampp\htdocs\ClassFlow\system\Database\BaseBuilder.php(1616): CodeIgniter\Database\BaseConnection->query('SELECT `users`....', Array, false)
#4 C:\xampp\htdocs\ClassFlow\app\Models\ProfileModel.php(58): CodeIgniter\Database\BaseBuilder->get()
#5 C:\xampp\htdocs\ClassFlow\app\Controllers\ProfileController.php(132): App\Models\ProfileModel->general()
#6 C:\xampp\htdocs\ClassFlow\app\Controllers\ProfileController.php(104): App\Controllers\ProfileController->general()
#7 C:\xampp\htdocs\ClassFlow\system\CodeIgniter.php(932): App\Controllers\ProfileController->rootGet('general')
#8 C:\xampp\htdocs\ClassFlow\system\CodeIgniter.php(497): CodeIgniter\CodeIgniter->runController(Object(App\Controllers\ProfileController))
#9 C:\xampp\htdocs\ClassFlow\system\CodeIgniter.php(366): CodeIgniter\CodeIgniter->handleRequest(NULL, Object(Config\Cache), false)
#10 C:\xampp\htdocs\ClassFlow\public\index.php(67): CodeIgniter\CodeIgniter->run()
#11 C:\xampp\htdocs\ClassFlow\system\Commands\Server\rewrite.php(47): require_once('C:\\xampp\\htdocs...')
#12 {main}
CRITICAL - 2024-05-04 09:12:05 --> Column 'user_id' in where clause is ambiguous
in SYSTEMPATH\Database\MySQLi\Connection.php on line 295.
 1 SYSTEMPATH\Database\MySQLi\Connection.php(295): mysqli->query('SELECT `users`.*, `teachers`.*
FROM `users`
LEFT JOIN `teachers` ON `teachers`.`user_id` = `users`.`user_id`
WHERE `user_id` = \'8\'', 0)
 2 SYSTEMPATH\Database\BaseConnection.php(692): CodeIgniter\Database\MySQLi\Connection->execute('SELECT `users`.*, `teachers`.*
FROM `users`
LEFT JOIN `teachers` ON `teachers`.`user_id` = `users`.`user_id`
WHERE `user_id` = \'8\'')
 3 SYSTEMPATH\Database\BaseConnection.php(606): CodeIgniter\Database\BaseConnection->simpleQuery('SELECT `users`.*, `teachers`.*
FROM `users`
LEFT JOIN `teachers` ON `teachers`.`user_id` = `users`.`user_id`
WHERE `user_id` = \'8\'')
 4 SYSTEMPATH\Database\BaseBuilder.php(1616): CodeIgniter\Database\BaseConnection->query('SELECT `users`.*, `teachers`.*
FROM `users`
LEFT JOIN `teachers` ON `teachers`.`user_id` = `users`.`user_id`
WHERE `user_id` = :user_id:', [...], false)
 5 APPPATH\Models\ProfileModel.php(58): CodeIgniter\Database\BaseBuilder->get()
 6 APPPATH\Controllers\ProfileController.php(132): App\Models\ProfileModel->general()
 7 APPPATH\Controllers\ProfileController.php(104): App\Controllers\ProfileController->general()
 8 SYSTEMPATH\CodeIgniter.php(932): App\Controllers\ProfileController->rootGet('general')
 9 SYSTEMPATH\CodeIgniter.php(497): CodeIgniter\CodeIgniter->runController(Object(App\Controllers\ProfileController))
10 SYSTEMPATH\CodeIgniter.php(366): CodeIgniter\CodeIgniter->handleRequest(null, Object(Config\Cache), false)
11 FCPATH\index.php(67): CodeIgniter\CodeIgniter->run()
12 SYSTEMPATH\Commands\Server\rewrite.php(47): require_once('C:\\xampp\\htdocs\\ClassFlow\\public\\index.php')
ERROR - 2024-05-04 09:12:06 --> mysqli_sql_exception: Column 'user_id' in where clause is ambiguous in C:\xampp\htdocs\ClassFlow\system\Database\MySQLi\Connection.php:295
Stack trace:
#0 C:\xampp\htdocs\ClassFlow\system\Database\MySQLi\Connection.php(295): mysqli->query('SELECT `users`....', 0)
#1 C:\xampp\htdocs\ClassFlow\system\Database\BaseConnection.php(692): CodeIgniter\Database\MySQLi\Connection->execute('SELECT `users`....')
#2 C:\xampp\htdocs\ClassFlow\system\Database\BaseConnection.php(606): CodeIgniter\Database\BaseConnection->simpleQuery('SELECT `users`....')
#3 C:\xampp\htdocs\ClassFlow\system\Database\BaseBuilder.php(1616): CodeIgniter\Database\BaseConnection->query('SELECT `users`....', Array, false)
#4 C:\xampp\htdocs\ClassFlow\app\Models\ProfileModel.php(58): CodeIgniter\Database\BaseBuilder->get()
#5 C:\xampp\htdocs\ClassFlow\app\Controllers\ProfileController.php(132): App\Models\ProfileModel->general()
#6 C:\xampp\htdocs\ClassFlow\app\Controllers\ProfileController.php(104): App\Controllers\ProfileController->general()
#7 C:\xampp\htdocs\ClassFlow\system\CodeIgniter.php(932): App\Controllers\ProfileController->rootGet('general')
#8 C:\xampp\htdocs\ClassFlow\system\CodeIgniter.php(497): CodeIgniter\CodeIgniter->runController(Object(App\Controllers\ProfileController))
#9 C:\xampp\htdocs\ClassFlow\system\CodeIgniter.php(366): CodeIgniter\CodeIgniter->handleRequest(NULL, Object(Config\Cache), false)
#10 C:\xampp\htdocs\ClassFlow\public\index.php(67): CodeIgniter\CodeIgniter->run()
#11 C:\xampp\htdocs\ClassFlow\system\Commands\Server\rewrite.php(47): require_once('C:\\xampp\\htdocs...')
#12 {main}
CRITICAL - 2024-05-04 09:12:06 --> Column 'user_id' in where clause is ambiguous
in SYSTEMPATH\Database\MySQLi\Connection.php on line 295.
 1 SYSTEMPATH\Database\MySQLi\Connection.php(295): mysqli->query('SELECT `users`.*, `teachers`.*
FROM `users`
LEFT JOIN `teachers` ON `teachers`.`user_id` = `users`.`user_id`
WHERE `user_id` = \'8\'', 0)
 2 SYSTEMPATH\Database\BaseConnection.php(692): CodeIgniter\Database\MySQLi\Connection->execute('SELECT `users`.*, `teachers`.*
FROM `users`
LEFT JOIN `teachers` ON `teachers`.`user_id` = `users`.`user_id`
WHERE `user_id` = \'8\'')
 3 SYSTEMPATH\Database\BaseConnection.php(606): CodeIgniter\Database\BaseConnection->simpleQuery('SELECT `users`.*, `teachers`.*
FROM `users`
LEFT JOIN `teachers` ON `teachers`.`user_id` = `users`.`user_id`
WHERE `user_id` = \'8\'')
 4 SYSTEMPATH\Database\BaseBuilder.php(1616): CodeIgniter\Database\BaseConnection->query('SELECT `users`.*, `teachers`.*
FROM `users`
LEFT JOIN `teachers` ON `teachers`.`user_id` = `users`.`user_id`
WHERE `user_id` = :user_id:', [...], false)
 5 APPPATH\Models\ProfileModel.php(58): CodeIgniter\Database\BaseBuilder->get()
 6 APPPATH\Controllers\ProfileController.php(132): App\Models\ProfileModel->general()
 7 APPPATH\Controllers\ProfileController.php(104): App\Controllers\ProfileController->general()
 8 SYSTEMPATH\CodeIgniter.php(932): App\Controllers\ProfileController->rootGet('general')
 9 SYSTEMPATH\CodeIgniter.php(497): CodeIgniter\CodeIgniter->runController(Object(App\Controllers\ProfileController))
10 SYSTEMPATH\CodeIgniter.php(366): CodeIgniter\CodeIgniter->handleRequest(null, Object(Config\Cache), false)
11 FCPATH\index.php(67): CodeIgniter\CodeIgniter->run()
12 SYSTEMPATH\Commands\Server\rewrite.php(47): require_once('C:\\xampp\\htdocs\\ClassFlow\\public\\index.php')
ERROR - 2024-05-04 09:12:06 --> mysqli_sql_exception: Column 'user_id' in where clause is ambiguous in C:\xampp\htdocs\ClassFlow\system\Database\MySQLi\Connection.php:295
Stack trace:
#0 C:\xampp\htdocs\ClassFlow\system\Database\MySQLi\Connection.php(295): mysqli->query('SELECT `users`....', 0)
#1 C:\xampp\htdocs\ClassFlow\system\Database\BaseConnection.php(692): CodeIgniter\Database\MySQLi\Connection->execute('SELECT `users`....')
#2 C:\xampp\htdocs\ClassFlow\system\Database\BaseConnection.php(606): CodeIgniter\Database\BaseConnection->simpleQuery('SELECT `users`....')
#3 C:\xampp\htdocs\ClassFlow\system\Database\BaseBuilder.php(1616): CodeIgniter\Database\BaseConnection->query('SELECT `users`....', Array, false)
#4 C:\xampp\htdocs\ClassFlow\app\Models\ProfileModel.php(58): CodeIgniter\Database\BaseBuilder->get()
#5 C:\xampp\htdocs\ClassFlow\app\Controllers\ProfileController.php(132): App\Models\ProfileModel->general()
#6 C:\xampp\htdocs\ClassFlow\app\Controllers\ProfileController.php(104): App\Controllers\ProfileController->general()
#7 C:\xampp\htdocs\ClassFlow\system\CodeIgniter.php(932): App\Controllers\ProfileController->rootGet('general')
#8 C:\xampp\htdocs\ClassFlow\system\CodeIgniter.php(497): CodeIgniter\CodeIgniter->runController(Object(App\Controllers\ProfileController))
#9 C:\xampp\htdocs\ClassFlow\system\CodeIgniter.php(366): CodeIgniter\CodeIgniter->handleRequest(NULL, Object(Config\Cache), false)
#10 C:\xampp\htdocs\ClassFlow\public\index.php(67): CodeIgniter\CodeIgniter->run()
#11 C:\xampp\htdocs\ClassFlow\system\Commands\Server\rewrite.php(47): require_once('C:\\xampp\\htdocs...')
#12 {main}
CRITICAL - 2024-05-04 09:12:06 --> Column 'user_id' in where clause is ambiguous
in SYSTEMPATH\Database\MySQLi\Connection.php on line 295.
 1 SYSTEMPATH\Database\MySQLi\Connection.php(295): mysqli->query('SELECT `users`.*, `teachers`.*
FROM `users`
LEFT JOIN `teachers` ON `teachers`.`user_id` = `users`.`user_id`
WHERE `user_id` = \'8\'', 0)
 2 SYSTEMPATH\Database\BaseConnection.php(692): CodeIgniter\Database\MySQLi\Connection->execute('SELECT `users`.*, `teachers`.*
FROM `users`
LEFT JOIN `teachers` ON `teachers`.`user_id` = `users`.`user_id`
WHERE `user_id` = \'8\'')
 3 SYSTEMPATH\Database\BaseConnection.php(606): CodeIgniter\Database\BaseConnection->simpleQuery('SELECT `users`.*, `teachers`.*
FROM `users`
LEFT JOIN `teachers` ON `teachers`.`user_id` = `users`.`user_id`
WHERE `user_id` = \'8\'')
 4 SYSTEMPATH\Database\BaseBuilder.php(1616): CodeIgniter\Database\BaseConnection->query('SELECT `users`.*, `teachers`.*
FROM `users`
LEFT JOIN `teachers` ON `teachers`.`user_id` = `users`.`user_id`
WHERE `user_id` = :user_id:', [...], false)
 5 APPPATH\Models\ProfileModel.php(58): CodeIgniter\Database\BaseBuilder->get()
 6 APPPATH\Controllers\ProfileController.php(132): App\Models\ProfileModel->general()
 7 APPPATH\Controllers\ProfileController.php(104): App\Controllers\ProfileController->general()
 8 SYSTEMPATH\CodeIgniter.php(932): App\Controllers\ProfileController->rootGet('general')
 9 SYSTEMPATH\CodeIgniter.php(497): CodeIgniter\CodeIgniter->runController(Object(App\Controllers\ProfileController))
10 SYSTEMPATH\CodeIgniter.php(366): CodeIgniter\CodeIgniter->handleRequest(null, Object(Config\Cache), false)
11 FCPATH\index.php(67): CodeIgniter\CodeIgniter->run()
12 SYSTEMPATH\Commands\Server\rewrite.php(47): require_once('C:\\xampp\\htdocs\\ClassFlow\\public\\index.php')
ERROR - 2024-05-04 09:12:06 --> mysqli_sql_exception: Column 'user_id' in where clause is ambiguous in C:\xampp\htdocs\ClassFlow\system\Database\MySQLi\Connection.php:295
Stack trace:
#0 C:\xampp\htdocs\ClassFlow\system\Database\MySQLi\Connection.php(295): mysqli->query('SELECT `users`....', 0)
#1 C:\xampp\htdocs\ClassFlow\system\Database\BaseConnection.php(692): CodeIgniter\Database\MySQLi\Connection->execute('SELECT `users`....')
#2 C:\xampp\htdocs\ClassFlow\system\Database\BaseConnection.php(606): CodeIgniter\Database\BaseConnection->simpleQuery('SELECT `users`....')
#3 C:\xampp\htdocs\ClassFlow\system\Database\BaseBuilder.php(1616): CodeIgniter\Database\BaseConnection->query('SELECT `users`....', Array, false)
#4 C:\xampp\htdocs\ClassFlow\app\Models\ProfileModel.php(58): CodeIgniter\Database\BaseBuilder->get()
#5 C:\xampp\htdocs\ClassFlow\app\Controllers\ProfileController.php(132): App\Models\ProfileModel->general()
#6 C:\xampp\htdocs\ClassFlow\app\Controllers\ProfileController.php(104): App\Controllers\ProfileController->general()
#7 C:\xampp\htdocs\ClassFlow\system\CodeIgniter.php(932): App\Controllers\ProfileController->rootGet('general')
#8 C:\xampp\htdocs\ClassFlow\system\CodeIgniter.php(497): CodeIgniter\CodeIgniter->runController(Object(App\Controllers\ProfileController))
#9 C:\xampp\htdocs\ClassFlow\system\CodeIgniter.php(366): CodeIgniter\CodeIgniter->handleRequest(NULL, Object(Config\Cache), false)
#10 C:\xampp\htdocs\ClassFlow\public\index.php(67): CodeIgniter\CodeIgniter->run()
#11 C:\xampp\htdocs\ClassFlow\system\Commands\Server\rewrite.php(47): require_once('C:\\xampp\\htdocs...')
#12 {main}
CRITICAL - 2024-05-04 09:12:06 --> Column 'user_id' in where clause is ambiguous
in SYSTEMPATH\Database\MySQLi\Connection.php on line 295.
 1 SYSTEMPATH\Database\MySQLi\Connection.php(295): mysqli->query('SELECT `users`.*, `teachers`.*
FROM `users`
LEFT JOIN `teachers` ON `teachers`.`user_id` = `users`.`user_id`
WHERE `user_id` = \'8\'', 0)
 2 SYSTEMPATH\Database\BaseConnection.php(692): CodeIgniter\Database\MySQLi\Connection->execute('SELECT `users`.*, `teachers`.*
FROM `users`
LEFT JOIN `teachers` ON `teachers`.`user_id` = `users`.`user_id`
WHERE `user_id` = \'8\'')
 3 SYSTEMPATH\Database\BaseConnection.php(606): CodeIgniter\Database\BaseConnection->simpleQuery('SELECT `users`.*, `teachers`.*
FROM `users`
LEFT JOIN `teachers` ON `teachers`.`user_id` = `users`.`user_id`
WHERE `user_id` = \'8\'')
 4 SYSTEMPATH\Database\BaseBuilder.php(1616): CodeIgniter\Database\BaseConnection->query('SELECT `users`.*, `teachers`.*
FROM `users`
LEFT JOIN `teachers` ON `teachers`.`user_id` = `users`.`user_id`
WHERE `user_id` = :user_id:', [...], false)
 5 APPPATH\Models\ProfileModel.php(58): CodeIgniter\Database\BaseBuilder->get()
 6 APPPATH\Controllers\ProfileController.php(132): App\Models\ProfileModel->general()
 7 APPPATH\Controllers\ProfileController.php(104): App\Controllers\ProfileController->general()
 8 SYSTEMPATH\CodeIgniter.php(932): App\Controllers\ProfileController->rootGet('general')
 9 SYSTEMPATH\CodeIgniter.php(497): CodeIgniter\CodeIgniter->runController(Object(App\Controllers\ProfileController))
10 SYSTEMPATH\CodeIgniter.php(366): CodeIgniter\CodeIgniter->handleRequest(null, Object(Config\Cache), false)
11 FCPATH\index.php(67): CodeIgniter\CodeIgniter->run()
12 SYSTEMPATH\Commands\Server\rewrite.php(47): require_once('C:\\xampp\\htdocs\\ClassFlow\\public\\index.php')
CRITICAL - 2024-05-04 09:13:05 --> Argument 2 passed to view() must be of the type array, null given, called in C:\xampp\htdocs\ClassFlow\app\Controllers\ProfileController.php on line 133
in SYSTEMPATH\Common.php on line 1168.
 1 APPPATH\Controllers\ProfileController.php(133): view('profile/general', null)
 2 APPPATH\Controllers\ProfileController.php(104): App\Controllers\ProfileController->general()
 3 SYSTEMPATH\CodeIgniter.php(932): App\Controllers\ProfileController->rootGet('general')
 4 SYSTEMPATH\CodeIgniter.php(497): CodeIgniter\CodeIgniter->runController(Object(App\Controllers\ProfileController))
 5 SYSTEMPATH\CodeIgniter.php(366): CodeIgniter\CodeIgniter->handleRequest(null, Object(Config\Cache), false)
 6 FCPATH\index.php(67): CodeIgniter\CodeIgniter->run()
 7 SYSTEMPATH\Commands\Server\rewrite.php(47): require_once('C:\\xampp\\htdocs\\ClassFlow\\public\\index.php')
ERROR - 2024-05-04 09:14:44 --> mysqli_sql_exception: Column 'user_id' in where clause is ambiguous in C:\xampp\htdocs\ClassFlow\system\Database\MySQLi\Connection.php:295
Stack trace:
#0 C:\xampp\htdocs\ClassFlow\system\Database\MySQLi\Connection.php(295): mysqli->query('SELECT `users`....', 0)
#1 C:\xampp\htdocs\ClassFlow\system\Database\BaseConnection.php(692): CodeIgniter\Database\MySQLi\Connection->execute('SELECT `users`....')
#2 C:\xampp\htdocs\ClassFlow\system\Database\BaseConnection.php(606): CodeIgniter\Database\BaseConnection->simpleQuery('SELECT `users`....')
#3 C:\xampp\htdocs\ClassFlow\system\Database\BaseBuilder.php(1616): CodeIgniter\Database\BaseConnection->query('SELECT `users`....', Array, false)
#4 C:\xampp\htdocs\ClassFlow\app\Models\ProfileModel.php(58): CodeIgniter\Database\BaseBuilder->get()
#5 C:\xampp\htdocs\ClassFlow\app\Controllers\ProfileController.php(138): App\Models\ProfileModel->general()
#6 C:\xampp\htdocs\ClassFlow\app\Controllers\ProfileController.php(118): App\Controllers\ProfileController->test(Array)
#7 C:\xampp\htdocs\ClassFlow\system\CodeIgniter.php(932): App\Controllers\ProfileController->root('test')
#8 C:\xampp\htdocs\ClassFlow\system\CodeIgniter.php(497): CodeIgniter\CodeIgniter->runController(Object(App\Controllers\ProfileController))
#9 C:\xampp\htdocs\ClassFlow\system\CodeIgniter.php(366): CodeIgniter\CodeIgniter->handleRequest(NULL, Object(Config\Cache), false)
#10 C:\xampp\htdocs\ClassFlow\public\index.php(67): CodeIgniter\CodeIgniter->run()
#11 C:\xampp\htdocs\ClassFlow\system\Commands\Server\rewrite.php(47): require_once('C:\\xampp\\htdocs...')
#12 {main}
CRITICAL - 2024-05-04 09:14:44 --> Column 'user_id' in where clause is ambiguous
in SYSTEMPATH\Database\MySQLi\Connection.php on line 295.
 1 SYSTEMPATH\Database\MySQLi\Connection.php(295): mysqli->query('SELECT `users`.*, `teachers`.*
FROM `users`
LEFT JOIN `teachers` ON `teachers`.`user_id` = `users`.`user_id`
WHERE `user_id` = \'8\'', 0)
 2 SYSTEMPATH\Database\BaseConnection.php(692): CodeIgniter\Database\MySQLi\Connection->execute('SELECT `users`.*, `teachers`.*
FROM `users`
LEFT JOIN `teachers` ON `teachers`.`user_id` = `users`.`user_id`
WHERE `user_id` = \'8\'')
 3 SYSTEMPATH\Database\BaseConnection.php(606): CodeIgniter\Database\BaseConnection->simpleQuery('SELECT `users`.*, `teachers`.*
FROM `users`
LEFT JOIN `teachers` ON `teachers`.`user_id` = `users`.`user_id`
WHERE `user_id` = \'8\'')
 4 SYSTEMPATH\Database\BaseBuilder.php(1616): CodeIgniter\Database\BaseConnection->query('SELECT `users`.*, `teachers`.*
FROM `users`
LEFT JOIN `teachers` ON `teachers`.`user_id` = `users`.`user_id`
WHERE `user_id` = :user_id:', [...], false)
 5 APPPATH\Models\ProfileModel.php(58): CodeIgniter\Database\BaseBuilder->get()
 6 APPPATH\Controllers\ProfileController.php(138): App\Models\ProfileModel->general()
 7 APPPATH\Controllers\ProfileController.php(118): App\Controllers\ProfileController->test([...])
 8 SYSTEMPATH\CodeIgniter.php(932): App\Controllers\ProfileController->root('test')
 9 SYSTEMPATH\CodeIgniter.php(497): CodeIgniter\CodeIgniter->runController(Object(App\Controllers\ProfileController))
10 SYSTEMPATH\CodeIgniter.php(366): CodeIgniter\CodeIgniter->handleRequest(null, Object(Config\Cache), false)
11 FCPATH\index.php(67): CodeIgniter\CodeIgniter->run()
12 SYSTEMPATH\Commands\Server\rewrite.php(47): require_once('C:\\xampp\\htdocs\\ClassFlow\\public\\index.php')
ERROR - 2024-05-04 09:15:02 --> mysqli_sql_exception: Column 'user_id' in where clause is ambiguous in C:\xampp\htdocs\ClassFlow\system\Database\MySQLi\Connection.php:295
Stack trace:
#0 C:\xampp\htdocs\ClassFlow\system\Database\MySQLi\Connection.php(295): mysqli->query('SELECT `users`....', 0)
#1 C:\xampp\htdocs\ClassFlow\system\Database\BaseConnection.php(692): CodeIgniter\Database\MySQLi\Connection->execute('SELECT `users`....')
#2 C:\xampp\htdocs\ClassFlow\system\Database\BaseConnection.php(606): CodeIgniter\Database\BaseConnection->simpleQuery('SELECT `users`....')
#3 C:\xampp\htdocs\ClassFlow\system\Database\BaseBuilder.php(1616): CodeIgniter\Database\BaseConnection->query('SELECT `users`....', Array, false)
#4 C:\xampp\htdocs\ClassFlow\app\Models\ProfileModel.php(58): CodeIgniter\Database\BaseBuilder->get()
#5 C:\xampp\htdocs\ClassFlow\app\Controllers\ProfileController.php(138): App\Models\ProfileModel->general()
#6 C:\xampp\htdocs\ClassFlow\app\Controllers\ProfileController.php(118): App\Controllers\ProfileController->test(Array)
#7 C:\xampp\htdocs\ClassFlow\system\CodeIgniter.php(932): App\Controllers\ProfileController->root('test')
#8 C:\xampp\htdocs\ClassFlow\system\CodeIgniter.php(497): CodeIgniter\CodeIgniter->runController(Object(App\Controllers\ProfileController))
#9 C:\xampp\htdocs\ClassFlow\system\CodeIgniter.php(366): CodeIgniter\CodeIgniter->handleRequest(NULL, Object(Config\Cache), false)
#10 C:\xampp\htdocs\ClassFlow\public\index.php(67): CodeIgniter\CodeIgniter->run()
#11 C:\xampp\htdocs\ClassFlow\system\Commands\Server\rewrite.php(47): require_once('C:\\xampp\\htdocs...')
#12 {main}
CRITICAL - 2024-05-04 09:15:02 --> Column 'user_id' in where clause is ambiguous
in SYSTEMPATH\Database\MySQLi\Connection.php on line 295.
 1 SYSTEMPATH\Database\MySQLi\Connection.php(295): mysqli->query('SELECT `users`.*, `teachers`.*
FROM `users`
LEFT JOIN `teachers` ON `teachers`.`user_id` = `users`.`user_id`
WHERE `user_id` = \'8\'', 0)
 2 SYSTEMPATH\Database\BaseConnection.php(692): CodeIgniter\Database\MySQLi\Connection->execute('SELECT `users`.*, `teachers`.*
FROM `users`
LEFT JOIN `teachers` ON `teachers`.`user_id` = `users`.`user_id`
WHERE `user_id` = \'8\'')
 3 SYSTEMPATH\Database\BaseConnection.php(606): CodeIgniter\Database\BaseConnection->simpleQuery('SELECT `users`.*, `teachers`.*
FROM `users`
LEFT JOIN `teachers` ON `teachers`.`user_id` = `users`.`user_id`
WHERE `user_id` = \'8\'')
 4 SYSTEMPATH\Database\BaseBuilder.php(1616): CodeIgniter\Database\BaseConnection->query('SELECT `users`.*, `teachers`.*
FROM `users`
LEFT JOIN `teachers` ON `teachers`.`user_id` = `users`.`user_id`
WHERE `user_id` = :user_id:', [...], false)
 5 APPPATH\Models\ProfileModel.php(58): CodeIgniter\Database\BaseBuilder->get()
 6 APPPATH\Controllers\ProfileController.php(138): App\Models\ProfileModel->general()
 7 APPPATH\Controllers\ProfileController.php(118): App\Controllers\ProfileController->test([...])
 8 SYSTEMPATH\CodeIgniter.php(932): App\Controllers\ProfileController->root('test')
 9 SYSTEMPATH\CodeIgniter.php(497): CodeIgniter\CodeIgniter->runController(Object(App\Controllers\ProfileController))
10 SYSTEMPATH\CodeIgniter.php(366): CodeIgniter\CodeIgniter->handleRequest(null, Object(Config\Cache), false)
11 FCPATH\index.php(67): CodeIgniter\CodeIgniter->run()
12 SYSTEMPATH\Commands\Server\rewrite.php(47): require_once('C:\\xampp\\htdocs\\ClassFlow\\public\\index.php')
CRITICAL - 2024-05-04 09:16:41 --> Argument 2 passed to view() must be of the type array, object given, called in C:\xampp\htdocs\ClassFlow\app\Controllers\ProfileController.php on line 133
in SYSTEMPATH\Common.php on line 1168.
 1 APPPATH\Controllers\ProfileController.php(133): view('profile/general', Object(stdClass))
 2 APPPATH\Controllers\ProfileController.php(104): App\Controllers\ProfileController->general()
 3 SYSTEMPATH\CodeIgniter.php(932): App\Controllers\ProfileController->rootGet('general')
 4 SYSTEMPATH\CodeIgniter.php(497): CodeIgniter\CodeIgniter->runController(Object(App\Controllers\ProfileController))
 5 SYSTEMPATH\CodeIgniter.php(366): CodeIgniter\CodeIgniter->handleRequest(null, Object(Config\Cache), false)
 6 FCPATH\index.php(67): CodeIgniter\CodeIgniter->run()
 7 SYSTEMPATH\Commands\Server\rewrite.php(47): require_once('C:\\xampp\\htdocs\\ClassFlow\\public\\index.php')
CRITICAL - 2024-05-04 09:17:24 --> Argument 2 passed to view() must be of the type array, object given, called in C:\xampp\htdocs\ClassFlow\app\Controllers\ProfileController.php on line 133
in SYSTEMPATH\Common.php on line 1168.
 1 APPPATH\Controllers\ProfileController.php(133): view('profile/general', Object(stdClass))
 2 APPPATH\Controllers\ProfileController.php(104): App\Controllers\ProfileController->general()
 3 SYSTEMPATH\CodeIgniter.php(932): App\Controllers\ProfileController->rootGet('general')
 4 SYSTEMPATH\CodeIgniter.php(497): CodeIgniter\CodeIgniter->runController(Object(App\Controllers\ProfileController))
 5 SYSTEMPATH\CodeIgniter.php(366): CodeIgniter\CodeIgniter->handleRequest(null, Object(Config\Cache), false)
 6 FCPATH\index.php(67): CodeIgniter\CodeIgniter->run()
 7 SYSTEMPATH\Commands\Server\rewrite.php(47): require_once('C:\\xampp\\htdocs\\ClassFlow\\public\\index.php')
CRITICAL - 2024-05-04 09:17:25 --> Argument 2 passed to view() must be of the type array, object given, called in C:\xampp\htdocs\ClassFlow\app\Controllers\ProfileController.php on line 133
in SYSTEMPATH\Common.php on line 1168.
 1 APPPATH\Controllers\ProfileController.php(133): view('profile/general', Object(stdClass))
 2 APPPATH\Controllers\ProfileController.php(104): App\Controllers\ProfileController->general()
 3 SYSTEMPATH\CodeIgniter.php(932): App\Controllers\ProfileController->rootGet('general')
 4 SYSTEMPATH\CodeIgniter.php(497): CodeIgniter\CodeIgniter->runController(Object(App\Controllers\ProfileController))
 5 SYSTEMPATH\CodeIgniter.php(366): CodeIgniter\CodeIgniter->handleRequest(null, Object(Config\Cache), false)
 6 FCPATH\index.php(67): CodeIgniter\CodeIgniter->run()
 7 SYSTEMPATH\Commands\Server\rewrite.php(47): require_once('C:\\xampp\\htdocs\\ClassFlow\\public\\index.php')
CRITICAL - 2024-05-04 09:17:25 --> Argument 2 passed to view() must be of the type array, object given, called in C:\xampp\htdocs\ClassFlow\app\Controllers\ProfileController.php on line 133
in SYSTEMPATH\Common.php on line 1168.
 1 APPPATH\Controllers\ProfileController.php(133): view('profile/general', Object(stdClass))
 2 APPPATH\Controllers\ProfileController.php(104): App\Controllers\ProfileController->general()
 3 SYSTEMPATH\CodeIgniter.php(932): App\Controllers\ProfileController->rootGet('general')
 4 SYSTEMPATH\CodeIgniter.php(497): CodeIgniter\CodeIgniter->runController(Object(App\Controllers\ProfileController))
 5 SYSTEMPATH\CodeIgniter.php(366): CodeIgniter\CodeIgniter->handleRequest(null, Object(Config\Cache), false)
 6 FCPATH\index.php(67): CodeIgniter\CodeIgniter->run()
 7 SYSTEMPATH\Commands\Server\rewrite.php(47): require_once('C:\\xampp\\htdocs\\ClassFlow\\public\\index.php')
CRITICAL - 2024-05-04 09:17:25 --> Argument 2 passed to view() must be of the type array, object given, called in C:\xampp\htdocs\ClassFlow\app\Controllers\ProfileController.php on line 133
in SYSTEMPATH\Common.php on line 1168.
 1 APPPATH\Controllers\ProfileController.php(133): view('profile/general', Object(stdClass))
 2 APPPATH\Controllers\ProfileController.php(104): App\Controllers\ProfileController->general()
 3 SYSTEMPATH\CodeIgniter.php(932): App\Controllers\ProfileController->rootGet('general')
 4 SYSTEMPATH\CodeIgniter.php(497): CodeIgniter\CodeIgniter->runController(Object(App\Controllers\ProfileController))
 5 SYSTEMPATH\CodeIgniter.php(366): CodeIgniter\CodeIgniter->handleRequest(null, Object(Config\Cache), false)
 6 FCPATH\index.php(67): CodeIgniter\CodeIgniter->run()
 7 SYSTEMPATH\Commands\Server\rewrite.php(47): require_once('C:\\xampp\\htdocs\\ClassFlow\\public\\index.php')
CRITICAL - 2024-05-04 09:18:29 --> Argument 2 passed to view() must be of the type array, object given, called in C:\xampp\htdocs\ClassFlow\app\Controllers\ProfileController.php on line 133
in SYSTEMPATH\Common.php on line 1168.
 1 APPPATH\Controllers\ProfileController.php(133): view('profile/general', Object(stdClass))
 2 APPPATH\Controllers\ProfileController.php(104): App\Controllers\ProfileController->general()
 3 SYSTEMPATH\CodeIgniter.php(932): App\Controllers\ProfileController->rootGet('general')
 4 SYSTEMPATH\CodeIgniter.php(497): CodeIgniter\CodeIgniter->runController(Object(App\Controllers\ProfileController))
 5 SYSTEMPATH\CodeIgniter.php(366): CodeIgniter\CodeIgniter->handleRequest(null, Object(Config\Cache), false)
 6 FCPATH\index.php(67): CodeIgniter\CodeIgniter->run()
 7 SYSTEMPATH\Commands\Server\rewrite.php(47): require_once('C:\\xampp\\htdocs\\ClassFlow\\public\\index.php')
CRITICAL - 2024-05-04 09:18:30 --> Argument 2 passed to view() must be of the type array, object given, called in C:\xampp\htdocs\ClassFlow\app\Controllers\ProfileController.php on line 133
in SYSTEMPATH\Common.php on line 1168.
 1 APPPATH\Controllers\ProfileController.php(133): view('profile/general', Object(stdClass))
 2 APPPATH\Controllers\ProfileController.php(104): App\Controllers\ProfileController->general()
 3 SYSTEMPATH\CodeIgniter.php(932): App\Controllers\ProfileController->rootGet('general')
 4 SYSTEMPATH\CodeIgniter.php(497): CodeIgniter\CodeIgniter->runController(Object(App\Controllers\ProfileController))
 5 SYSTEMPATH\CodeIgniter.php(366): CodeIgniter\CodeIgniter->handleRequest(null, Object(Config\Cache), false)
 6 FCPATH\index.php(67): CodeIgniter\CodeIgniter->run()
 7 SYSTEMPATH\Commands\Server\rewrite.php(47): require_once('C:\\xampp\\htdocs\\ClassFlow\\public\\index.php')
CRITICAL - 2024-05-04 09:18:30 --> Argument 2 passed to view() must be of the type array, object given, called in C:\xampp\htdocs\ClassFlow\app\Controllers\ProfileController.php on line 133
in SYSTEMPATH\Common.php on line 1168.
 1 APPPATH\Controllers\ProfileController.php(133): view('profile/general', Object(stdClass))
 2 APPPATH\Controllers\ProfileController.php(104): App\Controllers\ProfileController->general()
 3 SYSTEMPATH\CodeIgniter.php(932): App\Controllers\ProfileController->rootGet('general')
 4 SYSTEMPATH\CodeIgniter.php(497): CodeIgniter\CodeIgniter->runController(Object(App\Controllers\ProfileController))
 5 SYSTEMPATH\CodeIgniter.php(366): CodeIgniter\CodeIgniter->handleRequest(null, Object(Config\Cache), false)
 6 FCPATH\index.php(67): CodeIgniter\CodeIgniter->run()
 7 SYSTEMPATH\Commands\Server\rewrite.php(47): require_once('C:\\xampp\\htdocs\\ClassFlow\\public\\index.php')
CRITICAL - 2024-05-04 09:18:31 --> Argument 2 passed to view() must be of the type array, object given, called in C:\xampp\htdocs\ClassFlow\app\Controllers\ProfileController.php on line 133
in SYSTEMPATH\Common.php on line 1168.
 1 APPPATH\Controllers\ProfileController.php(133): view('profile/general', Object(stdClass))
 2 APPPATH\Controllers\ProfileController.php(104): App\Controllers\ProfileController->general()
 3 SYSTEMPATH\CodeIgniter.php(932): App\Controllers\ProfileController->rootGet('general')
 4 SYSTEMPATH\CodeIgniter.php(497): CodeIgniter\CodeIgniter->runController(Object(App\Controllers\ProfileController))
 5 SYSTEMPATH\CodeIgniter.php(366): CodeIgniter\CodeIgniter->handleRequest(null, Object(Config\Cache), false)
 6 FCPATH\index.php(67): CodeIgniter\CodeIgniter->run()
 7 SYSTEMPATH\Commands\Server\rewrite.php(47): require_once('C:\\xampp\\htdocs\\ClassFlow\\public\\index.php')
CRITICAL - 2024-05-04 09:18:35 --> Cannot use object of type stdClass as array
in APPPATH\Views\profile\general.php on line 42.
 1 SYSTEMPATH\View\View.php(224): include()
 2 SYSTEMPATH\View\View.php(227): CodeIgniter\View\View->CodeIgniter\View\{closure}()
 3 SYSTEMPATH\Common.php(1180): CodeIgniter\View\View->render('profile/general', [], true)
 4 APPPATH\Controllers\ProfileController.php(133): view('profile/general', [...])
 5 APPPATH\Controllers\ProfileController.php(104): App\Controllers\ProfileController->general()
 6 SYSTEMPATH\CodeIgniter.php(932): App\Controllers\ProfileController->rootGet('general')
 7 SYSTEMPATH\CodeIgniter.php(497): CodeIgniter\CodeIgniter->runController(Object(App\Controllers\ProfileController))
 8 SYSTEMPATH\CodeIgniter.php(366): CodeIgniter\CodeIgniter->handleRequest(null, Object(Config\Cache), false)
 9 FCPATH\index.php(67): CodeIgniter\CodeIgniter->run()
10 SYSTEMPATH\Commands\Server\rewrite.php(47): require_once('C:\\xampp\\htdocs\\ClassFlow\\public\\index.php')
CRITICAL - 2024-05-04 09:18:41 --> Argument 2 passed to view() must be of the type array, null given, called in C:\xampp\htdocs\ClassFlow\app\Controllers\ProfileController.php on line 133
in SYSTEMPATH\Common.php on line 1168.
 1 APPPATH\Controllers\ProfileController.php(133): view('profile/general', null)
 2 APPPATH\Controllers\ProfileController.php(104): App\Controllers\ProfileController->general()
 3 SYSTEMPATH\CodeIgniter.php(932): App\Controllers\ProfileController->rootGet('general')
 4 SYSTEMPATH\CodeIgniter.php(497): CodeIgniter\CodeIgniter->runController(Object(App\Controllers\ProfileController))
 5 SYSTEMPATH\CodeIgniter.php(366): CodeIgniter\CodeIgniter->handleRequest(null, Object(Config\Cache), false)
 6 FCPATH\index.php(67): CodeIgniter\CodeIgniter->run()
 7 SYSTEMPATH\Commands\Server\rewrite.php(47): require_once('C:\\xampp\\htdocs\\ClassFlow\\public\\index.php')
CRITICAL - 2024-05-04 09:18:42 --> Argument 2 passed to view() must be of the type array, null given, called in C:\xampp\htdocs\ClassFlow\app\Controllers\ProfileController.php on line 133
in SYSTEMPATH\Common.php on line 1168.
 1 APPPATH\Controllers\ProfileController.php(133): view('profile/general', null)
 2 APPPATH\Controllers\ProfileController.php(104): App\Controllers\ProfileController->general()
 3 SYSTEMPATH\CodeIgniter.php(932): App\Controllers\ProfileController->rootGet('general')
 4 SYSTEMPATH\CodeIgniter.php(497): CodeIgniter\CodeIgniter->runController(Object(App\Controllers\ProfileController))
 5 SYSTEMPATH\CodeIgniter.php(366): CodeIgniter\CodeIgniter->handleRequest(null, Object(Config\Cache), false)
 6 FCPATH\index.php(67): CodeIgniter\CodeIgniter->run()
 7 SYSTEMPATH\Commands\Server\rewrite.php(47): require_once('C:\\xampp\\htdocs\\ClassFlow\\public\\index.php')
CRITICAL - 2024-05-04 09:18:42 --> Argument 2 passed to view() must be of the type array, null given, called in C:\xampp\htdocs\ClassFlow\app\Controllers\ProfileController.php on line 133
in SYSTEMPATH\Common.php on line 1168.
 1 APPPATH\Controllers\ProfileController.php(133): view('profile/general', null)
 2 APPPATH\Controllers\ProfileController.php(104): App\Controllers\ProfileController->general()
 3 SYSTEMPATH\CodeIgniter.php(932): App\Controllers\ProfileController->rootGet('general')
 4 SYSTEMPATH\CodeIgniter.php(497): CodeIgniter\CodeIgniter->runController(Object(App\Controllers\ProfileController))
 5 SYSTEMPATH\CodeIgniter.php(366): CodeIgniter\CodeIgniter->handleRequest(null, Object(Config\Cache), false)
 6 FCPATH\index.php(67): CodeIgniter\CodeIgniter->run()
 7 SYSTEMPATH\Commands\Server\rewrite.php(47): require_once('C:\\xampp\\htdocs\\ClassFlow\\public\\index.php')
CRITICAL - 2024-05-04 09:18:42 --> Argument 2 passed to view() must be of the type array, null given, called in C:\xampp\htdocs\ClassFlow\app\Controllers\ProfileController.php on line 133
in SYSTEMPATH\Common.php on line 1168.
 1 APPPATH\Controllers\ProfileController.php(133): view('profile/general', null)
 2 APPPATH\Controllers\ProfileController.php(104): App\Controllers\ProfileController->general()
 3 SYSTEMPATH\CodeIgniter.php(932): App\Controllers\ProfileController->rootGet('general')
 4 SYSTEMPATH\CodeIgniter.php(497): CodeIgniter\CodeIgniter->runController(Object(App\Controllers\ProfileController))
 5 SYSTEMPATH\CodeIgniter.php(366): CodeIgniter\CodeIgniter->handleRequest(null, Object(Config\Cache), false)
 6 FCPATH\index.php(67): CodeIgniter\CodeIgniter->run()
 7 SYSTEMPATH\Commands\Server\rewrite.php(47): require_once('C:\\xampp\\htdocs\\ClassFlow\\public\\index.php')
CRITICAL - 2024-05-04 09:18:42 --> Argument 2 passed to view() must be of the type array, null given, called in C:\xampp\htdocs\ClassFlow\app\Controllers\ProfileController.php on line 133
in SYSTEMPATH\Common.php on line 1168.
 1 APPPATH\Controllers\ProfileController.php(133): view('profile/general', null)
 2 APPPATH\Controllers\ProfileController.php(104): App\Controllers\ProfileController->general()
 3 SYSTEMPATH\CodeIgniter.php(932): App\Controllers\ProfileController->rootGet('general')
 4 SYSTEMPATH\CodeIgniter.php(497): CodeIgniter\CodeIgniter->runController(Object(App\Controllers\ProfileController))
 5 SYSTEMPATH\CodeIgniter.php(366): CodeIgniter\CodeIgniter->handleRequest(null, Object(Config\Cache), false)
 6 FCPATH\index.php(67): CodeIgniter\CodeIgniter->run()
 7 SYSTEMPATH\Commands\Server\rewrite.php(47): require_once('C:\\xampp\\htdocs\\ClassFlow\\public\\index.php')
CRITICAL - 2024-05-04 09:18:42 --> Argument 2 passed to view() must be of the type array, null given, called in C:\xampp\htdocs\ClassFlow\app\Controllers\ProfileController.php on line 133
in SYSTEMPATH\Common.php on line 1168.
 1 APPPATH\Controllers\ProfileController.php(133): view('profile/general', null)
 2 APPPATH\Controllers\ProfileController.php(104): App\Controllers\ProfileController->general()
 3 SYSTEMPATH\CodeIgniter.php(932): App\Controllers\ProfileController->rootGet('general')
 4 SYSTEMPATH\CodeIgniter.php(497): CodeIgniter\CodeIgniter->runController(Object(App\Controllers\ProfileController))
 5 SYSTEMPATH\CodeIgniter.php(366): CodeIgniter\CodeIgniter->handleRequest(null, Object(Config\Cache), false)
 6 FCPATH\index.php(67): CodeIgniter\CodeIgniter->run()
 7 SYSTEMPATH\Commands\Server\rewrite.php(47): require_once('C:\\xampp\\htdocs\\ClassFlow\\public\\index.php')
CRITICAL - 2024-05-04 09:18:43 --> Argument 2 passed to view() must be of the type array, null given, called in C:\xampp\htdocs\ClassFlow\app\Controllers\ProfileController.php on line 133
in SYSTEMPATH\Common.php on line 1168.
 1 APPPATH\Controllers\ProfileController.php(133): view('profile/general', null)
 2 APPPATH\Controllers\ProfileController.php(104): App\Controllers\ProfileController->general()
 3 SYSTEMPATH\CodeIgniter.php(932): App\Controllers\ProfileController->rootGet('general')
 4 SYSTEMPATH\CodeIgniter.php(497): CodeIgniter\CodeIgniter->runController(Object(App\Controllers\ProfileController))
 5 SYSTEMPATH\CodeIgniter.php(366): CodeIgniter\CodeIgniter->handleRequest(null, Object(Config\Cache), false)
 6 FCPATH\index.php(67): CodeIgniter\CodeIgniter->run()
 7 SYSTEMPATH\Commands\Server\rewrite.php(47): require_once('C:\\xampp\\htdocs\\ClassFlow\\public\\index.php')
CRITICAL - 2024-05-04 09:18:43 --> Argument 2 passed to view() must be of the type array, null given, called in C:\xampp\htdocs\ClassFlow\app\Controllers\ProfileController.php on line 133
in SYSTEMPATH\Common.php on line 1168.
 1 APPPATH\Controllers\ProfileController.php(133): view('profile/general', null)
 2 APPPATH\Controllers\ProfileController.php(104): App\Controllers\ProfileController->general()
 3 SYSTEMPATH\CodeIgniter.php(932): App\Controllers\ProfileController->rootGet('general')
 4 SYSTEMPATH\CodeIgniter.php(497): CodeIgniter\CodeIgniter->runController(Object(App\Controllers\ProfileController))
 5 SYSTEMPATH\CodeIgniter.php(366): CodeIgniter\CodeIgniter->handleRequest(null, Object(Config\Cache), false)
 6 FCPATH\index.php(67): CodeIgniter\CodeIgniter->run()
 7 SYSTEMPATH\Commands\Server\rewrite.php(47): require_once('C:\\xampp\\htdocs\\ClassFlow\\public\\index.php')
CRITICAL - 2024-05-04 09:18:43 --> Argument 2 passed to view() must be of the type array, null given, called in C:\xampp\htdocs\ClassFlow\app\Controllers\ProfileController.php on line 133
in SYSTEMPATH\Common.php on line 1168.
 1 APPPATH\Controllers\ProfileController.php(133): view('profile/general', null)
 2 APPPATH\Controllers\ProfileController.php(104): App\Controllers\ProfileController->general()
 3 SYSTEMPATH\CodeIgniter.php(932): App\Controllers\ProfileController->rootGet('general')
 4 SYSTEMPATH\CodeIgniter.php(497): CodeIgniter\CodeIgniter->runController(Object(App\Controllers\ProfileController))
 5 SYSTEMPATH\CodeIgniter.php(366): CodeIgniter\CodeIgniter->handleRequest(null, Object(Config\Cache), false)
 6 FCPATH\index.php(67): CodeIgniter\CodeIgniter->run()
 7 SYSTEMPATH\Commands\Server\rewrite.php(47): require_once('C:\\xampp\\htdocs\\ClassFlow\\public\\index.php')
CRITICAL - 2024-05-04 09:18:45 --> Argument 2 passed to view() must be of the type array, null given, called in C:\xampp\htdocs\ClassFlow\app\Controllers\ProfileController.php on line 133
in SYSTEMPATH\Common.php on line 1168.
 1 APPPATH\Controllers\ProfileController.php(133): view('profile/general', null)
 2 APPPATH\Controllers\ProfileController.php(104): App\Controllers\ProfileController->general()
 3 SYSTEMPATH\CodeIgniter.php(932): App\Controllers\ProfileController->rootGet('general')
 4 SYSTEMPATH\CodeIgniter.php(497): CodeIgniter\CodeIgniter->runController(Object(App\Controllers\ProfileController))
 5 SYSTEMPATH\CodeIgniter.php(366): CodeIgniter\CodeIgniter->handleRequest(null, Object(Config\Cache), false)
 6 FCPATH\index.php(67): CodeIgniter\CodeIgniter->run()
 7 SYSTEMPATH\Commands\Server\rewrite.php(47): require_once('C:\\xampp\\htdocs\\ClassFlow\\public\\index.php')
CRITICAL - 2024-05-04 09:18:45 --> Argument 2 passed to view() must be of the type array, null given, called in C:\xampp\htdocs\ClassFlow\app\Controllers\ProfileController.php on line 133
in SYSTEMPATH\Common.php on line 1168.
 1 APPPATH\Controllers\ProfileController.php(133): view('profile/general', null)
 2 APPPATH\Controllers\ProfileController.php(104): App\Controllers\ProfileController->general()
 3 SYSTEMPATH\CodeIgniter.php(932): App\Controllers\ProfileController->rootGet('general')
 4 SYSTEMPATH\CodeIgniter.php(497): CodeIgniter\CodeIgniter->runController(Object(App\Controllers\ProfileController))
 5 SYSTEMPATH\CodeIgniter.php(366): CodeIgniter\CodeIgniter->handleRequest(null, Object(Config\Cache), false)
 6 FCPATH\index.php(67): CodeIgniter\CodeIgniter->run()
 7 SYSTEMPATH\Commands\Server\rewrite.php(47): require_once('C:\\xampp\\htdocs\\ClassFlow\\public\\index.php')
CRITICAL - 2024-05-04 09:18:46 --> Argument 2 passed to view() must be of the type array, null given, called in C:\xampp\htdocs\ClassFlow\app\Controllers\ProfileController.php on line 133
in SYSTEMPATH\Common.php on line 1168.
 1 APPPATH\Controllers\ProfileController.php(133): view('profile/general', null)
 2 APPPATH\Controllers\ProfileController.php(104): App\Controllers\ProfileController->general()
 3 SYSTEMPATH\CodeIgniter.php(932): App\Controllers\ProfileController->rootGet('general')
 4 SYSTEMPATH\CodeIgniter.php(497): CodeIgniter\CodeIgniter->runController(Object(App\Controllers\ProfileController))
 5 SYSTEMPATH\CodeIgniter.php(366): CodeIgniter\CodeIgniter->handleRequest(null, Object(Config\Cache), false)
 6 FCPATH\index.php(67): CodeIgniter\CodeIgniter->run()
 7 SYSTEMPATH\Commands\Server\rewrite.php(47): require_once('C:\\xampp\\htdocs\\ClassFlow\\public\\index.php')
CRITICAL - 2024-05-04 09:18:46 --> Argument 2 passed to view() must be of the type array, null given, called in C:\xampp\htdocs\ClassFlow\app\Controllers\ProfileController.php on line 133
in SYSTEMPATH\Common.php on line 1168.
 1 APPPATH\Controllers\ProfileController.php(133): view('profile/general', null)
 2 APPPATH\Controllers\ProfileController.php(104): App\Controllers\ProfileController->general()
 3 SYSTEMPATH\CodeIgniter.php(932): App\Controllers\ProfileController->rootGet('general')
 4 SYSTEMPATH\CodeIgniter.php(497): CodeIgniter\CodeIgniter->runController(Object(App\Controllers\ProfileController))
 5 SYSTEMPATH\CodeIgniter.php(366): CodeIgniter\CodeIgniter->handleRequest(null, Object(Config\Cache), false)
 6 FCPATH\index.php(67): CodeIgniter\CodeIgniter->run()
 7 SYSTEMPATH\Commands\Server\rewrite.php(47): require_once('C:\\xampp\\htdocs\\ClassFlow\\public\\index.php')
CRITICAL - 2024-05-04 09:18:46 --> Argument 2 passed to view() must be of the type array, null given, called in C:\xampp\htdocs\ClassFlow\app\Controllers\ProfileController.php on line 133
in SYSTEMPATH\Common.php on line 1168.
 1 APPPATH\Controllers\ProfileController.php(133): view('profile/general', null)
 2 APPPATH\Controllers\ProfileController.php(104): App\Controllers\ProfileController->general()
 3 SYSTEMPATH\CodeIgniter.php(932): App\Controllers\ProfileController->rootGet('general')
 4 SYSTEMPATH\CodeIgniter.php(497): CodeIgniter\CodeIgniter->runController(Object(App\Controllers\ProfileController))
 5 SYSTEMPATH\CodeIgniter.php(366): CodeIgniter\CodeIgniter->handleRequest(null, Object(Config\Cache), false)
 6 FCPATH\index.php(67): CodeIgniter\CodeIgniter->run()
 7 SYSTEMPATH\Commands\Server\rewrite.php(47): require_once('C:\\xampp\\htdocs\\ClassFlow\\public\\index.php')
CRITICAL - 2024-05-04 09:18:46 --> Argument 2 passed to view() must be of the type array, null given, called in C:\xampp\htdocs\ClassFlow\app\Controllers\ProfileController.php on line 133
in SYSTEMPATH\Common.php on line 1168.
 1 APPPATH\Controllers\ProfileController.php(133): view('profile/general', null)
 2 APPPATH\Controllers\ProfileController.php(104): App\Controllers\ProfileController->general()
 3 SYSTEMPATH\CodeIgniter.php(932): App\Controllers\ProfileController->rootGet('general')
 4 SYSTEMPATH\CodeIgniter.php(497): CodeIgniter\CodeIgniter->runController(Object(App\Controllers\ProfileController))
 5 SYSTEMPATH\CodeIgniter.php(366): CodeIgniter\CodeIgniter->handleRequest(null, Object(Config\Cache), false)
 6 FCPATH\index.php(67): CodeIgniter\CodeIgniter->run()
 7 SYSTEMPATH\Commands\Server\rewrite.php(47): require_once('C:\\xampp\\htdocs\\ClassFlow\\public\\index.php')
CRITICAL - 2024-05-04 09:18:46 --> Argument 2 passed to view() must be of the type array, null given, called in C:\xampp\htdocs\ClassFlow\app\Controllers\ProfileController.php on line 133
in SYSTEMPATH\Common.php on line 1168.
 1 APPPATH\Controllers\ProfileController.php(133): view('profile/general', null)
 2 APPPATH\Controllers\ProfileController.php(104): App\Controllers\ProfileController->general()
 3 SYSTEMPATH\CodeIgniter.php(932): App\Controllers\ProfileController->rootGet('general')
 4 SYSTEMPATH\CodeIgniter.php(497): CodeIgniter\CodeIgniter->runController(Object(App\Controllers\ProfileController))
 5 SYSTEMPATH\CodeIgniter.php(366): CodeIgniter\CodeIgniter->handleRequest(null, Object(Config\Cache), false)
 6 FCPATH\index.php(67): CodeIgniter\CodeIgniter->run()
 7 SYSTEMPATH\Commands\Server\rewrite.php(47): require_once('C:\\xampp\\htdocs\\ClassFlow\\public\\index.php')
CRITICAL - 2024-05-04 09:18:46 --> Argument 2 passed to view() must be of the type array, null given, called in C:\xampp\htdocs\ClassFlow\app\Controllers\ProfileController.php on line 133
in SYSTEMPATH\Common.php on line 1168.
 1 APPPATH\Controllers\ProfileController.php(133): view('profile/general', null)
 2 APPPATH\Controllers\ProfileController.php(104): App\Controllers\ProfileController->general()
 3 SYSTEMPATH\CodeIgniter.php(932): App\Controllers\ProfileController->rootGet('general')
 4 SYSTEMPATH\CodeIgniter.php(497): CodeIgniter\CodeIgniter->runController(Object(App\Controllers\ProfileController))
 5 SYSTEMPATH\CodeIgniter.php(366): CodeIgniter\CodeIgniter->handleRequest(null, Object(Config\Cache), false)
 6 FCPATH\index.php(67): CodeIgniter\CodeIgniter->run()
 7 SYSTEMPATH\Commands\Server\rewrite.php(47): require_once('C:\\xampp\\htdocs\\ClassFlow\\public\\index.php')
CRITICAL - 2024-05-04 09:18:46 --> Argument 2 passed to view() must be of the type array, null given, called in C:\xampp\htdocs\ClassFlow\app\Controllers\ProfileController.php on line 133
in SYSTEMPATH\Common.php on line 1168.
 1 APPPATH\Controllers\ProfileController.php(133): view('profile/general', null)
 2 APPPATH\Controllers\ProfileController.php(104): App\Controllers\ProfileController->general()
 3 SYSTEMPATH\CodeIgniter.php(932): App\Controllers\ProfileController->rootGet('general')
 4 SYSTEMPATH\CodeIgniter.php(497): CodeIgniter\CodeIgniter->runController(Object(App\Controllers\ProfileController))
 5 SYSTEMPATH\CodeIgniter.php(366): CodeIgniter\CodeIgniter->handleRequest(null, Object(Config\Cache), false)
 6 FCPATH\index.php(67): CodeIgniter\CodeIgniter->run()
 7 SYSTEMPATH\Commands\Server\rewrite.php(47): require_once('C:\\xampp\\htdocs\\ClassFlow\\public\\index.php')
CRITICAL - 2024-05-04 09:18:47 --> Argument 2 passed to view() must be of the type array, null given, called in C:\xampp\htdocs\ClassFlow\app\Controllers\ProfileController.php on line 133
in SYSTEMPATH\Common.php on line 1168.
 1 APPPATH\Controllers\ProfileController.php(133): view('profile/general', null)
 2 APPPATH\Controllers\ProfileController.php(104): App\Controllers\ProfileController->general()
 3 SYSTEMPATH\CodeIgniter.php(932): App\Controllers\ProfileController->rootGet('general')
 4 SYSTEMPATH\CodeIgniter.php(497): CodeIgniter\CodeIgniter->runController(Object(App\Controllers\ProfileController))
 5 SYSTEMPATH\CodeIgniter.php(366): CodeIgniter\CodeIgniter->handleRequest(null, Object(Config\Cache), false)
 6 FCPATH\index.php(67): CodeIgniter\CodeIgniter->run()
 7 SYSTEMPATH\Commands\Server\rewrite.php(47): require_once('C:\\xampp\\htdocs\\ClassFlow\\public\\index.php')
CRITICAL - 2024-05-04 09:18:47 --> Argument 2 passed to view() must be of the type array, null given, called in C:\xampp\htdocs\ClassFlow\app\Controllers\ProfileController.php on line 133
in SYSTEMPATH\Common.php on line 1168.
 1 APPPATH\Controllers\ProfileController.php(133): view('profile/general', null)
 2 APPPATH\Controllers\ProfileController.php(104): App\Controllers\ProfileController->general()
 3 SYSTEMPATH\CodeIgniter.php(932): App\Controllers\ProfileController->rootGet('general')
 4 SYSTEMPATH\CodeIgniter.php(497): CodeIgniter\CodeIgniter->runController(Object(App\Controllers\ProfileController))
 5 SYSTEMPATH\CodeIgniter.php(366): CodeIgniter\CodeIgniter->handleRequest(null, Object(Config\Cache), false)
 6 FCPATH\index.php(67): CodeIgniter\CodeIgniter->run()
 7 SYSTEMPATH\Commands\Server\rewrite.php(47): require_once('C:\\xampp\\htdocs\\ClassFlow\\public\\index.php')
CRITICAL - 2024-05-04 09:18:47 --> Argument 2 passed to view() must be of the type array, null given, called in C:\xampp\htdocs\ClassFlow\app\Controllers\ProfileController.php on line 133
in SYSTEMPATH\Common.php on line 1168.
 1 APPPATH\Controllers\ProfileController.php(133): view('profile/general', null)
 2 APPPATH\Controllers\ProfileController.php(104): App\Controllers\ProfileController->general()
 3 SYSTEMPATH\CodeIgniter.php(932): App\Controllers\ProfileController->rootGet('general')
 4 SYSTEMPATH\CodeIgniter.php(497): CodeIgniter\CodeIgniter->runController(Object(App\Controllers\ProfileController))
 5 SYSTEMPATH\CodeIgniter.php(366): CodeIgniter\CodeIgniter->handleRequest(null, Object(Config\Cache), false)
 6 FCPATH\index.php(67): CodeIgniter\CodeIgniter->run()
 7 SYSTEMPATH\Commands\Server\rewrite.php(47): require_once('C:\\xampp\\htdocs\\ClassFlow\\public\\index.php')
CRITICAL - 2024-05-04 09:18:47 --> Argument 2 passed to view() must be of the type array, null given, called in C:\xampp\htdocs\ClassFlow\app\Controllers\ProfileController.php on line 133
in SYSTEMPATH\Common.php on line 1168.
 1 APPPATH\Controllers\ProfileController.php(133): view('profile/general', null)
 2 APPPATH\Controllers\ProfileController.php(104): App\Controllers\ProfileController->general()
 3 SYSTEMPATH\CodeIgniter.php(932): App\Controllers\ProfileController->rootGet('general')
 4 SYSTEMPATH\CodeIgniter.php(497): CodeIgniter\CodeIgniter->runController(Object(App\Controllers\ProfileController))
 5 SYSTEMPATH\CodeIgniter.php(366): CodeIgniter\CodeIgniter->handleRequest(null, Object(Config\Cache), false)
 6 FCPATH\index.php(67): CodeIgniter\CodeIgniter->run()
 7 SYSTEMPATH\Commands\Server\rewrite.php(47): require_once('C:\\xampp\\htdocs\\ClassFlow\\public\\index.php')
CRITICAL - 2024-05-04 09:19:57 --> Argument 2 passed to view() must be of the type array, object given, called in C:\xampp\htdocs\ClassFlow\app\Controllers\ProfileController.php on line 133
in SYSTEMPATH\Common.php on line 1168.
 1 APPPATH\Controllers\ProfileController.php(133): view('profile/general', Object(stdClass))
 2 APPPATH\Controllers\ProfileController.php(104): App\Controllers\ProfileController->general()
 3 SYSTEMPATH\CodeIgniter.php(932): App\Controllers\ProfileController->rootGet('general')
 4 SYSTEMPATH\CodeIgniter.php(497): CodeIgniter\CodeIgniter->runController(Object(App\Controllers\ProfileController))
 5 SYSTEMPATH\CodeIgniter.php(366): CodeIgniter\CodeIgniter->handleRequest(null, Object(Config\Cache), false)
 6 FCPATH\index.php(67): CodeIgniter\CodeIgniter->run()
 7 SYSTEMPATH\Commands\Server\rewrite.php(47): require_once('C:\\xampp\\htdocs\\ClassFlow\\public\\index.php')
CRITICAL - 2024-05-04 09:31:51 --> Call to undefined method App\Controllers\ProfileController::test()
in APPPATH\Controllers\ProfileController.php on line 119.
 1 SYSTEMPATH\CodeIgniter.php(932): App\Controllers\ProfileController->root('test')
 2 SYSTEMPATH\CodeIgniter.php(497): CodeIgniter\CodeIgniter->runController(Object(App\Controllers\ProfileController))
 3 SYSTEMPATH\CodeIgniter.php(366): CodeIgniter\CodeIgniter->handleRequest(null, Object(Config\Cache), false)
 4 FCPATH\index.php(67): CodeIgniter\CodeIgniter->run()
 5 SYSTEMPATH\Commands\Server\rewrite.php(47): require_once('C:\\xampp\\htdocs\\ClassFlow\\public\\index.php')
CRITICAL - 2024-05-04 09:32:35 --> Call to undefined method App\Controllers\ProfileController::test()
in APPPATH\Controllers\ProfileController.php on line 119.
 1 SYSTEMPATH\CodeIgniter.php(932): App\Controllers\ProfileController->root('test')
 2 SYSTEMPATH\CodeIgniter.php(497): CodeIgniter\CodeIgniter->runController(Object(App\Controllers\ProfileController))
 3 SYSTEMPATH\CodeIgniter.php(366): CodeIgniter\CodeIgniter->handleRequest(null, Object(Config\Cache), false)
 4 FCPATH\index.php(67): CodeIgniter\CodeIgniter->run()
 5 SYSTEMPATH\Commands\Server\rewrite.php(47): require_once('C:\\xampp\\htdocs\\ClassFlow\\public\\index.php')
CRITICAL - 2024-05-04 09:32:41 --> Call to undefined method App\Controllers\ProfileController::test()
in APPPATH\Controllers\ProfileController.php on line 119.
 1 SYSTEMPATH\CodeIgniter.php(932): App\Controllers\ProfileController->root('test')
 2 SYSTEMPATH\CodeIgniter.php(497): CodeIgniter\CodeIgniter->runController(Object(App\Controllers\ProfileController))
 3 SYSTEMPATH\CodeIgniter.php(366): CodeIgniter\CodeIgniter->handleRequest(null, Object(Config\Cache), false)
 4 FCPATH\index.php(67): CodeIgniter\CodeIgniter->run()
 5 SYSTEMPATH\Commands\Server\rewrite.php(47): require_once('C:\\xampp\\htdocs\\ClassFlow\\public\\index.php')
CRITICAL - 2024-05-04 09:35:15 --> Call to undefined method App\Controllers\ProfileController::room()
in APPPATH\Controllers\ProfileController.php on line 104.
 1 SYSTEMPATH\CodeIgniter.php(932): App\Controllers\ProfileController->rootGet('room')
 2 SYSTEMPATH\CodeIgniter.php(497): CodeIgniter\CodeIgniter->runController(Object(App\Controllers\ProfileController))
 3 SYSTEMPATH\CodeIgniter.php(366): CodeIgniter\CodeIgniter->handleRequest(null, Object(Config\Cache), false)
 4 FCPATH\index.php(67): CodeIgniter\CodeIgniter->run()
 5 SYSTEMPATH\Commands\Server\rewrite.php(47): require_once('C:\\xampp\\htdocs\\ClassFlow\\public\\index.php')
CRITICAL - 2024-05-04 09:41:02 --> You must set the database table to be used with your query.
in SYSTEMPATH\Database\BaseConnection.php on line 883.
 1 SYSTEMPATH\Model.php(642): CodeIgniter\Database\BaseConnection->table(null)
 2 SYSTEMPATH\Model.php(828): CodeIgniter\Model->builder()
 3 APPPATH\Controllers\ProfileController.php(219): CodeIgniter\Model->__call('getDataById', [])
 4 APPPATH\Controllers\ProfileController.php(119): App\Controllers\ProfileController->updateRoom([...])
 5 SYSTEMPATH\CodeIgniter.php(932): App\Controllers\ProfileController->root('updateRoom')
 6 SYSTEMPATH\CodeIgniter.php(497): CodeIgniter\CodeIgniter->runController(Object(App\Controllers\ProfileController))
 7 SYSTEMPATH\CodeIgniter.php(366): CodeIgniter\CodeIgniter->handleRequest(null, Object(Config\Cache), false)
 8 FCPATH\index.php(67): CodeIgniter\CodeIgniter->run()
 9 SYSTEMPATH\Commands\Server\rewrite.php(47): require_once('C:\\xampp\\htdocs\\ClassFlow\\public\\index.php')
CRITICAL - 2024-05-04 09:41:39 --> You must set the database table to be used with your query.
in SYSTEMPATH\Database\BaseConnection.php on line 883.
 1 SYSTEMPATH\Model.php(642): CodeIgniter\Database\BaseConnection->table(null)
 2 SYSTEMPATH\Model.php(828): CodeIgniter\Model->builder()
 3 APPPATH\Controllers\ProfileController.php(219): CodeIgniter\Model->__call('getDataById', [])
 4 APPPATH\Controllers\ProfileController.php(119): App\Controllers\ProfileController->updateRoom([...])
 5 SYSTEMPATH\CodeIgniter.php(932): App\Controllers\ProfileController->root('updateRoom')
 6 SYSTEMPATH\CodeIgniter.php(497): CodeIgniter\CodeIgniter->runController(Object(App\Controllers\ProfileController))
 7 SYSTEMPATH\CodeIgniter.php(366): CodeIgniter\CodeIgniter->handleRequest(null, Object(Config\Cache), false)
 8 FCPATH\index.php(67): CodeIgniter\CodeIgniter->run()
 9 SYSTEMPATH\Commands\Server\rewrite.php(47): require_once('C:\\xampp\\htdocs\\ClassFlow\\public\\index.php')
CRITICAL - 2024-05-04 09:42:09 --> Call to a member function updateRoom() on null
in APPPATH\Controllers\ProfileController.php on line 248.
 1 APPPATH\Controllers\ProfileController.php(119): App\Controllers\ProfileController->updateRoom([...])
 2 SYSTEMPATH\CodeIgniter.php(932): App\Controllers\ProfileController->root('updateRoom')
 3 SYSTEMPATH\CodeIgniter.php(497): CodeIgniter\CodeIgniter->runController(Object(App\Controllers\ProfileController))
 4 SYSTEMPATH\CodeIgniter.php(366): CodeIgniter\CodeIgniter->handleRequest(null, Object(Config\Cache), false)
 5 FCPATH\index.php(67): CodeIgniter\CodeIgniter->run()
 6 SYSTEMPATH\Commands\Server\rewrite.php(47): require_once('C:\\xampp\\htdocs\\ClassFlow\\public\\index.php')
CRITICAL - 2024-05-04 09:42:10 --> Call to a member function updateRoom() on null
in APPPATH\Controllers\ProfileController.php on line 248.
 1 APPPATH\Controllers\ProfileController.php(119): App\Controllers\ProfileController->updateRoom([...])
 2 SYSTEMPATH\CodeIgniter.php(932): App\Controllers\ProfileController->root('updateRoom')
 3 SYSTEMPATH\CodeIgniter.php(497): CodeIgniter\CodeIgniter->runController(Object(App\Controllers\ProfileController))
 4 SYSTEMPATH\CodeIgniter.php(366): CodeIgniter\CodeIgniter->handleRequest(null, Object(Config\Cache), false)
 5 FCPATH\index.php(67): CodeIgniter\CodeIgniter->run()
 6 SYSTEMPATH\Commands\Server\rewrite.php(47): require_once('C:\\xampp\\htdocs\\ClassFlow\\public\\index.php')
CRITICAL - 2024-05-04 09:42:36 --> You must set the database table to be used with your query.
in SYSTEMPATH\Database\BaseConnection.php on line 883.
 1 SYSTEMPATH\Model.php(642): CodeIgniter\Database\BaseConnection->table(null)
 2 SYSTEMPATH\Model.php(828): CodeIgniter\Model->builder()
 3 APPPATH\Controllers\ProfileController.php(219): CodeIgniter\Model->__call('getDataById', [])
 4 APPPATH\Controllers\ProfileController.php(119): App\Controllers\ProfileController->updateRoom([...])
 5 SYSTEMPATH\CodeIgniter.php(932): App\Controllers\ProfileController->root('updateRoom')
 6 SYSTEMPATH\CodeIgniter.php(497): CodeIgniter\CodeIgniter->runController(Object(App\Controllers\ProfileController))
 7 SYSTEMPATH\CodeIgniter.php(366): CodeIgniter\CodeIgniter->handleRequest(null, Object(Config\Cache), false)
 8 FCPATH\index.php(67): CodeIgniter\CodeIgniter->run()
 9 SYSTEMPATH\Commands\Server\rewrite.php(47): require_once('C:\\xampp\\htdocs\\ClassFlow\\public\\index.php')
CRITICAL - 2024-05-04 09:42:47 --> You must set the database table to be used with your query.
in SYSTEMPATH\Database\BaseConnection.php on line 883.
 1 SYSTEMPATH\Model.php(642): CodeIgniter\Database\BaseConnection->table(null)
 2 SYSTEMPATH\Model.php(828): CodeIgniter\Model->builder()
 3 APPPATH\Controllers\ProfileController.php(219): CodeIgniter\Model->__call('getDataById', [])
 4 APPPATH\Controllers\ProfileController.php(119): App\Controllers\ProfileController->updateRoom([...])
 5 SYSTEMPATH\CodeIgniter.php(932): App\Controllers\ProfileController->root('updateRoom')
 6 SYSTEMPATH\CodeIgniter.php(497): CodeIgniter\CodeIgniter->runController(Object(App\Controllers\ProfileController))
 7 SYSTEMPATH\CodeIgniter.php(366): CodeIgniter\CodeIgniter->handleRequest(null, Object(Config\Cache), false)
 8 FCPATH\index.php(67): CodeIgniter\CodeIgniter->run()
 9 SYSTEMPATH\Commands\Server\rewrite.php(47): require_once('C:\\xampp\\htdocs\\ClassFlow\\public\\index.php')
CRITICAL - 2024-05-04 09:46:58 --> You must set the database table to be used with your query.
in SYSTEMPATH\Database\BaseConnection.php on line 883.
 1 SYSTEMPATH\Model.php(642): CodeIgniter\Database\BaseConnection->table(null)
 2 SYSTEMPATH\Model.php(828): CodeIgniter\Model->builder()
 3 APPPATH\Controllers\ProfileController.php(248): CodeIgniter\Model->__call('updateRoom', [...])
 4 APPPATH\Controllers\ProfileController.php(119): App\Controllers\ProfileController->updateRoom([...])
 5 SYSTEMPATH\CodeIgniter.php(932): App\Controllers\ProfileController->root('updateRoom')
 6 SYSTEMPATH\CodeIgniter.php(497): CodeIgniter\CodeIgniter->runController(Object(App\Controllers\ProfileController))
 7 SYSTEMPATH\CodeIgniter.php(366): CodeIgniter\CodeIgniter->handleRequest(null, Object(Config\Cache), false)
 8 FCPATH\index.php(67): CodeIgniter\CodeIgniter->run()
 9 SYSTEMPATH\Commands\Server\rewrite.php(47): require_once('C:\\xampp\\htdocs\\ClassFlow\\public\\index.php')
