CRITICAL - 2024-05-06 10:33:27 --> Call to undefined method App\Controllers\SubjectController::updateSubjectForm()
in APPPATH\Controllers\SubjectController.php on line 99.
 1 SYSTEMPATH\CodeIgniter.php(932): App\Controllers\SubjectController->root('updateSubjectForm')
 2 SYSTEMPATH\CodeIgniter.php(497): CodeIgniter\CodeIgniter->runController(Object(App\Controllers\SubjectController))
 3 SYSTEMPATH\CodeIgniter.php(366): CodeIgniter\CodeIgniter->handleRequest(null, Object(Config\Cache), false)
 4 FCPATH\index.php(67): CodeIgniter\CodeIgniter->run()
 5 SYSTEMPATH\Commands\Server\rewrite.php(47): require_once('C:\\xampp\\htdocs\\ClassFlow\\public\\index.php')
CRITICAL - 2024-05-06 10:54:13 --> Call to undefined method App\Controllers\SubjectController::updateSubjectForm()
in APPPATH\Controllers\SubjectController.php on line 99.
 1 SYSTEMPATH\CodeIgniter.php(932): App\Controllers\SubjectController->root('updateSubjectForm')
 2 SYSTEMPATH\CodeIgniter.php(497): CodeIgniter\CodeIgniter->runController(Object(App\Controllers\SubjectController))
 3 SYSTEMPATH\CodeIgniter.php(366): CodeIgniter\CodeIgniter->handleRequest(null, Object(Config\Cache), false)
 4 FCPATH\index.php(67): CodeIgniter\CodeIgniter->run()
 5 SYSTEMPATH\Commands\Server\rewrite.php(47): require_once('C:\\xampp\\htdocs\\ClassFlow\\public\\index.php')
CRITICAL - 2024-05-06 10:54:23 --> Call to undefined method App\Controllers\SubjectController::updateSubjectForm()
in APPPATH\Controllers\SubjectController.php on line 99.
 1 SYSTEMPATH\CodeIgniter.php(932): App\Controllers\SubjectController->root('updateSubjectForm')
 2 SYSTEMPATH\CodeIgniter.php(497): CodeIgniter\CodeIgniter->runController(Object(App\Controllers\SubjectController))
 3 SYSTEMPATH\CodeIgniter.php(366): CodeIgniter\CodeIgniter->handleRequest(null, Object(Config\Cache), false)
 4 FCPATH\index.php(67): CodeIgniter\CodeIgniter->run()
 5 SYSTEMPATH\Commands\Server\rewrite.php(47): require_once('C:\\xampp\\htdocs\\ClassFlow\\public\\index.php')
CRITICAL - 2024-05-06 10:54:32 --> Call to undefined method App\Controllers\SubjectController::updateSubjectForm()
in APPPATH\Controllers\SubjectController.php on line 99.
 1 SYSTEMPATH\CodeIgniter.php(932): App\Controllers\SubjectController->root('updateSubjectForm')
 2 SYSTEMPATH\CodeIgniter.php(497): CodeIgniter\CodeIgniter->runController(Object(App\Controllers\SubjectController))
 3 SYSTEMPATH\CodeIgniter.php(366): CodeIgniter\CodeIgniter->handleRequest(null, Object(Config\Cache), false)
 4 FCPATH\index.php(67): CodeIgniter\CodeIgniter->run()
 5 SYSTEMPATH\Commands\Server\rewrite.php(47): require_once('C:\\xampp\\htdocs\\ClassFlow\\public\\index.php')
CRITICAL - 2024-05-06 10:54:42 --> Call to undefined method App\Controllers\SubjectController::updateSubjectForm()
in APPPATH\Controllers\SubjectController.php on line 99.
 1 SYSTEMPATH\CodeIgniter.php(932): App\Controllers\SubjectController->root('updateSubjectForm')
 2 SYSTEMPATH\CodeIgniter.php(497): CodeIgniter\CodeIgniter->runController(Object(App\Controllers\SubjectController))
 3 SYSTEMPATH\CodeIgniter.php(366): CodeIgniter\CodeIgniter->handleRequest(null, Object(Config\Cache), false)
 4 FCPATH\index.php(67): CodeIgniter\CodeIgniter->run()
 5 SYSTEMPATH\Commands\Server\rewrite.php(47): require_once('C:\\xampp\\htdocs\\ClassFlow\\public\\index.php')
CRITICAL - 2024-05-06 10:55:29 --> Call to undefined method App\Controllers\SubjectController::updateSubjectForm()
in APPPATH\Controllers\SubjectController.php on line 99.
 1 SYSTEMPATH\CodeIgniter.php(932): App\Controllers\SubjectController->root('updateSubjectForm')
 2 SYSTEMPATH\CodeIgniter.php(497): CodeIgniter\CodeIgniter->runController(Object(App\Controllers\SubjectController))
 3 SYSTEMPATH\CodeIgniter.php(366): CodeIgniter\CodeIgniter->handleRequest(null, Object(Config\Cache), false)
 4 FCPATH\index.php(67): CodeIgniter\CodeIgniter->run()
 5 SYSTEMPATH\Commands\Server\rewrite.php(47): require_once('C:\\xampp\\htdocs\\ClassFlow\\public\\index.php')
CRITICAL - 2024-05-06 10:56:21 --> Call to undefined method App\Controllers\SubjectController::updateSubjectForm()
in APPPATH\Controllers\SubjectController.php on line 99.
 1 SYSTEMPATH\CodeIgniter.php(932): App\Controllers\SubjectController->root('updateSubjectForm')
 2 SYSTEMPATH\CodeIgniter.php(497): CodeIgniter\CodeIgniter->runController(Object(App\Controllers\SubjectController))
 3 SYSTEMPATH\CodeIgniter.php(366): CodeIgniter\CodeIgniter->handleRequest(null, Object(Config\Cache), false)
 4 FCPATH\index.php(67): CodeIgniter\CodeIgniter->run()
 5 SYSTEMPATH\Commands\Server\rewrite.php(47): require_once('C:\\xampp\\htdocs\\ClassFlow\\public\\index.php')
CRITICAL - 2024-05-06 10:56:48 --> Call to undefined method App\Controllers\SubjectController::updateSubjectForm()
in APPPATH\Controllers\SubjectController.php on line 99.
 1 SYSTEMPATH\CodeIgniter.php(932): App\Controllers\SubjectController->root('updateSubjectForm')
 2 SYSTEMPATH\CodeIgniter.php(497): CodeIgniter\CodeIgniter->runController(Object(App\Controllers\SubjectController))
 3 SYSTEMPATH\CodeIgniter.php(366): CodeIgniter\CodeIgniter->handleRequest(null, Object(Config\Cache), false)
 4 FCPATH\index.php(67): CodeIgniter\CodeIgniter->run()
 5 SYSTEMPATH\Commands\Server\rewrite.php(47): require_once('C:\\xampp\\htdocs\\ClassFlow\\public\\index.php')
CRITICAL - 2024-05-06 10:56:50 --> Call to undefined method App\Controllers\SubjectController::updateSubjectForm()
in APPPATH\Controllers\SubjectController.php on line 99.
 1 SYSTEMPATH\CodeIgniter.php(932): App\Controllers\SubjectController->root('updateSubjectForm')
 2 SYSTEMPATH\CodeIgniter.php(497): CodeIgniter\CodeIgniter->runController(Object(App\Controllers\SubjectController))
 3 SYSTEMPATH\CodeIgniter.php(366): CodeIgniter\CodeIgniter->handleRequest(null, Object(Config\Cache), false)
 4 FCPATH\index.php(67): CodeIgniter\CodeIgniter->run()
 5 SYSTEMPATH\Commands\Server\rewrite.php(47): require_once('C:\\xampp\\htdocs\\ClassFlow\\public\\index.php')
CRITICAL - 2024-05-06 10:57:09 --> Call to undefined method App\Controllers\SubjectController::updateSubjectForm()
in APPPATH\Controllers\SubjectController.php on line 99.
 1 SYSTEMPATH\CodeIgniter.php(932): App\Controllers\SubjectController->root('updateSubjectForm')
 2 SYSTEMPATH\CodeIgniter.php(497): CodeIgniter\CodeIgniter->runController(Object(App\Controllers\SubjectController))
 3 SYSTEMPATH\CodeIgniter.php(366): CodeIgniter\CodeIgniter->handleRequest(null, Object(Config\Cache), false)
 4 FCPATH\index.php(67): CodeIgniter\CodeIgniter->run()
 5 SYSTEMPATH\Commands\Server\rewrite.php(47): require_once('C:\\xampp\\htdocs\\ClassFlow\\public\\index.php')
CRITICAL - 2024-05-06 10:57:41 --> Call to undefined method App\Controllers\SubjectController::updateSubjectForm()
in APPPATH\Controllers\SubjectController.php on line 99.
 1 SYSTEMPATH\CodeIgniter.php(932): App\Controllers\SubjectController->root('updateSubjectForm')
 2 SYSTEMPATH\CodeIgniter.php(497): CodeIgniter\CodeIgniter->runController(Object(App\Controllers\SubjectController))
 3 SYSTEMPATH\CodeIgniter.php(366): CodeIgniter\CodeIgniter->handleRequest(null, Object(Config\Cache), false)
 4 FCPATH\index.php(67): CodeIgniter\CodeIgniter->run()
 5 SYSTEMPATH\Commands\Server\rewrite.php(47): require_once('C:\\xampp\\htdocs\\ClassFlow\\public\\index.php')
CRITICAL - 2024-05-06 10:58:17 --> Call to undefined method App\Controllers\SubjectController::updateSubjectForm()
in APPPATH\Controllers\SubjectController.php on line 99.
 1 SYSTEMPATH\CodeIgniter.php(932): App\Controllers\SubjectController->root('updateSubjectForm')
 2 SYSTEMPATH\CodeIgniter.php(497): CodeIgniter\CodeIgniter->runController(Object(App\Controllers\SubjectController))
 3 SYSTEMPATH\CodeIgniter.php(366): CodeIgniter\CodeIgniter->handleRequest(null, Object(Config\Cache), false)
 4 FCPATH\index.php(67): CodeIgniter\CodeIgniter->run()
 5 SYSTEMPATH\Commands\Server\rewrite.php(47): require_once('C:\\xampp\\htdocs\\ClassFlow\\public\\index.php')
CRITICAL - 2024-05-06 10:58:37 --> Call to undefined method App\Controllers\SubjectController::updateSubjectForm()
in APPPATH\Controllers\SubjectController.php on line 99.
 1 SYSTEMPATH\CodeIgniter.php(932): App\Controllers\SubjectController->root('updateSubjectForm')
 2 SYSTEMPATH\CodeIgniter.php(497): CodeIgniter\CodeIgniter->runController(Object(App\Controllers\SubjectController))
 3 SYSTEMPATH\CodeIgniter.php(366): CodeIgniter\CodeIgniter->handleRequest(null, Object(Config\Cache), false)
 4 FCPATH\index.php(67): CodeIgniter\CodeIgniter->run()
 5 SYSTEMPATH\Commands\Server\rewrite.php(47): require_once('C:\\xampp\\htdocs\\ClassFlow\\public\\index.php')
CRITICAL - 2024-05-06 11:00:03 --> Call to undefined method App\Controllers\SubjectController::updateSubjectForm()
in APPPATH\Controllers\SubjectController.php on line 99.
 1 SYSTEMPATH\CodeIgniter.php(932): App\Controllers\SubjectController->root('updateSubjectForm')
 2 SYSTEMPATH\CodeIgniter.php(497): CodeIgniter\CodeIgniter->runController(Object(App\Controllers\SubjectController))
 3 SYSTEMPATH\CodeIgniter.php(366): CodeIgniter\CodeIgniter->handleRequest(null, Object(Config\Cache), false)
 4 FCPATH\index.php(67): CodeIgniter\CodeIgniter->run()
 5 SYSTEMPATH\Commands\Server\rewrite.php(47): require_once('C:\\xampp\\htdocs\\ClassFlow\\public\\index.php')
CRITICAL - 2024-05-06 11:00:39 --> Call to undefined method App\Controllers\SubjectController::updateSubjectForm()
in APPPATH\Controllers\SubjectController.php on line 99.
 1 SYSTEMPATH\CodeIgniter.php(932): App\Controllers\SubjectController->root('updateSubjectForm')
 2 SYSTEMPATH\CodeIgniter.php(497): CodeIgniter\CodeIgniter->runController(Object(App\Controllers\SubjectController))
 3 SYSTEMPATH\CodeIgniter.php(366): CodeIgniter\CodeIgniter->handleRequest(null, Object(Config\Cache), false)
 4 FCPATH\index.php(67): CodeIgniter\CodeIgniter->run()
 5 SYSTEMPATH\Commands\Server\rewrite.php(47): require_once('C:\\xampp\\htdocs\\ClassFlow\\public\\index.php')
CRITICAL - 2024-05-06 11:01:51 --> Call to undefined method App\Controllers\SubjectController::updateSubjectForm()
in APPPATH\Controllers\SubjectController.php on line 99.
 1 SYSTEMPATH\CodeIgniter.php(932): App\Controllers\SubjectController->root('updateSubjectForm')
 2 SYSTEMPATH\CodeIgniter.php(497): CodeIgniter\CodeIgniter->runController(Object(App\Controllers\SubjectController))
 3 SYSTEMPATH\CodeIgniter.php(366): CodeIgniter\CodeIgniter->handleRequest(null, Object(Config\Cache), false)
 4 FCPATH\index.php(67): CodeIgniter\CodeIgniter->run()
 5 SYSTEMPATH\Commands\Server\rewrite.php(47): require_once('C:\\xampp\\htdocs\\ClassFlow\\public\\index.php')
CRITICAL - 2024-05-06 11:03:06 --> Call to undefined method App\Controllers\SubjectController::updateSubjectForm()
in APPPATH\Controllers\SubjectController.php on line 99.
 1 SYSTEMPATH\CodeIgniter.php(932): App\Controllers\SubjectController->root('updateSubjectForm')
 2 SYSTEMPATH\CodeIgniter.php(497): CodeIgniter\CodeIgniter->runController(Object(App\Controllers\SubjectController))
 3 SYSTEMPATH\CodeIgniter.php(366): CodeIgniter\CodeIgniter->handleRequest(null, Object(Config\Cache), false)
 4 FCPATH\index.php(67): CodeIgniter\CodeIgniter->run()
 5 SYSTEMPATH\Commands\Server\rewrite.php(47): require_once('C:\\xampp\\htdocs\\ClassFlow\\public\\index.php')
CRITICAL - 2024-05-06 11:03:09 --> Call to undefined method App\Controllers\SubjectController::updateSubjectForm()
in APPPATH\Controllers\SubjectController.php on line 99.
 1 SYSTEMPATH\CodeIgniter.php(932): App\Controllers\SubjectController->root('updateSubjectForm')
 2 SYSTEMPATH\CodeIgniter.php(497): CodeIgniter\CodeIgniter->runController(Object(App\Controllers\SubjectController))
 3 SYSTEMPATH\CodeIgniter.php(366): CodeIgniter\CodeIgniter->handleRequest(null, Object(Config\Cache), false)
 4 FCPATH\index.php(67): CodeIgniter\CodeIgniter->run()
 5 SYSTEMPATH\Commands\Server\rewrite.php(47): require_once('C:\\xampp\\htdocs\\ClassFlow\\public\\index.php')
CRITICAL - 2024-05-06 11:03:22 --> Call to undefined method App\Controllers\SubjectController::updateSubjectForm()
in APPPATH\Controllers\SubjectController.php on line 99.
 1 SYSTEMPATH\CodeIgniter.php(932): App\Controllers\SubjectController->root('updateSubjectForm')
 2 SYSTEMPATH\CodeIgniter.php(497): CodeIgniter\CodeIgniter->runController(Object(App\Controllers\SubjectController))
 3 SYSTEMPATH\CodeIgniter.php(366): CodeIgniter\CodeIgniter->handleRequest(null, Object(Config\Cache), false)
 4 FCPATH\index.php(67): CodeIgniter\CodeIgniter->run()
 5 SYSTEMPATH\Commands\Server\rewrite.php(47): require_once('C:\\xampp\\htdocs\\ClassFlow\\public\\index.php')
CRITICAL - 2024-05-06 11:03:31 --> Call to undefined method App\Controllers\SubjectController::updateSubjectForm()
in APPPATH\Controllers\SubjectController.php on line 99.
 1 SYSTEMPATH\CodeIgniter.php(932): App\Controllers\SubjectController->root('updateSubjectForm')
 2 SYSTEMPATH\CodeIgniter.php(497): CodeIgniter\CodeIgniter->runController(Object(App\Controllers\SubjectController))
 3 SYSTEMPATH\CodeIgniter.php(366): CodeIgniter\CodeIgniter->handleRequest(null, Object(Config\Cache), false)
 4 FCPATH\index.php(67): CodeIgniter\CodeIgniter->run()
 5 SYSTEMPATH\Commands\Server\rewrite.php(47): require_once('C:\\xampp\\htdocs\\ClassFlow\\public\\index.php')
CRITICAL - 2024-05-06 11:06:23 --> Call to undefined method App\Controllers\SubjectController::updateSubjectForm()
in APPPATH\Controllers\SubjectController.php on line 99.
 1 SYSTEMPATH\CodeIgniter.php(932): App\Controllers\SubjectController->root('updateSubjectForm')
 2 SYSTEMPATH\CodeIgniter.php(497): CodeIgniter\CodeIgniter->runController(Object(App\Controllers\SubjectController))
 3 SYSTEMPATH\CodeIgniter.php(366): CodeIgniter\CodeIgniter->handleRequest(null, Object(Config\Cache), false)
 4 FCPATH\index.php(67): CodeIgniter\CodeIgniter->run()
 5 SYSTEMPATH\Commands\Server\rewrite.php(47): require_once('C:\\xampp\\htdocs\\ClassFlow\\public\\index.php')
CRITICAL - 2024-05-06 11:08:31 --> Call to undefined method App\Controllers\SubjectController::updateSubjectForm()
in APPPATH\Controllers\SubjectController.php on line 99.
 1 SYSTEMPATH\CodeIgniter.php(932): App\Controllers\SubjectController->root('updateSubjectForm')
 2 SYSTEMPATH\CodeIgniter.php(497): CodeIgniter\CodeIgniter->runController(Object(App\Controllers\SubjectController))
 3 SYSTEMPATH\CodeIgniter.php(366): CodeIgniter\CodeIgniter->handleRequest(null, Object(Config\Cache), false)
 4 FCPATH\index.php(67): CodeIgniter\CodeIgniter->run()
 5 SYSTEMPATH\Commands\Server\rewrite.php(47): require_once('C:\\xampp\\htdocs\\ClassFlow\\public\\index.php')
CRITICAL - 2024-05-06 11:08:36 --> Call to undefined method App\Controllers\SubjectController::updateSubjectForm()
in APPPATH\Controllers\SubjectController.php on line 99.
 1 SYSTEMPATH\CodeIgniter.php(932): App\Controllers\SubjectController->root('updateSubjectForm')
 2 SYSTEMPATH\CodeIgniter.php(497): CodeIgniter\CodeIgniter->runController(Object(App\Controllers\SubjectController))
 3 SYSTEMPATH\CodeIgniter.php(366): CodeIgniter\CodeIgniter->handleRequest(null, Object(Config\Cache), false)
 4 FCPATH\index.php(67): CodeIgniter\CodeIgniter->run()
 5 SYSTEMPATH\Commands\Server\rewrite.php(47): require_once('C:\\xampp\\htdocs\\ClassFlow\\public\\index.php')
CRITICAL - 2024-05-06 11:10:11 --> Call to undefined method App\Controllers\SubjectController::updateSubjectForm()
in APPPATH\Controllers\SubjectController.php on line 99.
 1 SYSTEMPATH\CodeIgniter.php(932): App\Controllers\SubjectController->root('updateSubjectForm')
 2 SYSTEMPATH\CodeIgniter.php(497): CodeIgniter\CodeIgniter->runController(Object(App\Controllers\SubjectController))
 3 SYSTEMPATH\CodeIgniter.php(366): CodeIgniter\CodeIgniter->handleRequest(null, Object(Config\Cache), false)
 4 FCPATH\index.php(67): CodeIgniter\CodeIgniter->run()
 5 SYSTEMPATH\Commands\Server\rewrite.php(47): require_once('C:\\xampp\\htdocs\\ClassFlow\\public\\index.php')
CRITICAL - 2024-05-06 11:10:38 --> Call to undefined method App\Controllers\SubjectController::updateSubjectForm()
in APPPATH\Controllers\SubjectController.php on line 99.
 1 SYSTEMPATH\CodeIgniter.php(932): App\Controllers\SubjectController->root('updateSubjectForm')
 2 SYSTEMPATH\CodeIgniter.php(497): CodeIgniter\CodeIgniter->runController(Object(App\Controllers\SubjectController))
 3 SYSTEMPATH\CodeIgniter.php(366): CodeIgniter\CodeIgniter->handleRequest(null, Object(Config\Cache), false)
 4 FCPATH\index.php(67): CodeIgniter\CodeIgniter->run()
 5 SYSTEMPATH\Commands\Server\rewrite.php(47): require_once('C:\\xampp\\htdocs\\ClassFlow\\public\\index.php')
CRITICAL - 2024-05-06 11:10:47 --> Call to undefined method App\Controllers\SubjectController::updateSubjectForm()
in APPPATH\Controllers\SubjectController.php on line 99.
 1 SYSTEMPATH\CodeIgniter.php(932): App\Controllers\SubjectController->root('updateSubjectForm')
 2 SYSTEMPATH\CodeIgniter.php(497): CodeIgniter\CodeIgniter->runController(Object(App\Controllers\SubjectController))
 3 SYSTEMPATH\CodeIgniter.php(366): CodeIgniter\CodeIgniter->handleRequest(null, Object(Config\Cache), false)
 4 FCPATH\index.php(67): CodeIgniter\CodeIgniter->run()
 5 SYSTEMPATH\Commands\Server\rewrite.php(47): require_once('C:\\xampp\\htdocs\\ClassFlow\\public\\index.php')
CRITICAL - 2024-05-06 11:11:07 --> Call to undefined method App\Controllers\SubjectController::updateSubjectForm()
in APPPATH\Controllers\SubjectController.php on line 99.
 1 SYSTEMPATH\CodeIgniter.php(932): App\Controllers\SubjectController->root('updateSubjectForm')
 2 SYSTEMPATH\CodeIgniter.php(497): CodeIgniter\CodeIgniter->runController(Object(App\Controllers\SubjectController))
 3 SYSTEMPATH\CodeIgniter.php(366): CodeIgniter\CodeIgniter->handleRequest(null, Object(Config\Cache), false)
 4 FCPATH\index.php(67): CodeIgniter\CodeIgniter->run()
 5 SYSTEMPATH\Commands\Server\rewrite.php(47): require_once('C:\\xampp\\htdocs\\ClassFlow\\public\\index.php')
CRITICAL - 2024-05-06 11:12:14 --> Call to undefined method App\Controllers\SubjectController::updateSubjectForm()
in APPPATH\Controllers\SubjectController.php on line 99.
 1 SYSTEMPATH\CodeIgniter.php(932): App\Controllers\SubjectController->root('updateSubjectForm')
 2 SYSTEMPATH\CodeIgniter.php(497): CodeIgniter\CodeIgniter->runController(Object(App\Controllers\SubjectController))
 3 SYSTEMPATH\CodeIgniter.php(366): CodeIgniter\CodeIgniter->handleRequest(null, Object(Config\Cache), false)
 4 FCPATH\index.php(67): CodeIgniter\CodeIgniter->run()
 5 SYSTEMPATH\Commands\Server\rewrite.php(47): require_once('C:\\xampp\\htdocs\\ClassFlow\\public\\index.php')
CRITICAL - 2024-05-06 11:17:43 --> Call to undefined method App\Controllers\SubjectController::updateSubjectForm()
in APPPATH\Controllers\SubjectController.php on line 99.
 1 SYSTEMPATH\CodeIgniter.php(932): App\Controllers\SubjectController->root('updateSubjectForm')
 2 SYSTEMPATH\CodeIgniter.php(497): CodeIgniter\CodeIgniter->runController(Object(App\Controllers\SubjectController))
 3 SYSTEMPATH\CodeIgniter.php(366): CodeIgniter\CodeIgniter->handleRequest(null, Object(Config\Cache), false)
 4 FCPATH\index.php(67): CodeIgniter\CodeIgniter->run()
 5 SYSTEMPATH\Commands\Server\rewrite.php(47): require_once('C:\\xampp\\htdocs\\ClassFlow\\public\\index.php')
CRITICAL - 2024-05-06 11:18:36 --> Call to undefined method App\Controllers\SubjectController::updateSubjectForm()
in APPPATH\Controllers\SubjectController.php on line 99.
 1 SYSTEMPATH\CodeIgniter.php(932): App\Controllers\SubjectController->root('updateSubjectForm')
 2 SYSTEMPATH\CodeIgniter.php(497): CodeIgniter\CodeIgniter->runController(Object(App\Controllers\SubjectController))
 3 SYSTEMPATH\CodeIgniter.php(366): CodeIgniter\CodeIgniter->handleRequest(null, Object(Config\Cache), false)
 4 FCPATH\index.php(67): CodeIgniter\CodeIgniter->run()
 5 SYSTEMPATH\Commands\Server\rewrite.php(47): require_once('C:\\xampp\\htdocs\\ClassFlow\\public\\index.php')
CRITICAL - 2024-05-06 11:18:37 --> Call to undefined method App\Controllers\SubjectController::updateSubjectForm()
in APPPATH\Controllers\SubjectController.php on line 99.
 1 SYSTEMPATH\CodeIgniter.php(932): App\Controllers\SubjectController->root('updateSubjectForm')
 2 SYSTEMPATH\CodeIgniter.php(497): CodeIgniter\CodeIgniter->runController(Object(App\Controllers\SubjectController))
 3 SYSTEMPATH\CodeIgniter.php(366): CodeIgniter\CodeIgniter->handleRequest(null, Object(Config\Cache), false)
 4 FCPATH\index.php(67): CodeIgniter\CodeIgniter->run()
 5 SYSTEMPATH\Commands\Server\rewrite.php(47): require_once('C:\\xampp\\htdocs\\ClassFlow\\public\\index.php')
CRITICAL - 2024-05-06 11:19:14 --> Call to undefined method App\Controllers\SubjectController::updateSubjectForm()
in APPPATH\Controllers\SubjectController.php on line 99.
 1 SYSTEMPATH\CodeIgniter.php(932): App\Controllers\SubjectController->root('updateSubjectForm')
 2 SYSTEMPATH\CodeIgniter.php(497): CodeIgniter\CodeIgniter->runController(Object(App\Controllers\SubjectController))
 3 SYSTEMPATH\CodeIgniter.php(366): CodeIgniter\CodeIgniter->handleRequest(null, Object(Config\Cache), false)
 4 FCPATH\index.php(67): CodeIgniter\CodeIgniter->run()
 5 SYSTEMPATH\Commands\Server\rewrite.php(47): require_once('C:\\xampp\\htdocs\\ClassFlow\\public\\index.php')
CRITICAL - 2024-05-06 11:19:30 --> Call to undefined method App\Controllers\SubjectController::updateSubjectForm()
in APPPATH\Controllers\SubjectController.php on line 99.
 1 SYSTEMPATH\CodeIgniter.php(932): App\Controllers\SubjectController->root('updateSubjectForm')
 2 SYSTEMPATH\CodeIgniter.php(497): CodeIgniter\CodeIgniter->runController(Object(App\Controllers\SubjectController))
 3 SYSTEMPATH\CodeIgniter.php(366): CodeIgniter\CodeIgniter->handleRequest(null, Object(Config\Cache), false)
 4 FCPATH\index.php(67): CodeIgniter\CodeIgniter->run()
 5 SYSTEMPATH\Commands\Server\rewrite.php(47): require_once('C:\\xampp\\htdocs\\ClassFlow\\public\\index.php')
CRITICAL - 2024-05-06 11:20:33 --> Call to undefined method App\Controllers\SubjectController::updateSubjectForm()
in APPPATH\Controllers\SubjectController.php on line 99.
 1 SYSTEMPATH\CodeIgniter.php(932): App\Controllers\SubjectController->root('updateSubjectForm')
 2 SYSTEMPATH\CodeIgniter.php(497): CodeIgniter\CodeIgniter->runController(Object(App\Controllers\SubjectController))
 3 SYSTEMPATH\CodeIgniter.php(366): CodeIgniter\CodeIgniter->handleRequest(null, Object(Config\Cache), false)
 4 FCPATH\index.php(67): CodeIgniter\CodeIgniter->run()
 5 SYSTEMPATH\Commands\Server\rewrite.php(47): require_once('C:\\xampp\\htdocs\\ClassFlow\\public\\index.php')
CRITICAL - 2024-05-06 11:22:05 --> Call to undefined method App\Controllers\SubjectController::updateSubjectForm()
in APPPATH\Controllers\SubjectController.php on line 99.
 1 SYSTEMPATH\CodeIgniter.php(932): App\Controllers\SubjectController->root('updateSubjectForm')
 2 SYSTEMPATH\CodeIgniter.php(497): CodeIgniter\CodeIgniter->runController(Object(App\Controllers\SubjectController))
 3 SYSTEMPATH\CodeIgniter.php(366): CodeIgniter\CodeIgniter->handleRequest(null, Object(Config\Cache), false)
 4 FCPATH\index.php(67): CodeIgniter\CodeIgniter->run()
 5 SYSTEMPATH\Commands\Server\rewrite.php(47): require_once('C:\\xampp\\htdocs\\ClassFlow\\public\\index.php')
CRITICAL - 2024-05-06 11:23:24 --> Call to undefined method App\Controllers\SubjectController::updateSubjectForm()
in APPPATH\Controllers\SubjectController.php on line 99.
 1 SYSTEMPATH\CodeIgniter.php(932): App\Controllers\SubjectController->root('updateSubjectForm')
 2 SYSTEMPATH\CodeIgniter.php(497): CodeIgniter\CodeIgniter->runController(Object(App\Controllers\SubjectController))
 3 SYSTEMPATH\CodeIgniter.php(366): CodeIgniter\CodeIgniter->handleRequest(null, Object(Config\Cache), false)
 4 FCPATH\index.php(67): CodeIgniter\CodeIgniter->run()
 5 SYSTEMPATH\Commands\Server\rewrite.php(47): require_once('C:\\xampp\\htdocs\\ClassFlow\\public\\index.php')
CRITICAL - 2024-05-06 11:23:28 --> Call to undefined method App\Controllers\SubjectController::updateSubjectForm()
in APPPATH\Controllers\SubjectController.php on line 99.
 1 SYSTEMPATH\CodeIgniter.php(932): App\Controllers\SubjectController->root('updateSubjectForm')
 2 SYSTEMPATH\CodeIgniter.php(497): CodeIgniter\CodeIgniter->runController(Object(App\Controllers\SubjectController))
 3 SYSTEMPATH\CodeIgniter.php(366): CodeIgniter\CodeIgniter->handleRequest(null, Object(Config\Cache), false)
 4 FCPATH\index.php(67): CodeIgniter\CodeIgniter->run()
 5 SYSTEMPATH\Commands\Server\rewrite.php(47): require_once('C:\\xampp\\htdocs\\ClassFlow\\public\\index.php')
CRITICAL - 2024-05-06 11:23:44 --> Call to undefined method App\Controllers\SubjectController::updateSubjectForm()
in APPPATH\Controllers\SubjectController.php on line 99.
 1 SYSTEMPATH\CodeIgniter.php(932): App\Controllers\SubjectController->root('updateSubjectForm')
 2 SYSTEMPATH\CodeIgniter.php(497): CodeIgniter\CodeIgniter->runController(Object(App\Controllers\SubjectController))
 3 SYSTEMPATH\CodeIgniter.php(366): CodeIgniter\CodeIgniter->handleRequest(null, Object(Config\Cache), false)
 4 FCPATH\index.php(67): CodeIgniter\CodeIgniter->run()
 5 SYSTEMPATH\Commands\Server\rewrite.php(47): require_once('C:\\xampp\\htdocs\\ClassFlow\\public\\index.php')
CRITICAL - 2024-05-06 11:27:02 --> Call to undefined method App\Controllers\SubjectController::updateSubjectForm()
in APPPATH\Controllers\SubjectController.php on line 99.
 1 SYSTEMPATH\CodeIgniter.php(932): App\Controllers\SubjectController->root('updateSubjectForm')
 2 SYSTEMPATH\CodeIgniter.php(497): CodeIgniter\CodeIgniter->runController(Object(App\Controllers\SubjectController))
 3 SYSTEMPATH\CodeIgniter.php(366): CodeIgniter\CodeIgniter->handleRequest(null, Object(Config\Cache), false)
 4 FCPATH\index.php(67): CodeIgniter\CodeIgniter->run()
 5 SYSTEMPATH\Commands\Server\rewrite.php(47): require_once('C:\\xampp\\htdocs\\ClassFlow\\public\\index.php')
CRITICAL - 2024-05-06 11:28:46 --> Call to undefined method App\Controllers\SubjectController::updateSubjectForm()
in APPPATH\Controllers\SubjectController.php on line 99.
 1 SYSTEMPATH\CodeIgniter.php(932): App\Controllers\SubjectController->root('updateSubjectForm')
 2 SYSTEMPATH\CodeIgniter.php(497): CodeIgniter\CodeIgniter->runController(Object(App\Controllers\SubjectController))
 3 SYSTEMPATH\CodeIgniter.php(366): CodeIgniter\CodeIgniter->handleRequest(null, Object(Config\Cache), false)
 4 FCPATH\index.php(67): CodeIgniter\CodeIgniter->run()
 5 SYSTEMPATH\Commands\Server\rewrite.php(47): require_once('C:\\xampp\\htdocs\\ClassFlow\\public\\index.php')
CRITICAL - 2024-05-06 11:30:35 --> Call to undefined method App\Controllers\SubjectController::updateSubjectForm()
in APPPATH\Controllers\SubjectController.php on line 99.
 1 SYSTEMPATH\CodeIgniter.php(932): App\Controllers\SubjectController->root('updateSubjectForm')
 2 SYSTEMPATH\CodeIgniter.php(497): CodeIgniter\CodeIgniter->runController(Object(App\Controllers\SubjectController))
 3 SYSTEMPATH\CodeIgniter.php(366): CodeIgniter\CodeIgniter->handleRequest(null, Object(Config\Cache), false)
 4 FCPATH\index.php(67): CodeIgniter\CodeIgniter->run()
 5 SYSTEMPATH\Commands\Server\rewrite.php(47): require_once('C:\\xampp\\htdocs\\ClassFlow\\public\\index.php')
CRITICAL - 2024-05-06 11:32:50 --> Call to undefined method App\Controllers\SubjectController::updateSubjectForm()
in APPPATH\Controllers\SubjectController.php on line 99.
 1 SYSTEMPATH\CodeIgniter.php(932): App\Controllers\SubjectController->root('updateSubjectForm')
 2 SYSTEMPATH\CodeIgniter.php(497): CodeIgniter\CodeIgniter->runController(Object(App\Controllers\SubjectController))
 3 SYSTEMPATH\CodeIgniter.php(366): CodeIgniter\CodeIgniter->handleRequest(null, Object(Config\Cache), false)
 4 FCPATH\index.php(67): CodeIgniter\CodeIgniter->run()
 5 SYSTEMPATH\Commands\Server\rewrite.php(47): require_once('C:\\xampp\\htdocs\\ClassFlow\\public\\index.php')
CRITICAL - 2024-05-06 13:08:02 --> Call to undefined method App\Controllers\SubjectController::updateSubjectForm()
in APPPATH\Controllers\SubjectController.php on line 99.
 1 SYSTEMPATH\CodeIgniter.php(932): App\Controllers\SubjectController->root('updateSubjectForm')
 2 SYSTEMPATH\CodeIgniter.php(497): CodeIgniter\CodeIgniter->runController(Object(App\Controllers\SubjectController))
 3 SYSTEMPATH\CodeIgniter.php(366): CodeIgniter\CodeIgniter->handleRequest(null, Object(Config\Cache), false)
 4 FCPATH\index.php(67): CodeIgniter\CodeIgniter->run()
 5 SYSTEMPATH\Commands\Server\rewrite.php(47): require_once('C:\\xampp\\htdocs\\ClassFlow\\public\\index.php')
CRITICAL - 2024-05-06 13:08:03 --> Call to undefined method App\Controllers\SubjectController::updateSubjectForm()
in APPPATH\Controllers\SubjectController.php on line 99.
 1 SYSTEMPATH\CodeIgniter.php(932): App\Controllers\SubjectController->root('updateSubjectForm')
 2 SYSTEMPATH\CodeIgniter.php(497): CodeIgniter\CodeIgniter->runController(Object(App\Controllers\SubjectController))
 3 SYSTEMPATH\CodeIgniter.php(366): CodeIgniter\CodeIgniter->handleRequest(null, Object(Config\Cache), false)
 4 FCPATH\index.php(67): CodeIgniter\CodeIgniter->run()
 5 SYSTEMPATH\Commands\Server\rewrite.php(47): require_once('C:\\xampp\\htdocs\\ClassFlow\\public\\index.php')
CRITICAL - 2024-05-06 13:08:45 --> Call to undefined method App\Controllers\SubjectController::updateSubjectForm()
in APPPATH\Controllers\SubjectController.php on line 99.
 1 SYSTEMPATH\CodeIgniter.php(932): App\Controllers\SubjectController->root('updateSubjectForm')
 2 SYSTEMPATH\CodeIgniter.php(497): CodeIgniter\CodeIgniter->runController(Object(App\Controllers\SubjectController))
 3 SYSTEMPATH\CodeIgniter.php(366): CodeIgniter\CodeIgniter->handleRequest(null, Object(Config\Cache), false)
 4 FCPATH\index.php(67): CodeIgniter\CodeIgniter->run()
 5 SYSTEMPATH\Commands\Server\rewrite.php(47): require_once('C:\\xampp\\htdocs\\ClassFlow\\public\\index.php')
CRITICAL - 2024-05-06 13:09:17 --> Call to undefined method App\Controllers\SubjectController::updateSubjectForm()
in APPPATH\Controllers\SubjectController.php on line 99.
 1 SYSTEMPATH\CodeIgniter.php(932): App\Controllers\SubjectController->root('updateSubjectForm')
 2 SYSTEMPATH\CodeIgniter.php(497): CodeIgniter\CodeIgniter->runController(Object(App\Controllers\SubjectController))
 3 SYSTEMPATH\CodeIgniter.php(366): CodeIgniter\CodeIgniter->handleRequest(null, Object(Config\Cache), false)
 4 FCPATH\index.php(67): CodeIgniter\CodeIgniter->run()
 5 SYSTEMPATH\Commands\Server\rewrite.php(47): require_once('C:\\xampp\\htdocs\\ClassFlow\\public\\index.php')
CRITICAL - 2024-05-06 13:09:20 --> Call to undefined method App\Controllers\SubjectController::updateSubjectForm()
in APPPATH\Controllers\SubjectController.php on line 99.
 1 SYSTEMPATH\CodeIgniter.php(932): App\Controllers\SubjectController->root('updateSubjectForm')
 2 SYSTEMPATH\CodeIgniter.php(497): CodeIgniter\CodeIgniter->runController(Object(App\Controllers\SubjectController))
 3 SYSTEMPATH\CodeIgniter.php(366): CodeIgniter\CodeIgniter->handleRequest(null, Object(Config\Cache), false)
 4 FCPATH\index.php(67): CodeIgniter\CodeIgniter->run()
 5 SYSTEMPATH\Commands\Server\rewrite.php(47): require_once('C:\\xampp\\htdocs\\ClassFlow\\public\\index.php')
CRITICAL - 2024-05-06 13:10:51 --> Invalid file: "inex.php"
in SYSTEMPATH\Exceptions\FrameworkException.php on line 33.
 1 SYSTEMPATH\View\View.php(212): CodeIgniter\Exceptions\FrameworkException::forInvalidFile('inex.php')
 2 SYSTEMPATH\Common.php(1180): CodeIgniter\View\View->render('inex', [], true)
 3 APPPATH\Controllers\IndexController.php(16): view('inex')
 4 SYSTEMPATH\CodeIgniter.php(932): App\Controllers\IndexController->index()
 5 SYSTEMPATH\CodeIgniter.php(497): CodeIgniter\CodeIgniter->runController(Object(App\Controllers\IndexController))
 6 SYSTEMPATH\CodeIgniter.php(366): CodeIgniter\CodeIgniter->handleRequest(null, Object(Config\Cache), false)
 7 FCPATH\index.php(67): CodeIgniter\CodeIgniter->run()
 8 SYSTEMPATH\Commands\Server\rewrite.php(47): require_once('C:\\xampp\\htdocs\\ClassFlow\\public\\index.php')
CRITICAL - 2024-05-06 13:10:52 --> Invalid file: "inex.php"
in SYSTEMPATH\Exceptions\FrameworkException.php on line 33.
 1 SYSTEMPATH\View\View.php(212): CodeIgniter\Exceptions\FrameworkException::forInvalidFile('inex.php')
 2 SYSTEMPATH\Common.php(1180): CodeIgniter\View\View->render('inex', [], true)
 3 APPPATH\Controllers\IndexController.php(16): view('inex')
 4 SYSTEMPATH\CodeIgniter.php(932): App\Controllers\IndexController->index()
 5 SYSTEMPATH\CodeIgniter.php(497): CodeIgniter\CodeIgniter->runController(Object(App\Controllers\IndexController))
 6 SYSTEMPATH\CodeIgniter.php(366): CodeIgniter\CodeIgniter->handleRequest(null, Object(Config\Cache), false)
 7 FCPATH\index.php(67): CodeIgniter\CodeIgniter->run()
 8 SYSTEMPATH\Commands\Server\rewrite.php(47): require_once('C:\\xampp\\htdocs\\ClassFlow\\public\\index.php')
CRITICAL - 2024-05-06 13:25:49 --> Call to undefined method App\Controllers\SubjectController::updateSubjectForm()
in APPPATH\Controllers\SubjectController.php on line 99.
 1 SYSTEMPATH\CodeIgniter.php(932): App\Controllers\SubjectController->root('updateSubjectForm')
 2 SYSTEMPATH\CodeIgniter.php(497): CodeIgniter\CodeIgniter->runController(Object(App\Controllers\SubjectController))
 3 SYSTEMPATH\CodeIgniter.php(366): CodeIgniter\CodeIgniter->handleRequest(null, Object(Config\Cache), false)
 4 FCPATH\index.php(67): CodeIgniter\CodeIgniter->run()
 5 SYSTEMPATH\Commands\Server\rewrite.php(47): require_once('C:\\xampp\\htdocs\\ClassFlow\\public\\index.php')
CRITICAL - 2024-05-06 13:26:01 --> Call to undefined method App\Controllers\SubjectController::updateSubjectForm()
in APPPATH\Controllers\SubjectController.php on line 99.
 1 SYSTEMPATH\CodeIgniter.php(932): App\Controllers\SubjectController->root('updateSubjectForm')
 2 SYSTEMPATH\CodeIgniter.php(497): CodeIgniter\CodeIgniter->runController(Object(App\Controllers\SubjectController))
 3 SYSTEMPATH\CodeIgniter.php(366): CodeIgniter\CodeIgniter->handleRequest(null, Object(Config\Cache), false)
 4 FCPATH\index.php(67): CodeIgniter\CodeIgniter->run()
 5 SYSTEMPATH\Commands\Server\rewrite.php(47): require_once('C:\\xampp\\htdocs\\ClassFlow\\public\\index.php')
CRITICAL - 2024-05-06 13:26:28 --> Call to undefined method App\Controllers\SubjectController::updateSubjectForm()
in APPPATH\Controllers\SubjectController.php on line 99.
 1 SYSTEMPATH\CodeIgniter.php(932): App\Controllers\SubjectController->root('updateSubjectForm')
 2 SYSTEMPATH\CodeIgniter.php(497): CodeIgniter\CodeIgniter->runController(Object(App\Controllers\SubjectController))
 3 SYSTEMPATH\CodeIgniter.php(366): CodeIgniter\CodeIgniter->handleRequest(null, Object(Config\Cache), false)
 4 FCPATH\index.php(67): CodeIgniter\CodeIgniter->run()
 5 SYSTEMPATH\Commands\Server\rewrite.php(47): require_once('C:\\xampp\\htdocs\\ClassFlow\\public\\index.php')
CRITICAL - 2024-05-06 13:27:15 --> Call to undefined method App\Controllers\SubjectController::updateSubjectForm()
in APPPATH\Controllers\SubjectController.php on line 99.
 1 SYSTEMPATH\CodeIgniter.php(932): App\Controllers\SubjectController->root('updateSubjectForm')
 2 SYSTEMPATH\CodeIgniter.php(497): CodeIgniter\CodeIgniter->runController(Object(App\Controllers\SubjectController))
 3 SYSTEMPATH\CodeIgniter.php(366): CodeIgniter\CodeIgniter->handleRequest(null, Object(Config\Cache), false)
 4 FCPATH\index.php(67): CodeIgniter\CodeIgniter->run()
 5 SYSTEMPATH\Commands\Server\rewrite.php(47): require_once('C:\\xampp\\htdocs\\ClassFlow\\public\\index.php')
CRITICAL - 2024-05-06 13:27:32 --> Call to undefined method App\Controllers\SubjectController::updateSubjectForm()
in APPPATH\Controllers\SubjectController.php on line 99.
 1 SYSTEMPATH\CodeIgniter.php(932): App\Controllers\SubjectController->root('updateSubjectForm')
 2 SYSTEMPATH\CodeIgniter.php(497): CodeIgniter\CodeIgniter->runController(Object(App\Controllers\SubjectController))
 3 SYSTEMPATH\CodeIgniter.php(366): CodeIgniter\CodeIgniter->handleRequest(null, Object(Config\Cache), false)
 4 FCPATH\index.php(67): CodeIgniter\CodeIgniter->run()
 5 SYSTEMPATH\Commands\Server\rewrite.php(47): require_once('C:\\xampp\\htdocs\\ClassFlow\\public\\index.php')
CRITICAL - 2024-05-06 13:27:45 --> Call to undefined method App\Controllers\SubjectController::updateSubjectForm()
in APPPATH\Controllers\SubjectController.php on line 99.
 1 SYSTEMPATH\CodeIgniter.php(932): App\Controllers\SubjectController->root('updateSubjectForm')
 2 SYSTEMPATH\CodeIgniter.php(497): CodeIgniter\CodeIgniter->runController(Object(App\Controllers\SubjectController))
 3 SYSTEMPATH\CodeIgniter.php(366): CodeIgniter\CodeIgniter->handleRequest(null, Object(Config\Cache), false)
 4 FCPATH\index.php(67): CodeIgniter\CodeIgniter->run()
 5 SYSTEMPATH\Commands\Server\rewrite.php(47): require_once('C:\\xampp\\htdocs\\ClassFlow\\public\\index.php')
CRITICAL - 2024-05-06 13:28:51 --> Call to undefined method App\Controllers\SubjectController::updateSubjectForm()
in APPPATH\Controllers\SubjectController.php on line 99.
 1 SYSTEMPATH\CodeIgniter.php(932): App\Controllers\SubjectController->root('updateSubjectForm')
 2 SYSTEMPATH\CodeIgniter.php(497): CodeIgniter\CodeIgniter->runController(Object(App\Controllers\SubjectController))
 3 SYSTEMPATH\CodeIgniter.php(366): CodeIgniter\CodeIgniter->handleRequest(null, Object(Config\Cache), false)
 4 FCPATH\index.php(67): CodeIgniter\CodeIgniter->run()
 5 SYSTEMPATH\Commands\Server\rewrite.php(47): require_once('C:\\xampp\\htdocs\\ClassFlow\\public\\index.php')
CRITICAL - 2024-05-06 13:30:05 --> Call to undefined method App\Controllers\SubjectController::updateSubjectForm()
in APPPATH\Controllers\SubjectController.php on line 99.
 1 SYSTEMPATH\CodeIgniter.php(932): App\Controllers\SubjectController->root('updateSubjectForm')
 2 SYSTEMPATH\CodeIgniter.php(497): CodeIgniter\CodeIgniter->runController(Object(App\Controllers\SubjectController))
 3 SYSTEMPATH\CodeIgniter.php(366): CodeIgniter\CodeIgniter->handleRequest(null, Object(Config\Cache), false)
 4 FCPATH\index.php(67): CodeIgniter\CodeIgniter->run()
 5 SYSTEMPATH\Commands\Server\rewrite.php(47): require_once('C:\\xampp\\htdocs\\ClassFlow\\public\\index.php')
CRITICAL - 2024-05-06 13:30:11 --> Call to undefined method App\Controllers\SubjectController::updateSubjectForm()
in APPPATH\Controllers\SubjectController.php on line 99.
 1 SYSTEMPATH\CodeIgniter.php(932): App\Controllers\SubjectController->root('updateSubjectForm')
 2 SYSTEMPATH\CodeIgniter.php(497): CodeIgniter\CodeIgniter->runController(Object(App\Controllers\SubjectController))
 3 SYSTEMPATH\CodeIgniter.php(366): CodeIgniter\CodeIgniter->handleRequest(null, Object(Config\Cache), false)
 4 FCPATH\index.php(67): CodeIgniter\CodeIgniter->run()
 5 SYSTEMPATH\Commands\Server\rewrite.php(47): require_once('C:\\xampp\\htdocs\\ClassFlow\\public\\index.php')
CRITICAL - 2024-05-06 13:30:11 --> Call to undefined method App\Controllers\SubjectController::updateSubjectForm()
in APPPATH\Controllers\SubjectController.php on line 99.
 1 SYSTEMPATH\CodeIgniter.php(932): App\Controllers\SubjectController->root('updateSubjectForm')
 2 SYSTEMPATH\CodeIgniter.php(497): CodeIgniter\CodeIgniter->runController(Object(App\Controllers\SubjectController))
 3 SYSTEMPATH\CodeIgniter.php(366): CodeIgniter\CodeIgniter->handleRequest(null, Object(Config\Cache), false)
 4 FCPATH\index.php(67): CodeIgniter\CodeIgniter->run()
 5 SYSTEMPATH\Commands\Server\rewrite.php(47): require_once('C:\\xampp\\htdocs\\ClassFlow\\public\\index.php')
CRITICAL - 2024-05-06 13:30:48 --> Call to undefined method App\Controllers\SubjectController::updateSubjectForm()
in APPPATH\Controllers\SubjectController.php on line 99.
 1 SYSTEMPATH\CodeIgniter.php(932): App\Controllers\SubjectController->root('updateSubjectForm')
 2 SYSTEMPATH\CodeIgniter.php(497): CodeIgniter\CodeIgniter->runController(Object(App\Controllers\SubjectController))
 3 SYSTEMPATH\CodeIgniter.php(366): CodeIgniter\CodeIgniter->handleRequest(null, Object(Config\Cache), false)
 4 FCPATH\index.php(67): CodeIgniter\CodeIgniter->run()
 5 SYSTEMPATH\Commands\Server\rewrite.php(47): require_once('C:\\xampp\\htdocs\\ClassFlow\\public\\index.php')
CRITICAL - 2024-05-06 13:36:30 --> Call to undefined method App\Controllers\SubjectController::updateSubjectForm()
in APPPATH\Controllers\SubjectController.php on line 99.
 1 SYSTEMPATH\CodeIgniter.php(932): App\Controllers\SubjectController->root('updateSubjectForm')
 2 SYSTEMPATH\CodeIgniter.php(497): CodeIgniter\CodeIgniter->runController(Object(App\Controllers\SubjectController))
 3 SYSTEMPATH\CodeIgniter.php(366): CodeIgniter\CodeIgniter->handleRequest(null, Object(Config\Cache), false)
 4 FCPATH\index.php(67): CodeIgniter\CodeIgniter->run()
 5 SYSTEMPATH\Commands\Server\rewrite.php(47): require_once('C:\\xampp\\htdocs\\ClassFlow\\public\\index.php')
CRITICAL - 2024-05-06 13:39:05 --> Call to undefined method App\Controllers\SubjectController::updateSubjectForm()
in APPPATH\Controllers\SubjectController.php on line 99.
 1 SYSTEMPATH\CodeIgniter.php(932): App\Controllers\SubjectController->root('updateSubjectForm')
 2 SYSTEMPATH\CodeIgniter.php(497): CodeIgniter\CodeIgniter->runController(Object(App\Controllers\SubjectController))
 3 SYSTEMPATH\CodeIgniter.php(366): CodeIgniter\CodeIgniter->handleRequest(null, Object(Config\Cache), false)
 4 FCPATH\index.php(67): CodeIgniter\CodeIgniter->run()
 5 SYSTEMPATH\Commands\Server\rewrite.php(47): require_once('C:\\xampp\\htdocs\\ClassFlow\\public\\index.php')
CRITICAL - 2024-05-06 13:39:38 --> Call to undefined method App\Controllers\SubjectController::updateSubjectForm()
in APPPATH\Controllers\SubjectController.php on line 99.
 1 SYSTEMPATH\CodeIgniter.php(932): App\Controllers\SubjectController->root('updateSubjectForm')
 2 SYSTEMPATH\CodeIgniter.php(497): CodeIgniter\CodeIgniter->runController(Object(App\Controllers\SubjectController))
 3 SYSTEMPATH\CodeIgniter.php(366): CodeIgniter\CodeIgniter->handleRequest(null, Object(Config\Cache), false)
 4 FCPATH\index.php(67): CodeIgniter\CodeIgniter->run()
 5 SYSTEMPATH\Commands\Server\rewrite.php(47): require_once('C:\\xampp\\htdocs\\ClassFlow\\public\\index.php')
CRITICAL - 2024-05-06 13:46:41 --> Call to undefined method App\Controllers\SubjectController::updateSubjectForm()
in APPPATH\Controllers\SubjectController.php on line 99.
 1 SYSTEMPATH\CodeIgniter.php(932): App\Controllers\SubjectController->root('updateSubjectForm')
 2 SYSTEMPATH\CodeIgniter.php(497): CodeIgniter\CodeIgniter->runController(Object(App\Controllers\SubjectController))
 3 SYSTEMPATH\CodeIgniter.php(366): CodeIgniter\CodeIgniter->handleRequest(null, Object(Config\Cache), false)
 4 FCPATH\index.php(67): CodeIgniter\CodeIgniter->run()
 5 SYSTEMPATH\Commands\Server\rewrite.php(47): require_once('C:\\xampp\\htdocs\\ClassFlow\\public\\index.php')
CRITICAL - 2024-05-06 13:47:25 --> Call to undefined method App\Controllers\SubjectController::updateSubjectForm()
in APPPATH\Controllers\SubjectController.php on line 99.
 1 SYSTEMPATH\CodeIgniter.php(932): App\Controllers\SubjectController->root('updateSubjectForm')
 2 SYSTEMPATH\CodeIgniter.php(497): CodeIgniter\CodeIgniter->runController(Object(App\Controllers\SubjectController))
 3 SYSTEMPATH\CodeIgniter.php(366): CodeIgniter\CodeIgniter->handleRequest(null, Object(Config\Cache), false)
 4 FCPATH\index.php(67): CodeIgniter\CodeIgniter->run()
 5 SYSTEMPATH\Commands\Server\rewrite.php(47): require_once('C:\\xampp\\htdocs\\ClassFlow\\public\\index.php')
CRITICAL - 2024-05-06 13:47:40 --> Call to undefined method App\Controllers\SubjectController::updateSubjectForm()
in APPPATH\Controllers\SubjectController.php on line 99.
 1 SYSTEMPATH\CodeIgniter.php(932): App\Controllers\SubjectController->root('updateSubjectForm')
 2 SYSTEMPATH\CodeIgniter.php(497): CodeIgniter\CodeIgniter->runController(Object(App\Controllers\SubjectController))
 3 SYSTEMPATH\CodeIgniter.php(366): CodeIgniter\CodeIgniter->handleRequest(null, Object(Config\Cache), false)
 4 FCPATH\index.php(67): CodeIgniter\CodeIgniter->run()
 5 SYSTEMPATH\Commands\Server\rewrite.php(47): require_once('C:\\xampp\\htdocs\\ClassFlow\\public\\index.php')
CRITICAL - 2024-05-06 13:48:18 --> Call to undefined method App\Controllers\SubjectController::updateSubjectForm()
in APPPATH\Controllers\SubjectController.php on line 99.
 1 SYSTEMPATH\CodeIgniter.php(932): App\Controllers\SubjectController->root('updateSubjectForm')
 2 SYSTEMPATH\CodeIgniter.php(497): CodeIgniter\CodeIgniter->runController(Object(App\Controllers\SubjectController))
 3 SYSTEMPATH\CodeIgniter.php(366): CodeIgniter\CodeIgniter->handleRequest(null, Object(Config\Cache), false)
 4 FCPATH\index.php(67): CodeIgniter\CodeIgniter->run()
 5 SYSTEMPATH\Commands\Server\rewrite.php(47): require_once('C:\\xampp\\htdocs\\ClassFlow\\public\\index.php')
CRITICAL - 2024-05-06 13:49:21 --> Call to undefined method App\Controllers\SubjectController::updateSubjectForm()
in APPPATH\Controllers\SubjectController.php on line 99.
 1 SYSTEMPATH\CodeIgniter.php(932): App\Controllers\SubjectController->root('updateSubjectForm')
 2 SYSTEMPATH\CodeIgniter.php(497): CodeIgniter\CodeIgniter->runController(Object(App\Controllers\SubjectController))
 3 SYSTEMPATH\CodeIgniter.php(366): CodeIgniter\CodeIgniter->handleRequest(null, Object(Config\Cache), false)
 4 FCPATH\index.php(67): CodeIgniter\CodeIgniter->run()
 5 SYSTEMPATH\Commands\Server\rewrite.php(47): require_once('C:\\xampp\\htdocs\\ClassFlow\\public\\index.php')
CRITICAL - 2024-05-06 13:51:26 --> Call to undefined method App\Controllers\SubjectController::updateSubjectForm()
in APPPATH\Controllers\SubjectController.php on line 99.
 1 SYSTEMPATH\CodeIgniter.php(932): App\Controllers\SubjectController->root('updateSubjectForm')
 2 SYSTEMPATH\CodeIgniter.php(497): CodeIgniter\CodeIgniter->runController(Object(App\Controllers\SubjectController))
 3 SYSTEMPATH\CodeIgniter.php(366): CodeIgniter\CodeIgniter->handleRequest(null, Object(Config\Cache), false)
 4 FCPATH\index.php(67): CodeIgniter\CodeIgniter->run()
 5 SYSTEMPATH\Commands\Server\rewrite.php(47): require_once('C:\\xampp\\htdocs\\ClassFlow\\public\\index.php')
CRITICAL - 2024-05-06 13:53:50 --> Call to undefined method App\Controllers\SubjectController::updateSubjectForm()
in APPPATH\Controllers\SubjectController.php on line 99.
 1 SYSTEMPATH\CodeIgniter.php(932): App\Controllers\SubjectController->root('updateSubjectForm')
 2 SYSTEMPATH\CodeIgniter.php(497): CodeIgniter\CodeIgniter->runController(Object(App\Controllers\SubjectController))
 3 SYSTEMPATH\CodeIgniter.php(366): CodeIgniter\CodeIgniter->handleRequest(null, Object(Config\Cache), false)
 4 FCPATH\index.php(67): CodeIgniter\CodeIgniter->run()
 5 SYSTEMPATH\Commands\Server\rewrite.php(47): require_once('C:\\xampp\\htdocs\\ClassFlow\\public\\index.php')
CRITICAL - 2024-05-06 13:54:08 --> Call to undefined method App\Controllers\SubjectController::updateSubjectForm()
in APPPATH\Controllers\SubjectController.php on line 99.
 1 SYSTEMPATH\CodeIgniter.php(932): App\Controllers\SubjectController->root('updateSubjectForm')
 2 SYSTEMPATH\CodeIgniter.php(497): CodeIgniter\CodeIgniter->runController(Object(App\Controllers\SubjectController))
 3 SYSTEMPATH\CodeIgniter.php(366): CodeIgniter\CodeIgniter->handleRequest(null, Object(Config\Cache), false)
 4 FCPATH\index.php(67): CodeIgniter\CodeIgniter->run()
 5 SYSTEMPATH\Commands\Server\rewrite.php(47): require_once('C:\\xampp\\htdocs\\ClassFlow\\public\\index.php')
CRITICAL - 2024-05-06 13:55:36 --> Call to undefined method App\Controllers\SubjectController::updateSubjectForm()
in APPPATH\Controllers\SubjectController.php on line 99.
 1 SYSTEMPATH\CodeIgniter.php(932): App\Controllers\SubjectController->root('updateSubjectForm')
 2 SYSTEMPATH\CodeIgniter.php(497): CodeIgniter\CodeIgniter->runController(Object(App\Controllers\SubjectController))
 3 SYSTEMPATH\CodeIgniter.php(366): CodeIgniter\CodeIgniter->handleRequest(null, Object(Config\Cache), false)
 4 FCPATH\index.php(67): CodeIgniter\CodeIgniter->run()
 5 SYSTEMPATH\Commands\Server\rewrite.php(47): require_once('C:\\xampp\\htdocs\\ClassFlow\\public\\index.php')
CRITICAL - 2024-05-06 14:02:06 --> Call to undefined method App\Controllers\SubjectController::updateSubjectForm()
in APPPATH\Controllers\SubjectController.php on line 99.
 1 SYSTEMPATH\CodeIgniter.php(932): App\Controllers\SubjectController->root('updateSubjectForm')
 2 SYSTEMPATH\CodeIgniter.php(497): CodeIgniter\CodeIgniter->runController(Object(App\Controllers\SubjectController))
 3 SYSTEMPATH\CodeIgniter.php(366): CodeIgniter\CodeIgniter->handleRequest(null, Object(Config\Cache), false)
 4 FCPATH\index.php(67): CodeIgniter\CodeIgniter->run()
 5 SYSTEMPATH\Commands\Server\rewrite.php(47): require_once('C:\\xampp\\htdocs\\ClassFlow\\public\\index.php')
CRITICAL - 2024-05-06 14:03:58 --> Call to undefined method App\Controllers\SubjectController::updateSubjectForm()
in APPPATH\Controllers\SubjectController.php on line 99.
 1 SYSTEMPATH\CodeIgniter.php(932): App\Controllers\SubjectController->root('updateSubjectForm')
 2 SYSTEMPATH\CodeIgniter.php(497): CodeIgniter\CodeIgniter->runController(Object(App\Controllers\SubjectController))
 3 SYSTEMPATH\CodeIgniter.php(366): CodeIgniter\CodeIgniter->handleRequest(null, Object(Config\Cache), false)
 4 FCPATH\index.php(67): CodeIgniter\CodeIgniter->run()
 5 SYSTEMPATH\Commands\Server\rewrite.php(47): require_once('C:\\xampp\\htdocs\\ClassFlow\\public\\index.php')
CRITICAL - 2024-05-06 14:05:05 --> Call to undefined method App\Controllers\SubjectController::updateSubjectForm()
in APPPATH\Controllers\SubjectController.php on line 99.
 1 SYSTEMPATH\CodeIgniter.php(932): App\Controllers\SubjectController->root('updateSubjectForm')
 2 SYSTEMPATH\CodeIgniter.php(497): CodeIgniter\CodeIgniter->runController(Object(App\Controllers\SubjectController))
 3 SYSTEMPATH\CodeIgniter.php(366): CodeIgniter\CodeIgniter->handleRequest(null, Object(Config\Cache), false)
 4 FCPATH\index.php(67): CodeIgniter\CodeIgniter->run()
 5 SYSTEMPATH\Commands\Server\rewrite.php(47): require_once('C:\\xampp\\htdocs\\ClassFlow\\public\\index.php')
CRITICAL - 2024-05-06 14:05:14 --> Call to undefined method App\Controllers\SubjectController::updateSubjectForm()
in APPPATH\Controllers\SubjectController.php on line 99.
 1 SYSTEMPATH\CodeIgniter.php(932): App\Controllers\SubjectController->root('updateSubjectForm')
 2 SYSTEMPATH\CodeIgniter.php(497): CodeIgniter\CodeIgniter->runController(Object(App\Controllers\SubjectController))
 3 SYSTEMPATH\CodeIgniter.php(366): CodeIgniter\CodeIgniter->handleRequest(null, Object(Config\Cache), false)
 4 FCPATH\index.php(67): CodeIgniter\CodeIgniter->run()
 5 SYSTEMPATH\Commands\Server\rewrite.php(47): require_once('C:\\xampp\\htdocs\\ClassFlow\\public\\index.php')
CRITICAL - 2024-05-06 14:06:03 --> Call to undefined method App\Controllers\SubjectController::updateSubjectForm()
in APPPATH\Controllers\SubjectController.php on line 99.
 1 SYSTEMPATH\CodeIgniter.php(932): App\Controllers\SubjectController->root('updateSubjectForm')
 2 SYSTEMPATH\CodeIgniter.php(497): CodeIgniter\CodeIgniter->runController(Object(App\Controllers\SubjectController))
 3 SYSTEMPATH\CodeIgniter.php(366): CodeIgniter\CodeIgniter->handleRequest(null, Object(Config\Cache), false)
 4 FCPATH\index.php(67): CodeIgniter\CodeIgniter->run()
 5 SYSTEMPATH\Commands\Server\rewrite.php(47): require_once('C:\\xampp\\htdocs\\ClassFlow\\public\\index.php')
CRITICAL - 2024-05-06 14:06:49 --> Call to undefined method App\Controllers\SubjectController::updateSubjectForm()
in APPPATH\Controllers\SubjectController.php on line 99.
 1 SYSTEMPATH\CodeIgniter.php(932): App\Controllers\SubjectController->root('updateSubjectForm')
 2 SYSTEMPATH\CodeIgniter.php(497): CodeIgniter\CodeIgniter->runController(Object(App\Controllers\SubjectController))
 3 SYSTEMPATH\CodeIgniter.php(366): CodeIgniter\CodeIgniter->handleRequest(null, Object(Config\Cache), false)
 4 FCPATH\index.php(67): CodeIgniter\CodeIgniter->run()
 5 SYSTEMPATH\Commands\Server\rewrite.php(47): require_once('C:\\xampp\\htdocs\\ClassFlow\\public\\index.php')
CRITICAL - 2024-05-06 14:07:10 --> Call to undefined method App\Controllers\SubjectController::updateSubjectForm()
in APPPATH\Controllers\SubjectController.php on line 99.
 1 SYSTEMPATH\CodeIgniter.php(932): App\Controllers\SubjectController->root('updateSubjectForm')
 2 SYSTEMPATH\CodeIgniter.php(497): CodeIgniter\CodeIgniter->runController(Object(App\Controllers\SubjectController))
 3 SYSTEMPATH\CodeIgniter.php(366): CodeIgniter\CodeIgniter->handleRequest(null, Object(Config\Cache), false)
 4 FCPATH\index.php(67): CodeIgniter\CodeIgniter->run()
 5 SYSTEMPATH\Commands\Server\rewrite.php(47): require_once('C:\\xampp\\htdocs\\ClassFlow\\public\\index.php')
CRITICAL - 2024-05-06 14:07:32 --> Call to undefined method App\Controllers\SubjectController::updateSubjectForm()
in APPPATH\Controllers\SubjectController.php on line 99.
 1 SYSTEMPATH\CodeIgniter.php(932): App\Controllers\SubjectController->root('updateSubjectForm')
 2 SYSTEMPATH\CodeIgniter.php(497): CodeIgniter\CodeIgniter->runController(Object(App\Controllers\SubjectController))
 3 SYSTEMPATH\CodeIgniter.php(366): CodeIgniter\CodeIgniter->handleRequest(null, Object(Config\Cache), false)
 4 FCPATH\index.php(67): CodeIgniter\CodeIgniter->run()
 5 SYSTEMPATH\Commands\Server\rewrite.php(47): require_once('C:\\xampp\\htdocs\\ClassFlow\\public\\index.php')
CRITICAL - 2024-05-06 14:08:16 --> Call to undefined method App\Controllers\SubjectController::updateSubjectForm()
in APPPATH\Controllers\SubjectController.php on line 99.
 1 SYSTEMPATH\CodeIgniter.php(932): App\Controllers\SubjectController->root('updateSubjectForm')
 2 SYSTEMPATH\CodeIgniter.php(497): CodeIgniter\CodeIgniter->runController(Object(App\Controllers\SubjectController))
 3 SYSTEMPATH\CodeIgniter.php(366): CodeIgniter\CodeIgniter->handleRequest(null, Object(Config\Cache), false)
 4 FCPATH\index.php(67): CodeIgniter\CodeIgniter->run()
 5 SYSTEMPATH\Commands\Server\rewrite.php(47): require_once('C:\\xampp\\htdocs\\ClassFlow\\public\\index.php')
CRITICAL - 2024-05-06 14:12:37 --> Call to undefined method App\Controllers\SubjectController::updateSubjectForm()
in APPPATH\Controllers\SubjectController.php on line 99.
 1 SYSTEMPATH\CodeIgniter.php(932): App\Controllers\SubjectController->root('updateSubjectForm')
 2 SYSTEMPATH\CodeIgniter.php(497): CodeIgniter\CodeIgniter->runController(Object(App\Controllers\SubjectController))
 3 SYSTEMPATH\CodeIgniter.php(366): CodeIgniter\CodeIgniter->handleRequest(null, Object(Config\Cache), false)
 4 FCPATH\index.php(67): CodeIgniter\CodeIgniter->run()
 5 SYSTEMPATH\Commands\Server\rewrite.php(47): require_once('C:\\xampp\\htdocs\\ClassFlow\\public\\index.php')
CRITICAL - 2024-05-06 14:16:07 --> Call to undefined method App\Controllers\SubjectController::updateSubjectForm()
in APPPATH\Controllers\SubjectController.php on line 99.
 1 SYSTEMPATH\CodeIgniter.php(932): App\Controllers\SubjectController->root('updateSubjectForm')
 2 SYSTEMPATH\CodeIgniter.php(497): CodeIgniter\CodeIgniter->runController(Object(App\Controllers\SubjectController))
 3 SYSTEMPATH\CodeIgniter.php(366): CodeIgniter\CodeIgniter->handleRequest(null, Object(Config\Cache), false)
 4 FCPATH\index.php(67): CodeIgniter\CodeIgniter->run()
 5 SYSTEMPATH\Commands\Server\rewrite.php(47): require_once('C:\\xampp\\htdocs\\ClassFlow\\public\\index.php')
CRITICAL - 2024-05-06 14:19:05 --> Call to undefined method App\Controllers\SubjectController::updateSubjectForm()
in APPPATH\Controllers\SubjectController.php on line 99.
 1 SYSTEMPATH\CodeIgniter.php(932): App\Controllers\SubjectController->root('updateSubjectForm')
 2 SYSTEMPATH\CodeIgniter.php(497): CodeIgniter\CodeIgniter->runController(Object(App\Controllers\SubjectController))
 3 SYSTEMPATH\CodeIgniter.php(366): CodeIgniter\CodeIgniter->handleRequest(null, Object(Config\Cache), false)
 4 FCPATH\index.php(67): CodeIgniter\CodeIgniter->run()
 5 SYSTEMPATH\Commands\Server\rewrite.php(47): require_once('C:\\xampp\\htdocs\\ClassFlow\\public\\index.php')
CRITICAL - 2024-05-06 14:20:25 --> Call to undefined method App\Controllers\SubjectController::updateSubjectForm()
in APPPATH\Controllers\SubjectController.php on line 99.
 1 SYSTEMPATH\CodeIgniter.php(932): App\Controllers\SubjectController->root('updateSubjectForm')
 2 SYSTEMPATH\CodeIgniter.php(497): CodeIgniter\CodeIgniter->runController(Object(App\Controllers\SubjectController))
 3 SYSTEMPATH\CodeIgniter.php(366): CodeIgniter\CodeIgniter->handleRequest(null, Object(Config\Cache), false)
 4 FCPATH\index.php(67): CodeIgniter\CodeIgniter->run()
 5 SYSTEMPATH\Commands\Server\rewrite.php(47): require_once('C:\\xampp\\htdocs\\ClassFlow\\public\\index.php')
CRITICAL - 2024-05-06 14:20:33 --> Call to undefined method App\Controllers\SubjectController::updateSubjectForm()
in APPPATH\Controllers\SubjectController.php on line 99.
 1 SYSTEMPATH\CodeIgniter.php(932): App\Controllers\SubjectController->root('updateSubjectForm')
 2 SYSTEMPATH\CodeIgniter.php(497): CodeIgniter\CodeIgniter->runController(Object(App\Controllers\SubjectController))
 3 SYSTEMPATH\CodeIgniter.php(366): CodeIgniter\CodeIgniter->handleRequest(null, Object(Config\Cache), false)
 4 FCPATH\index.php(67): CodeIgniter\CodeIgniter->run()
 5 SYSTEMPATH\Commands\Server\rewrite.php(47): require_once('C:\\xampp\\htdocs\\ClassFlow\\public\\index.php')
CRITICAL - 2024-05-06 15:11:20 --> Call to undefined method App\Controllers\SubjectController::updateSubjectForm()
in APPPATH\Controllers\SubjectController.php on line 99.
 1 SYSTEMPATH\CodeIgniter.php(932): App\Controllers\SubjectController->root('updateSubjectForm')
 2 SYSTEMPATH\CodeIgniter.php(497): CodeIgniter\CodeIgniter->runController(Object(App\Controllers\SubjectController))
 3 SYSTEMPATH\CodeIgniter.php(366): CodeIgniter\CodeIgniter->handleRequest(null, Object(Config\Cache), false)
 4 FCPATH\index.php(67): CodeIgniter\CodeIgniter->run()
 5 SYSTEMPATH\Commands\Server\rewrite.php(47): require_once('C:\\xampp\\htdocs\\ClassFlow\\public\\index.php')
CRITICAL - 2024-05-06 15:12:23 --> Call to undefined method App\Controllers\SubjectController::updateSubjectForm()
in APPPATH\Controllers\SubjectController.php on line 99.
 1 SYSTEMPATH\CodeIgniter.php(932): App\Controllers\SubjectController->root('updateSubjectForm')
 2 SYSTEMPATH\CodeIgniter.php(497): CodeIgniter\CodeIgniter->runController(Object(App\Controllers\SubjectController))
 3 SYSTEMPATH\CodeIgniter.php(366): CodeIgniter\CodeIgniter->handleRequest(null, Object(Config\Cache), false)
 4 FCPATH\index.php(67): CodeIgniter\CodeIgniter->run()
 5 SYSTEMPATH\Commands\Server\rewrite.php(47): require_once('C:\\xampp\\htdocs\\ClassFlow\\public\\index.php')
CRITICAL - 2024-05-06 15:12:26 --> Call to undefined method App\Controllers\SubjectController::updateSubjectForm()
in APPPATH\Controllers\SubjectController.php on line 99.
 1 SYSTEMPATH\CodeIgniter.php(932): App\Controllers\SubjectController->root('updateSubjectForm')
 2 SYSTEMPATH\CodeIgniter.php(497): CodeIgniter\CodeIgniter->runController(Object(App\Controllers\SubjectController))
 3 SYSTEMPATH\CodeIgniter.php(366): CodeIgniter\CodeIgniter->handleRequest(null, Object(Config\Cache), false)
 4 FCPATH\index.php(67): CodeIgniter\CodeIgniter->run()
 5 SYSTEMPATH\Commands\Server\rewrite.php(47): require_once('C:\\xampp\\htdocs\\ClassFlow\\public\\index.php')
ERROR - 2024-05-06 15:14:16 --> mysqli_sql_exception: Unknown column 'users_id' in 'where clause' in C:\xampp\htdocs\ClassFlow\system\Database\MySQLi\Connection.php:295
Stack trace:
#0 C:\xampp\htdocs\ClassFlow\system\Database\MySQLi\Connection.php(295): mysqli->query('SELECT *\nFROM `...', 0)
#1 C:\xampp\htdocs\ClassFlow\system\Database\BaseConnection.php(692): CodeIgniter\Database\MySQLi\Connection->execute('SELECT *\nFROM `...')
#2 C:\xampp\htdocs\ClassFlow\system\Database\BaseConnection.php(606): CodeIgniter\Database\BaseConnection->simpleQuery('SELECT *\nFROM `...')
#3 C:\xampp\htdocs\ClassFlow\system\Database\BaseBuilder.php(1616): CodeIgniter\Database\BaseConnection->query('SELECT *\nFROM `...', Array, false)
#4 C:\xampp\htdocs\ClassFlow\app\Models\SubjectModel.php(86): CodeIgniter\Database\BaseBuilder->get()
#5 C:\xampp\htdocs\ClassFlow\app\Controllers\SubjectController.php(133): App\Models\SubjectModel->updateSubjectForm(Array)
#6 C:\xampp\htdocs\ClassFlow\app\Controllers\SubjectController.php(99): App\Controllers\SubjectController->updateSubjectForm(Array)
#7 C:\xampp\htdocs\ClassFlow\system\CodeIgniter.php(932): App\Controllers\SubjectController->root('updateSubjectFo...')
#8 C:\xampp\htdocs\ClassFlow\system\CodeIgniter.php(497): CodeIgniter\CodeIgniter->runController(Object(App\Controllers\SubjectController))
#9 C:\xampp\htdocs\ClassFlow\system\CodeIgniter.php(366): CodeIgniter\CodeIgniter->handleRequest(NULL, Object(Config\Cache), false)
#10 C:\xampp\htdocs\ClassFlow\public\index.php(67): CodeIgniter\CodeIgniter->run()
#11 C:\xampp\htdocs\ClassFlow\system\Commands\Server\rewrite.php(47): require_once('C:\\xampp\\htdocs...')
#12 {main}
CRITICAL - 2024-05-06 15:14:16 --> Unknown column 'users_id' in 'where clause'
in SYSTEMPATH\Database\MySQLi\Connection.php on line 295.
 1 SYSTEMPATH\Database\MySQLi\Connection.php(295): mysqli->query('SELECT *
FROM `subjects`
WHERE `users_id` = (\'21\')', 0)
 2 SYSTEMPATH\Database\BaseConnection.php(692): CodeIgniter\Database\MySQLi\Connection->execute('SELECT *
FROM `subjects`
WHERE `users_id` = (\'21\')')
 3 SYSTEMPATH\Database\BaseConnection.php(606): CodeIgniter\Database\BaseConnection->simpleQuery('SELECT *
FROM `subjects`
WHERE `users_id` = (\'21\')')
 4 SYSTEMPATH\Database\BaseBuilder.php(1616): CodeIgniter\Database\BaseConnection->query('SELECT *
FROM `subjects`
WHERE `users_id` = :users_id:', [...], false)
 5 APPPATH\Models\SubjectModel.php(86): CodeIgniter\Database\BaseBuilder->get()
 6 APPPATH\Controllers\SubjectController.php(133): App\Models\SubjectModel->updateSubjectForm([...])
 7 APPPATH\Controllers\SubjectController.php(99): App\Controllers\SubjectController->updateSubjectForm([...])
 8 SYSTEMPATH\CodeIgniter.php(932): App\Controllers\SubjectController->root('updateSubjectForm')
 9 SYSTEMPATH\CodeIgniter.php(497): CodeIgniter\CodeIgniter->runController(Object(App\Controllers\SubjectController))
10 SYSTEMPATH\CodeIgniter.php(366): CodeIgniter\CodeIgniter->handleRequest(null, Object(Config\Cache), false)
11 FCPATH\index.php(67): CodeIgniter\CodeIgniter->run()
12 SYSTEMPATH\Commands\Server\rewrite.php(47): require_once('C:\\xampp\\htdocs\\ClassFlow\\public\\index.php')
