CRITICAL - 2024-04-29 13:20:09 --> Invalid file: "profile/index.php"
in SYSTEMPATH\Exceptions\FrameworkException.php on line 33.
 1 SYSTEMPATH\View\View.php(212): CodeIgniter\Exceptions\FrameworkException::forInvalidFile('profile/index.php')
 2 SYSTEMPATH\Common.php(1180): CodeIgniter\View\View->render('profile/index', [], true)
 3 APPPATH\Controllers\ProfileController.php(52): view('profile/index')
 4 SYSTEMPATH\CodeIgniter.php(932): App\Controllers\ProfileController->index()
 5 SYSTEMPATH\CodeIgniter.php(497): CodeIgniter\CodeIgniter->runController(Object(App\Controllers\ProfileController))
 6 SYSTEMPATH\CodeIgniter.php(366): CodeIgniter\CodeIgniter->handleRequest(null, Object(Config\Cache), false)
 7 FCPATH\index.php(67): CodeIgniter\CodeIgniter->run()
 8 SYSTEMPATH\Commands\Server\rewrite.php(47): require_once('C:\\xampp\\htdocs\\ClassFlow\\public\\index.php')
CRITICAL - 2024-04-29 13:20:10 --> Invalid file: "profile/index.php"
in SYSTEMPATH\Exceptions\FrameworkException.php on line 33.
 1 SYSTEMPATH\View\View.php(212): CodeIgniter\Exceptions\FrameworkException::forInvalidFile('profile/index.php')
 2 SYSTEMPATH\Common.php(1180): CodeIgniter\View\View->render('profile/index', [], true)
 3 APPPATH\Controllers\ProfileController.php(52): view('profile/index')
 4 SYSTEMPATH\CodeIgniter.php(932): App\Controllers\ProfileController->index()
 5 SYSTEMPATH\CodeIgniter.php(497): CodeIgniter\CodeIgniter->runController(Object(App\Controllers\ProfileController))
 6 SYSTEMPATH\CodeIgniter.php(366): CodeIgniter\CodeIgniter->handleRequest(null, Object(Config\Cache), false)
 7 FCPATH\index.php(67): CodeIgniter\CodeIgniter->run()
 8 SYSTEMPATH\Commands\Server\rewrite.php(47): require_once('C:\\xampp\\htdocs\\ClassFlow\\public\\index.php')
CRITICAL - 2024-04-29 13:20:10 --> Invalid file: "profile/index.php"
in SYSTEMPATH\Exceptions\FrameworkException.php on line 33.
 1 SYSTEMPATH\View\View.php(212): CodeIgniter\Exceptions\FrameworkException::forInvalidFile('profile/index.php')
 2 SYSTEMPATH\Common.php(1180): CodeIgniter\View\View->render('profile/index', [], true)
 3 APPPATH\Controllers\ProfileController.php(52): view('profile/index')
 4 SYSTEMPATH\CodeIgniter.php(932): App\Controllers\ProfileController->index()
 5 SYSTEMPATH\CodeIgniter.php(497): CodeIgniter\CodeIgniter->runController(Object(App\Controllers\ProfileController))
 6 SYSTEMPATH\CodeIgniter.php(366): CodeIgniter\CodeIgniter->handleRequest(null, Object(Config\Cache), false)
 7 FCPATH\index.php(67): CodeIgniter\CodeIgniter->run()
 8 SYSTEMPATH\Commands\Server\rewrite.php(47): require_once('C:\\xampp\\htdocs\\ClassFlow\\public\\index.php')
CRITICAL - 2024-04-29 13:20:10 --> Invalid file: "profile/index.php"
in SYSTEMPATH\Exceptions\FrameworkException.php on line 33.
 1 SYSTEMPATH\View\View.php(212): CodeIgniter\Exceptions\FrameworkException::forInvalidFile('profile/index.php')
 2 SYSTEMPATH\Common.php(1180): CodeIgniter\View\View->render('profile/index', [], true)
 3 APPPATH\Controllers\ProfileController.php(52): view('profile/index')
 4 SYSTEMPATH\CodeIgniter.php(932): App\Controllers\ProfileController->index()
 5 SYSTEMPATH\CodeIgniter.php(497): CodeIgniter\CodeIgniter->runController(Object(App\Controllers\ProfileController))
 6 SYSTEMPATH\CodeIgniter.php(366): CodeIgniter\CodeIgniter->handleRequest(null, Object(Config\Cache), false)
 7 FCPATH\index.php(67): CodeIgniter\CodeIgniter->run()
 8 SYSTEMPATH\Commands\Server\rewrite.php(47): require_once('C:\\xampp\\htdocs\\ClassFlow\\public\\index.php')
CRITICAL - 2024-04-29 13:20:29 --> Invalid file: "partials/main.php"
in SYSTEMPATH\Exceptions\FrameworkException.php on line 33.
 1 SYSTEMPATH\View\View.php(212): CodeIgniter\Exceptions\FrameworkException::forInvalidFile('partials/main.php')
 2 SYSTEMPATH\View\View.php(452): CodeIgniter\View\View->render('partials/main', null, true)
 3 APPPATH\Views\profile\index.php(1): CodeIgniter\View\View->include('partials/main')
 4 SYSTEMPATH\View\View.php(224): include('C:\\xampp\\htdocs\\ClassFlow\\app\\Views\\profile\\index.php')
 5 SYSTEMPATH\View\View.php(227): CodeIgniter\View\View->CodeIgniter\View\{closure}()
 6 SYSTEMPATH\Common.php(1180): CodeIgniter\View\View->render('profile/index', [], true)
 7 APPPATH\Controllers\ProfileController.php(52): view('profile/index')
 8 SYSTEMPATH\CodeIgniter.php(932): App\Controllers\ProfileController->index()
 9 SYSTEMPATH\CodeIgniter.php(497): CodeIgniter\CodeIgniter->runController(Object(App\Controllers\ProfileController))
10 SYSTEMPATH\CodeIgniter.php(366): CodeIgniter\CodeIgniter->handleRequest(null, Object(Config\Cache), false)
11 FCPATH\index.php(67): CodeIgniter\CodeIgniter->run()
12 SYSTEMPATH\Commands\Server\rewrite.php(47): require_once('C:\\xampp\\htdocs\\ClassFlow\\public\\index.php')
CRITICAL - 2024-04-29 13:20:30 --> Invalid file: "partials/main.php"
in SYSTEMPATH\Exceptions\FrameworkException.php on line 33.
 1 SYSTEMPATH\View\View.php(212): CodeIgniter\Exceptions\FrameworkException::forInvalidFile('partials/main.php')
 2 SYSTEMPATH\View\View.php(452): CodeIgniter\View\View->render('partials/main', null, true)
 3 APPPATH\Views\profile\index.php(1): CodeIgniter\View\View->include('partials/main')
 4 SYSTEMPATH\View\View.php(224): include('C:\\xampp\\htdocs\\ClassFlow\\app\\Views\\profile\\index.php')
 5 SYSTEMPATH\View\View.php(227): CodeIgniter\View\View->CodeIgniter\View\{closure}()
 6 SYSTEMPATH\Common.php(1180): CodeIgniter\View\View->render('profile/index', [], true)
 7 APPPATH\Controllers\ProfileController.php(52): view('profile/index')
 8 SYSTEMPATH\CodeIgniter.php(932): App\Controllers\ProfileController->index()
 9 SYSTEMPATH\CodeIgniter.php(497): CodeIgniter\CodeIgniter->runController(Object(App\Controllers\ProfileController))
10 SYSTEMPATH\CodeIgniter.php(366): CodeIgniter\CodeIgniter->handleRequest(null, Object(Config\Cache), false)
11 FCPATH\index.php(67): CodeIgniter\CodeIgniter->run()
12 SYSTEMPATH\Commands\Server\rewrite.php(47): require_once('C:\\xampp\\htdocs\\ClassFlow\\public\\index.php')
CRITICAL - 2024-04-29 13:20:30 --> Invalid file: "partials/main.php"
in SYSTEMPATH\Exceptions\FrameworkException.php on line 33.
 1 SYSTEMPATH\View\View.php(212): CodeIgniter\Exceptions\FrameworkException::forInvalidFile('partials/main.php')
 2 SYSTEMPATH\View\View.php(452): CodeIgniter\View\View->render('partials/main', null, true)
 3 APPPATH\Views\profile\index.php(1): CodeIgniter\View\View->include('partials/main')
 4 SYSTEMPATH\View\View.php(224): include('C:\\xampp\\htdocs\\ClassFlow\\app\\Views\\profile\\index.php')
 5 SYSTEMPATH\View\View.php(227): CodeIgniter\View\View->CodeIgniter\View\{closure}()
 6 SYSTEMPATH\Common.php(1180): CodeIgniter\View\View->render('profile/index', [], true)
 7 APPPATH\Controllers\ProfileController.php(52): view('profile/index')
 8 SYSTEMPATH\CodeIgniter.php(932): App\Controllers\ProfileController->index()
 9 SYSTEMPATH\CodeIgniter.php(497): CodeIgniter\CodeIgniter->runController(Object(App\Controllers\ProfileController))
10 SYSTEMPATH\CodeIgniter.php(366): CodeIgniter\CodeIgniter->handleRequest(null, Object(Config\Cache), false)
11 FCPATH\index.php(67): CodeIgniter\CodeIgniter->run()
12 SYSTEMPATH\Commands\Server\rewrite.php(47): require_once('C:\\xampp\\htdocs\\ClassFlow\\public\\index.php')
CRITICAL - 2024-04-29 13:20:30 --> Invalid file: "partials/main.php"
in SYSTEMPATH\Exceptions\FrameworkException.php on line 33.
 1 SYSTEMPATH\View\View.php(212): CodeIgniter\Exceptions\FrameworkException::forInvalidFile('partials/main.php')
 2 SYSTEMPATH\View\View.php(452): CodeIgniter\View\View->render('partials/main', null, true)
 3 APPPATH\Views\profile\index.php(1): CodeIgniter\View\View->include('partials/main')
 4 SYSTEMPATH\View\View.php(224): include('C:\\xampp\\htdocs\\ClassFlow\\app\\Views\\profile\\index.php')
 5 SYSTEMPATH\View\View.php(227): CodeIgniter\View\View->CodeIgniter\View\{closure}()
 6 SYSTEMPATH\Common.php(1180): CodeIgniter\View\View->render('profile/index', [], true)
 7 APPPATH\Controllers\ProfileController.php(52): view('profile/index')
 8 SYSTEMPATH\CodeIgniter.php(932): App\Controllers\ProfileController->index()
 9 SYSTEMPATH\CodeIgniter.php(497): CodeIgniter\CodeIgniter->runController(Object(App\Controllers\ProfileController))
10 SYSTEMPATH\CodeIgniter.php(366): CodeIgniter\CodeIgniter->handleRequest(null, Object(Config\Cache), false)
11 FCPATH\index.php(67): CodeIgniter\CodeIgniter->run()
12 SYSTEMPATH\Commands\Server\rewrite.php(47): require_once('C:\\xampp\\htdocs\\ClassFlow\\public\\index.php')
CRITICAL - 2024-04-29 13:20:30 --> Invalid file: "partials/main.php"
in SYSTEMPATH\Exceptions\FrameworkException.php on line 33.
 1 SYSTEMPATH\View\View.php(212): CodeIgniter\Exceptions\FrameworkException::forInvalidFile('partials/main.php')
 2 SYSTEMPATH\View\View.php(452): CodeIgniter\View\View->render('partials/main', null, true)
 3 APPPATH\Views\profile\index.php(1): CodeIgniter\View\View->include('partials/main')
 4 SYSTEMPATH\View\View.php(224): include('C:\\xampp\\htdocs\\ClassFlow\\app\\Views\\profile\\index.php')
 5 SYSTEMPATH\View\View.php(227): CodeIgniter\View\View->CodeIgniter\View\{closure}()
 6 SYSTEMPATH\Common.php(1180): CodeIgniter\View\View->render('profile/index', [], true)
 7 APPPATH\Controllers\ProfileController.php(52): view('profile/index')
 8 SYSTEMPATH\CodeIgniter.php(932): App\Controllers\ProfileController->index()
 9 SYSTEMPATH\CodeIgniter.php(497): CodeIgniter\CodeIgniter->runController(Object(App\Controllers\ProfileController))
10 SYSTEMPATH\CodeIgniter.php(366): CodeIgniter\CodeIgniter->handleRequest(null, Object(Config\Cache), false)
11 FCPATH\index.php(67): CodeIgniter\CodeIgniter->run()
12 SYSTEMPATH\Commands\Server\rewrite.php(47): require_once('C:\\xampp\\htdocs\\ClassFlow\\public\\index.php')
CRITICAL - 2024-04-29 13:20:31 --> Invalid file: "partials/main.php"
in SYSTEMPATH\Exceptions\FrameworkException.php on line 33.
 1 SYSTEMPATH\View\View.php(212): CodeIgniter\Exceptions\FrameworkException::forInvalidFile('partials/main.php')
 2 SYSTEMPATH\View\View.php(452): CodeIgniter\View\View->render('partials/main', null, true)
 3 APPPATH\Views\profile\index.php(1): CodeIgniter\View\View->include('partials/main')
 4 SYSTEMPATH\View\View.php(224): include('C:\\xampp\\htdocs\\ClassFlow\\app\\Views\\profile\\index.php')
 5 SYSTEMPATH\View\View.php(227): CodeIgniter\View\View->CodeIgniter\View\{closure}()
 6 SYSTEMPATH\Common.php(1180): CodeIgniter\View\View->render('profile/index', [], true)
 7 APPPATH\Controllers\ProfileController.php(52): view('profile/index')
 8 SYSTEMPATH\CodeIgniter.php(932): App\Controllers\ProfileController->index()
 9 SYSTEMPATH\CodeIgniter.php(497): CodeIgniter\CodeIgniter->runController(Object(App\Controllers\ProfileController))
10 SYSTEMPATH\CodeIgniter.php(366): CodeIgniter\CodeIgniter->handleRequest(null, Object(Config\Cache), false)
11 FCPATH\index.php(67): CodeIgniter\CodeIgniter->run()
12 SYSTEMPATH\Commands\Server\rewrite.php(47): require_once('C:\\xampp\\htdocs\\ClassFlow\\public\\index.php')
CRITICAL - 2024-04-29 13:20:31 --> Invalid file: "partials/main.php"
in SYSTEMPATH\Exceptions\FrameworkException.php on line 33.
 1 SYSTEMPATH\View\View.php(212): CodeIgniter\Exceptions\FrameworkException::forInvalidFile('partials/main.php')
 2 SYSTEMPATH\View\View.php(452): CodeIgniter\View\View->render('partials/main', null, true)
 3 APPPATH\Views\profile\index.php(1): CodeIgniter\View\View->include('partials/main')
 4 SYSTEMPATH\View\View.php(224): include('C:\\xampp\\htdocs\\ClassFlow\\app\\Views\\profile\\index.php')
 5 SYSTEMPATH\View\View.php(227): CodeIgniter\View\View->CodeIgniter\View\{closure}()
 6 SYSTEMPATH\Common.php(1180): CodeIgniter\View\View->render('profile/index', [], true)
 7 APPPATH\Controllers\ProfileController.php(52): view('profile/index')
 8 SYSTEMPATH\CodeIgniter.php(932): App\Controllers\ProfileController->index()
 9 SYSTEMPATH\CodeIgniter.php(497): CodeIgniter\CodeIgniter->runController(Object(App\Controllers\ProfileController))
10 SYSTEMPATH\CodeIgniter.php(366): CodeIgniter\CodeIgniter->handleRequest(null, Object(Config\Cache), false)
11 FCPATH\index.php(67): CodeIgniter\CodeIgniter->run()
12 SYSTEMPATH\Commands\Server\rewrite.php(47): require_once('C:\\xampp\\htdocs\\ClassFlow\\public\\index.php')
CRITICAL - 2024-04-29 13:20:31 --> Invalid file: "partials/main.php"
in SYSTEMPATH\Exceptions\FrameworkException.php on line 33.
 1 SYSTEMPATH\View\View.php(212): CodeIgniter\Exceptions\FrameworkException::forInvalidFile('partials/main.php')
 2 SYSTEMPATH\View\View.php(452): CodeIgniter\View\View->render('partials/main', null, true)
 3 APPPATH\Views\profile\index.php(1): CodeIgniter\View\View->include('partials/main')
 4 SYSTEMPATH\View\View.php(224): include('C:\\xampp\\htdocs\\ClassFlow\\app\\Views\\profile\\index.php')
 5 SYSTEMPATH\View\View.php(227): CodeIgniter\View\View->CodeIgniter\View\{closure}()
 6 SYSTEMPATH\Common.php(1180): CodeIgniter\View\View->render('profile/index', [], true)
 7 APPPATH\Controllers\ProfileController.php(52): view('profile/index')
 8 SYSTEMPATH\CodeIgniter.php(932): App\Controllers\ProfileController->index()
 9 SYSTEMPATH\CodeIgniter.php(497): CodeIgniter\CodeIgniter->runController(Object(App\Controllers\ProfileController))
10 SYSTEMPATH\CodeIgniter.php(366): CodeIgniter\CodeIgniter->handleRequest(null, Object(Config\Cache), false)
11 FCPATH\index.php(67): CodeIgniter\CodeIgniter->run()
12 SYSTEMPATH\Commands\Server\rewrite.php(47): require_once('C:\\xampp\\htdocs\\ClassFlow\\public\\index.php')
CRITICAL - 2024-04-29 13:20:55 --> Invalid file: "partials/main.php"
in SYSTEMPATH\Exceptions\FrameworkException.php on line 33.
 1 SYSTEMPATH\View\View.php(212): CodeIgniter\Exceptions\FrameworkException::forInvalidFile('partials/main.php')
 2 SYSTEMPATH\View\View.php(452): CodeIgniter\View\View->render('partials/main', null, true)
 3 APPPATH\Views\profile\index.php(1): CodeIgniter\View\View->include('partials/main')
 4 SYSTEMPATH\View\View.php(224): include('C:\\xampp\\htdocs\\ClassFlow\\app\\Views\\profile\\index.php')
 5 SYSTEMPATH\View\View.php(227): CodeIgniter\View\View->CodeIgniter\View\{closure}()
 6 SYSTEMPATH\Common.php(1180): CodeIgniter\View\View->render('profile/index', [], true)
 7 APPPATH\Controllers\ProfileController.php(52): view('profile/index')
 8 SYSTEMPATH\CodeIgniter.php(932): App\Controllers\ProfileController->index()
 9 SYSTEMPATH\CodeIgniter.php(497): CodeIgniter\CodeIgniter->runController(Object(App\Controllers\ProfileController))
10 SYSTEMPATH\CodeIgniter.php(366): CodeIgniter\CodeIgniter->handleRequest(null, Object(Config\Cache), false)
11 FCPATH\index.php(67): CodeIgniter\CodeIgniter->run()
12 SYSTEMPATH\Commands\Server\rewrite.php(47): require_once('C:\\xampp\\htdocs\\ClassFlow\\public\\index.php')
CRITICAL - 2024-04-29 13:21:26 --> Invalid file: "partials/main.php"
in SYSTEMPATH\Exceptions\FrameworkException.php on line 33.
 1 SYSTEMPATH\View\View.php(212): CodeIgniter\Exceptions\FrameworkException::forInvalidFile('partials/main.php')
 2 SYSTEMPATH\View\View.php(452): CodeIgniter\View\View->render('partials/main', null, true)
 3 APPPATH\Views\profile\index.php(1): CodeIgniter\View\View->include('partials/main')
 4 SYSTEMPATH\View\View.php(224): include('C:\\xampp\\htdocs\\ClassFlow\\app\\Views\\profile\\index.php')
 5 SYSTEMPATH\View\View.php(227): CodeIgniter\View\View->CodeIgniter\View\{closure}()
 6 SYSTEMPATH\Common.php(1180): CodeIgniter\View\View->render('profile/index', [], true)
 7 APPPATH\Controllers\ProfileController.php(52): view('profile/index')
 8 SYSTEMPATH\CodeIgniter.php(932): App\Controllers\ProfileController->index()
 9 SYSTEMPATH\CodeIgniter.php(497): CodeIgniter\CodeIgniter->runController(Object(App\Controllers\ProfileController))
10 SYSTEMPATH\CodeIgniter.php(366): CodeIgniter\CodeIgniter->handleRequest(null, Object(Config\Cache), false)
11 FCPATH\index.php(67): CodeIgniter\CodeIgniter->run()
12 SYSTEMPATH\Commands\Server\rewrite.php(47): require_once('C:\\xampp\\htdocs\\ClassFlow\\public\\index.php')
CRITICAL - 2024-04-29 13:21:26 --> Invalid file: "partials/main.php"
in SYSTEMPATH\Exceptions\FrameworkException.php on line 33.
 1 SYSTEMPATH\View\View.php(212): CodeIgniter\Exceptions\FrameworkException::forInvalidFile('partials/main.php')
 2 SYSTEMPATH\View\View.php(452): CodeIgniter\View\View->render('partials/main', null, true)
 3 APPPATH\Views\profile\index.php(1): CodeIgniter\View\View->include('partials/main')
 4 SYSTEMPATH\View\View.php(224): include('C:\\xampp\\htdocs\\ClassFlow\\app\\Views\\profile\\index.php')
 5 SYSTEMPATH\View\View.php(227): CodeIgniter\View\View->CodeIgniter\View\{closure}()
 6 SYSTEMPATH\Common.php(1180): CodeIgniter\View\View->render('profile/index', [], true)
 7 APPPATH\Controllers\ProfileController.php(52): view('profile/index')
 8 SYSTEMPATH\CodeIgniter.php(932): App\Controllers\ProfileController->index()
 9 SYSTEMPATH\CodeIgniter.php(497): CodeIgniter\CodeIgniter->runController(Object(App\Controllers\ProfileController))
10 SYSTEMPATH\CodeIgniter.php(366): CodeIgniter\CodeIgniter->handleRequest(null, Object(Config\Cache), false)
11 FCPATH\index.php(67): CodeIgniter\CodeIgniter->run()
12 SYSTEMPATH\Commands\Server\rewrite.php(47): require_once('C:\\xampp\\htdocs\\ClassFlow\\public\\index.php')
CRITICAL - 2024-04-29 13:21:27 --> Invalid file: "partials/main.php"
in SYSTEMPATH\Exceptions\FrameworkException.php on line 33.
 1 SYSTEMPATH\View\View.php(212): CodeIgniter\Exceptions\FrameworkException::forInvalidFile('partials/main.php')
 2 SYSTEMPATH\View\View.php(452): CodeIgniter\View\View->render('partials/main', null, true)
 3 APPPATH\Views\profile\index.php(1): CodeIgniter\View\View->include('partials/main')
 4 SYSTEMPATH\View\View.php(224): include('C:\\xampp\\htdocs\\ClassFlow\\app\\Views\\profile\\index.php')
 5 SYSTEMPATH\View\View.php(227): CodeIgniter\View\View->CodeIgniter\View\{closure}()
 6 SYSTEMPATH\Common.php(1180): CodeIgniter\View\View->render('profile/index', [], true)
 7 APPPATH\Controllers\ProfileController.php(52): view('profile/index')
 8 SYSTEMPATH\CodeIgniter.php(932): App\Controllers\ProfileController->index()
 9 SYSTEMPATH\CodeIgniter.php(497): CodeIgniter\CodeIgniter->runController(Object(App\Controllers\ProfileController))
10 SYSTEMPATH\CodeIgniter.php(366): CodeIgniter\CodeIgniter->handleRequest(null, Object(Config\Cache), false)
11 FCPATH\index.php(67): CodeIgniter\CodeIgniter->run()
12 SYSTEMPATH\Commands\Server\rewrite.php(47): require_once('C:\\xampp\\htdocs\\ClassFlow\\public\\index.php')
CRITICAL - 2024-04-29 13:21:40 --> Invalid file: "partials/main.php"
in SYSTEMPATH\Exceptions\FrameworkException.php on line 33.
 1 SYSTEMPATH\View\View.php(212): CodeIgniter\Exceptions\FrameworkException::forInvalidFile('partials/main.php')
 2 SYSTEMPATH\View\View.php(452): CodeIgniter\View\View->render('partials/main', null, true)
 3 APPPATH\Views\teacher\index.php(1): CodeIgniter\View\View->include('partials/main')
 4 SYSTEMPATH\View\View.php(224): include('C:\\xampp\\htdocs\\ClassFlow\\app\\Views\\teacher\\index.php')
 5 SYSTEMPATH\View\View.php(227): CodeIgniter\View\View->CodeIgniter\View\{closure}()
 6 SYSTEMPATH\Common.php(1180): CodeIgniter\View\View->render('teacher/index', [], true)
 7 APPPATH\Controllers\TeacherController.php(52): view('teacher/index')
 8 SYSTEMPATH\CodeIgniter.php(932): App\Controllers\TeacherController->index()
 9 SYSTEMPATH\CodeIgniter.php(497): CodeIgniter\CodeIgniter->runController(Object(App\Controllers\TeacherController))
10 SYSTEMPATH\CodeIgniter.php(366): CodeIgniter\CodeIgniter->handleRequest(null, Object(Config\Cache), false)
11 FCPATH\index.php(67): CodeIgniter\CodeIgniter->run()
12 SYSTEMPATH\Commands\Server\rewrite.php(47): require_once('C:\\xampp\\htdocs\\ClassFlow\\public\\index.php')
CRITICAL - 2024-04-29 13:21:41 --> Invalid file: "partials/main.php"
in SYSTEMPATH\Exceptions\FrameworkException.php on line 33.
 1 SYSTEMPATH\View\View.php(212): CodeIgniter\Exceptions\FrameworkException::forInvalidFile('partials/main.php')
 2 SYSTEMPATH\View\View.php(452): CodeIgniter\View\View->render('partials/main', null, true)
 3 APPPATH\Views\teacher\index.php(1): CodeIgniter\View\View->include('partials/main')
 4 SYSTEMPATH\View\View.php(224): include('C:\\xampp\\htdocs\\ClassFlow\\app\\Views\\teacher\\index.php')
 5 SYSTEMPATH\View\View.php(227): CodeIgniter\View\View->CodeIgniter\View\{closure}()
 6 SYSTEMPATH\Common.php(1180): CodeIgniter\View\View->render('teacher/index', [], true)
 7 APPPATH\Controllers\TeacherController.php(52): view('teacher/index')
 8 SYSTEMPATH\CodeIgniter.php(932): App\Controllers\TeacherController->index()
 9 SYSTEMPATH\CodeIgniter.php(497): CodeIgniter\CodeIgniter->runController(Object(App\Controllers\TeacherController))
10 SYSTEMPATH\CodeIgniter.php(366): CodeIgniter\CodeIgniter->handleRequest(null, Object(Config\Cache), false)
11 FCPATH\index.php(67): CodeIgniter\CodeIgniter->run()
12 SYSTEMPATH\Commands\Server\rewrite.php(47): require_once('C:\\xampp\\htdocs\\ClassFlow\\public\\index.php')
CRITICAL - 2024-04-29 13:21:41 --> Invalid file: "partials/main.php"
in SYSTEMPATH\Exceptions\FrameworkException.php on line 33.
 1 SYSTEMPATH\View\View.php(212): CodeIgniter\Exceptions\FrameworkException::forInvalidFile('partials/main.php')
 2 SYSTEMPATH\View\View.php(452): CodeIgniter\View\View->render('partials/main', null, true)
 3 APPPATH\Views\teacher\index.php(1): CodeIgniter\View\View->include('partials/main')
 4 SYSTEMPATH\View\View.php(224): include('C:\\xampp\\htdocs\\ClassFlow\\app\\Views\\teacher\\index.php')
 5 SYSTEMPATH\View\View.php(227): CodeIgniter\View\View->CodeIgniter\View\{closure}()
 6 SYSTEMPATH\Common.php(1180): CodeIgniter\View\View->render('teacher/index', [], true)
 7 APPPATH\Controllers\TeacherController.php(52): view('teacher/index')
 8 SYSTEMPATH\CodeIgniter.php(932): App\Controllers\TeacherController->index()
 9 SYSTEMPATH\CodeIgniter.php(497): CodeIgniter\CodeIgniter->runController(Object(App\Controllers\TeacherController))
10 SYSTEMPATH\CodeIgniter.php(366): CodeIgniter\CodeIgniter->handleRequest(null, Object(Config\Cache), false)
11 FCPATH\index.php(67): CodeIgniter\CodeIgniter->run()
12 SYSTEMPATH\Commands\Server\rewrite.php(47): require_once('C:\\xampp\\htdocs\\ClassFlow\\public\\index.php')
CRITICAL - 2024-04-29 13:21:42 --> Invalid file: "partials/main.php"
in SYSTEMPATH\Exceptions\FrameworkException.php on line 33.
 1 SYSTEMPATH\View\View.php(212): CodeIgniter\Exceptions\FrameworkException::forInvalidFile('partials/main.php')
 2 SYSTEMPATH\View\View.php(452): CodeIgniter\View\View->render('partials/main', null, true)
 3 APPPATH\Views\teacher\index.php(1): CodeIgniter\View\View->include('partials/main')
 4 SYSTEMPATH\View\View.php(224): include('C:\\xampp\\htdocs\\ClassFlow\\app\\Views\\teacher\\index.php')
 5 SYSTEMPATH\View\View.php(227): CodeIgniter\View\View->CodeIgniter\View\{closure}()
 6 SYSTEMPATH\Common.php(1180): CodeIgniter\View\View->render('teacher/index', [], true)
 7 APPPATH\Controllers\TeacherController.php(52): view('teacher/index')
 8 SYSTEMPATH\CodeIgniter.php(932): App\Controllers\TeacherController->index()
 9 SYSTEMPATH\CodeIgniter.php(497): CodeIgniter\CodeIgniter->runController(Object(App\Controllers\TeacherController))
10 SYSTEMPATH\CodeIgniter.php(366): CodeIgniter\CodeIgniter->handleRequest(null, Object(Config\Cache), false)
11 FCPATH\index.php(67): CodeIgniter\CodeIgniter->run()
12 SYSTEMPATH\Commands\Server\rewrite.php(47): require_once('C:\\xampp\\htdocs\\ClassFlow\\public\\index.php')
CRITICAL - 2024-04-29 13:21:54 --> Invalid file: "partials/main.php"
in SYSTEMPATH\Exceptions\FrameworkException.php on line 33.
 1 SYSTEMPATH\View\View.php(212): CodeIgniter\Exceptions\FrameworkException::forInvalidFile('partials/main.php')
 2 SYSTEMPATH\View\View.php(452): CodeIgniter\View\View->render('partials/main', null, true)
 3 APPPATH\Views\teacher\index.php(1): CodeIgniter\View\View->include('partials/main')
 4 SYSTEMPATH\View\View.php(224): include('C:\\xampp\\htdocs\\ClassFlow\\app\\Views\\teacher\\index.php')
 5 SYSTEMPATH\View\View.php(227): CodeIgniter\View\View->CodeIgniter\View\{closure}()
 6 SYSTEMPATH\Common.php(1180): CodeIgniter\View\View->render('teacher/index', [], true)
 7 APPPATH\Controllers\TeacherController.php(52): view('teacher/index')
 8 SYSTEMPATH\CodeIgniter.php(932): App\Controllers\TeacherController->index()
 9 SYSTEMPATH\CodeIgniter.php(497): CodeIgniter\CodeIgniter->runController(Object(App\Controllers\TeacherController))
10 SYSTEMPATH\CodeIgniter.php(366): CodeIgniter\CodeIgniter->handleRequest(null, Object(Config\Cache), false)
11 FCPATH\index.php(67): CodeIgniter\CodeIgniter->run()
12 SYSTEMPATH\Commands\Server\rewrite.php(47): require_once('C:\\xampp\\htdocs\\ClassFlow\\public\\index.php')
CRITICAL - 2024-04-29 13:21:59 --> Invalid file: "partials/main.php"
in SYSTEMPATH\Exceptions\FrameworkException.php on line 33.
 1 SYSTEMPATH\View\View.php(212): CodeIgniter\Exceptions\FrameworkException::forInvalidFile('partials/main.php')
 2 SYSTEMPATH\View\View.php(452): CodeIgniter\View\View->render('partials/main', null, true)
 3 APPPATH\Views\auth\login.php(1): CodeIgniter\View\View->include('partials/main')
 4 SYSTEMPATH\View\View.php(224): include('C:\\xampp\\htdocs\\ClassFlow\\app\\Views\\auth\\login.php')
 5 SYSTEMPATH\View\View.php(227): CodeIgniter\View\View->CodeIgniter\View\{closure}()
 6 SYSTEMPATH\Common.php(1180): CodeIgniter\View\View->render('auth/login', [], true)
 7 APPPATH\Controllers\AuthController.php(61): view('auth/login')
 8 SYSTEMPATH\CodeIgniter.php(932): App\Controllers\AuthController->loginForm()
 9 SYSTEMPATH\CodeIgniter.php(497): CodeIgniter\CodeIgniter->runController(Object(App\Controllers\AuthController))
10 SYSTEMPATH\CodeIgniter.php(366): CodeIgniter\CodeIgniter->handleRequest(null, Object(Config\Cache), false)
11 FCPATH\index.php(67): CodeIgniter\CodeIgniter->run()
12 SYSTEMPATH\Commands\Server\rewrite.php(47): require_once('C:\\xampp\\htdocs\\ClassFlow\\public\\index.php')
CRITICAL - 2024-04-29 13:22:00 --> Invalid file: "partials/main.php"
in SYSTEMPATH\Exceptions\FrameworkException.php on line 33.
 1 SYSTEMPATH\View\View.php(212): CodeIgniter\Exceptions\FrameworkException::forInvalidFile('partials/main.php')
 2 SYSTEMPATH\View\View.php(452): CodeIgniter\View\View->render('partials/main', null, true)
 3 APPPATH\Views\auth\login.php(1): CodeIgniter\View\View->include('partials/main')
 4 SYSTEMPATH\View\View.php(224): include('C:\\xampp\\htdocs\\ClassFlow\\app\\Views\\auth\\login.php')
 5 SYSTEMPATH\View\View.php(227): CodeIgniter\View\View->CodeIgniter\View\{closure}()
 6 SYSTEMPATH\Common.php(1180): CodeIgniter\View\View->render('auth/login', [], true)
 7 APPPATH\Controllers\AuthController.php(61): view('auth/login')
 8 SYSTEMPATH\CodeIgniter.php(932): App\Controllers\AuthController->loginForm()
 9 SYSTEMPATH\CodeIgniter.php(497): CodeIgniter\CodeIgniter->runController(Object(App\Controllers\AuthController))
10 SYSTEMPATH\CodeIgniter.php(366): CodeIgniter\CodeIgniter->handleRequest(null, Object(Config\Cache), false)
11 FCPATH\index.php(67): CodeIgniter\CodeIgniter->run()
12 SYSTEMPATH\Commands\Server\rewrite.php(47): require_once('C:\\xampp\\htdocs\\ClassFlow\\public\\index.php')
CRITICAL - 2024-04-29 13:22:00 --> Invalid file: "partials/main.php"
in SYSTEMPATH\Exceptions\FrameworkException.php on line 33.
 1 SYSTEMPATH\View\View.php(212): CodeIgniter\Exceptions\FrameworkException::forInvalidFile('partials/main.php')
 2 SYSTEMPATH\View\View.php(452): CodeIgniter\View\View->render('partials/main', null, true)
 3 APPPATH\Views\auth\login.php(1): CodeIgniter\View\View->include('partials/main')
 4 SYSTEMPATH\View\View.php(224): include('C:\\xampp\\htdocs\\ClassFlow\\app\\Views\\auth\\login.php')
 5 SYSTEMPATH\View\View.php(227): CodeIgniter\View\View->CodeIgniter\View\{closure}()
 6 SYSTEMPATH\Common.php(1180): CodeIgniter\View\View->render('auth/login', [], true)
 7 APPPATH\Controllers\AuthController.php(61): view('auth/login')
 8 SYSTEMPATH\CodeIgniter.php(932): App\Controllers\AuthController->loginForm()
 9 SYSTEMPATH\CodeIgniter.php(497): CodeIgniter\CodeIgniter->runController(Object(App\Controllers\AuthController))
10 SYSTEMPATH\CodeIgniter.php(366): CodeIgniter\CodeIgniter->handleRequest(null, Object(Config\Cache), false)
11 FCPATH\index.php(67): CodeIgniter\CodeIgniter->run()
12 SYSTEMPATH\Commands\Server\rewrite.php(47): require_once('C:\\xampp\\htdocs\\ClassFlow\\public\\index.php')
CRITICAL - 2024-04-29 13:22:01 --> Invalid file: "partials/main.php"
in SYSTEMPATH\Exceptions\FrameworkException.php on line 33.
 1 SYSTEMPATH\View\View.php(212): CodeIgniter\Exceptions\FrameworkException::forInvalidFile('partials/main.php')
 2 SYSTEMPATH\View\View.php(452): CodeIgniter\View\View->render('partials/main', null, true)
 3 APPPATH\Views\auth\login.php(1): CodeIgniter\View\View->include('partials/main')
 4 SYSTEMPATH\View\View.php(224): include('C:\\xampp\\htdocs\\ClassFlow\\app\\Views\\auth\\login.php')
 5 SYSTEMPATH\View\View.php(227): CodeIgniter\View\View->CodeIgniter\View\{closure}()
 6 SYSTEMPATH\Common.php(1180): CodeIgniter\View\View->render('auth/login', [], true)
 7 APPPATH\Controllers\AuthController.php(61): view('auth/login')
 8 SYSTEMPATH\CodeIgniter.php(932): App\Controllers\AuthController->loginForm()
 9 SYSTEMPATH\CodeIgniter.php(497): CodeIgniter\CodeIgniter->runController(Object(App\Controllers\AuthController))
10 SYSTEMPATH\CodeIgniter.php(366): CodeIgniter\CodeIgniter->handleRequest(null, Object(Config\Cache), false)
11 FCPATH\index.php(67): CodeIgniter\CodeIgniter->run()
12 SYSTEMPATH\Commands\Server\rewrite.php(47): require_once('C:\\xampp\\htdocs\\ClassFlow\\public\\index.php')
CRITICAL - 2024-04-29 13:22:09 --> Invalid file: "partials/main.php"
in SYSTEMPATH\Exceptions\FrameworkException.php on line 33.
 1 SYSTEMPATH\View\View.php(212): CodeIgniter\Exceptions\FrameworkException::forInvalidFile('partials/main.php')
 2 SYSTEMPATH\View\View.php(452): CodeIgniter\View\View->render('partials/main', null, true)
 3 APPPATH\Views\auth\login.php(1): CodeIgniter\View\View->include('partials/main')
 4 SYSTEMPATH\View\View.php(224): include('C:\\xampp\\htdocs\\ClassFlow\\app\\Views\\auth\\login.php')
 5 SYSTEMPATH\View\View.php(227): CodeIgniter\View\View->CodeIgniter\View\{closure}()
 6 SYSTEMPATH\Common.php(1180): CodeIgniter\View\View->render('auth/login', [], true)
 7 APPPATH\Controllers\AuthController.php(61): view('auth/login')
 8 SYSTEMPATH\CodeIgniter.php(932): App\Controllers\AuthController->loginForm()
 9 SYSTEMPATH\CodeIgniter.php(497): CodeIgniter\CodeIgniter->runController(Object(App\Controllers\AuthController))
10 SYSTEMPATH\CodeIgniter.php(366): CodeIgniter\CodeIgniter->handleRequest(null, Object(Config\Cache), false)
11 FCPATH\index.php(67): CodeIgniter\CodeIgniter->run()
12 SYSTEMPATH\Commands\Server\rewrite.php(47): require_once('C:\\xampp\\htdocs\\ClassFlow\\public\\index.php')
CRITICAL - 2024-04-29 13:22:10 --> Invalid file: "partials/main.php"
in SYSTEMPATH\Exceptions\FrameworkException.php on line 33.
 1 SYSTEMPATH\View\View.php(212): CodeIgniter\Exceptions\FrameworkException::forInvalidFile('partials/main.php')
 2 SYSTEMPATH\View\View.php(452): CodeIgniter\View\View->render('partials/main', null, true)
 3 APPPATH\Views\auth\login.php(1): CodeIgniter\View\View->include('partials/main')
 4 SYSTEMPATH\View\View.php(224): include('C:\\xampp\\htdocs\\ClassFlow\\app\\Views\\auth\\login.php')
 5 SYSTEMPATH\View\View.php(227): CodeIgniter\View\View->CodeIgniter\View\{closure}()
 6 SYSTEMPATH\Common.php(1180): CodeIgniter\View\View->render('auth/login', [], true)
 7 APPPATH\Controllers\AuthController.php(61): view('auth/login')
 8 SYSTEMPATH\CodeIgniter.php(932): App\Controllers\AuthController->loginForm()
 9 SYSTEMPATH\CodeIgniter.php(497): CodeIgniter\CodeIgniter->runController(Object(App\Controllers\AuthController))
10 SYSTEMPATH\CodeIgniter.php(366): CodeIgniter\CodeIgniter->handleRequest(null, Object(Config\Cache), false)
11 FCPATH\index.php(67): CodeIgniter\CodeIgniter->run()
12 SYSTEMPATH\Commands\Server\rewrite.php(47): require_once('C:\\xampp\\htdocs\\ClassFlow\\public\\index.php')
CRITICAL - 2024-04-29 13:22:10 --> Invalid file: "partials/main.php"
in SYSTEMPATH\Exceptions\FrameworkException.php on line 33.
 1 SYSTEMPATH\View\View.php(212): CodeIgniter\Exceptions\FrameworkException::forInvalidFile('partials/main.php')
 2 SYSTEMPATH\View\View.php(452): CodeIgniter\View\View->render('partials/main', null, true)
 3 APPPATH\Views\auth\login.php(1): CodeIgniter\View\View->include('partials/main')
 4 SYSTEMPATH\View\View.php(224): include('C:\\xampp\\htdocs\\ClassFlow\\app\\Views\\auth\\login.php')
 5 SYSTEMPATH\View\View.php(227): CodeIgniter\View\View->CodeIgniter\View\{closure}()
 6 SYSTEMPATH\Common.php(1180): CodeIgniter\View\View->render('auth/login', [], true)
 7 APPPATH\Controllers\AuthController.php(61): view('auth/login')
 8 SYSTEMPATH\CodeIgniter.php(932): App\Controllers\AuthController->loginForm()
 9 SYSTEMPATH\CodeIgniter.php(497): CodeIgniter\CodeIgniter->runController(Object(App\Controllers\AuthController))
10 SYSTEMPATH\CodeIgniter.php(366): CodeIgniter\CodeIgniter->handleRequest(null, Object(Config\Cache), false)
11 FCPATH\index.php(67): CodeIgniter\CodeIgniter->run()
12 SYSTEMPATH\Commands\Server\rewrite.php(47): require_once('C:\\xampp\\htdocs\\ClassFlow\\public\\index.php')
CRITICAL - 2024-04-29 13:22:10 --> Invalid file: "partials/main.php"
in SYSTEMPATH\Exceptions\FrameworkException.php on line 33.
 1 SYSTEMPATH\View\View.php(212): CodeIgniter\Exceptions\FrameworkException::forInvalidFile('partials/main.php')
 2 SYSTEMPATH\View\View.php(452): CodeIgniter\View\View->render('partials/main', null, true)
 3 APPPATH\Views\auth\login.php(1): CodeIgniter\View\View->include('partials/main')
 4 SYSTEMPATH\View\View.php(224): include('C:\\xampp\\htdocs\\ClassFlow\\app\\Views\\auth\\login.php')
 5 SYSTEMPATH\View\View.php(227): CodeIgniter\View\View->CodeIgniter\View\{closure}()
 6 SYSTEMPATH\Common.php(1180): CodeIgniter\View\View->render('auth/login', [], true)
 7 APPPATH\Controllers\AuthController.php(61): view('auth/login')
 8 SYSTEMPATH\CodeIgniter.php(932): App\Controllers\AuthController->loginForm()
 9 SYSTEMPATH\CodeIgniter.php(497): CodeIgniter\CodeIgniter->runController(Object(App\Controllers\AuthController))
10 SYSTEMPATH\CodeIgniter.php(366): CodeIgniter\CodeIgniter->handleRequest(null, Object(Config\Cache), false)
11 FCPATH\index.php(67): CodeIgniter\CodeIgniter->run()
12 SYSTEMPATH\Commands\Server\rewrite.php(47): require_once('C:\\xampp\\htdocs\\ClassFlow\\public\\index.php')
CRITICAL - 2024-04-29 13:22:10 --> Invalid file: "partials/main.php"
in SYSTEMPATH\Exceptions\FrameworkException.php on line 33.
 1 SYSTEMPATH\View\View.php(212): CodeIgniter\Exceptions\FrameworkException::forInvalidFile('partials/main.php')
 2 SYSTEMPATH\View\View.php(452): CodeIgniter\View\View->render('partials/main', null, true)
 3 APPPATH\Views\auth\login.php(1): CodeIgniter\View\View->include('partials/main')
 4 SYSTEMPATH\View\View.php(224): include('C:\\xampp\\htdocs\\ClassFlow\\app\\Views\\auth\\login.php')
 5 SYSTEMPATH\View\View.php(227): CodeIgniter\View\View->CodeIgniter\View\{closure}()
 6 SYSTEMPATH\Common.php(1180): CodeIgniter\View\View->render('auth/login', [], true)
 7 APPPATH\Controllers\AuthController.php(61): view('auth/login')
 8 SYSTEMPATH\CodeIgniter.php(932): App\Controllers\AuthController->loginForm()
 9 SYSTEMPATH\CodeIgniter.php(497): CodeIgniter\CodeIgniter->runController(Object(App\Controllers\AuthController))
10 SYSTEMPATH\CodeIgniter.php(366): CodeIgniter\CodeIgniter->handleRequest(null, Object(Config\Cache), false)
11 FCPATH\index.php(67): CodeIgniter\CodeIgniter->run()
12 SYSTEMPATH\Commands\Server\rewrite.php(47): require_once('C:\\xampp\\htdocs\\ClassFlow\\public\\index.php')
CRITICAL - 2024-04-29 13:22:32 --> Invalid file: "partials/main.php"
in SYSTEMPATH\Exceptions\FrameworkException.php on line 33.
 1 SYSTEMPATH\View\View.php(212): CodeIgniter\Exceptions\FrameworkException::forInvalidFile('partials/main.php')
 2 SYSTEMPATH\View\View.php(452): CodeIgniter\View\View->render('partials/main', null, true)
 3 APPPATH\Views\auth\login.php(1): CodeIgniter\View\View->include('partials/main')
 4 SYSTEMPATH\View\View.php(224): include('C:\\xampp\\htdocs\\ClassFlow\\app\\Views\\auth\\login.php')
 5 SYSTEMPATH\View\View.php(227): CodeIgniter\View\View->CodeIgniter\View\{closure}()
 6 SYSTEMPATH\Common.php(1180): CodeIgniter\View\View->render('auth/login', [], true)
 7 APPPATH\Controllers\AuthController.php(61): view('auth/login')
 8 SYSTEMPATH\CodeIgniter.php(932): App\Controllers\AuthController->loginForm()
 9 SYSTEMPATH\CodeIgniter.php(497): CodeIgniter\CodeIgniter->runController(Object(App\Controllers\AuthController))
10 SYSTEMPATH\CodeIgniter.php(366): CodeIgniter\CodeIgniter->handleRequest(null, Object(Config\Cache), false)
11 FCPATH\index.php(67): CodeIgniter\CodeIgniter->run()
12 SYSTEMPATH\Commands\Server\rewrite.php(47): require_once('C:\\xampp\\htdocs\\ClassFlow\\public\\index.php')
CRITICAL - 2024-04-29 13:22:38 --> Invalid file: "partials/main.php"
in SYSTEMPATH\Exceptions\FrameworkException.php on line 33.
 1 SYSTEMPATH\View\View.php(212): CodeIgniter\Exceptions\FrameworkException::forInvalidFile('partials/main.php')
 2 SYSTEMPATH\View\View.php(452): CodeIgniter\View\View->render('partials/main', null, true)
 3 APPPATH\Views\auth\login.php(1): CodeIgniter\View\View->include('partials/main')
 4 SYSTEMPATH\View\View.php(224): include('C:\\xampp\\htdocs\\ClassFlow\\app\\Views\\auth\\login.php')
 5 SYSTEMPATH\View\View.php(227): CodeIgniter\View\View->CodeIgniter\View\{closure}()
 6 SYSTEMPATH\Common.php(1180): CodeIgniter\View\View->render('auth/login', [], true)
 7 APPPATH\Controllers\AuthController.php(61): view('auth/login')
 8 SYSTEMPATH\CodeIgniter.php(932): App\Controllers\AuthController->loginForm()
 9 SYSTEMPATH\CodeIgniter.php(497): CodeIgniter\CodeIgniter->runController(Object(App\Controllers\AuthController))
10 SYSTEMPATH\CodeIgniter.php(366): CodeIgniter\CodeIgniter->handleRequest(null, Object(Config\Cache), false)
11 FCPATH\index.php(67): CodeIgniter\CodeIgniter->run()
12 SYSTEMPATH\Commands\Server\rewrite.php(47): require_once('C:\\xampp\\htdocs\\ClassFlow\\public\\index.php')
CRITICAL - 2024-04-29 13:23:43 --> Invalid file: "partials/main.php"
in SYSTEMPATH\Exceptions\FrameworkException.php on line 33.
 1 SYSTEMPATH\View\View.php(212): CodeIgniter\Exceptions\FrameworkException::forInvalidFile('partials/main.php')
 2 SYSTEMPATH\View\View.php(452): CodeIgniter\View\View->render('partials/main', null, true)
 3 APPPATH\Views\teacher\auth\register.php(1): CodeIgniter\View\View->include('partials/main')
 4 SYSTEMPATH\View\View.php(224): include('C:\\xampp\\htdocs\\ClassFlow\\app\\Views\\teacher\\auth\\register.php')
 5 SYSTEMPATH\View\View.php(227): CodeIgniter\View\View->CodeIgniter\View\{closure}()
 6 SYSTEMPATH\Common.php(1180): CodeIgniter\View\View->render('teacher/auth/register', [], true)
 7 APPPATH\Controllers\TeacherController.php(57): view('teacher/auth/register')
 8 SYSTEMPATH\CodeIgniter.php(932): App\Controllers\TeacherController->registerForm()
 9 SYSTEMPATH\CodeIgniter.php(497): CodeIgniter\CodeIgniter->runController(Object(App\Controllers\TeacherController))
10 SYSTEMPATH\CodeIgniter.php(366): CodeIgniter\CodeIgniter->handleRequest(null, Object(Config\Cache), false)
11 FCPATH\index.php(67): CodeIgniter\CodeIgniter->run()
12 SYSTEMPATH\Commands\Server\rewrite.php(47): require_once('C:\\xampp\\htdocs\\ClassFlow\\public\\index.php')
CRITICAL - 2024-04-29 13:24:43 --> Invalid file: "partials/main.php"
in SYSTEMPATH\Exceptions\FrameworkException.php on line 33.
 1 SYSTEMPATH\View\View.php(212): CodeIgniter\Exceptions\FrameworkException::forInvalidFile('partials/main.php')
 2 SYSTEMPATH\View\View.php(452): CodeIgniter\View\View->render('partials/main', null, true)
 3 APPPATH\Views\teacher\auth\register.php(1): CodeIgniter\View\View->include('partials/main')
 4 SYSTEMPATH\View\View.php(224): include('C:\\xampp\\htdocs\\ClassFlow\\app\\Views\\teacher\\auth\\register.php')
 5 SYSTEMPATH\View\View.php(227): CodeIgniter\View\View->CodeIgniter\View\{closure}()
 6 SYSTEMPATH\Common.php(1180): CodeIgniter\View\View->render('teacher/auth/register', [], true)
 7 APPPATH\Controllers\TeacherController.php(57): view('teacher/auth/register')
 8 SYSTEMPATH\CodeIgniter.php(932): App\Controllers\TeacherController->registerForm()
 9 SYSTEMPATH\CodeIgniter.php(497): CodeIgniter\CodeIgniter->runController(Object(App\Controllers\TeacherController))
10 SYSTEMPATH\CodeIgniter.php(366): CodeIgniter\CodeIgniter->handleRequest(null, Object(Config\Cache), false)
11 FCPATH\index.php(67): CodeIgniter\CodeIgniter->run()
12 SYSTEMPATH\Commands\Server\rewrite.php(47): require_once('C:\\xampp\\htdocs\\ClassFlow\\public\\index.php')
CRITICAL - 2024-04-29 13:24:43 --> Invalid file: "partials/main.php"
in SYSTEMPATH\Exceptions\FrameworkException.php on line 33.
 1 SYSTEMPATH\View\View.php(212): CodeIgniter\Exceptions\FrameworkException::forInvalidFile('partials/main.php')
 2 SYSTEMPATH\View\View.php(452): CodeIgniter\View\View->render('partials/main', null, true)
 3 APPPATH\Views\teacher\auth\register.php(1): CodeIgniter\View\View->include('partials/main')
 4 SYSTEMPATH\View\View.php(224): include('C:\\xampp\\htdocs\\ClassFlow\\app\\Views\\teacher\\auth\\register.php')
 5 SYSTEMPATH\View\View.php(227): CodeIgniter\View\View->CodeIgniter\View\{closure}()
 6 SYSTEMPATH\Common.php(1180): CodeIgniter\View\View->render('teacher/auth/register', [], true)
 7 APPPATH\Controllers\TeacherController.php(57): view('teacher/auth/register')
 8 SYSTEMPATH\CodeIgniter.php(932): App\Controllers\TeacherController->registerForm()
 9 SYSTEMPATH\CodeIgniter.php(497): CodeIgniter\CodeIgniter->runController(Object(App\Controllers\TeacherController))
10 SYSTEMPATH\CodeIgniter.php(366): CodeIgniter\CodeIgniter->handleRequest(null, Object(Config\Cache), false)
11 FCPATH\index.php(67): CodeIgniter\CodeIgniter->run()
12 SYSTEMPATH\Commands\Server\rewrite.php(47): require_once('C:\\xampp\\htdocs\\ClassFlow\\public\\index.php')
CRITICAL - 2024-04-29 13:24:43 --> Invalid file: "partials/main.php"
in SYSTEMPATH\Exceptions\FrameworkException.php on line 33.
 1 SYSTEMPATH\View\View.php(212): CodeIgniter\Exceptions\FrameworkException::forInvalidFile('partials/main.php')
 2 SYSTEMPATH\View\View.php(452): CodeIgniter\View\View->render('partials/main', null, true)
 3 APPPATH\Views\teacher\auth\register.php(1): CodeIgniter\View\View->include('partials/main')
 4 SYSTEMPATH\View\View.php(224): include('C:\\xampp\\htdocs\\ClassFlow\\app\\Views\\teacher\\auth\\register.php')
 5 SYSTEMPATH\View\View.php(227): CodeIgniter\View\View->CodeIgniter\View\{closure}()
 6 SYSTEMPATH\Common.php(1180): CodeIgniter\View\View->render('teacher/auth/register', [], true)
 7 APPPATH\Controllers\TeacherController.php(57): view('teacher/auth/register')
 8 SYSTEMPATH\CodeIgniter.php(932): App\Controllers\TeacherController->registerForm()
 9 SYSTEMPATH\CodeIgniter.php(497): CodeIgniter\CodeIgniter->runController(Object(App\Controllers\TeacherController))
10 SYSTEMPATH\CodeIgniter.php(366): CodeIgniter\CodeIgniter->handleRequest(null, Object(Config\Cache), false)
11 FCPATH\index.php(67): CodeIgniter\CodeIgniter->run()
12 SYSTEMPATH\Commands\Server\rewrite.php(47): require_once('C:\\xampp\\htdocs\\ClassFlow\\public\\index.php')
CRITICAL - 2024-04-29 13:24:44 --> Invalid file: "partials/main.php"
in SYSTEMPATH\Exceptions\FrameworkException.php on line 33.
 1 SYSTEMPATH\View\View.php(212): CodeIgniter\Exceptions\FrameworkException::forInvalidFile('partials/main.php')
 2 SYSTEMPATH\View\View.php(452): CodeIgniter\View\View->render('partials/main', null, true)
 3 APPPATH\Views\teacher\auth\register.php(1): CodeIgniter\View\View->include('partials/main')
 4 SYSTEMPATH\View\View.php(224): include('C:\\xampp\\htdocs\\ClassFlow\\app\\Views\\teacher\\auth\\register.php')
 5 SYSTEMPATH\View\View.php(227): CodeIgniter\View\View->CodeIgniter\View\{closure}()
 6 SYSTEMPATH\Common.php(1180): CodeIgniter\View\View->render('teacher/auth/register', [], true)
 7 APPPATH\Controllers\TeacherController.php(57): view('teacher/auth/register')
 8 SYSTEMPATH\CodeIgniter.php(932): App\Controllers\TeacherController->registerForm()
 9 SYSTEMPATH\CodeIgniter.php(497): CodeIgniter\CodeIgniter->runController(Object(App\Controllers\TeacherController))
10 SYSTEMPATH\CodeIgniter.php(366): CodeIgniter\CodeIgniter->handleRequest(null, Object(Config\Cache), false)
11 FCPATH\index.php(67): CodeIgniter\CodeIgniter->run()
12 SYSTEMPATH\Commands\Server\rewrite.php(47): require_once('C:\\xampp\\htdocs\\ClassFlow\\public\\index.php')
CRITICAL - 2024-04-29 13:24:47 --> Invalid file: "partials/main.php"
in SYSTEMPATH\Exceptions\FrameworkException.php on line 33.
 1 SYSTEMPATH\View\View.php(212): CodeIgniter\Exceptions\FrameworkException::forInvalidFile('partials/main.php')
 2 SYSTEMPATH\View\View.php(452): CodeIgniter\View\View->render('partials/main', null, true)
 3 APPPATH\Views\auth\login.php(1): CodeIgniter\View\View->include('partials/main')
 4 SYSTEMPATH\View\View.php(224): include('C:\\xampp\\htdocs\\ClassFlow\\app\\Views\\auth\\login.php')
 5 SYSTEMPATH\View\View.php(227): CodeIgniter\View\View->CodeIgniter\View\{closure}()
 6 SYSTEMPATH\Common.php(1180): CodeIgniter\View\View->render('auth/login', [], true)
 7 APPPATH\Controllers\AuthController.php(61): view('auth/login')
 8 SYSTEMPATH\CodeIgniter.php(932): App\Controllers\AuthController->loginForm()
 9 SYSTEMPATH\CodeIgniter.php(497): CodeIgniter\CodeIgniter->runController(Object(App\Controllers\AuthController))
10 SYSTEMPATH\CodeIgniter.php(366): CodeIgniter\CodeIgniter->handleRequest(null, Object(Config\Cache), false)
11 FCPATH\index.php(67): CodeIgniter\CodeIgniter->run()
12 SYSTEMPATH\Commands\Server\rewrite.php(47): require_once('C:\\xampp\\htdocs\\ClassFlow\\public\\index.php')
CRITICAL - 2024-04-29 13:29:51 --> Invalid file: "partials/main.php"
in SYSTEMPATH\Exceptions\FrameworkException.php on line 33.
 1 SYSTEMPATH\View\View.php(212): CodeIgniter\Exceptions\FrameworkException::forInvalidFile('partials/main.php')
 2 SYSTEMPATH\View\View.php(452): CodeIgniter\View\View->render('partials/main', null, true)
 3 APPPATH\Views\auth\login.php(1): CodeIgniter\View\View->include('partials/main')
 4 SYSTEMPATH\View\View.php(224): include('C:\\xampp\\htdocs\\ClassFlow\\app\\Views\\auth\\login.php')
 5 SYSTEMPATH\View\View.php(227): CodeIgniter\View\View->CodeIgniter\View\{closure}()
 6 SYSTEMPATH\Common.php(1180): CodeIgniter\View\View->render('auth/login', [], true)
 7 APPPATH\Controllers\AuthController.php(61): view('auth/login')
 8 SYSTEMPATH\CodeIgniter.php(932): App\Controllers\AuthController->loginForm()
 9 SYSTEMPATH\CodeIgniter.php(497): CodeIgniter\CodeIgniter->runController(Object(App\Controllers\AuthController))
10 SYSTEMPATH\CodeIgniter.php(366): CodeIgniter\CodeIgniter->handleRequest(null, Object(Config\Cache), false)
11 FCPATH\index.php(67): CodeIgniter\CodeIgniter->run()
12 SYSTEMPATH\Commands\Server\rewrite.php(47): require_once('C:\\xampp\\htdocs\\ClassFlow\\public\\index.php')
CRITICAL - 2024-04-29 13:30:05 --> Invalid file: "partials/main.php"
in SYSTEMPATH\Exceptions\FrameworkException.php on line 33.
 1 SYSTEMPATH\View\View.php(212): CodeIgniter\Exceptions\FrameworkException::forInvalidFile('partials/main.php')
 2 SYSTEMPATH\View\View.php(452): CodeIgniter\View\View->render('partials/main', null, true)
 3 APPPATH\Views\auth\login.php(1): CodeIgniter\View\View->include('partials/main')
 4 SYSTEMPATH\View\View.php(224): include('C:\\xampp\\htdocs\\ClassFlow\\app\\Views\\auth\\login.php')
 5 SYSTEMPATH\View\View.php(227): CodeIgniter\View\View->CodeIgniter\View\{closure}()
 6 SYSTEMPATH\Common.php(1180): CodeIgniter\View\View->render('auth/login', [], true)
 7 APPPATH\Controllers\AuthController.php(61): view('auth/login')
 8 SYSTEMPATH\CodeIgniter.php(932): App\Controllers\AuthController->loginForm()
 9 SYSTEMPATH\CodeIgniter.php(497): CodeIgniter\CodeIgniter->runController(Object(App\Controllers\AuthController))
10 SYSTEMPATH\CodeIgniter.php(366): CodeIgniter\CodeIgniter->handleRequest(null, Object(Config\Cache), false)
11 FCPATH\index.php(67): CodeIgniter\CodeIgniter->run()
12 SYSTEMPATH\Commands\Server\rewrite.php(47): require_once('C:\\xampp\\htdocs\\ClassFlow\\public\\index.php')
CRITICAL - 2024-04-29 13:30:06 --> Invalid file: "partials/main.php"
in SYSTEMPATH\Exceptions\FrameworkException.php on line 33.
 1 SYSTEMPATH\View\View.php(212): CodeIgniter\Exceptions\FrameworkException::forInvalidFile('partials/main.php')
 2 SYSTEMPATH\View\View.php(452): CodeIgniter\View\View->render('partials/main', null, true)
 3 APPPATH\Views\auth\login.php(1): CodeIgniter\View\View->include('partials/main')
 4 SYSTEMPATH\View\View.php(224): include('C:\\xampp\\htdocs\\ClassFlow\\app\\Views\\auth\\login.php')
 5 SYSTEMPATH\View\View.php(227): CodeIgniter\View\View->CodeIgniter\View\{closure}()
 6 SYSTEMPATH\Common.php(1180): CodeIgniter\View\View->render('auth/login', [], true)
 7 APPPATH\Controllers\AuthController.php(61): view('auth/login')
 8 SYSTEMPATH\CodeIgniter.php(932): App\Controllers\AuthController->loginForm()
 9 SYSTEMPATH\CodeIgniter.php(497): CodeIgniter\CodeIgniter->runController(Object(App\Controllers\AuthController))
10 SYSTEMPATH\CodeIgniter.php(366): CodeIgniter\CodeIgniter->handleRequest(null, Object(Config\Cache), false)
11 FCPATH\index.php(67): CodeIgniter\CodeIgniter->run()
12 SYSTEMPATH\Commands\Server\rewrite.php(47): require_once('C:\\xampp\\htdocs\\ClassFlow\\public\\index.php')
