CRITICAL - 2024-05-09 18:16:20 --> Invalid argument supplied for foreach()
in APPPATH\Views\subject\subject.php on line 108.
 1 APPPATH\Views\subject\subject.php(108): CodeIgniter\Debug\Exceptions->errorHandler(2, 'Invalid argument supplied for foreach()', 'C:\\xampp\\htdocs\\ClassFlow\\app\\Views\\subject\\subject.php', 108, [...])
 2 SYSTEMPATH\View\View.php(224): include('C:\\xampp\\htdocs\\ClassFlow\\app\\Views\\subject\\subject.php')
 3 SYSTEMPATH\View\View.php(227): CodeIgniter\View\View->CodeIgniter\View\{closure}()
 4 SYSTEMPATH\Common.php(1180): CodeIgniter\View\View->render('subject/subject', [], true)
 5 APPPATH\Controllers\SubjectController.php(109): view('subject/subject', [...])
 6 SYSTEMPATH\CodeIgniter.php(932): App\Controllers\SubjectController->index()
 7 SYSTEMPATH\CodeIgniter.php(497): CodeIgniter\CodeIgniter->runController(Object(App\Controllers\SubjectController))
 8 SYSTEMPATH\CodeIgniter.php(366): CodeIgniter\CodeIgniter->handleRequest(null, Object(Config\Cache), false)
 9 FCPATH\index.php(67): CodeIgniter\CodeIgniter->run()
10 SYSTEMPATH\Commands\Server\rewrite.php(47): require_once('C:\\xampp\\htdocs\\ClassFlow\\public\\index.php')
CRITICAL - 2024-05-09 18:16:47 --> Invalid argument supplied for foreach()
in APPPATH\Views\subject\subject.php on line 108.
 1 APPPATH\Views\subject\subject.php(108): CodeIgniter\Debug\Exceptions->errorHandler(2, 'Invalid argument supplied for foreach()', 'C:\\xampp\\htdocs\\ClassFlow\\app\\Views\\subject\\subject.php', 108, [...])
 2 SYSTEMPATH\View\View.php(224): include('C:\\xampp\\htdocs\\ClassFlow\\app\\Views\\subject\\subject.php')
 3 SYSTEMPATH\View\View.php(227): CodeIgniter\View\View->CodeIgniter\View\{closure}()
 4 SYSTEMPATH\Common.php(1180): CodeIgniter\View\View->render('subject/subject', [], true)
 5 APPPATH\Controllers\SubjectController.php(109): view('subject/subject', [...])
 6 SYSTEMPATH\CodeIgniter.php(932): App\Controllers\SubjectController->index()
 7 SYSTEMPATH\CodeIgniter.php(497): CodeIgniter\CodeIgniter->runController(Object(App\Controllers\SubjectController))
 8 SYSTEMPATH\CodeIgniter.php(366): CodeIgniter\CodeIgniter->handleRequest(null, Object(Config\Cache), false)
 9 FCPATH\index.php(67): CodeIgniter\CodeIgniter->run()
10 SYSTEMPATH\Commands\Server\rewrite.php(47): require_once('C:\\xampp\\htdocs\\ClassFlow\\public\\index.php')
CRITICAL - 2024-05-09 18:16:55 --> Invalid argument supplied for foreach()
in APPPATH\Views\subject\subject.php on line 108.
 1 APPPATH\Views\subject\subject.php(108): CodeIgniter\Debug\Exceptions->errorHandler(2, 'Invalid argument supplied for foreach()', 'C:\\xampp\\htdocs\\ClassFlow\\app\\Views\\subject\\subject.php', 108, [...])
 2 SYSTEMPATH\View\View.php(224): include('C:\\xampp\\htdocs\\ClassFlow\\app\\Views\\subject\\subject.php')
 3 SYSTEMPATH\View\View.php(227): CodeIgniter\View\View->CodeIgniter\View\{closure}()
 4 SYSTEMPATH\Common.php(1180): CodeIgniter\View\View->render('subject/subject', [], true)
 5 APPPATH\Controllers\SubjectController.php(109): view('subject/subject', [...])
 6 SYSTEMPATH\CodeIgniter.php(932): App\Controllers\SubjectController->index()
 7 SYSTEMPATH\CodeIgniter.php(497): CodeIgniter\CodeIgniter->runController(Object(App\Controllers\SubjectController))
 8 SYSTEMPATH\CodeIgniter.php(366): CodeIgniter\CodeIgniter->handleRequest(null, Object(Config\Cache), false)
 9 FCPATH\index.php(67): CodeIgniter\CodeIgniter->run()
10 SYSTEMPATH\Commands\Server\rewrite.php(47): require_once('C:\\xampp\\htdocs\\ClassFlow\\public\\index.php')
CRITICAL - 2024-05-09 18:16:58 --> Invalid argument supplied for foreach()
in APPPATH\Views\subject\subject.php on line 108.
 1 APPPATH\Views\subject\subject.php(108): CodeIgniter\Debug\Exceptions->errorHandler(2, 'Invalid argument supplied for foreach()', 'C:\\xampp\\htdocs\\ClassFlow\\app\\Views\\subject\\subject.php', 108, [...])
 2 SYSTEMPATH\View\View.php(224): include('C:\\xampp\\htdocs\\ClassFlow\\app\\Views\\subject\\subject.php')
 3 SYSTEMPATH\View\View.php(227): CodeIgniter\View\View->CodeIgniter\View\{closure}()
 4 SYSTEMPATH\Common.php(1180): CodeIgniter\View\View->render('subject/subject', [], true)
 5 APPPATH\Controllers\SubjectController.php(109): view('subject/subject', [...])
 6 SYSTEMPATH\CodeIgniter.php(932): App\Controllers\SubjectController->index()
 7 SYSTEMPATH\CodeIgniter.php(497): CodeIgniter\CodeIgniter->runController(Object(App\Controllers\SubjectController))
 8 SYSTEMPATH\CodeIgniter.php(366): CodeIgniter\CodeIgniter->handleRequest(null, Object(Config\Cache), false)
 9 FCPATH\index.php(67): CodeIgniter\CodeIgniter->run()
10 SYSTEMPATH\Commands\Server\rewrite.php(47): require_once('C:\\xampp\\htdocs\\ClassFlow\\public\\index.php')
CRITICAL - 2024-05-09 18:17:32 --> Invalid argument supplied for foreach()
in APPPATH\Views\subject\subject.php on line 108.
 1 APPPATH\Views\subject\subject.php(108): CodeIgniter\Debug\Exceptions->errorHandler(2, 'Invalid argument supplied for foreach()', 'C:\\xampp\\htdocs\\ClassFlow\\app\\Views\\subject\\subject.php', 108, [...])
 2 SYSTEMPATH\View\View.php(224): include('C:\\xampp\\htdocs\\ClassFlow\\app\\Views\\subject\\subject.php')
 3 SYSTEMPATH\View\View.php(227): CodeIgniter\View\View->CodeIgniter\View\{closure}()
 4 SYSTEMPATH\Common.php(1180): CodeIgniter\View\View->render('subject/subject', [], true)
 5 APPPATH\Controllers\SubjectController.php(109): view('subject/subject', [...])
 6 SYSTEMPATH\CodeIgniter.php(932): App\Controllers\SubjectController->index()
 7 SYSTEMPATH\CodeIgniter.php(497): CodeIgniter\CodeIgniter->runController(Object(App\Controllers\SubjectController))
 8 SYSTEMPATH\CodeIgniter.php(366): CodeIgniter\CodeIgniter->handleRequest(null, Object(Config\Cache), false)
 9 FCPATH\index.php(67): CodeIgniter\CodeIgniter->run()
10 SYSTEMPATH\Commands\Server\rewrite.php(47): require_once('C:\\xampp\\htdocs\\ClassFlow\\public\\index.php')
CRITICAL - 2024-05-09 18:17:54 --> Invalid argument supplied for foreach()
in APPPATH\Views\subject\subject.php on line 108.
 1 APPPATH\Views\subject\subject.php(108): CodeIgniter\Debug\Exceptions->errorHandler(2, 'Invalid argument supplied for foreach()', 'C:\\xampp\\htdocs\\ClassFlow\\app\\Views\\subject\\subject.php', 108, [...])
 2 SYSTEMPATH\View\View.php(224): include('C:\\xampp\\htdocs\\ClassFlow\\app\\Views\\subject\\subject.php')
 3 SYSTEMPATH\View\View.php(227): CodeIgniter\View\View->CodeIgniter\View\{closure}()
 4 SYSTEMPATH\Common.php(1180): CodeIgniter\View\View->render('subject/subject', [], true)
 5 APPPATH\Controllers\SubjectController.php(109): view('subject/subject', [...])
 6 SYSTEMPATH\CodeIgniter.php(932): App\Controllers\SubjectController->index()
 7 SYSTEMPATH\CodeIgniter.php(497): CodeIgniter\CodeIgniter->runController(Object(App\Controllers\SubjectController))
 8 SYSTEMPATH\CodeIgniter.php(366): CodeIgniter\CodeIgniter->handleRequest(null, Object(Config\Cache), false)
 9 FCPATH\index.php(67): CodeIgniter\CodeIgniter->run()
10 SYSTEMPATH\Commands\Server\rewrite.php(47): require_once('C:\\xampp\\htdocs\\ClassFlow\\public\\index.php')
