CRITICAL - 2024-04-30 10:13:00 --> Call to undefined method App\Controllers\TeacherController::profile()
in APPPATH\Controllers\TeacherController.php on line 44.
 1 SYSTEMPATH\CodeIgniter.php(932): App\Controllers\TeacherController->root('profile', 'getData')
 2 SYSTEMPATH\CodeIgniter.php(497): CodeIgniter\CodeIgniter->runController(Object(App\Controllers\TeacherController))
 3 SYSTEMPATH\CodeIgniter.php(366): CodeIgniter\CodeIgniter->handleRequest(null, Object(Config\Cache), false)
 4 FCPATH\index.php(67): CodeIgniter\CodeIgniter->run()
 5 SYSTEMPATH\Commands\Server\rewrite.php(47): require_once('C:\\xampp\\htdocs\\ClassFlow\\public\\index.php')
CRITICAL - 2024-04-30 10:13:01 --> Call to undefined method App\Controllers\TeacherController::profile()
in APPPATH\Controllers\TeacherController.php on line 44.
 1 SYSTEMPATH\CodeIgniter.php(932): App\Controllers\TeacherController->root('profile', 'getData')
 2 SYSTEMPATH\CodeIgniter.php(497): CodeIgniter\CodeIgniter->runController(Object(App\Controllers\TeacherController))
 3 SYSTEMPATH\CodeIgniter.php(366): CodeIgniter\CodeIgniter->handleRequest(null, Object(Config\Cache), false)
 4 FCPATH\index.php(67): CodeIgniter\CodeIgniter->run()
 5 SYSTEMPATH\Commands\Server\rewrite.php(47): require_once('C:\\xampp\\htdocs\\ClassFlow\\public\\index.php')
CRITICAL - 2024-04-30 10:13:01 --> Call to undefined method App\Controllers\TeacherController::profile()
in APPPATH\Controllers\TeacherController.php on line 44.
 1 SYSTEMPATH\CodeIgniter.php(932): App\Controllers\TeacherController->root('profile', 'getData')
 2 SYSTEMPATH\CodeIgniter.php(497): CodeIgniter\CodeIgniter->runController(Object(App\Controllers\TeacherController))
 3 SYSTEMPATH\CodeIgniter.php(366): CodeIgniter\CodeIgniter->handleRequest(null, Object(Config\Cache), false)
 4 FCPATH\index.php(67): CodeIgniter\CodeIgniter->run()
 5 SYSTEMPATH\Commands\Server\rewrite.php(47): require_once('C:\\xampp\\htdocs\\ClassFlow\\public\\index.php')
CRITICAL - 2024-04-30 10:13:02 --> Call to undefined method App\Controllers\TeacherController::profile()
in APPPATH\Controllers\TeacherController.php on line 44.
 1 SYSTEMPATH\CodeIgniter.php(932): App\Controllers\TeacherController->root('profile', 'getData')
 2 SYSTEMPATH\CodeIgniter.php(497): CodeIgniter\CodeIgniter->runController(Object(App\Controllers\TeacherController))
 3 SYSTEMPATH\CodeIgniter.php(366): CodeIgniter\CodeIgniter->handleRequest(null, Object(Config\Cache), false)
 4 FCPATH\index.php(67): CodeIgniter\CodeIgniter->run()
 5 SYSTEMPATH\Commands\Server\rewrite.php(47): require_once('C:\\xampp\\htdocs\\ClassFlow\\public\\index.php')
CRITICAL - 2024-04-30 10:13:02 --> Call to undefined method App\Controllers\TeacherController::profile()
in APPPATH\Controllers\TeacherController.php on line 44.
 1 SYSTEMPATH\CodeIgniter.php(932): App\Controllers\TeacherController->root('profile', 'getData')
 2 SYSTEMPATH\CodeIgniter.php(497): CodeIgniter\CodeIgniter->runController(Object(App\Controllers\TeacherController))
 3 SYSTEMPATH\CodeIgniter.php(366): CodeIgniter\CodeIgniter->handleRequest(null, Object(Config\Cache), false)
 4 FCPATH\index.php(67): CodeIgniter\CodeIgniter->run()
 5 SYSTEMPATH\Commands\Server\rewrite.php(47): require_once('C:\\xampp\\htdocs\\ClassFlow\\public\\index.php')
CRITICAL - 2024-04-30 10:13:37 --> Call to undefined method App\Controllers\TeacherController::getData()
in APPPATH\Controllers\TeacherController.php on line 44.
 1 SYSTEMPATH\CodeIgniter.php(932): App\Controllers\TeacherController->root('getData')
 2 SYSTEMPATH\CodeIgniter.php(497): CodeIgniter\CodeIgniter->runController(Object(App\Controllers\TeacherController))
 3 SYSTEMPATH\CodeIgniter.php(366): CodeIgniter\CodeIgniter->handleRequest(null, Object(Config\Cache), false)
 4 FCPATH\index.php(67): CodeIgniter\CodeIgniter->run()
 5 SYSTEMPATH\Commands\Server\rewrite.php(47): require_once('C:\\xampp\\htdocs\\ClassFlow\\public\\index.php')
CRITICAL - 2024-04-30 10:14:13 --> Call to undefined method App\Controllers\TeacherController::profile()
in APPPATH\Controllers\TeacherController.php on line 44.
 1 SYSTEMPATH\CodeIgniter.php(932): App\Controllers\TeacherController->root('profile', 'getData')
 2 SYSTEMPATH\CodeIgniter.php(497): CodeIgniter\CodeIgniter->runController(Object(App\Controllers\TeacherController))
 3 SYSTEMPATH\CodeIgniter.php(366): CodeIgniter\CodeIgniter->handleRequest(null, Object(Config\Cache), false)
 4 FCPATH\index.php(67): CodeIgniter\CodeIgniter->run()
 5 SYSTEMPATH\Commands\Server\rewrite.php(47): require_once('C:\\xampp\\htdocs\\ClassFlow\\public\\index.php')
CRITICAL - 2024-04-30 10:14:35 --> Call to undefined method App\Controllers\TeacherController::profile()
in APPPATH\Controllers\TeacherController.php on line 44.
 1 SYSTEMPATH\CodeIgniter.php(932): App\Controllers\TeacherController->root('profile', 'getData')
 2 SYSTEMPATH\CodeIgniter.php(497): CodeIgniter\CodeIgniter->runController(Object(App\Controllers\TeacherController))
 3 SYSTEMPATH\CodeIgniter.php(366): CodeIgniter\CodeIgniter->handleRequest(null, Object(Config\Cache), false)
 4 FCPATH\index.php(67): CodeIgniter\CodeIgniter->run()
 5 SYSTEMPATH\Commands\Server\rewrite.php(47): require_once('C:\\xampp\\htdocs\\ClassFlow\\public\\index.php')
CRITICAL - 2024-04-30 10:14:45 --> Call to undefined method App\Controllers\TeacherController::profile()
in APPPATH\Controllers\TeacherController.php on line 44.
 1 SYSTEMPATH\CodeIgniter.php(932): App\Controllers\TeacherController->root('profile', 'getData')
 2 SYSTEMPATH\CodeIgniter.php(497): CodeIgniter\CodeIgniter->runController(Object(App\Controllers\TeacherController))
 3 SYSTEMPATH\CodeIgniter.php(366): CodeIgniter\CodeIgniter->handleRequest(null, Object(Config\Cache), false)
 4 FCPATH\index.php(67): CodeIgniter\CodeIgniter->run()
 5 SYSTEMPATH\Commands\Server\rewrite.php(47): require_once('C:\\xampp\\htdocs\\ClassFlow\\public\\index.php')
CRITICAL - 2024-04-30 10:19:44 --> Call to undefined method App\Controllers\TeacherController::profile()
in APPPATH\Controllers\TeacherController.php on line 44.
 1 SYSTEMPATH\CodeIgniter.php(932): App\Controllers\TeacherController->root('profile', 'getData')
 2 SYSTEMPATH\CodeIgniter.php(497): CodeIgniter\CodeIgniter->runController(Object(App\Controllers\TeacherController))
 3 SYSTEMPATH\CodeIgniter.php(366): CodeIgniter\CodeIgniter->handleRequest(null, Object(Config\Cache), false)
 4 FCPATH\index.php(67): CodeIgniter\CodeIgniter->run()
 5 SYSTEMPATH\Commands\Server\rewrite.php(47): require_once('C:\\xampp\\htdocs\\ClassFlow\\public\\index.php')
CRITICAL - 2024-04-30 10:34:02 --> Call to undefined method App\Controllers\TeacherController::profile()
in APPPATH\Controllers\TeacherController.php on line 44.
 1 SYSTEMPATH\CodeIgniter.php(932): App\Controllers\TeacherController->root('profile', 'getData')
 2 SYSTEMPATH\CodeIgniter.php(497): CodeIgniter\CodeIgniter->runController(Object(App\Controllers\TeacherController))
 3 SYSTEMPATH\CodeIgniter.php(366): CodeIgniter\CodeIgniter->handleRequest(null, Object(Config\Cache), false)
 4 FCPATH\index.php(67): CodeIgniter\CodeIgniter->run()
 5 SYSTEMPATH\Commands\Server\rewrite.php(47): require_once('C:\\xampp\\htdocs\\ClassFlow\\public\\index.php')
CRITICAL - 2024-04-30 10:38:37 --> You must set the database table to be used with your query.
in SYSTEMPATH\Database\BaseConnection.php on line 883.
 1 SYSTEMPATH\Model.php(642): CodeIgniter\Database\BaseConnection->table(null)
 2 SYSTEMPATH\Model.php(828): CodeIgniter\Model->builder()
 3 APPPATH\Controllers\ProfileController.php(63): CodeIgniter\Model->__call('editData', [...])
 4 APPPATH\Controllers\ProfileController.php(45): App\Controllers\ProfileController->getData([])
 5 SYSTEMPATH\CodeIgniter.php(932): App\Controllers\ProfileController->root('getData')
 6 SYSTEMPATH\CodeIgniter.php(497): CodeIgniter\CodeIgniter->runController(Object(App\Controllers\ProfileController))
 7 SYSTEMPATH\CodeIgniter.php(366): CodeIgniter\CodeIgniter->handleRequest(null, Object(Config\Cache), false)
 8 FCPATH\index.php(67): CodeIgniter\CodeIgniter->run()
 9 SYSTEMPATH\Commands\Server\rewrite.php(47): require_once('C:\\xampp\\htdocs\\ClassFlow\\public\\index.php')
CRITICAL - 2024-04-30 10:39:04 --> You must set the database table to be used with your query.
in SYSTEMPATH\Database\BaseConnection.php on line 883.
 1 SYSTEMPATH\Model.php(642): CodeIgniter\Database\BaseConnection->table(null)
 2 SYSTEMPATH\Model.php(828): CodeIgniter\Model->builder()
 3 APPPATH\Controllers\ProfileController.php(63): CodeIgniter\Model->__call('editData', [...])
 4 APPPATH\Controllers\ProfileController.php(45): App\Controllers\ProfileController->getData([])
 5 SYSTEMPATH\CodeIgniter.php(932): App\Controllers\ProfileController->root('getData')
 6 SYSTEMPATH\CodeIgniter.php(497): CodeIgniter\CodeIgniter->runController(Object(App\Controllers\ProfileController))
 7 SYSTEMPATH\CodeIgniter.php(366): CodeIgniter\CodeIgniter->handleRequest(null, Object(Config\Cache), false)
 8 FCPATH\index.php(67): CodeIgniter\CodeIgniter->run()
 9 SYSTEMPATH\Commands\Server\rewrite.php(47): require_once('C:\\xampp\\htdocs\\ClassFlow\\public\\index.php')
CRITICAL - 2024-04-30 10:41:40 --> Call to undefined method App\Controllers\TeacherController::profile()
in APPPATH\Controllers\TeacherController.php on line 44.
 1 SYSTEMPATH\CodeIgniter.php(932): App\Controllers\TeacherController->root('profile', 'getData')
 2 SYSTEMPATH\CodeIgniter.php(497): CodeIgniter\CodeIgniter->runController(Object(App\Controllers\TeacherController))
 3 SYSTEMPATH\CodeIgniter.php(366): CodeIgniter\CodeIgniter->handleRequest(null, Object(Config\Cache), false)
 4 FCPATH\index.php(67): CodeIgniter\CodeIgniter->run()
 5 SYSTEMPATH\Commands\Server\rewrite.php(47): require_once('C:\\xampp\\htdocs\\ClassFlow\\public\\index.php')
CRITICAL - 2024-04-30 10:41:56 --> Call to undefined method App\Controllers\TeacherController::profile()
in APPPATH\Controllers\TeacherController.php on line 44.
 1 SYSTEMPATH\CodeIgniter.php(932): App\Controllers\TeacherController->root('profile', 'getData')
 2 SYSTEMPATH\CodeIgniter.php(497): CodeIgniter\CodeIgniter->runController(Object(App\Controllers\TeacherController))
 3 SYSTEMPATH\CodeIgniter.php(366): CodeIgniter\CodeIgniter->handleRequest(null, Object(Config\Cache), false)
 4 FCPATH\index.php(67): CodeIgniter\CodeIgniter->run()
 5 SYSTEMPATH\Commands\Server\rewrite.php(47): require_once('C:\\xampp\\htdocs\\ClassFlow\\public\\index.php')
CRITICAL - 2024-04-30 10:42:05 --> Call to undefined method App\Controllers\TeacherController::profile()
in APPPATH\Controllers\TeacherController.php on line 44.
 1 SYSTEMPATH\CodeIgniter.php(932): App\Controllers\TeacherController->root('profile', 'getData')
 2 SYSTEMPATH\CodeIgniter.php(497): CodeIgniter\CodeIgniter->runController(Object(App\Controllers\TeacherController))
 3 SYSTEMPATH\CodeIgniter.php(366): CodeIgniter\CodeIgniter->handleRequest(null, Object(Config\Cache), false)
 4 FCPATH\index.php(67): CodeIgniter\CodeIgniter->run()
 5 SYSTEMPATH\Commands\Server\rewrite.php(47): require_once('C:\\xampp\\htdocs\\ClassFlow\\public\\index.php')
CRITICAL - 2024-04-30 10:42:16 --> Call to undefined method App\Controllers\TeacherController::profile()
in APPPATH\Controllers\TeacherController.php on line 44.
 1 SYSTEMPATH\CodeIgniter.php(932): App\Controllers\TeacherController->root('profile', 'getData')
 2 SYSTEMPATH\CodeIgniter.php(497): CodeIgniter\CodeIgniter->runController(Object(App\Controllers\TeacherController))
 3 SYSTEMPATH\CodeIgniter.php(366): CodeIgniter\CodeIgniter->handleRequest(null, Object(Config\Cache), false)
 4 FCPATH\index.php(67): CodeIgniter\CodeIgniter->run()
 5 SYSTEMPATH\Commands\Server\rewrite.php(47): require_once('C:\\xampp\\htdocs\\ClassFlow\\public\\index.php')
CRITICAL - 2024-04-30 10:42:34 --> You must set the database table to be used with your query.
in SYSTEMPATH\Database\BaseConnection.php on line 883.
 1 SYSTEMPATH\Model.php(642): CodeIgniter\Database\BaseConnection->table(null)
 2 SYSTEMPATH\Model.php(828): CodeIgniter\Model->builder()
 3 APPPATH\Controllers\ProfileController.php(63): CodeIgniter\Model->__call('editData', [...])
 4 APPPATH\Controllers\ProfileController.php(45): App\Controllers\ProfileController->getData([...])
 5 SYSTEMPATH\CodeIgniter.php(932): App\Controllers\ProfileController->root('getData')
 6 SYSTEMPATH\CodeIgniter.php(497): CodeIgniter\CodeIgniter->runController(Object(App\Controllers\ProfileController))
 7 SYSTEMPATH\CodeIgniter.php(366): CodeIgniter\CodeIgniter->handleRequest(null, Object(Config\Cache), false)
 8 FCPATH\index.php(67): CodeIgniter\CodeIgniter->run()
 9 SYSTEMPATH\Commands\Server\rewrite.php(47): require_once('C:\\xampp\\htdocs\\ClassFlow\\public\\index.php')
CRITICAL - 2024-04-30 10:43:49 --> You must set the database table to be used with your query.
in SYSTEMPATH\Database\BaseConnection.php on line 883.
 1 SYSTEMPATH\Model.php(642): CodeIgniter\Database\BaseConnection->table(null)
 2 SYSTEMPATH\Model.php(828): CodeIgniter\Model->builder()
 3 APPPATH\Controllers\ProfileController.php(63): CodeIgniter\Model->__call('editData', [...])
 4 APPPATH\Controllers\ProfileController.php(45): App\Controllers\ProfileController->getData([...])
 5 SYSTEMPATH\CodeIgniter.php(932): App\Controllers\ProfileController->root('getData')
 6 SYSTEMPATH\CodeIgniter.php(497): CodeIgniter\CodeIgniter->runController(Object(App\Controllers\ProfileController))
 7 SYSTEMPATH\CodeIgniter.php(366): CodeIgniter\CodeIgniter->handleRequest(null, Object(Config\Cache), false)
 8 FCPATH\index.php(67): CodeIgniter\CodeIgniter->run()
 9 SYSTEMPATH\Commands\Server\rewrite.php(47): require_once('C:\\xampp\\htdocs\\ClassFlow\\public\\index.php')
CRITICAL - 2024-04-30 10:43:50 --> You must set the database table to be used with your query.
in SYSTEMPATH\Database\BaseConnection.php on line 883.
 1 SYSTEMPATH\Model.php(642): CodeIgniter\Database\BaseConnection->table(null)
 2 SYSTEMPATH\Model.php(828): CodeIgniter\Model->builder()
 3 APPPATH\Controllers\ProfileController.php(63): CodeIgniter\Model->__call('editData', [...])
 4 APPPATH\Controllers\ProfileController.php(45): App\Controllers\ProfileController->getData([...])
 5 SYSTEMPATH\CodeIgniter.php(932): App\Controllers\ProfileController->root('getData')
 6 SYSTEMPATH\CodeIgniter.php(497): CodeIgniter\CodeIgniter->runController(Object(App\Controllers\ProfileController))
 7 SYSTEMPATH\CodeIgniter.php(366): CodeIgniter\CodeIgniter->handleRequest(null, Object(Config\Cache), false)
 8 FCPATH\index.php(67): CodeIgniter\CodeIgniter->run()
 9 SYSTEMPATH\Commands\Server\rewrite.php(47): require_once('C:\\xampp\\htdocs\\ClassFlow\\public\\index.php')
CRITICAL - 2024-04-30 10:45:10 --> You must set the database table to be used with your query.
in SYSTEMPATH\Database\BaseConnection.php on line 883.
 1 SYSTEMPATH\Model.php(642): CodeIgniter\Database\BaseConnection->table(null)
 2 SYSTEMPATH\Model.php(828): CodeIgniter\Model->builder()
 3 APPPATH\Controllers\ProfileController.php(63): CodeIgniter\Model->__call('editData', [...])
 4 APPPATH\Controllers\ProfileController.php(45): App\Controllers\ProfileController->getData([...])
 5 SYSTEMPATH\CodeIgniter.php(932): App\Controllers\ProfileController->root('getData')
 6 SYSTEMPATH\CodeIgniter.php(497): CodeIgniter\CodeIgniter->runController(Object(App\Controllers\ProfileController))
 7 SYSTEMPATH\CodeIgniter.php(366): CodeIgniter\CodeIgniter->handleRequest(null, Object(Config\Cache), false)
 8 FCPATH\index.php(67): CodeIgniter\CodeIgniter->run()
 9 SYSTEMPATH\Commands\Server\rewrite.php(47): require_once('C:\\xampp\\htdocs\\ClassFlow\\public\\index.php')
CRITICAL - 2024-04-30 10:46:15 --> You must set the database table to be used with your query.
in SYSTEMPATH\Database\BaseConnection.php on line 883.
 1 SYSTEMPATH\Model.php(642): CodeIgniter\Database\BaseConnection->table(null)
 2 SYSTEMPATH\Model.php(828): CodeIgniter\Model->builder()
 3 APPPATH\Controllers\ProfileController.php(63): CodeIgniter\Model->__call('editData', [...])
 4 APPPATH\Controllers\ProfileController.php(45): App\Controllers\ProfileController->getData([...])
 5 SYSTEMPATH\CodeIgniter.php(932): App\Controllers\ProfileController->root('getData')
 6 SYSTEMPATH\CodeIgniter.php(497): CodeIgniter\CodeIgniter->runController(Object(App\Controllers\ProfileController))
 7 SYSTEMPATH\CodeIgniter.php(366): CodeIgniter\CodeIgniter->handleRequest(null, Object(Config\Cache), false)
 8 FCPATH\index.php(67): CodeIgniter\CodeIgniter->run()
 9 SYSTEMPATH\Commands\Server\rewrite.php(47): require_once('C:\\xampp\\htdocs\\ClassFlow\\public\\index.php')
ERROR - 2024-04-30 10:51:15 --> mysqli_sql_exception: Not unique table/alias: 'users' in C:\xampp\htdocs\ClassFlow\system\Database\MySQLi\Connection.php:295
Stack trace:
#0 C:\xampp\htdocs\ClassFlow\system\Database\MySQLi\Connection.php(295): mysqli->query('SELECT *\nFROM `...', 0)
#1 C:\xampp\htdocs\ClassFlow\system\Database\BaseConnection.php(692): CodeIgniter\Database\MySQLi\Connection->execute('SELECT *\nFROM `...')
#2 C:\xampp\htdocs\ClassFlow\system\Database\BaseConnection.php(606): CodeIgniter\Database\BaseConnection->simpleQuery('SELECT *\nFROM `...')
#3 C:\xampp\htdocs\ClassFlow\system\Database\BaseBuilder.php(1616): CodeIgniter\Database\BaseConnection->query('SELECT *\nFROM `...', Array, false)
#4 C:\xampp\htdocs\ClassFlow\app\Models\ProfileModel.php(59): CodeIgniter\Database\BaseBuilder->get()
#5 C:\xampp\htdocs\ClassFlow\app\Controllers\ProfileController.php(63): App\Models\ProfileModel->getData('1')
#6 C:\xampp\htdocs\ClassFlow\app\Controllers\ProfileController.php(45): App\Controllers\ProfileController->getData(Array)
#7 C:\xampp\htdocs\ClassFlow\system\CodeIgniter.php(932): App\Controllers\ProfileController->root('getData')
#8 C:\xampp\htdocs\ClassFlow\system\CodeIgniter.php(497): CodeIgniter\CodeIgniter->runController(Object(App\Controllers\ProfileController))
#9 C:\xampp\htdocs\ClassFlow\system\CodeIgniter.php(366): CodeIgniter\CodeIgniter->handleRequest(NULL, Object(Config\Cache), false)
#10 C:\xampp\htdocs\ClassFlow\public\index.php(67): CodeIgniter\CodeIgniter->run()
#11 C:\xampp\htdocs\ClassFlow\system\Commands\Server\rewrite.php(47): require_once('C:\\xampp\\htdocs...')
#12 {main}
CRITICAL - 2024-04-30 10:51:15 --> Not unique table/alias: 'users'
in SYSTEMPATH\Database\MySQLi\Connection.php on line 295.
 1 SYSTEMPATH\Database\MySQLi\Connection.php(295): mysqli->query('SELECT *
FROM `users`
JOIN `users` ON `users`.`user_id` = `teachers`.`id`
WHERE `user_id` = \'1\'', 0)
 2 SYSTEMPATH\Database\BaseConnection.php(692): CodeIgniter\Database\MySQLi\Connection->execute('SELECT *
FROM `users`
JOIN `users` ON `users`.`user_id` = `teachers`.`id`
WHERE `user_id` = \'1\'')
 3 SYSTEMPATH\Database\BaseConnection.php(606): CodeIgniter\Database\BaseConnection->simpleQuery('SELECT *
FROM `users`
JOIN `users` ON `users`.`user_id` = `teachers`.`id`
WHERE `user_id` = \'1\'')
 4 SYSTEMPATH\Database\BaseBuilder.php(1616): CodeIgniter\Database\BaseConnection->query('SELECT *
FROM `users`
JOIN `users` ON `users`.`user_id` = `teachers`.`id`
WHERE `user_id` = :user_id:', [...], false)
 5 APPPATH\Models\ProfileModel.php(59): CodeIgniter\Database\BaseBuilder->get()
 6 APPPATH\Controllers\ProfileController.php(63): App\Models\ProfileModel->getData('1')
 7 APPPATH\Controllers\ProfileController.php(45): App\Controllers\ProfileController->getData([...])
 8 SYSTEMPATH\CodeIgniter.php(932): App\Controllers\ProfileController->root('getData')
 9 SYSTEMPATH\CodeIgniter.php(497): CodeIgniter\CodeIgniter->runController(Object(App\Controllers\ProfileController))
10 SYSTEMPATH\CodeIgniter.php(366): CodeIgniter\CodeIgniter->handleRequest(null, Object(Config\Cache), false)
11 FCPATH\index.php(67): CodeIgniter\CodeIgniter->run()
12 SYSTEMPATH\Commands\Server\rewrite.php(47): require_once('C:\\xampp\\htdocs\\ClassFlow\\public\\index.php')
ERROR - 2024-04-30 12:00:31 --> mysqli_sql_exception: Not unique table/alias: 'users' in C:\xampp\htdocs\ClassFlow\system\Database\MySQLi\Connection.php:295
Stack trace:
#0 C:\xampp\htdocs\ClassFlow\system\Database\MySQLi\Connection.php(295): mysqli->query('SELECT `users`....', 0)
#1 C:\xampp\htdocs\ClassFlow\system\Database\BaseConnection.php(692): CodeIgniter\Database\MySQLi\Connection->execute('SELECT `users`....')
#2 C:\xampp\htdocs\ClassFlow\system\Database\BaseConnection.php(606): CodeIgniter\Database\BaseConnection->simpleQuery('SELECT `users`....')
#3 C:\xampp\htdocs\ClassFlow\system\Database\BaseBuilder.php(1616): CodeIgniter\Database\BaseConnection->query('SELECT `users`....', Array, false)
#4 C:\xampp\htdocs\ClassFlow\app\Models\ProfileModel.php(62): CodeIgniter\Database\BaseBuilder->get()
#5 C:\xampp\htdocs\ClassFlow\app\Controllers\ProfileController.php(63): App\Models\ProfileModel->getData('1')
#6 C:\xampp\htdocs\ClassFlow\app\Controllers\ProfileController.php(45): App\Controllers\ProfileController->getData(Array)
#7 C:\xampp\htdocs\ClassFlow\system\CodeIgniter.php(932): App\Controllers\ProfileController->root('getData')
#8 C:\xampp\htdocs\ClassFlow\system\CodeIgniter.php(497): CodeIgniter\CodeIgniter->runController(Object(App\Controllers\ProfileController))
#9 C:\xampp\htdocs\ClassFlow\system\CodeIgniter.php(366): CodeIgniter\CodeIgniter->handleRequest(NULL, Object(Config\Cache), false)
#10 C:\xampp\htdocs\ClassFlow\public\index.php(67): CodeIgniter\CodeIgniter->run()
#11 C:\xampp\htdocs\ClassFlow\system\Commands\Server\rewrite.php(47): require_once('C:\\xampp\\htdocs...')
#12 {main}
CRITICAL - 2024-04-30 12:00:31 --> Not unique table/alias: 'users'
in SYSTEMPATH\Database\MySQLi\Connection.php on line 295.
 1 SYSTEMPATH\Database\MySQLi\Connection.php(295): mysqli->query('SELECT `users`.*
FROM `users`
JOIN `users` ON `users`.`user_id` = `teachers`.`user_id`', 0)
 2 SYSTEMPATH\Database\BaseConnection.php(692): CodeIgniter\Database\MySQLi\Connection->execute('SELECT `users`.*
FROM `users`
JOIN `users` ON `users`.`user_id` = `teachers`.`user_id`')
 3 SYSTEMPATH\Database\BaseConnection.php(606): CodeIgniter\Database\BaseConnection->simpleQuery('SELECT `users`.*
FROM `users`
JOIN `users` ON `users`.`user_id` = `teachers`.`user_id`')
 4 SYSTEMPATH\Database\BaseBuilder.php(1616): CodeIgniter\Database\BaseConnection->query('SELECT `users`.*
FROM `users`
JOIN `users` ON `users`.`user_id` = `teachers`.`user_id`', [], false)
 5 APPPATH\Models\ProfileModel.php(62): CodeIgniter\Database\BaseBuilder->get()
 6 APPPATH\Controllers\ProfileController.php(63): App\Models\ProfileModel->getData('1')
 7 APPPATH\Controllers\ProfileController.php(45): App\Controllers\ProfileController->getData([...])
 8 SYSTEMPATH\CodeIgniter.php(932): App\Controllers\ProfileController->root('getData')
 9 SYSTEMPATH\CodeIgniter.php(497): CodeIgniter\CodeIgniter->runController(Object(App\Controllers\ProfileController))
10 SYSTEMPATH\CodeIgniter.php(366): CodeIgniter\CodeIgniter->handleRequest(null, Object(Config\Cache), false)
11 FCPATH\index.php(67): CodeIgniter\CodeIgniter->run()
12 SYSTEMPATH\Commands\Server\rewrite.php(47): require_once('C:\\xampp\\htdocs\\ClassFlow\\public\\index.php')
ERROR - 2024-04-30 13:08:46 --> mysqli_sql_exception: Unknown table 'democlassflow.teachers' in C:\xampp\htdocs\ClassFlow\system\Database\MySQLi\Connection.php:295
Stack trace:
#0 C:\xampp\htdocs\ClassFlow\system\Database\MySQLi\Connection.php(295): mysqli->query('SELECT `users`....', 0)
#1 C:\xampp\htdocs\ClassFlow\system\Database\BaseConnection.php(692): CodeIgniter\Database\MySQLi\Connection->execute('SELECT `users`....')
#2 C:\xampp\htdocs\ClassFlow\system\Database\BaseConnection.php(606): CodeIgniter\Database\BaseConnection->simpleQuery('SELECT `users`....')
#3 C:\xampp\htdocs\ClassFlow\system\Database\BaseBuilder.php(1616): CodeIgniter\Database\BaseConnection->query('SELECT `users`....', Array, false)
#4 C:\xampp\htdocs\ClassFlow\app\Models\ProfileModel.php(62): CodeIgniter\Database\BaseBuilder->get()
#5 C:\xampp\htdocs\ClassFlow\app\Controllers\ProfileController.php(63): App\Models\ProfileModel->getData('1')
#6 C:\xampp\htdocs\ClassFlow\app\Controllers\ProfileController.php(45): App\Controllers\ProfileController->getData(Array)
#7 C:\xampp\htdocs\ClassFlow\system\CodeIgniter.php(932): App\Controllers\ProfileController->root('getData')
#8 C:\xampp\htdocs\ClassFlow\system\CodeIgniter.php(497): CodeIgniter\CodeIgniter->runController(Object(App\Controllers\ProfileController))
#9 C:\xampp\htdocs\ClassFlow\system\CodeIgniter.php(366): CodeIgniter\CodeIgniter->handleRequest(NULL, Object(Config\Cache), false)
#10 C:\xampp\htdocs\ClassFlow\public\index.php(67): CodeIgniter\CodeIgniter->run()
#11 C:\xampp\htdocs\ClassFlow\system\Commands\Server\rewrite.php(47): require_once('C:\\xampp\\htdocs...')
#12 {main}
CRITICAL - 2024-04-30 13:08:46 --> Unknown table 'democlassflow.teachers'
in SYSTEMPATH\Database\MySQLi\Connection.php on line 295.
 1 SYSTEMPATH\Database\MySQLi\Connection.php(295): mysqli->query('SELECT `users`.*, `teachers`.*
FROM `users`', 0)
 2 SYSTEMPATH\Database\BaseConnection.php(692): CodeIgniter\Database\MySQLi\Connection->execute('SELECT `users`.*, `teachers`.*
FROM `users`')
 3 SYSTEMPATH\Database\BaseConnection.php(606): CodeIgniter\Database\BaseConnection->simpleQuery('SELECT `users`.*, `teachers`.*
FROM `users`')
 4 SYSTEMPATH\Database\BaseBuilder.php(1616): CodeIgniter\Database\BaseConnection->query('SELECT `users`.*, `teachers`.*
FROM `users`', [], false)
 5 APPPATH\Models\ProfileModel.php(62): CodeIgniter\Database\BaseBuilder->get()
 6 APPPATH\Controllers\ProfileController.php(63): App\Models\ProfileModel->getData('1')
 7 APPPATH\Controllers\ProfileController.php(45): App\Controllers\ProfileController->getData([...])
 8 SYSTEMPATH\CodeIgniter.php(932): App\Controllers\ProfileController->root('getData')
 9 SYSTEMPATH\CodeIgniter.php(497): CodeIgniter\CodeIgniter->runController(Object(App\Controllers\ProfileController))
10 SYSTEMPATH\CodeIgniter.php(366): CodeIgniter\CodeIgniter->handleRequest(null, Object(Config\Cache), false)
11 FCPATH\index.php(67): CodeIgniter\CodeIgniter->run()
12 SYSTEMPATH\Commands\Server\rewrite.php(47): require_once('C:\\xampp\\htdocs\\ClassFlow\\public\\index.php')
ERROR - 2024-04-30 13:09:14 --> mysqli_sql_exception: Unknown column 'teachers.room' in 'field list' in C:\xampp\htdocs\ClassFlow\system\Database\MySQLi\Connection.php:295
Stack trace:
#0 C:\xampp\htdocs\ClassFlow\system\Database\MySQLi\Connection.php(295): mysqli->query('SELECT `users`....', 0)
#1 C:\xampp\htdocs\ClassFlow\system\Database\BaseConnection.php(692): CodeIgniter\Database\MySQLi\Connection->execute('SELECT `users`....')
#2 C:\xampp\htdocs\ClassFlow\system\Database\BaseConnection.php(606): CodeIgniter\Database\BaseConnection->simpleQuery('SELECT `users`....')
#3 C:\xampp\htdocs\ClassFlow\system\Database\BaseBuilder.php(1616): CodeIgniter\Database\BaseConnection->query('SELECT `users`....', Array, false)
#4 C:\xampp\htdocs\ClassFlow\app\Models\ProfileModel.php(62): CodeIgniter\Database\BaseBuilder->get()
#5 C:\xampp\htdocs\ClassFlow\app\Controllers\ProfileController.php(63): App\Models\ProfileModel->getData('1')
#6 C:\xampp\htdocs\ClassFlow\app\Controllers\ProfileController.php(45): App\Controllers\ProfileController->getData(Array)
#7 C:\xampp\htdocs\ClassFlow\system\CodeIgniter.php(932): App\Controllers\ProfileController->root('getData')
#8 C:\xampp\htdocs\ClassFlow\system\CodeIgniter.php(497): CodeIgniter\CodeIgniter->runController(Object(App\Controllers\ProfileController))
#9 C:\xampp\htdocs\ClassFlow\system\CodeIgniter.php(366): CodeIgniter\CodeIgniter->handleRequest(NULL, Object(Config\Cache), false)
#10 C:\xampp\htdocs\ClassFlow\public\index.php(67): CodeIgniter\CodeIgniter->run()
#11 C:\xampp\htdocs\ClassFlow\system\Commands\Server\rewrite.php(47): require_once('C:\\xampp\\htdocs...')
#12 {main}
CRITICAL - 2024-04-30 13:09:14 --> Unknown column 'teachers.room' in 'field list'
in SYSTEMPATH\Database\MySQLi\Connection.php on line 295.
 1 SYSTEMPATH\Database\MySQLi\Connection.php(295): mysqli->query('SELECT `users`.*, `teachers`.`room`
FROM `users`', 0)
 2 SYSTEMPATH\Database\BaseConnection.php(692): CodeIgniter\Database\MySQLi\Connection->execute('SELECT `users`.*, `teachers`.`room`
FROM `users`')
 3 SYSTEMPATH\Database\BaseConnection.php(606): CodeIgniter\Database\BaseConnection->simpleQuery('SELECT `users`.*, `teachers`.`room`
FROM `users`')
 4 SYSTEMPATH\Database\BaseBuilder.php(1616): CodeIgniter\Database\BaseConnection->query('SELECT `users`.*, `teachers`.`room`
FROM `users`', [], false)
 5 APPPATH\Models\ProfileModel.php(62): CodeIgniter\Database\BaseBuilder->get()
 6 APPPATH\Controllers\ProfileController.php(63): App\Models\ProfileModel->getData('1')
 7 APPPATH\Controllers\ProfileController.php(45): App\Controllers\ProfileController->getData([...])
 8 SYSTEMPATH\CodeIgniter.php(932): App\Controllers\ProfileController->root('getData')
 9 SYSTEMPATH\CodeIgniter.php(497): CodeIgniter\CodeIgniter->runController(Object(App\Controllers\ProfileController))
10 SYSTEMPATH\CodeIgniter.php(366): CodeIgniter\CodeIgniter->handleRequest(null, Object(Config\Cache), false)
11 FCPATH\index.php(67): CodeIgniter\CodeIgniter->run()
12 SYSTEMPATH\Commands\Server\rewrite.php(47): require_once('C:\\xampp\\htdocs\\ClassFlow\\public\\index.php')
ERROR - 2024-04-30 13:09:20 --> mysqli_sql_exception: Unknown column 'teachers.room' in 'field list' in C:\xampp\htdocs\ClassFlow\system\Database\MySQLi\Connection.php:295
Stack trace:
#0 C:\xampp\htdocs\ClassFlow\system\Database\MySQLi\Connection.php(295): mysqli->query('SELECT `users`....', 0)
#1 C:\xampp\htdocs\ClassFlow\system\Database\BaseConnection.php(692): CodeIgniter\Database\MySQLi\Connection->execute('SELECT `users`....')
#2 C:\xampp\htdocs\ClassFlow\system\Database\BaseConnection.php(606): CodeIgniter\Database\BaseConnection->simpleQuery('SELECT `users`....')
#3 C:\xampp\htdocs\ClassFlow\system\Database\BaseBuilder.php(1616): CodeIgniter\Database\BaseConnection->query('SELECT `users`....', Array, false)
#4 C:\xampp\htdocs\ClassFlow\app\Models\ProfileModel.php(62): CodeIgniter\Database\BaseBuilder->get()
#5 C:\xampp\htdocs\ClassFlow\app\Controllers\ProfileController.php(63): App\Models\ProfileModel->getData('1')
#6 C:\xampp\htdocs\ClassFlow\app\Controllers\ProfileController.php(45): App\Controllers\ProfileController->getData(Array)
#7 C:\xampp\htdocs\ClassFlow\system\CodeIgniter.php(932): App\Controllers\ProfileController->root('getData')
#8 C:\xampp\htdocs\ClassFlow\system\CodeIgniter.php(497): CodeIgniter\CodeIgniter->runController(Object(App\Controllers\ProfileController))
#9 C:\xampp\htdocs\ClassFlow\system\CodeIgniter.php(366): CodeIgniter\CodeIgniter->handleRequest(NULL, Object(Config\Cache), false)
#10 C:\xampp\htdocs\ClassFlow\public\index.php(67): CodeIgniter\CodeIgniter->run()
#11 C:\xampp\htdocs\ClassFlow\system\Commands\Server\rewrite.php(47): require_once('C:\\xampp\\htdocs...')
#12 {main}
CRITICAL - 2024-04-30 13:09:20 --> Unknown column 'teachers.room' in 'field list'
in SYSTEMPATH\Database\MySQLi\Connection.php on line 295.
 1 SYSTEMPATH\Database\MySQLi\Connection.php(295): mysqli->query('SELECT `users`.*, `teachers`.`room`
FROM `users`', 0)
 2 SYSTEMPATH\Database\BaseConnection.php(692): CodeIgniter\Database\MySQLi\Connection->execute('SELECT `users`.*, `teachers`.`room`
FROM `users`')
 3 SYSTEMPATH\Database\BaseConnection.php(606): CodeIgniter\Database\BaseConnection->simpleQuery('SELECT `users`.*, `teachers`.`room`
FROM `users`')
 4 SYSTEMPATH\Database\BaseBuilder.php(1616): CodeIgniter\Database\BaseConnection->query('SELECT `users`.*, `teachers`.`room`
FROM `users`', [], false)
 5 APPPATH\Models\ProfileModel.php(62): CodeIgniter\Database\BaseBuilder->get()
 6 APPPATH\Controllers\ProfileController.php(63): App\Models\ProfileModel->getData('1')
 7 APPPATH\Controllers\ProfileController.php(45): App\Controllers\ProfileController->getData([...])
 8 SYSTEMPATH\CodeIgniter.php(932): App\Controllers\ProfileController->root('getData')
 9 SYSTEMPATH\CodeIgniter.php(497): CodeIgniter\CodeIgniter->runController(Object(App\Controllers\ProfileController))
10 SYSTEMPATH\CodeIgniter.php(366): CodeIgniter\CodeIgniter->handleRequest(null, Object(Config\Cache), false)
11 FCPATH\index.php(67): CodeIgniter\CodeIgniter->run()
12 SYSTEMPATH\Commands\Server\rewrite.php(47): require_once('C:\\xampp\\htdocs\\ClassFlow\\public\\index.php')
